info: Nest.js API-Server ready to http://localhost:3000/ {"service":"SEERSLAB"}
info: Nest.js API-Server ready to http://localhost:3000/ {"service":"SEERSLAB"}
info: Nest.js API-Server ready to http://localhost:3000/ {"service":"SEERSLAB"}
info: Nest.js API-Server ready to http://localhost:3000/ {"service":"SEERSLAB"}
info: Nest.js API-Server ready to http://localhost:3000/ {"service":"SEERSLAB"}
info: Nest.js API-Server ready to http://localhost:3000/ {"service":"SEERSLAB"}
info: Nest.js API-Server ready to http://localhost:3000/ {"service":"SEERSLAB"}
info: Nest.js API-Server ready to http://localhost:3000/ {"service":"SEERSLAB"}
info: Nest.js API-Server ready to http://localhost:3000/ {"service":"SEERSLAB"}
info: Nest.js API-Server ready to http://localhost:3000/ {"service":"SEERSLAB"}
info: Nest.js API-Server ready to http://localhost:3000/ {"service":"SEERSLAB"}
info: Nest.js API-Server ready to http://localhost:3000/ {"service":"SEERSLAB"}
info: Nest.js API-Server ready to http://localhost:3000/ {"service":"SEERSLAB"}
info: Nest.js API-Server ready to http://localhost:3000/ {"service":"SEERSLAB"}
info: Nest.js API-Server ready to http://localhost:3000/ {"service":"SEERSLAB"}
info: Nest.js API-Server ready to http://localhost:3000/ {"service":"SEERSLAB"}
info: Nest.js API-Server ready to http://localhost:3000/ {"service":"SEERSLAB"}
info: Nest.js API-Server ready to http://localhost:3000/ {"service":"SEERSLAB"}
info: Nest.js API-Server ready to http://localhost:3000/ {"service":"SEERSLAB"}
info: Nest.js API-Server ready to http://localhost:3000/ {"service":"SEERSLAB"}
info: Nest.js API-Server ready to http://localhost:3000/ {"service":"SEERSLAB"}
info: Nest.js API-Server ready to http://localhost:3000/ {"service":"SEERSLAB"}
info: Nest.js API-Server ready to http://localhost:3000/ {"service":"SEERSLAB"}
info: Nest.js API-Server ready to http://localhost:3000/ {"service":"SEERSLAB"}
info: Nest.js API-Server ready to http://localhost:3000/ {"service":"SEERSLAB"}
info: Nest.js API-Server ready to http://localhost:3000/ {"service":"SEERSLAB"}
info: Nest.js API-Server ready to http://localhost:3000/ {"service":"SEERSLAB"}
info: Nest.js API-Server ready to http://localhost:3000/ {"service":"SEERSLAB"}
info: Nest.js API-Server ready to http://localhost:3000/ {"service":"SEERSLAB"}
info: Nest.js API-Server ready to http://localhost:3000/ {"service":"SEERSLAB"}
info: Nest.js API-Server ready to http://localhost:3000/ {"service":"SEERSLAB"}
info: Nest.js API-Server ready to http://localhost:3000/ {"service":"SEERSLAB"}
info: Nest.js API-Server ready to http://localhost:3000/ {"service":"SEERSLAB"}
info: Nest.js API-Server ready to http://localhost:3000/ {"service":"SEERSLAB"}
info: Nest.js API-Server ready to http://localhost:3000/ {"service":"SEERSLAB"}
info: Nest.js API-Server ready to http://localhost:3000/ {"service":"SEERSLAB"}
info: Nest.js API-Server ready to http://localhost:3000/ {"service":"SEERSLAB"}
info: Nest.js API-Server ready to http://localhost:3000/ {"service":"SEERSLAB"}
info: Nest.js API-Server ready to http://localhost:3000/ {"service":"SEERSLAB"}
info: Nest.js API-Server ready to http://localhost:3000/ {"service":"SEERSLAB"}
error: uncaughtException: Entities is not iterable
TypeError: Entities is not iterable
    at Object.<anonymous> (/Users/mbp2019/Desktop/Development/mirrorcity/mirrortown.poi/dist/main.js:2523:58)
    at __webpack_require__ (/Users/mbp2019/Desktop/Development/mirrorcity/mirrortown.poi/dist/main.js:13060:33)
    at fn (/Users/mbp2019/Desktop/Development/mirrorcity/mirrortown.poi/dist/main.js:13167:21)
    at Object.<anonymous> (/Users/mbp2019/Desktop/Development/mirrorcity/mirrortown.poi/dist/main.js:481:14)
    at __webpack_require__ (/Users/mbp2019/Desktop/Development/mirrorcity/mirrortown.poi/dist/main.js:13060:33)
    at fn (/Users/mbp2019/Desktop/Development/mirrorcity/mirrortown.poi/dist/main.js:13167:21)
    at Object.<anonymous> (/Users/mbp2019/Desktop/Development/mirrorcity/mirrortown.poi/dist/main.js:432:36)
    at __webpack_require__ (/Users/mbp2019/Desktop/Development/mirrorcity/mirrortown.poi/dist/main.js:13060:33)
    at fn (/Users/mbp2019/Desktop/Development/mirrorcity/mirrortown.poi/dist/main.js:13167:21)
    at Object.<anonymous> (/Users/mbp2019/Desktop/Development/mirrorcity/mirrortown.poi/dist/main.js:235:22) {"date":"Wed Aug 30 2023 17:11:50 GMT+0900 (Korean Standard Time)","error":{},"exception":true,"os":{"loadavg":[4.51025390625,2.61328125,2.5869140625],"uptime":1213291},"process":{"argv":["/Users/mbp2019/.nvm/versions/node/v16.19.1/bin/node","/Users/mbp2019/Desktop/Development/mirrorcity/mirrortown.poi/dist/main.js"],"cwd":"/Users/mbp2019/Desktop/Development/mirrorcity/mirrortown.poi","execPath":"/Users/mbp2019/.nvm/versions/node/v16.19.1/bin/node","gid":20,"memoryUsage":{"arrayBuffers":853565,"external":13869519,"heapTotal":85704704,"heapUsed":59846152,"rss":130531328},"pid":61720,"uid":503,"version":"v16.19.1"},"service":"SEERSLAB","stack":"TypeError: Entities is not iterable\n    at Object.<anonymous> (/Users/mbp2019/Desktop/Development/mirrorcity/mirrortown.poi/dist/main.js:2523:58)\n    at __webpack_require__ (/Users/mbp2019/Desktop/Development/mirrorcity/mirrortown.poi/dist/main.js:13060:33)\n    at fn (/Users/mbp2019/Desktop/Development/mirrorcity/mirrortown.poi/dist/main.js:13167:21)\n    at Object.<anonymous> (/Users/mbp2019/Desktop/Development/mirrorcity/mirrortown.poi/dist/main.js:481:14)\n    at __webpack_require__ (/Users/mbp2019/Desktop/Development/mirrorcity/mirrortown.poi/dist/main.js:13060:33)\n    at fn (/Users/mbp2019/Desktop/Development/mirrorcity/mirrortown.poi/dist/main.js:13167:21)\n    at Object.<anonymous> (/Users/mbp2019/Desktop/Development/mirrorcity/mirrortown.poi/dist/main.js:432:36)\n    at __webpack_require__ (/Users/mbp2019/Desktop/Development/mirrorcity/mirrortown.poi/dist/main.js:13060:33)\n    at fn (/Users/mbp2019/Desktop/Development/mirrorcity/mirrortown.poi/dist/main.js:13167:21)\n    at Object.<anonymous> (/Users/mbp2019/Desktop/Development/mirrorcity/mirrortown.poi/dist/main.js:235:22)","trace":[{"column":58,"file":"/Users/mbp2019/Desktop/Development/mirrorcity/mirrortown.poi/dist/main.js","function":null,"line":2523,"method":null,"native":false},{"column":33,"file":"/Users/mbp2019/Desktop/Development/mirrorcity/mirrortown.poi/dist/main.js","function":"__webpack_require__","line":13060,"method":null,"native":false},{"column":21,"file":"/Users/mbp2019/Desktop/Development/mirrorcity/mirrortown.poi/dist/main.js","function":"fn","line":13167,"method":null,"native":false},{"column":14,"file":"/Users/mbp2019/Desktop/Development/mirrorcity/mirrortown.poi/dist/main.js","function":null,"line":481,"method":null,"native":false},{"column":33,"file":"/Users/mbp2019/Desktop/Development/mirrorcity/mirrortown.poi/dist/main.js","function":"__webpack_require__","line":13060,"method":null,"native":false},{"column":21,"file":"/Users/mbp2019/Desktop/Development/mirrorcity/mirrortown.poi/dist/main.js","function":"fn","line":13167,"method":null,"native":false},{"column":36,"file":"/Users/mbp2019/Desktop/Development/mirrorcity/mirrortown.poi/dist/main.js","function":null,"line":432,"method":null,"native":false},{"column":33,"file":"/Users/mbp2019/Desktop/Development/mirrorcity/mirrortown.poi/dist/main.js","function":"__webpack_require__","line":13060,"method":null,"native":false},{"column":21,"file":"/Users/mbp2019/Desktop/Development/mirrorcity/mirrortown.poi/dist/main.js","function":"fn","line":13167,"method":null,"native":false},{"column":22,"file":"/Users/mbp2019/Desktop/Development/mirrorcity/mirrortown.poi/dist/main.js","function":null,"line":235,"method":null,"native":false}]}
info: Nest.js API-Server ready to http://localhost:3000/ {"service":"SEERSLAB"}
info: Nest.js API-Server ready to http://localhost:3000/ {"service":"SEERSLAB"}
info: Nest.js API-Server ready to http://localhost:3000/ {"service":"SEERSLAB"}
error: uncaughtException: A circular dependency has been detected inside @InjectRepository(). Please, make sure that each side of a bidirectional relationships are decorated with "forwardRef()". Also, try to eliminate barrel files because they can lead to an unexpected behavior too.
Error: A circular dependency has been detected inside @InjectRepository(). Please, make sure that each side of a bidirectional relationships are decorated with "forwardRef()". Also, try to eliminate barrel files because they can lead to an unexpected behavior too.
    at getRepositoryToken (/Users/mbp2019/Desktop/Development/mirrorcity/mirrortown.poi/node_modules/@nestjs/typeorm/dist/common/typeorm.utils.js:19:15)
    at /Users/mbp2019/Desktop/Development/mirrorcity/mirrortown.poi/node_modules/@nestjs/typeorm/dist/typeorm.providers.js:8:57
    at Array.map (<anonymous>)
    at createTypeOrmProviders (/Users/mbp2019/Desktop/Development/mirrorcity/mirrortown.poi/node_modules/@nestjs/typeorm/dist/typeorm.providers.js:7:29)
    at Function.forFeature (/Users/mbp2019/Desktop/Development/mirrorcity/mirrortown.poi/node_modules/@nestjs/typeorm/dist/typeorm.module.js:24:74)
    at Object.<anonymous> (/Users/mbp2019/Desktop/Development/mirrorcity/mirrortown.poi/dist/main.js:2524:37)
    at __webpack_require__ (/Users/mbp2019/Desktop/Development/mirrorcity/mirrortown.poi/dist/main.js:13063:33)
    at fn (/Users/mbp2019/Desktop/Development/mirrorcity/mirrortown.poi/dist/main.js:13170:21)
    at Object.<anonymous> (/Users/mbp2019/Desktop/Development/mirrorcity/mirrortown.poi/dist/main.js:481:14)
    at __webpack_require__ (/Users/mbp2019/Desktop/Development/mirrorcity/mirrortown.poi/dist/main.js:13063:33) {"date":"Wed Aug 30 2023 17:13:24 GMT+0900 (Korean Standard Time)","error":{},"exception":true,"os":{"loadavg":[2.63232421875,2.49609375,2.54345703125],"uptime":1213385},"process":{"argv":["/Users/mbp2019/.nvm/versions/node/v16.19.1/bin/node","/Users/mbp2019/Desktop/Development/mirrorcity/mirrortown.poi/dist/main.js"],"cwd":"/Users/mbp2019/Desktop/Development/mirrorcity/mirrortown.poi","execPath":"/Users/mbp2019/.nvm/versions/node/v16.19.1/bin/node","gid":20,"memoryUsage":{"arrayBuffers":770557,"external":13869610,"heapTotal":85966848,"heapUsed":59886152,"rss":133988352},"pid":62071,"uid":503,"version":"v16.19.1"},"service":"SEERSLAB","stack":"Error: A circular dependency has been detected inside @InjectRepository(). Please, make sure that each side of a bidirectional relationships are decorated with \"forwardRef()\". Also, try to eliminate barrel files because they can lead to an unexpected behavior too.\n    at getRepositoryToken (/Users/mbp2019/Desktop/Development/mirrorcity/mirrortown.poi/node_modules/@nestjs/typeorm/dist/common/typeorm.utils.js:19:15)\n    at /Users/mbp2019/Desktop/Development/mirrorcity/mirrortown.poi/node_modules/@nestjs/typeorm/dist/typeorm.providers.js:8:57\n    at Array.map (<anonymous>)\n    at createTypeOrmProviders (/Users/mbp2019/Desktop/Development/mirrorcity/mirrortown.poi/node_modules/@nestjs/typeorm/dist/typeorm.providers.js:7:29)\n    at Function.forFeature (/Users/mbp2019/Desktop/Development/mirrorcity/mirrortown.poi/node_modules/@nestjs/typeorm/dist/typeorm.module.js:24:74)\n    at Object.<anonymous> (/Users/mbp2019/Desktop/Development/mirrorcity/mirrortown.poi/dist/main.js:2524:37)\n    at __webpack_require__ (/Users/mbp2019/Desktop/Development/mirrorcity/mirrortown.poi/dist/main.js:13063:33)\n    at fn (/Users/mbp2019/Desktop/Development/mirrorcity/mirrortown.poi/dist/main.js:13170:21)\n    at Object.<anonymous> (/Users/mbp2019/Desktop/Development/mirrorcity/mirrortown.poi/dist/main.js:481:14)\n    at __webpack_require__ (/Users/mbp2019/Desktop/Development/mirrorcity/mirrortown.poi/dist/main.js:13063:33)","trace":[{"column":15,"file":"/Users/mbp2019/Desktop/Development/mirrorcity/mirrortown.poi/node_modules/@nestjs/typeorm/dist/common/typeorm.utils.js","function":"getRepositoryToken","line":19,"method":null,"native":false},{"column":57,"file":"/Users/mbp2019/Desktop/Development/mirrorcity/mirrortown.poi/node_modules/@nestjs/typeorm/dist/typeorm.providers.js","function":null,"line":8,"method":null,"native":false},{"column":null,"file":null,"function":"Array.map","line":null,"method":"map","native":false},{"column":29,"file":"/Users/mbp2019/Desktop/Development/mirrorcity/mirrortown.poi/node_modules/@nestjs/typeorm/dist/typeorm.providers.js","function":"createTypeOrmProviders","line":7,"method":null,"native":false},{"column":74,"file":"/Users/mbp2019/Desktop/Development/mirrorcity/mirrortown.poi/node_modules/@nestjs/typeorm/dist/typeorm.module.js","function":"Function.forFeature","line":24,"method":"forFeature","native":false},{"column":37,"file":"/Users/mbp2019/Desktop/Development/mirrorcity/mirrortown.poi/dist/main.js","function":null,"line":2524,"method":null,"native":false},{"column":33,"file":"/Users/mbp2019/Desktop/Development/mirrorcity/mirrortown.poi/dist/main.js","function":"__webpack_require__","line":13063,"method":null,"native":false},{"column":21,"file":"/Users/mbp2019/Desktop/Development/mirrorcity/mirrortown.poi/dist/main.js","function":"fn","line":13170,"method":null,"native":false},{"column":14,"file":"/Users/mbp2019/Desktop/Development/mirrorcity/mirrortown.poi/dist/main.js","function":null,"line":481,"method":null,"native":false},{"column":33,"file":"/Users/mbp2019/Desktop/Development/mirrorcity/mirrortown.poi/dist/main.js","function":"__webpack_require__","line":13063,"method":null,"native":false}]}
error: uncaughtException: A circular dependency has been detected inside @InjectRepository(). Please, make sure that each side of a bidirectional relationships are decorated with "forwardRef()". Also, try to eliminate barrel files because they can lead to an unexpected behavior too.
Error: A circular dependency has been detected inside @InjectRepository(). Please, make sure that each side of a bidirectional relationships are decorated with "forwardRef()". Also, try to eliminate barrel files because they can lead to an unexpected behavior too.
    at getRepositoryToken (/Users/mbp2019/Desktop/Development/mirrorcity/mirrortown.poi/node_modules/@nestjs/typeorm/dist/common/typeorm.utils.js:19:15)
    at /Users/mbp2019/Desktop/Development/mirrorcity/mirrortown.poi/node_modules/@nestjs/typeorm/dist/typeorm.providers.js:8:57
    at Array.map (<anonymous>)
    at createTypeOrmProviders (/Users/mbp2019/Desktop/Development/mirrorcity/mirrortown.poi/node_modules/@nestjs/typeorm/dist/typeorm.providers.js:7:29)
    at Function.forFeature (/Users/mbp2019/Desktop/Development/mirrorcity/mirrortown.poi/node_modules/@nestjs/typeorm/dist/typeorm.module.js:24:74)
    at Object.<anonymous> (/Users/mbp2019/Desktop/Development/mirrorcity/mirrortown.poi/dist/main.js:2524:37)
    at __webpack_require__ (/Users/mbp2019/Desktop/Development/mirrorcity/mirrortown.poi/dist/main.js:13063:33)
    at fn (/Users/mbp2019/Desktop/Development/mirrorcity/mirrortown.poi/dist/main.js:13170:21)
    at Object.<anonymous> (/Users/mbp2019/Desktop/Development/mirrorcity/mirrortown.poi/dist/main.js:481:14)
    at __webpack_require__ (/Users/mbp2019/Desktop/Development/mirrorcity/mirrortown.poi/dist/main.js:13063:33) {"date":"Wed Aug 30 2023 17:13:28 GMT+0900 (Korean Standard Time)","error":{},"exception":true,"os":{"loadavg":[2.63232421875,2.49609375,2.54345703125],"uptime":1213389},"process":{"argv":["/Users/mbp2019/.nvm/versions/node/v16.19.1/bin/node","/Users/mbp2019/Desktop/Development/mirrorcity/mirrortown.poi/dist/main.js"],"cwd":"/Users/mbp2019/Desktop/Development/mirrorcity/mirrortown.poi","execPath":"/Users/mbp2019/.nvm/versions/node/v16.19.1/bin/node","gid":20,"memoryUsage":{"arrayBuffers":730102,"external":13869610,"heapTotal":85966848,"heapUsed":59773016,"rss":134676480},"pid":62086,"uid":503,"version":"v16.19.1"},"service":"SEERSLAB","stack":"Error: A circular dependency has been detected inside @InjectRepository(). Please, make sure that each side of a bidirectional relationships are decorated with \"forwardRef()\". Also, try to eliminate barrel files because they can lead to an unexpected behavior too.\n    at getRepositoryToken (/Users/mbp2019/Desktop/Development/mirrorcity/mirrortown.poi/node_modules/@nestjs/typeorm/dist/common/typeorm.utils.js:19:15)\n    at /Users/mbp2019/Desktop/Development/mirrorcity/mirrortown.poi/node_modules/@nestjs/typeorm/dist/typeorm.providers.js:8:57\n    at Array.map (<anonymous>)\n    at createTypeOrmProviders (/Users/mbp2019/Desktop/Development/mirrorcity/mirrortown.poi/node_modules/@nestjs/typeorm/dist/typeorm.providers.js:7:29)\n    at Function.forFeature (/Users/mbp2019/Desktop/Development/mirrorcity/mirrortown.poi/node_modules/@nestjs/typeorm/dist/typeorm.module.js:24:74)\n    at Object.<anonymous> (/Users/mbp2019/Desktop/Development/mirrorcity/mirrortown.poi/dist/main.js:2524:37)\n    at __webpack_require__ (/Users/mbp2019/Desktop/Development/mirrorcity/mirrortown.poi/dist/main.js:13063:33)\n    at fn (/Users/mbp2019/Desktop/Development/mirrorcity/mirrortown.poi/dist/main.js:13170:21)\n    at Object.<anonymous> (/Users/mbp2019/Desktop/Development/mirrorcity/mirrortown.poi/dist/main.js:481:14)\n    at __webpack_require__ (/Users/mbp2019/Desktop/Development/mirrorcity/mirrortown.poi/dist/main.js:13063:33)","trace":[{"column":15,"file":"/Users/mbp2019/Desktop/Development/mirrorcity/mirrortown.poi/node_modules/@nestjs/typeorm/dist/common/typeorm.utils.js","function":"getRepositoryToken","line":19,"method":null,"native":false},{"column":57,"file":"/Users/mbp2019/Desktop/Development/mirrorcity/mirrortown.poi/node_modules/@nestjs/typeorm/dist/typeorm.providers.js","function":null,"line":8,"method":null,"native":false},{"column":null,"file":null,"function":"Array.map","line":null,"method":"map","native":false},{"column":29,"file":"/Users/mbp2019/Desktop/Development/mirrorcity/mirrortown.poi/node_modules/@nestjs/typeorm/dist/typeorm.providers.js","function":"createTypeOrmProviders","line":7,"method":null,"native":false},{"column":74,"file":"/Users/mbp2019/Desktop/Development/mirrorcity/mirrortown.poi/node_modules/@nestjs/typeorm/dist/typeorm.module.js","function":"Function.forFeature","line":24,"method":"forFeature","native":false},{"column":37,"file":"/Users/mbp2019/Desktop/Development/mirrorcity/mirrortown.poi/dist/main.js","function":null,"line":2524,"method":null,"native":false},{"column":33,"file":"/Users/mbp2019/Desktop/Development/mirrorcity/mirrortown.poi/dist/main.js","function":"__webpack_require__","line":13063,"method":null,"native":false},{"column":21,"file":"/Users/mbp2019/Desktop/Development/mirrorcity/mirrortown.poi/dist/main.js","function":"fn","line":13170,"method":null,"native":false},{"column":14,"file":"/Users/mbp2019/Desktop/Development/mirrorcity/mirrortown.poi/dist/main.js","function":null,"line":481,"method":null,"native":false},{"column":33,"file":"/Users/mbp2019/Desktop/Development/mirrorcity/mirrortown.poi/dist/main.js","function":"__webpack_require__","line":13063,"method":null,"native":false}]}
info: Nest.js API-Server ready to http://localhost:3000/ {"service":"SEERSLAB"}
info: Nest.js API-Server ready to http://localhost:3000/ {"service":"SEERSLAB"}
info: Nest.js API-Server ready to http://localhost:3000/ {"service":"SEERSLAB"}
info: Nest.js API-Server ready to http://localhost:3000/ {"service":"SEERSLAB"}
error: uncaughtException: Module parse failed: Argument name clash (32:69)
File was processed with these loaders:
 * ./node_modules/ts-loader/index.js
You may need an additional loader to handle the result of these loaders.
| const sql_runner_service_1 = require("../../shared/services/sql-runner.service");
| let MainRepository = exports.MainRepository = class MainRepository {
>     constructor(roomRepository, roomInfoRepository, assetRepository, assetRepository, sqlRunner, dataSource) {
|         this.roomRepository = roomRepository;
|         this.roomInfoRepository = roomInfoRepository;
Error: Module parse failed: Argument name clash (32:69)
File was processed with these loaders:
 * ./node_modules/ts-loader/index.js
You may need an additional loader to handle the result of these loaders.
| const sql_runner_service_1 = require("../../shared/services/sql-runner.service");
| let MainRepository = exports.MainRepository = class MainRepository {
>     constructor(roomRepository, roomInfoRepository, assetRepository, assetRepository, sqlRunner, dataSource) {
|         this.roomRepository = roomRepository;
|         this.roomInfoRepository = roomInfoRepository;
    at Object.create.k2 (/Users/mbp2019/Desktop/Development/mirrorcity/mirrortown.poi/dist/main.js:3446:7)
    at __webpack_require__ (/Users/mbp2019/Desktop/Development/mirrorcity/mirrortown.poi/dist/main.js:12782:33)
    at fn (/Users/mbp2019/Desktop/Development/mirrorcity/mirrortown.poi/dist/main.js:12889:21)
    at Object.<anonymous> (/Users/mbp2019/Desktop/Development/mirrorcity/mirrortown.poi/dist/main.js:3439:14)
    at __webpack_require__ (/Users/mbp2019/Desktop/Development/mirrorcity/mirrortown.poi/dist/main.js:12782:33)
    at fn (/Users/mbp2019/Desktop/Development/mirrorcity/mirrortown.poi/dist/main.js:12889:21)
    at Object.<anonymous> (/Users/mbp2019/Desktop/Development/mirrorcity/mirrortown.poi/dist/main.js:3265:24)
    at __webpack_require__ (/Users/mbp2019/Desktop/Development/mirrorcity/mirrortown.poi/dist/main.js:12782:33)
    at fn (/Users/mbp2019/Desktop/Development/mirrorcity/mirrortown.poi/dist/main.js:12889:21)
    at Object.<anonymous> (/Users/mbp2019/Desktop/Development/mirrorcity/mirrortown.poi/dist/main.js:3234:14) {"date":"Wed Aug 30 2023 17:14:51 GMT+0900 (Korean Standard Time)","error":{},"exception":true,"os":{"loadavg":[3.865234375,2.818359375,2.6533203125],"uptime":1213472},"process":{"argv":["/Users/mbp2019/.nvm/versions/node/v16.19.1/bin/node","/Users/mbp2019/Desktop/Development/mirrorcity/mirrortown.poi/dist/main.js"],"cwd":"/Users/mbp2019/Desktop/Development/mirrorcity/mirrortown.poi","execPath":"/Users/mbp2019/.nvm/versions/node/v16.19.1/bin/node","gid":20,"memoryUsage":{"arrayBuffers":832420,"external":13859375,"heapTotal":85426176,"heapUsed":59814128,"rss":133873664},"pid":62325,"uid":503,"version":"v16.19.1"},"service":"SEERSLAB","stack":"Error: Module parse failed: Argument name clash (32:69)\nFile was processed with these loaders:\n * ./node_modules/ts-loader/index.js\nYou may need an additional loader to handle the result of these loaders.\n| const sql_runner_service_1 = require(\"../../shared/services/sql-runner.service\");\n| let MainRepository = exports.MainRepository = class MainRepository {\n>     constructor(roomRepository, roomInfoRepository, assetRepository, assetRepository, sqlRunner, dataSource) {\n|         this.roomRepository = roomRepository;\n|         this.roomInfoRepository = roomInfoRepository;\n    at Object.create.k2 (/Users/mbp2019/Desktop/Development/mirrorcity/mirrortown.poi/dist/main.js:3446:7)\n    at __webpack_require__ (/Users/mbp2019/Desktop/Development/mirrorcity/mirrortown.poi/dist/main.js:12782:33)\n    at fn (/Users/mbp2019/Desktop/Development/mirrorcity/mirrortown.poi/dist/main.js:12889:21)\n    at Object.<anonymous> (/Users/mbp2019/Desktop/Development/mirrorcity/mirrortown.poi/dist/main.js:3439:14)\n    at __webpack_require__ (/Users/mbp2019/Desktop/Development/mirrorcity/mirrortown.poi/dist/main.js:12782:33)\n    at fn (/Users/mbp2019/Desktop/Development/mirrorcity/mirrortown.poi/dist/main.js:12889:21)\n    at Object.<anonymous> (/Users/mbp2019/Desktop/Development/mirrorcity/mirrortown.poi/dist/main.js:3265:24)\n    at __webpack_require__ (/Users/mbp2019/Desktop/Development/mirrorcity/mirrortown.poi/dist/main.js:12782:33)\n    at fn (/Users/mbp2019/Desktop/Development/mirrorcity/mirrortown.poi/dist/main.js:12889:21)\n    at Object.<anonymous> (/Users/mbp2019/Desktop/Development/mirrorcity/mirrortown.poi/dist/main.js:3234:14)","trace":[{"column":7,"file":"/Users/mbp2019/Desktop/Development/mirrorcity/mirrortown.poi/dist/main.js","function":"Object.create.k2","line":3446,"method":"k2","native":false},{"column":33,"file":"/Users/mbp2019/Desktop/Development/mirrorcity/mirrortown.poi/dist/main.js","function":"__webpack_require__","line":12782,"method":null,"native":false},{"column":21,"file":"/Users/mbp2019/Desktop/Development/mirrorcity/mirrortown.poi/dist/main.js","function":"fn","line":12889,"method":null,"native":false},{"column":14,"file":"/Users/mbp2019/Desktop/Development/mirrorcity/mirrortown.poi/dist/main.js","function":null,"line":3439,"method":null,"native":false},{"column":33,"file":"/Users/mbp2019/Desktop/Development/mirrorcity/mirrortown.poi/dist/main.js","function":"__webpack_require__","line":12782,"method":null,"native":false},{"column":21,"file":"/Users/mbp2019/Desktop/Development/mirrorcity/mirrortown.poi/dist/main.js","function":"fn","line":12889,"method":null,"native":false},{"column":24,"file":"/Users/mbp2019/Desktop/Development/mirrorcity/mirrortown.poi/dist/main.js","function":null,"line":3265,"method":null,"native":false},{"column":33,"file":"/Users/mbp2019/Desktop/Development/mirrorcity/mirrortown.poi/dist/main.js","function":"__webpack_require__","line":12782,"method":null,"native":false},{"column":21,"file":"/Users/mbp2019/Desktop/Development/mirrorcity/mirrortown.poi/dist/main.js","function":"fn","line":12889,"method":null,"native":false},{"column":14,"file":"/Users/mbp2019/Desktop/Development/mirrorcity/mirrortown.poi/dist/main.js","function":null,"line":3234,"method":null,"native":false}]}
info: Nest.js API-Server ready to http://localhost:3000/ {"service":"SEERSLAB"}
info: Nest.js API-Server ready to http://localhost:3000/ {"service":"SEERSLAB"}
info: Nest.js API-Server ready to http://localhost:3000/ {"service":"SEERSLAB"}
info: Nest.js API-Server ready to http://localhost:3000/ {"service":"SEERSLAB"}
info: Nest.js API-Server ready to http://localhost:3000/ {"service":"SEERSLAB"}
info: Nest.js API-Server ready to http://localhost:3000/ {"service":"SEERSLAB"}
info: Nest.js API-Server ready to http://localhost:3000/ {"service":"SEERSLAB"}
info: Nest.js API-Server ready to http://localhost:3000/ {"service":"SEERSLAB"}
info: Nest.js API-Server ready to http://localhost:3000/ {"service":"SEERSLAB"}
info: Nest.js API-Server ready to http://localhost:3000/ {"service":"SEERSLAB"}
info: Nest.js API-Server ready to http://localhost:3000/ {"service":"SEERSLAB"}
info: Nest.js API-Server ready to http://localhost:3000/ {"service":"SEERSLAB"}
info: Nest.js API-Server ready to http://localhost:3000/ {"service":"SEERSLAB"}
info: Nest.js API-Server ready to http://localhost:3000/ {"service":"SEERSLAB"}
info: Nest.js API-Server ready to http://localhost:3000/ {"service":"SEERSLAB"}
info: Nest.js API-Server ready to http://localhost:3000/ {"service":"SEERSLAB"}
info: Nest.js API-Server ready to http://localhost:3000/ {"service":"SEERSLAB"}
info: Nest.js API-Server ready to http://localhost:3000/ {"service":"SEERSLAB"}
info: Nest.js API-Server ready to http://localhost:3000/ {"service":"SEERSLAB"}
info: Nest.js API-Server ready to http://localhost:3000/ {"service":"SEERSLAB"}
info: Nest.js API-Server ready to http://localhost:3000/ {"service":"SEERSLAB"}
info: Nest.js API-Server ready to http://localhost:3000/ {"service":"SEERSLAB"}
info: Nest.js API-Server ready to http://localhost:3000/ {"service":"SEERSLAB"}
info: Nest.js API-Server ready to http://localhost:3000/ {"service":"SEERSLAB"}
info: Nest.js API-Server ready to http://localhost:3000/ {"service":"SEERSLAB"}
info: Nest.js API-Server ready to http://localhost:3000/ {"service":"SEERSLAB"}
info: Nest.js API-Server ready to http://localhost:3000/ {"service":"SEERSLAB"}
info: Nest.js API-Server ready to http://localhost:3000/ {"service":"SEERSLAB"}
info: Nest.js API-Server ready to http://localhost:3000/ {"service":"SEERSLAB"}
info: Nest.js API-Server ready to http://localhost:3000/ {"service":"SEERSLAB"}
info: Nest.js API-Server ready to http://localhost:3000/ {"service":"SEERSLAB"}
info: Nest.js API-Server ready to http://localhost:3000/ {"service":"SEERSLAB"}
info: Nest.js API-Server ready to http://localhost:3000/ {"service":"SEERSLAB"}
info: Nest.js API-Server ready to http://localhost:3000/ {"service":"SEERSLAB"}
info: Nest.js API-Server ready to http://localhost:3000/ {"service":"SEERSLAB"}
info: Nest.js API-Server ready to http://localhost:3000/ {"service":"SEERSLAB"}
