info: Nest.js API-Server ready to http://localhost:3000/ {"service":"SEERSLAB"}
info: Nest.js API-Server ready to http://localhost:3000/ {"service":"SEERSLAB"}
info: Nest.js API-Server ready to http://localhost:3000/ {"service":"SEERSLAB"}
info: Nest.js API-Server ready to http://localhost:3000/ {"service":"SEERSLAB"}
info: Nest.js API-Server ready to http://localhost:3000/ {"service":"SEERSLAB"}
info: Nest.js API-Server ready to http://localhost:3000/ {"service":"SEERSLAB"}
info: Nest.js API-Server ready to http://localhost:3000/ {"service":"SEERSLAB"}
info: Nest.js API-Server ready to http://localhost:3000/ {"service":"SEERSLAB"}
info: Nest.js API-Server ready to http://localhost:3000/ {"service":"SEERSLAB"}
info: Nest.js API-Server ready to http://localhost:3000/ {"service":"SEERSLAB"}
info: Nest.js API-Server ready to http://localhost:3000/ {"service":"SEERSLAB"}
info: Nest.js API-Server ready to http://localhost:3000/ {"service":"SEERSLAB"}
info: Nest.js API-Server ready to http://localhost:3000/ {"service":"SEERSLAB"}
info: Nest.js API-Server ready to http://localhost:3000/ {"service":"SEERSLAB"}
info: Nest.js API-Server ready to http://localhost:3000/ {"service":"SEERSLAB"}
info: Nest.js API-Server ready to http://localhost:3000/ {"service":"SEERSLAB"}
info: Nest.js API-Server ready to http://localhost:3000/ {"service":"SEERSLAB"}
info: Nest.js API-Server ready to http://localhost:3000/ {"service":"SEERSLAB"}
info: Nest.js API-Server ready to http://localhost:3000/ {"service":"SEERSLAB"}
info: Nest.js API-Server ready to http://localhost:3000/ {"service":"SEERSLAB"}
warn: try to re-connect redisClientProvider after 10s... {"service":"SEERSLAB"}
info: Nest.js API-Server ready to http://localhost:3000/ {"service":"SEERSLAB"}
info: Nest.js API-Server ready to http://localhost:3000/ {"service":"SEERSLAB"}
info: Nest.js API-Server ready to http://localhost:3000/ {"service":"SEERSLAB"}
info: Nest.js API-Server ready to http://localhost:3000/ {"service":"SEERSLAB"}
info: Nest.js API-Server ready to http://localhost:3000/ {"service":"SEERSLAB"}
info: Nest.js API-Server ready to http://localhost:3000/ {"service":"SEERSLAB"}
info: Nest.js API-Server ready to http://localhost:3000/ {"service":"SEERSLAB"}
info: Nest.js API-Server ready to http://localhost:3000/ {"service":"SEERSLAB"}
info: Nest.js API-Server ready to http://localhost:3000/ {"service":"SEERSLAB"}
info: Nest.js API-Server ready to http://localhost:3000/ {"service":"SEERSLAB"}
info: Nest.js API-Server ready to http://localhost:3000/ {"service":"SEERSLAB"}
info: Nest.js API-Server ready to http://localhost:3000/ {"service":"SEERSLAB"}
info: Nest.js API-Server ready to http://localhost:3000/ {"service":"SEERSLAB"}
info: Nest.js API-Server ready to http://localhost:3000/ {"service":"SEERSLAB"}
info: Nest.js API-Server ready to http://localhost:3000/ {"service":"SEERSLAB"}
info: Nest.js API-Server ready to http://localhost:3000/ {"service":"SEERSLAB"}
info: Nest.js API-Server ready to http://localhost:3000/ {"service":"SEERSLAB"}
info: Nest.js API-Server ready to http://localhost:3000/ {"service":"SEERSLAB"}
info: Nest.js API-Server ready to http://localhost:3000/ {"service":"SEERSLAB"}
info: Nest.js API-Server ready to http://localhost:3000/ {"service":"SEERSLAB"}
info: Nest.js API-Server ready to http://localhost:3000/ {"service":"SEERSLAB"}
info: Nest.js API-Server ready to http://localhost:3000/ {"service":"SEERSLAB"}
info: Nest.js API-Server ready to http://localhost:3000/ {"service":"SEERSLAB"}
info: Nest.js API-Server ready to http://localhost:3000/ {"service":"SEERSLAB"}
info: Nest.js API-Server ready to http://localhost:3000/ {"service":"SEERSLAB"}
info: Nest.js API-Server ready to http://localhost:3000/ {"service":"SEERSLAB"}
info: Nest.js API-Server ready to http://localhost:3000/ {"service":"SEERSLAB"}
info: Nest.js API-Server ready to http://localhost:3000/ {"service":"SEERSLAB"}
info: Nest.js API-Server ready to http://localhost:3000/ {"service":"SEERSLAB"}
info: Nest.js API-Server ready to http://localhost:3000/ {"service":"SEERSLAB"}
info: Nest.js API-Server ready to http://localhost:3000/ {"service":"SEERSLAB"}
info: Nest.js API-Server ready to http://localhost:3000/ {"service":"SEERSLAB"}
info: Nest.js API-Server ready to http://localhost:3000/ {"service":"SEERSLAB"}
info: Nest.js API-Server ready to http://localhost:3000/ {"service":"SEERSLAB"}
info: Nest.js API-Server ready to http://localhost:3000/ {"service":"SEERSLAB"}
error: uncaughtException: Module parse failed: Unexpected token (262:24)
File was processed with these loaders:
 * ./node_modules/ts-loader/index.js
You may need an additional loader to handle the result of these loaders.
|                         }
|                         select: ['address', 'galleryUrl', 'provide', 'totalVisitCnt', 'shortcutUrl', 'deleted'],
>                         ;
|                     });
|                 }
Error: Module parse failed: Unexpected token (262:24)
File was processed with these loaders:
 * ./node_modules/ts-loader/index.js
You may need an additional loader to handle the result of these loaders.
|                         }
|                         select: ['address', 'galleryUrl', 'provide', 'totalVisitCnt', 'shortcutUrl', 'deleted'],
>                         ;
|                     });
|                 }
    at Object.create.k2 (/Users/mbp2019/Desktop/Development/mirrorcity/mirrortown.poi/dist/main.js:3371:7)
    at __webpack_require__ (/Users/mbp2019/Desktop/Development/mirrorcity/mirrortown.poi/dist/main.js:12227:33)
    at fn (/Users/mbp2019/Desktop/Development/mirrorcity/mirrortown.poi/dist/main.js:12334:21)
    at Object.<anonymous> (/Users/mbp2019/Desktop/Development/mirrorcity/mirrortown.poi/dist/main.js:3364:14)
    at __webpack_require__ (/Users/mbp2019/Desktop/Development/mirrorcity/mirrortown.poi/dist/main.js:12227:33)
    at fn (/Users/mbp2019/Desktop/Development/mirrorcity/mirrortown.poi/dist/main.js:12334:21)
    at Object.<anonymous> (/Users/mbp2019/Desktop/Development/mirrorcity/mirrortown.poi/dist/main.js:3199:24)
    at __webpack_require__ (/Users/mbp2019/Desktop/Development/mirrorcity/mirrortown.poi/dist/main.js:12227:33)
    at fn (/Users/mbp2019/Desktop/Development/mirrorcity/mirrortown.poi/dist/main.js:12334:21)
    at Object.<anonymous> (/Users/mbp2019/Desktop/Development/mirrorcity/mirrortown.poi/dist/main.js:3168:14) {"date":"Tue Aug 29 2023 14:27:17 GMT+0900 (Korean Standard Time)","error":{},"exception":true,"os":{"loadavg":[2.60791015625,2.28271484375,2.1748046875],"uptime":1117019},"process":{"argv":["/Users/mbp2019/.nvm/versions/node/v16.19.1/bin/node","/Users/mbp2019/Desktop/Development/mirrorcity/mirrortown.poi/dist/main.js"],"cwd":"/Users/mbp2019/Desktop/Development/mirrorcity/mirrortown.poi","execPath":"/Users/mbp2019/.nvm/versions/node/v16.19.1/bin/node","gid":20,"memoryUsage":{"arrayBuffers":757996,"external":13860659,"heapTotal":85688320,"heapUsed":59790576,"rss":137166848},"pid":7257,"uid":503,"version":"v16.19.1"},"service":"SEERSLAB","stack":"Error: Module parse failed: Unexpected token (262:24)\nFile was processed with these loaders:\n * ./node_modules/ts-loader/index.js\nYou may need an additional loader to handle the result of these loaders.\n|                         }\n|                         select: ['address', 'galleryUrl', 'provide', 'totalVisitCnt', 'shortcutUrl', 'deleted'],\n>                         ;\n|                     });\n|                 }\n    at Object.create.k2 (/Users/mbp2019/Desktop/Development/mirrorcity/mirrortown.poi/dist/main.js:3371:7)\n    at __webpack_require__ (/Users/mbp2019/Desktop/Development/mirrorcity/mirrortown.poi/dist/main.js:12227:33)\n    at fn (/Users/mbp2019/Desktop/Development/mirrorcity/mirrortown.poi/dist/main.js:12334:21)\n    at Object.<anonymous> (/Users/mbp2019/Desktop/Development/mirrorcity/mirrortown.poi/dist/main.js:3364:14)\n    at __webpack_require__ (/Users/mbp2019/Desktop/Development/mirrorcity/mirrortown.poi/dist/main.js:12227:33)\n    at fn (/Users/mbp2019/Desktop/Development/mirrorcity/mirrortown.poi/dist/main.js:12334:21)\n    at Object.<anonymous> (/Users/mbp2019/Desktop/Development/mirrorcity/mirrortown.poi/dist/main.js:3199:24)\n    at __webpack_require__ (/Users/mbp2019/Desktop/Development/mirrorcity/mirrortown.poi/dist/main.js:12227:33)\n    at fn (/Users/mbp2019/Desktop/Development/mirrorcity/mirrortown.poi/dist/main.js:12334:21)\n    at Object.<anonymous> (/Users/mbp2019/Desktop/Development/mirrorcity/mirrortown.poi/dist/main.js:3168:14)","trace":[{"column":7,"file":"/Users/mbp2019/Desktop/Development/mirrorcity/mirrortown.poi/dist/main.js","function":"Object.create.k2","line":3371,"method":"k2","native":false},{"column":33,"file":"/Users/mbp2019/Desktop/Development/mirrorcity/mirrortown.poi/dist/main.js","function":"__webpack_require__","line":12227,"method":null,"native":false},{"column":21,"file":"/Users/mbp2019/Desktop/Development/mirrorcity/mirrortown.poi/dist/main.js","function":"fn","line":12334,"method":null,"native":false},{"column":14,"file":"/Users/mbp2019/Desktop/Development/mirrorcity/mirrortown.poi/dist/main.js","function":null,"line":3364,"method":null,"native":false},{"column":33,"file":"/Users/mbp2019/Desktop/Development/mirrorcity/mirrortown.poi/dist/main.js","function":"__webpack_require__","line":12227,"method":null,"native":false},{"column":21,"file":"/Users/mbp2019/Desktop/Development/mirrorcity/mirrortown.poi/dist/main.js","function":"fn","line":12334,"method":null,"native":false},{"column":24,"file":"/Users/mbp2019/Desktop/Development/mirrorcity/mirrortown.poi/dist/main.js","function":null,"line":3199,"method":null,"native":false},{"column":33,"file":"/Users/mbp2019/Desktop/Development/mirrorcity/mirrortown.poi/dist/main.js","function":"__webpack_require__","line":12227,"method":null,"native":false},{"column":21,"file":"/Users/mbp2019/Desktop/Development/mirrorcity/mirrortown.poi/dist/main.js","function":"fn","line":12334,"method":null,"native":false},{"column":14,"file":"/Users/mbp2019/Desktop/Development/mirrorcity/mirrortown.poi/dist/main.js","function":null,"line":3168,"method":null,"native":false}]}
info: Nest.js API-Server ready to http://localhost:3000/ {"service":"SEERSLAB"}
info: Nest.js API-Server ready to http://localhost:3000/ {"service":"SEERSLAB"}
error: uncaughtException: Module parse failed: Unexpected token (256:32)
File was processed with these loaders:
 * ./node_modules/ts-loader/index.js
You may need an additional loader to handle the result of these loaders.
|         return __awaiter(this, void 0, void 0, function* () {
|             return this.roomInfoRepository.findOne({
>                 where: { [roomId, deleted]:  },
|                 select: ['address', 'galleryUrl', 'provide', 'totalVisitCnt', 'shortcutUrl', 'deleted'],
|             });
Error: Module parse failed: Unexpected token (256:32)
File was processed with these loaders:
 * ./node_modules/ts-loader/index.js
You may need an additional loader to handle the result of these loaders.
|         return __awaiter(this, void 0, void 0, function* () {
|             return this.roomInfoRepository.findOne({
>                 where: { [roomId, deleted]:  },
|                 select: ['address', 'galleryUrl', 'provide', 'totalVisitCnt', 'shortcutUrl', 'deleted'],
|             });
    at Object.create.k2 (/Users/mbp2019/Desktop/Development/mirrorcity/mirrortown.poi/dist/main.js:3371:7)
    at __webpack_require__ (/Users/mbp2019/Desktop/Development/mirrorcity/mirrortown.poi/dist/main.js:12227:33)
    at fn (/Users/mbp2019/Desktop/Development/mirrorcity/mirrortown.poi/dist/main.js:12334:21)
    at Object.<anonymous> (/Users/mbp2019/Desktop/Development/mirrorcity/mirrortown.poi/dist/main.js:3364:14)
    at __webpack_require__ (/Users/mbp2019/Desktop/Development/mirrorcity/mirrortown.poi/dist/main.js:12227:33)
    at fn (/Users/mbp2019/Desktop/Development/mirrorcity/mirrortown.poi/dist/main.js:12334:21)
    at Object.<anonymous> (/Users/mbp2019/Desktop/Development/mirrorcity/mirrortown.poi/dist/main.js:3199:24)
    at __webpack_require__ (/Users/mbp2019/Desktop/Development/mirrorcity/mirrortown.poi/dist/main.js:12227:33)
    at fn (/Users/mbp2019/Desktop/Development/mirrorcity/mirrortown.poi/dist/main.js:12334:21)
    at Object.<anonymous> (/Users/mbp2019/Desktop/Development/mirrorcity/mirrortown.poi/dist/main.js:3168:14) {"date":"Tue Aug 29 2023 14:27:31 GMT+0900 (Korean Standard Time)","error":{},"exception":true,"os":{"loadavg":[3.1259765625,2.41455078125,2.22314453125],"uptime":1117033},"process":{"argv":["/Users/mbp2019/.nvm/versions/node/v16.19.1/bin/node","/Users/mbp2019/Desktop/Development/mirrorcity/mirrortown.poi/dist/main.js"],"cwd":"/Users/mbp2019/Desktop/Development/mirrorcity/mirrortown.poi","execPath":"/Users/mbp2019/.nvm/versions/node/v16.19.1/bin/node","gid":20,"memoryUsage":{"arrayBuffers":784617,"external":13860736,"heapTotal":85950464,"heapUsed":59900688,"rss":135954432},"pid":7292,"uid":503,"version":"v16.19.1"},"service":"SEERSLAB","stack":"Error: Module parse failed: Unexpected token (256:32)\nFile was processed with these loaders:\n * ./node_modules/ts-loader/index.js\nYou may need an additional loader to handle the result of these loaders.\n|         return __awaiter(this, void 0, void 0, function* () {\n|             return this.roomInfoRepository.findOne({\n>                 where: { [roomId, deleted]:  },\n|                 select: ['address', 'galleryUrl', 'provide', 'totalVisitCnt', 'shortcutUrl', 'deleted'],\n|             });\n    at Object.create.k2 (/Users/mbp2019/Desktop/Development/mirrorcity/mirrortown.poi/dist/main.js:3371:7)\n    at __webpack_require__ (/Users/mbp2019/Desktop/Development/mirrorcity/mirrortown.poi/dist/main.js:12227:33)\n    at fn (/Users/mbp2019/Desktop/Development/mirrorcity/mirrortown.poi/dist/main.js:12334:21)\n    at Object.<anonymous> (/Users/mbp2019/Desktop/Development/mirrorcity/mirrortown.poi/dist/main.js:3364:14)\n    at __webpack_require__ (/Users/mbp2019/Desktop/Development/mirrorcity/mirrortown.poi/dist/main.js:12227:33)\n    at fn (/Users/mbp2019/Desktop/Development/mirrorcity/mirrortown.poi/dist/main.js:12334:21)\n    at Object.<anonymous> (/Users/mbp2019/Desktop/Development/mirrorcity/mirrortown.poi/dist/main.js:3199:24)\n    at __webpack_require__ (/Users/mbp2019/Desktop/Development/mirrorcity/mirrortown.poi/dist/main.js:12227:33)\n    at fn (/Users/mbp2019/Desktop/Development/mirrorcity/mirrortown.poi/dist/main.js:12334:21)\n    at Object.<anonymous> (/Users/mbp2019/Desktop/Development/mirrorcity/mirrortown.poi/dist/main.js:3168:14)","trace":[{"column":7,"file":"/Users/mbp2019/Desktop/Development/mirrorcity/mirrortown.poi/dist/main.js","function":"Object.create.k2","line":3371,"method":"k2","native":false},{"column":33,"file":"/Users/mbp2019/Desktop/Development/mirrorcity/mirrortown.poi/dist/main.js","function":"__webpack_require__","line":12227,"method":null,"native":false},{"column":21,"file":"/Users/mbp2019/Desktop/Development/mirrorcity/mirrortown.poi/dist/main.js","function":"fn","line":12334,"method":null,"native":false},{"column":14,"file":"/Users/mbp2019/Desktop/Development/mirrorcity/mirrortown.poi/dist/main.js","function":null,"line":3364,"method":null,"native":false},{"column":33,"file":"/Users/mbp2019/Desktop/Development/mirrorcity/mirrortown.poi/dist/main.js","function":"__webpack_require__","line":12227,"method":null,"native":false},{"column":21,"file":"/Users/mbp2019/Desktop/Development/mirrorcity/mirrortown.poi/dist/main.js","function":"fn","line":12334,"method":null,"native":false},{"column":24,"file":"/Users/mbp2019/Desktop/Development/mirrorcity/mirrortown.poi/dist/main.js","function":null,"line":3199,"method":null,"native":false},{"column":33,"file":"/Users/mbp2019/Desktop/Development/mirrorcity/mirrortown.poi/dist/main.js","function":"__webpack_require__","line":12227,"method":null,"native":false},{"column":21,"file":"/Users/mbp2019/Desktop/Development/mirrorcity/mirrortown.poi/dist/main.js","function":"fn","line":12334,"method":null,"native":false},{"column":14,"file":"/Users/mbp2019/Desktop/Development/mirrorcity/mirrortown.poi/dist/main.js","function":null,"line":3168,"method":null,"native":false}]}
info: Nest.js API-Server ready to http://localhost:3000/ {"service":"SEERSLAB"}
info: Nest.js API-Server ready to http://localhost:3000/ {"service":"SEERSLAB"}
info: Nest.js API-Server ready to http://localhost:3000/ {"service":"SEERSLAB"}
info: Nest.js API-Server ready to http://localhost:3000/ {"service":"SEERSLAB"}
info: Nest.js API-Server ready to http://localhost:3000/ {"service":"SEERSLAB"}
info: Nest.js API-Server ready to http://localhost:3000/ {"service":"SEERSLAB"}
info: Nest.js API-Server ready to http://localhost:3000/ {"service":"SEERSLAB"}
info: Nest.js API-Server ready to http://localhost:3000/ {"service":"SEERSLAB"}
info: Nest.js API-Server ready to http://localhost:3000/ {"service":"SEERSLAB"}
info: Nest.js API-Server ready to http://localhost:3000/ {"service":"SEERSLAB"}
info: Nest.js API-Server ready to http://localhost:3000/ {"service":"SEERSLAB"}
info: Nest.js API-Server ready to http://localhost:3000/ {"service":"SEERSLAB"}
error: uncaughtException: Cannot find module './main.entity'
Error: Cannot find module './main.entity'
    at webpackMissingModule (/Users/mbp2019/Desktop/Development/mirrorcity/mirrortown.poi/dist/main.js:2558:83)
    at Object.<anonymous> (/Users/mbp2019/Desktop/Development/mirrorcity/mirrortown.poi/dist/main.js:2558:171)
    at __webpack_require__ (/Users/mbp2019/Desktop/Development/mirrorcity/mirrortown.poi/dist/main.js:12301:33)
    at fn (/Users/mbp2019/Desktop/Development/mirrorcity/mirrortown.poi/dist/main.js:12408:21)
    at Object.<anonymous> (/Users/mbp2019/Desktop/Development/mirrorcity/mirrortown.poi/dist/main.js:2515:31)
    at __webpack_require__ (/Users/mbp2019/Desktop/Development/mirrorcity/mirrortown.poi/dist/main.js:12301:33)
    at fn (/Users/mbp2019/Desktop/Development/mirrorcity/mirrortown.poi/dist/main.js:12408:21)
    at Object.<anonymous> (/Users/mbp2019/Desktop/Development/mirrorcity/mirrortown.poi/dist/main.js:481:14)
    at __webpack_require__ (/Users/mbp2019/Desktop/Development/mirrorcity/mirrortown.poi/dist/main.js:12301:33)
    at fn (/Users/mbp2019/Desktop/Development/mirrorcity/mirrortown.poi/dist/main.js:12408:21) {"date":"Tue Aug 29 2023 15:08:52 GMT+0900 (Korean Standard Time)","error":{"code":"MODULE_NOT_FOUND"},"exception":true,"os":{"loadavg":[3.6962890625,2.65771484375,2.572265625],"uptime":1119514},"process":{"argv":["/Users/mbp2019/.nvm/versions/node/v16.19.1/bin/node","/Users/mbp2019/Desktop/Development/mirrorcity/mirrortown.poi/dist/main.js"],"cwd":"/Users/mbp2019/Desktop/Development/mirrorcity/mirrortown.poi","execPath":"/Users/mbp2019/.nvm/versions/node/v16.19.1/bin/node","gid":20,"memoryUsage":{"arrayBuffers":897262,"external":12852030,"heapTotal":77496320,"heapUsed":53921072,"rss":112574464},"pid":10641,"uid":503,"version":"v16.19.1"},"service":"SEERSLAB","stack":"Error: Cannot find module './main.entity'\n    at webpackMissingModule (/Users/mbp2019/Desktop/Development/mirrorcity/mirrortown.poi/dist/main.js:2558:83)\n    at Object.<anonymous> (/Users/mbp2019/Desktop/Development/mirrorcity/mirrortown.poi/dist/main.js:2558:171)\n    at __webpack_require__ (/Users/mbp2019/Desktop/Development/mirrorcity/mirrortown.poi/dist/main.js:12301:33)\n    at fn (/Users/mbp2019/Desktop/Development/mirrorcity/mirrortown.poi/dist/main.js:12408:21)\n    at Object.<anonymous> (/Users/mbp2019/Desktop/Development/mirrorcity/mirrortown.poi/dist/main.js:2515:31)\n    at __webpack_require__ (/Users/mbp2019/Desktop/Development/mirrorcity/mirrortown.poi/dist/main.js:12301:33)\n    at fn (/Users/mbp2019/Desktop/Development/mirrorcity/mirrortown.poi/dist/main.js:12408:21)\n    at Object.<anonymous> (/Users/mbp2019/Desktop/Development/mirrorcity/mirrortown.poi/dist/main.js:481:14)\n    at __webpack_require__ (/Users/mbp2019/Desktop/Development/mirrorcity/mirrortown.poi/dist/main.js:12301:33)\n    at fn (/Users/mbp2019/Desktop/Development/mirrorcity/mirrortown.poi/dist/main.js:12408:21)","trace":[{"column":83,"file":"/Users/mbp2019/Desktop/Development/mirrorcity/mirrortown.poi/dist/main.js","function":"webpackMissingModule","line":2558,"method":null,"native":false},{"column":171,"file":"/Users/mbp2019/Desktop/Development/mirrorcity/mirrortown.poi/dist/main.js","function":null,"line":2558,"method":null,"native":false},{"column":33,"file":"/Users/mbp2019/Desktop/Development/mirrorcity/mirrortown.poi/dist/main.js","function":"__webpack_require__","line":12301,"method":null,"native":false},{"column":21,"file":"/Users/mbp2019/Desktop/Development/mirrorcity/mirrortown.poi/dist/main.js","function":"fn","line":12408,"method":null,"native":false},{"column":31,"file":"/Users/mbp2019/Desktop/Development/mirrorcity/mirrortown.poi/dist/main.js","function":null,"line":2515,"method":null,"native":false},{"column":33,"file":"/Users/mbp2019/Desktop/Development/mirrorcity/mirrortown.poi/dist/main.js","function":"__webpack_require__","line":12301,"method":null,"native":false},{"column":21,"file":"/Users/mbp2019/Desktop/Development/mirrorcity/mirrortown.poi/dist/main.js","function":"fn","line":12408,"method":null,"native":false},{"column":14,"file":"/Users/mbp2019/Desktop/Development/mirrorcity/mirrortown.poi/dist/main.js","function":null,"line":481,"method":null,"native":false},{"column":33,"file":"/Users/mbp2019/Desktop/Development/mirrorcity/mirrortown.poi/dist/main.js","function":"__webpack_require__","line":12301,"method":null,"native":false},{"column":21,"file":"/Users/mbp2019/Desktop/Development/mirrorcity/mirrortown.poi/dist/main.js","function":"fn","line":12408,"method":null,"native":false}]}
error: uncaughtException: Cannot find module './main.entity'
Error: Cannot find module './main.entity'
    at webpackMissingModule (/Users/mbp2019/Desktop/Development/mirrorcity/mirrortown.poi/dist/main.js:2558:83)
    at Object.<anonymous> (/Users/mbp2019/Desktop/Development/mirrorcity/mirrortown.poi/dist/main.js:2558:171)
    at __webpack_require__ (/Users/mbp2019/Desktop/Development/mirrorcity/mirrortown.poi/dist/main.js:12301:33)
    at fn (/Users/mbp2019/Desktop/Development/mirrorcity/mirrortown.poi/dist/main.js:12408:21)
    at Object.<anonymous> (/Users/mbp2019/Desktop/Development/mirrorcity/mirrortown.poi/dist/main.js:2515:31)
    at __webpack_require__ (/Users/mbp2019/Desktop/Development/mirrorcity/mirrortown.poi/dist/main.js:12301:33)
    at fn (/Users/mbp2019/Desktop/Development/mirrorcity/mirrortown.poi/dist/main.js:12408:21)
    at Object.<anonymous> (/Users/mbp2019/Desktop/Development/mirrorcity/mirrortown.poi/dist/main.js:481:14)
    at __webpack_require__ (/Users/mbp2019/Desktop/Development/mirrorcity/mirrortown.poi/dist/main.js:12301:33)
    at fn (/Users/mbp2019/Desktop/Development/mirrorcity/mirrortown.poi/dist/main.js:12408:21) {"date":"Tue Aug 29 2023 15:08:53 GMT+0900 (Korean Standard Time)","error":{"code":"MODULE_NOT_FOUND"},"exception":true,"os":{"loadavg":[3.6962890625,2.65771484375,2.572265625],"uptime":1119515},"process":{"argv":["/Users/mbp2019/.nvm/versions/node/v16.19.1/bin/node","/Users/mbp2019/Desktop/Development/mirrorcity/mirrortown.poi/dist/main.js"],"cwd":"/Users/mbp2019/Desktop/Development/mirrorcity/mirrortown.poi","execPath":"/Users/mbp2019/.nvm/versions/node/v16.19.1/bin/node","gid":20,"memoryUsage":{"arrayBuffers":915907,"external":12852030,"heapTotal":77758464,"heapUsed":53866448,"rss":130957312},"pid":10648,"uid":503,"version":"v16.19.1"},"service":"SEERSLAB","stack":"Error: Cannot find module './main.entity'\n    at webpackMissingModule (/Users/mbp2019/Desktop/Development/mirrorcity/mirrortown.poi/dist/main.js:2558:83)\n    at Object.<anonymous> (/Users/mbp2019/Desktop/Development/mirrorcity/mirrortown.poi/dist/main.js:2558:171)\n    at __webpack_require__ (/Users/mbp2019/Desktop/Development/mirrorcity/mirrortown.poi/dist/main.js:12301:33)\n    at fn (/Users/mbp2019/Desktop/Development/mirrorcity/mirrortown.poi/dist/main.js:12408:21)\n    at Object.<anonymous> (/Users/mbp2019/Desktop/Development/mirrorcity/mirrortown.poi/dist/main.js:2515:31)\n    at __webpack_require__ (/Users/mbp2019/Desktop/Development/mirrorcity/mirrortown.poi/dist/main.js:12301:33)\n    at fn (/Users/mbp2019/Desktop/Development/mirrorcity/mirrortown.poi/dist/main.js:12408:21)\n    at Object.<anonymous> (/Users/mbp2019/Desktop/Development/mirrorcity/mirrortown.poi/dist/main.js:481:14)\n    at __webpack_require__ (/Users/mbp2019/Desktop/Development/mirrorcity/mirrortown.poi/dist/main.js:12301:33)\n    at fn (/Users/mbp2019/Desktop/Development/mirrorcity/mirrortown.poi/dist/main.js:12408:21)","trace":[{"column":83,"file":"/Users/mbp2019/Desktop/Development/mirrorcity/mirrortown.poi/dist/main.js","function":"webpackMissingModule","line":2558,"method":null,"native":false},{"column":171,"file":"/Users/mbp2019/Desktop/Development/mirrorcity/mirrortown.poi/dist/main.js","function":null,"line":2558,"method":null,"native":false},{"column":33,"file":"/Users/mbp2019/Desktop/Development/mirrorcity/mirrortown.poi/dist/main.js","function":"__webpack_require__","line":12301,"method":null,"native":false},{"column":21,"file":"/Users/mbp2019/Desktop/Development/mirrorcity/mirrortown.poi/dist/main.js","function":"fn","line":12408,"method":null,"native":false},{"column":31,"file":"/Users/mbp2019/Desktop/Development/mirrorcity/mirrortown.poi/dist/main.js","function":null,"line":2515,"method":null,"native":false},{"column":33,"file":"/Users/mbp2019/Desktop/Development/mirrorcity/mirrortown.poi/dist/main.js","function":"__webpack_require__","line":12301,"method":null,"native":false},{"column":21,"file":"/Users/mbp2019/Desktop/Development/mirrorcity/mirrortown.poi/dist/main.js","function":"fn","line":12408,"method":null,"native":false},{"column":14,"file":"/Users/mbp2019/Desktop/Development/mirrorcity/mirrortown.poi/dist/main.js","function":null,"line":481,"method":null,"native":false},{"column":33,"file":"/Users/mbp2019/Desktop/Development/mirrorcity/mirrortown.poi/dist/main.js","function":"__webpack_require__","line":12301,"method":null,"native":false},{"column":21,"file":"/Users/mbp2019/Desktop/Development/mirrorcity/mirrortown.poi/dist/main.js","function":"fn","line":12408,"method":null,"native":false}]}
info: Nest.js API-Server ready to http://localhost:3000/ {"service":"SEERSLAB"}
error: uncaughtException: A circular dependency has been detected inside @InjectRepository(). Please, make sure that each side of a bidirectional relationships are decorated with "forwardRef()". Also, try to eliminate barrel files because they can lead to an unexpected behavior too.
Error: A circular dependency has been detected inside @InjectRepository(). Please, make sure that each side of a bidirectional relationships are decorated with "forwardRef()". Also, try to eliminate barrel files because they can lead to an unexpected behavior too.
    at getRepositoryToken (/Users/mbp2019/Desktop/Development/mirrorcity/mirrortown.poi/node_modules/@nestjs/typeorm/dist/common/typeorm.utils.js:19:15)
    at InjectRepository (/Users/mbp2019/Desktop/Development/mirrorcity/mirrortown.poi/node_modules/@nestjs/typeorm/dist/common/typeorm.decorators.js:7:157)
    at Object.<anonymous> (/Users/mbp2019/Desktop/Development/mirrorcity/mirrortown.poi/dist/main.js:3700:47)
    at __webpack_require__ (/Users/mbp2019/Desktop/Development/mirrorcity/mirrortown.poi/dist/main.js:12560:33)
    at fn (/Users/mbp2019/Desktop/Development/mirrorcity/mirrortown.poi/dist/main.js:12667:21)
    at Object.<anonymous> (/Users/mbp2019/Desktop/Development/mirrorcity/mirrortown.poi/dist/main.js:3369:14)
    at __webpack_require__ (/Users/mbp2019/Desktop/Development/mirrorcity/mirrortown.poi/dist/main.js:12560:33)
    at fn (/Users/mbp2019/Desktop/Development/mirrorcity/mirrortown.poi/dist/main.js:12667:21)
    at Object.<anonymous> (/Users/mbp2019/Desktop/Development/mirrorcity/mirrortown.poi/dist/main.js:3198:24)
    at __webpack_require__ (/Users/mbp2019/Desktop/Development/mirrorcity/mirrortown.poi/dist/main.js:12560:33) {"date":"Tue Aug 29 2023 15:09:11 GMT+0900 (Korean Standard Time)","error":{},"exception":true,"os":{"loadavg":[3.76806640625,2.72998046875,2.599609375],"uptime":1119533},"process":{"argv":["/Users/mbp2019/.nvm/versions/node/v16.19.1/bin/node","/Users/mbp2019/Desktop/Development/mirrorcity/mirrortown.poi/dist/main.js"],"cwd":"/Users/mbp2019/Desktop/Development/mirrorcity/mirrortown.poi","execPath":"/Users/mbp2019/.nvm/versions/node/v16.19.1/bin/node","gid":20,"memoryUsage":{"arrayBuffers":840612,"external":13872801,"heapTotal":85721088,"heapUsed":59848368,"rss":133726208},"pid":10685,"uid":503,"version":"v16.19.1"},"service":"SEERSLAB","stack":"Error: A circular dependency has been detected inside @InjectRepository(). Please, make sure that each side of a bidirectional relationships are decorated with \"forwardRef()\". Also, try to eliminate barrel files because they can lead to an unexpected behavior too.\n    at getRepositoryToken (/Users/mbp2019/Desktop/Development/mirrorcity/mirrortown.poi/node_modules/@nestjs/typeorm/dist/common/typeorm.utils.js:19:15)\n    at InjectRepository (/Users/mbp2019/Desktop/Development/mirrorcity/mirrortown.poi/node_modules/@nestjs/typeorm/dist/common/typeorm.decorators.js:7:157)\n    at Object.<anonymous> (/Users/mbp2019/Desktop/Development/mirrorcity/mirrortown.poi/dist/main.js:3700:47)\n    at __webpack_require__ (/Users/mbp2019/Desktop/Development/mirrorcity/mirrortown.poi/dist/main.js:12560:33)\n    at fn (/Users/mbp2019/Desktop/Development/mirrorcity/mirrortown.poi/dist/main.js:12667:21)\n    at Object.<anonymous> (/Users/mbp2019/Desktop/Development/mirrorcity/mirrortown.poi/dist/main.js:3369:14)\n    at __webpack_require__ (/Users/mbp2019/Desktop/Development/mirrorcity/mirrortown.poi/dist/main.js:12560:33)\n    at fn (/Users/mbp2019/Desktop/Development/mirrorcity/mirrortown.poi/dist/main.js:12667:21)\n    at Object.<anonymous> (/Users/mbp2019/Desktop/Development/mirrorcity/mirrortown.poi/dist/main.js:3198:24)\n    at __webpack_require__ (/Users/mbp2019/Desktop/Development/mirrorcity/mirrortown.poi/dist/main.js:12560:33)","trace":[{"column":15,"file":"/Users/mbp2019/Desktop/Development/mirrorcity/mirrortown.poi/node_modules/@nestjs/typeorm/dist/common/typeorm.utils.js","function":"getRepositoryToken","line":19,"method":null,"native":false},{"column":157,"file":"/Users/mbp2019/Desktop/Development/mirrorcity/mirrortown.poi/node_modules/@nestjs/typeorm/dist/common/typeorm.decorators.js","function":"InjectRepository","line":7,"method":null,"native":false},{"column":47,"file":"/Users/mbp2019/Desktop/Development/mirrorcity/mirrortown.poi/dist/main.js","function":null,"line":3700,"method":null,"native":false},{"column":33,"file":"/Users/mbp2019/Desktop/Development/mirrorcity/mirrortown.poi/dist/main.js","function":"__webpack_require__","line":12560,"method":null,"native":false},{"column":21,"file":"/Users/mbp2019/Desktop/Development/mirrorcity/mirrortown.poi/dist/main.js","function":"fn","line":12667,"method":null,"native":false},{"column":14,"file":"/Users/mbp2019/Desktop/Development/mirrorcity/mirrortown.poi/dist/main.js","function":null,"line":3369,"method":null,"native":false},{"column":33,"file":"/Users/mbp2019/Desktop/Development/mirrorcity/mirrortown.poi/dist/main.js","function":"__webpack_require__","line":12560,"method":null,"native":false},{"column":21,"file":"/Users/mbp2019/Desktop/Development/mirrorcity/mirrortown.poi/dist/main.js","function":"fn","line":12667,"method":null,"native":false},{"column":24,"file":"/Users/mbp2019/Desktop/Development/mirrorcity/mirrortown.poi/dist/main.js","function":null,"line":3198,"method":null,"native":false},{"column":33,"file":"/Users/mbp2019/Desktop/Development/mirrorcity/mirrortown.poi/dist/main.js","function":"__webpack_require__","line":12560,"method":null,"native":false}]}
error: uncaughtException: A circular dependency has been detected inside @InjectRepository(). Please, make sure that each side of a bidirectional relationships are decorated with "forwardRef()". Also, try to eliminate barrel files because they can lead to an unexpected behavior too.
Error: A circular dependency has been detected inside @InjectRepository(). Please, make sure that each side of a bidirectional relationships are decorated with "forwardRef()". Also, try to eliminate barrel files because they can lead to an unexpected behavior too.
    at getRepositoryToken (/Users/mbp2019/Desktop/Development/mirrorcity/mirrortown.poi/node_modules/@nestjs/typeorm/dist/common/typeorm.utils.js:19:15)
    at InjectRepository (/Users/mbp2019/Desktop/Development/mirrorcity/mirrortown.poi/node_modules/@nestjs/typeorm/dist/common/typeorm.decorators.js:7:157)
    at Object.<anonymous> (/Users/mbp2019/Desktop/Development/mirrorcity/mirrortown.poi/dist/main.js:3700:47)
    at __webpack_require__ (/Users/mbp2019/Desktop/Development/mirrorcity/mirrortown.poi/dist/main.js:12560:33)
    at fn (/Users/mbp2019/Desktop/Development/mirrorcity/mirrortown.poi/dist/main.js:12667:21)
    at Object.<anonymous> (/Users/mbp2019/Desktop/Development/mirrorcity/mirrortown.poi/dist/main.js:3369:14)
    at __webpack_require__ (/Users/mbp2019/Desktop/Development/mirrorcity/mirrortown.poi/dist/main.js:12560:33)
    at fn (/Users/mbp2019/Desktop/Development/mirrorcity/mirrortown.poi/dist/main.js:12667:21)
    at Object.<anonymous> (/Users/mbp2019/Desktop/Development/mirrorcity/mirrortown.poi/dist/main.js:3198:24)
    at __webpack_require__ (/Users/mbp2019/Desktop/Development/mirrorcity/mirrortown.poi/dist/main.js:12560:33) {"date":"Tue Aug 29 2023 15:09:13 GMT+0900 (Korean Standard Time)","error":{},"exception":true,"os":{"loadavg":[3.76806640625,2.72998046875,2.599609375],"uptime":1119535},"process":{"argv":["/Users/mbp2019/.nvm/versions/node/v16.19.1/bin/node","/Users/mbp2019/Desktop/Development/mirrorcity/mirrortown.poi/dist/main.js"],"cwd":"/Users/mbp2019/Desktop/Development/mirrorcity/mirrortown.poi","execPath":"/Users/mbp2019/.nvm/versions/node/v16.19.1/bin/node","gid":20,"memoryUsage":{"arrayBuffers":766188,"external":13872801,"heapTotal":85983232,"heapUsed":59721224,"rss":135790592},"pid":10701,"uid":503,"version":"v16.19.1"},"service":"SEERSLAB","stack":"Error: A circular dependency has been detected inside @InjectRepository(). Please, make sure that each side of a bidirectional relationships are decorated with \"forwardRef()\". Also, try to eliminate barrel files because they can lead to an unexpected behavior too.\n    at getRepositoryToken (/Users/mbp2019/Desktop/Development/mirrorcity/mirrortown.poi/node_modules/@nestjs/typeorm/dist/common/typeorm.utils.js:19:15)\n    at InjectRepository (/Users/mbp2019/Desktop/Development/mirrorcity/mirrortown.poi/node_modules/@nestjs/typeorm/dist/common/typeorm.decorators.js:7:157)\n    at Object.<anonymous> (/Users/mbp2019/Desktop/Development/mirrorcity/mirrortown.poi/dist/main.js:3700:47)\n    at __webpack_require__ (/Users/mbp2019/Desktop/Development/mirrorcity/mirrortown.poi/dist/main.js:12560:33)\n    at fn (/Users/mbp2019/Desktop/Development/mirrorcity/mirrortown.poi/dist/main.js:12667:21)\n    at Object.<anonymous> (/Users/mbp2019/Desktop/Development/mirrorcity/mirrortown.poi/dist/main.js:3369:14)\n    at __webpack_require__ (/Users/mbp2019/Desktop/Development/mirrorcity/mirrortown.poi/dist/main.js:12560:33)\n    at fn (/Users/mbp2019/Desktop/Development/mirrorcity/mirrortown.poi/dist/main.js:12667:21)\n    at Object.<anonymous> (/Users/mbp2019/Desktop/Development/mirrorcity/mirrortown.poi/dist/main.js:3198:24)\n    at __webpack_require__ (/Users/mbp2019/Desktop/Development/mirrorcity/mirrortown.poi/dist/main.js:12560:33)","trace":[{"column":15,"file":"/Users/mbp2019/Desktop/Development/mirrorcity/mirrortown.poi/node_modules/@nestjs/typeorm/dist/common/typeorm.utils.js","function":"getRepositoryToken","line":19,"method":null,"native":false},{"column":157,"file":"/Users/mbp2019/Desktop/Development/mirrorcity/mirrortown.poi/node_modules/@nestjs/typeorm/dist/common/typeorm.decorators.js","function":"InjectRepository","line":7,"method":null,"native":false},{"column":47,"file":"/Users/mbp2019/Desktop/Development/mirrorcity/mirrortown.poi/dist/main.js","function":null,"line":3700,"method":null,"native":false},{"column":33,"file":"/Users/mbp2019/Desktop/Development/mirrorcity/mirrortown.poi/dist/main.js","function":"__webpack_require__","line":12560,"method":null,"native":false},{"column":21,"file":"/Users/mbp2019/Desktop/Development/mirrorcity/mirrortown.poi/dist/main.js","function":"fn","line":12667,"method":null,"native":false},{"column":14,"file":"/Users/mbp2019/Desktop/Development/mirrorcity/mirrortown.poi/dist/main.js","function":null,"line":3369,"method":null,"native":false},{"column":33,"file":"/Users/mbp2019/Desktop/Development/mirrorcity/mirrortown.poi/dist/main.js","function":"__webpack_require__","line":12560,"method":null,"native":false},{"column":21,"file":"/Users/mbp2019/Desktop/Development/mirrorcity/mirrortown.poi/dist/main.js","function":"fn","line":12667,"method":null,"native":false},{"column":24,"file":"/Users/mbp2019/Desktop/Development/mirrorcity/mirrortown.poi/dist/main.js","function":null,"line":3198,"method":null,"native":false},{"column":33,"file":"/Users/mbp2019/Desktop/Development/mirrorcity/mirrortown.poi/dist/main.js","function":"__webpack_require__","line":12560,"method":null,"native":false}]}
error: uncaughtException: A circular dependency has been detected inside @InjectRepository(). Please, make sure that each side of a bidirectional relationships are decorated with "forwardRef()". Also, try to eliminate barrel files because they can lead to an unexpected behavior too.
Error: A circular dependency has been detected inside @InjectRepository(). Please, make sure that each side of a bidirectional relationships are decorated with "forwardRef()". Also, try to eliminate barrel files because they can lead to an unexpected behavior too.
    at getRepositoryToken (/Users/mbp2019/Desktop/Development/mirrorcity/mirrortown.poi/node_modules/@nestjs/typeorm/dist/common/typeorm.utils.js:19:15)
    at InjectRepository (/Users/mbp2019/Desktop/Development/mirrorcity/mirrortown.poi/node_modules/@nestjs/typeorm/dist/common/typeorm.decorators.js:7:157)
    at Object.<anonymous> (/Users/mbp2019/Desktop/Development/mirrorcity/mirrortown.poi/dist/main.js:3700:47)
    at __webpack_require__ (/Users/mbp2019/Desktop/Development/mirrorcity/mirrortown.poi/dist/main.js:12560:33)
    at fn (/Users/mbp2019/Desktop/Development/mirrorcity/mirrortown.poi/dist/main.js:12667:21)
    at Object.<anonymous> (/Users/mbp2019/Desktop/Development/mirrorcity/mirrortown.poi/dist/main.js:3369:14)
    at __webpack_require__ (/Users/mbp2019/Desktop/Development/mirrorcity/mirrortown.poi/dist/main.js:12560:33)
    at fn (/Users/mbp2019/Desktop/Development/mirrorcity/mirrortown.poi/dist/main.js:12667:21)
    at Object.<anonymous> (/Users/mbp2019/Desktop/Development/mirrorcity/mirrortown.poi/dist/main.js:3198:24)
    at __webpack_require__ (/Users/mbp2019/Desktop/Development/mirrorcity/mirrortown.poi/dist/main.js:12560:33) {"date":"Tue Aug 29 2023 15:09:17 GMT+0900 (Korean Standard Time)","error":{},"exception":true,"os":{"loadavg":[3.54638671875,2.701171875,2.58984375],"uptime":1119539},"process":{"argv":["/Users/mbp2019/.nvm/versions/node/v16.19.1/bin/node","/Users/mbp2019/Desktop/Development/mirrorcity/mirrortown.poi/dist/main.js"],"cwd":"/Users/mbp2019/Desktop/Development/mirrorcity/mirrortown.poi","execPath":"/Users/mbp2019/.nvm/versions/node/v16.19.1/bin/node","gid":20,"memoryUsage":{"arrayBuffers":766188,"external":13872801,"heapTotal":85983232,"heapUsed":59772688,"rss":137347072},"pid":10714,"uid":503,"version":"v16.19.1"},"service":"SEERSLAB","stack":"Error: A circular dependency has been detected inside @InjectRepository(). Please, make sure that each side of a bidirectional relationships are decorated with \"forwardRef()\". Also, try to eliminate barrel files because they can lead to an unexpected behavior too.\n    at getRepositoryToken (/Users/mbp2019/Desktop/Development/mirrorcity/mirrortown.poi/node_modules/@nestjs/typeorm/dist/common/typeorm.utils.js:19:15)\n    at InjectRepository (/Users/mbp2019/Desktop/Development/mirrorcity/mirrortown.poi/node_modules/@nestjs/typeorm/dist/common/typeorm.decorators.js:7:157)\n    at Object.<anonymous> (/Users/mbp2019/Desktop/Development/mirrorcity/mirrortown.poi/dist/main.js:3700:47)\n    at __webpack_require__ (/Users/mbp2019/Desktop/Development/mirrorcity/mirrortown.poi/dist/main.js:12560:33)\n    at fn (/Users/mbp2019/Desktop/Development/mirrorcity/mirrortown.poi/dist/main.js:12667:21)\n    at Object.<anonymous> (/Users/mbp2019/Desktop/Development/mirrorcity/mirrortown.poi/dist/main.js:3369:14)\n    at __webpack_require__ (/Users/mbp2019/Desktop/Development/mirrorcity/mirrortown.poi/dist/main.js:12560:33)\n    at fn (/Users/mbp2019/Desktop/Development/mirrorcity/mirrortown.poi/dist/main.js:12667:21)\n    at Object.<anonymous> (/Users/mbp2019/Desktop/Development/mirrorcity/mirrortown.poi/dist/main.js:3198:24)\n    at __webpack_require__ (/Users/mbp2019/Desktop/Development/mirrorcity/mirrortown.poi/dist/main.js:12560:33)","trace":[{"column":15,"file":"/Users/mbp2019/Desktop/Development/mirrorcity/mirrortown.poi/node_modules/@nestjs/typeorm/dist/common/typeorm.utils.js","function":"getRepositoryToken","line":19,"method":null,"native":false},{"column":157,"file":"/Users/mbp2019/Desktop/Development/mirrorcity/mirrortown.poi/node_modules/@nestjs/typeorm/dist/common/typeorm.decorators.js","function":"InjectRepository","line":7,"method":null,"native":false},{"column":47,"file":"/Users/mbp2019/Desktop/Development/mirrorcity/mirrortown.poi/dist/main.js","function":null,"line":3700,"method":null,"native":false},{"column":33,"file":"/Users/mbp2019/Desktop/Development/mirrorcity/mirrortown.poi/dist/main.js","function":"__webpack_require__","line":12560,"method":null,"native":false},{"column":21,"file":"/Users/mbp2019/Desktop/Development/mirrorcity/mirrortown.poi/dist/main.js","function":"fn","line":12667,"method":null,"native":false},{"column":14,"file":"/Users/mbp2019/Desktop/Development/mirrorcity/mirrortown.poi/dist/main.js","function":null,"line":3369,"method":null,"native":false},{"column":33,"file":"/Users/mbp2019/Desktop/Development/mirrorcity/mirrortown.poi/dist/main.js","function":"__webpack_require__","line":12560,"method":null,"native":false},{"column":21,"file":"/Users/mbp2019/Desktop/Development/mirrorcity/mirrortown.poi/dist/main.js","function":"fn","line":12667,"method":null,"native":false},{"column":24,"file":"/Users/mbp2019/Desktop/Development/mirrorcity/mirrortown.poi/dist/main.js","function":null,"line":3198,"method":null,"native":false},{"column":33,"file":"/Users/mbp2019/Desktop/Development/mirrorcity/mirrortown.poi/dist/main.js","function":"__webpack_require__","line":12560,"method":null,"native":false}]}
error: uncaughtException: A circular dependency has been detected inside @InjectRepository(). Please, make sure that each side of a bidirectional relationships are decorated with "forwardRef()". Also, try to eliminate barrel files because they can lead to an unexpected behavior too.
Error: A circular dependency has been detected inside @InjectRepository(). Please, make sure that each side of a bidirectional relationships are decorated with "forwardRef()". Also, try to eliminate barrel files because they can lead to an unexpected behavior too.
    at getRepositoryToken (/Users/mbp2019/Desktop/Development/mirrorcity/mirrortown.poi/node_modules/@nestjs/typeorm/dist/common/typeorm.utils.js:19:15)
    at InjectRepository (/Users/mbp2019/Desktop/Development/mirrorcity/mirrortown.poi/node_modules/@nestjs/typeorm/dist/common/typeorm.decorators.js:7:157)
    at Object.<anonymous> (/Users/mbp2019/Desktop/Development/mirrorcity/mirrortown.poi/dist/main.js:3700:47)
    at __webpack_require__ (/Users/mbp2019/Desktop/Development/mirrorcity/mirrortown.poi/dist/main.js:12560:33)
    at fn (/Users/mbp2019/Desktop/Development/mirrorcity/mirrortown.poi/dist/main.js:12667:21)
    at Object.<anonymous> (/Users/mbp2019/Desktop/Development/mirrorcity/mirrortown.poi/dist/main.js:3369:14)
    at __webpack_require__ (/Users/mbp2019/Desktop/Development/mirrorcity/mirrortown.poi/dist/main.js:12560:33)
    at fn (/Users/mbp2019/Desktop/Development/mirrorcity/mirrortown.poi/dist/main.js:12667:21)
    at Object.<anonymous> (/Users/mbp2019/Desktop/Development/mirrorcity/mirrortown.poi/dist/main.js:3198:24)
    at __webpack_require__ (/Users/mbp2019/Desktop/Development/mirrorcity/mirrortown.poi/dist/main.js:12560:33) {"date":"Tue Aug 29 2023 15:09:19 GMT+0900 (Korean Standard Time)","error":{},"exception":true,"os":{"loadavg":[3.54638671875,2.701171875,2.58984375],"uptime":1119541},"process":{"argv":["/Users/mbp2019/.nvm/versions/node/v16.19.1/bin/node","/Users/mbp2019/Desktop/Development/mirrorcity/mirrortown.poi/dist/main.js"],"cwd":"/Users/mbp2019/Desktop/Development/mirrorcity/mirrortown.poi","execPath":"/Users/mbp2019/.nvm/versions/node/v16.19.1/bin/node","gid":20,"memoryUsage":{"arrayBuffers":766188,"external":13872801,"heapTotal":85721088,"heapUsed":59829720,"rss":132268032},"pid":10722,"uid":503,"version":"v16.19.1"},"service":"SEERSLAB","stack":"Error: A circular dependency has been detected inside @InjectRepository(). Please, make sure that each side of a bidirectional relationships are decorated with \"forwardRef()\". Also, try to eliminate barrel files because they can lead to an unexpected behavior too.\n    at getRepositoryToken (/Users/mbp2019/Desktop/Development/mirrorcity/mirrortown.poi/node_modules/@nestjs/typeorm/dist/common/typeorm.utils.js:19:15)\n    at InjectRepository (/Users/mbp2019/Desktop/Development/mirrorcity/mirrortown.poi/node_modules/@nestjs/typeorm/dist/common/typeorm.decorators.js:7:157)\n    at Object.<anonymous> (/Users/mbp2019/Desktop/Development/mirrorcity/mirrortown.poi/dist/main.js:3700:47)\n    at __webpack_require__ (/Users/mbp2019/Desktop/Development/mirrorcity/mirrortown.poi/dist/main.js:12560:33)\n    at fn (/Users/mbp2019/Desktop/Development/mirrorcity/mirrortown.poi/dist/main.js:12667:21)\n    at Object.<anonymous> (/Users/mbp2019/Desktop/Development/mirrorcity/mirrortown.poi/dist/main.js:3369:14)\n    at __webpack_require__ (/Users/mbp2019/Desktop/Development/mirrorcity/mirrortown.poi/dist/main.js:12560:33)\n    at fn (/Users/mbp2019/Desktop/Development/mirrorcity/mirrortown.poi/dist/main.js:12667:21)\n    at Object.<anonymous> (/Users/mbp2019/Desktop/Development/mirrorcity/mirrortown.poi/dist/main.js:3198:24)\n    at __webpack_require__ (/Users/mbp2019/Desktop/Development/mirrorcity/mirrortown.poi/dist/main.js:12560:33)","trace":[{"column":15,"file":"/Users/mbp2019/Desktop/Development/mirrorcity/mirrortown.poi/node_modules/@nestjs/typeorm/dist/common/typeorm.utils.js","function":"getRepositoryToken","line":19,"method":null,"native":false},{"column":157,"file":"/Users/mbp2019/Desktop/Development/mirrorcity/mirrortown.poi/node_modules/@nestjs/typeorm/dist/common/typeorm.decorators.js","function":"InjectRepository","line":7,"method":null,"native":false},{"column":47,"file":"/Users/mbp2019/Desktop/Development/mirrorcity/mirrortown.poi/dist/main.js","function":null,"line":3700,"method":null,"native":false},{"column":33,"file":"/Users/mbp2019/Desktop/Development/mirrorcity/mirrortown.poi/dist/main.js","function":"__webpack_require__","line":12560,"method":null,"native":false},{"column":21,"file":"/Users/mbp2019/Desktop/Development/mirrorcity/mirrortown.poi/dist/main.js","function":"fn","line":12667,"method":null,"native":false},{"column":14,"file":"/Users/mbp2019/Desktop/Development/mirrorcity/mirrortown.poi/dist/main.js","function":null,"line":3369,"method":null,"native":false},{"column":33,"file":"/Users/mbp2019/Desktop/Development/mirrorcity/mirrortown.poi/dist/main.js","function":"__webpack_require__","line":12560,"method":null,"native":false},{"column":21,"file":"/Users/mbp2019/Desktop/Development/mirrorcity/mirrortown.poi/dist/main.js","function":"fn","line":12667,"method":null,"native":false},{"column":24,"file":"/Users/mbp2019/Desktop/Development/mirrorcity/mirrortown.poi/dist/main.js","function":null,"line":3198,"method":null,"native":false},{"column":33,"file":"/Users/mbp2019/Desktop/Development/mirrorcity/mirrortown.poi/dist/main.js","function":"__webpack_require__","line":12560,"method":null,"native":false}]}
info: Nest.js API-Server ready to http://localhost:3000/ {"service":"SEERSLAB"}
info: Nest.js API-Server ready to http://localhost:3000/ {"service":"SEERSLAB"}
info: Nest.js API-Server ready to http://localhost:3000/ {"service":"SEERSLAB"}
info: Nest.js API-Server ready to http://localhost:3000/ {"service":"SEERSLAB"}
info: Nest.js API-Server ready to http://localhost:3000/ {"service":"SEERSLAB"}
info: Nest.js API-Server ready to http://localhost:3000/ {"service":"SEERSLAB"}
info: Nest.js API-Server ready to http://localhost:3000/ {"service":"SEERSLAB"}
info: Nest.js API-Server ready to http://localhost:3000/ {"service":"SEERSLAB"}
info: Nest.js API-Server ready to http://localhost:3000/ {"service":"SEERSLAB"}
info: Nest.js API-Server ready to http://localhost:3000/ {"service":"SEERSLAB"}
info: Nest.js API-Server ready to http://localhost:3000/ {"service":"SEERSLAB"}
info: Nest.js API-Server ready to http://localhost:3000/ {"service":"SEERSLAB"}
info: Nest.js API-Server ready to http://localhost:3000/ {"service":"SEERSLAB"}
info: Nest.js API-Server ready to http://localhost:3000/ {"service":"SEERSLAB"}
info: Nest.js API-Server ready to http://localhost:3000/ {"service":"SEERSLAB"}
info: Nest.js API-Server ready to http://localhost:3000/ {"service":"SEERSLAB"}
info: Nest.js API-Server ready to http://localhost:3000/ {"service":"SEERSLAB"}
info: Nest.js API-Server ready to http://localhost:3000/ {"service":"SEERSLAB"}
info: Nest.js API-Server ready to http://localhost:3000/ {"service":"SEERSLAB"}
info: Nest.js API-Server ready to http://localhost:3000/ {"service":"SEERSLAB"}
info: Nest.js API-Server ready to http://localhost:3000/ {"service":"SEERSLAB"}
info: Nest.js API-Server ready to http://localhost:3000/ {"service":"SEERSLAB"}
info: Nest.js API-Server ready to http://localhost:3000/ {"service":"SEERSLAB"}
info: Nest.js API-Server ready to http://localhost:3000/ {"service":"SEERSLAB"}
info: Nest.js API-Server ready to http://localhost:3000/ {"service":"SEERSLAB"}
info: Nest.js API-Server ready to http://localhost:3000/ {"service":"SEERSLAB"}
info: Nest.js API-Server ready to http://localhost:3000/ {"service":"SEERSLAB"}
info: Nest.js API-Server ready to http://localhost:3000/ {"service":"SEERSLAB"}
info: Nest.js API-Server ready to http://localhost:3000/ {"service":"SEERSLAB"}
info: Nest.js API-Server ready to http://localhost:3000/ {"service":"SEERSLAB"}
info: Nest.js API-Server ready to http://localhost:3000/ {"service":"SEERSLAB"}
info: Nest.js API-Server ready to http://localhost:3000/ {"service":"SEERSLAB"}
info: Nest.js API-Server ready to http://localhost:3000/ {"service":"SEERSLAB"}
info: Nest.js API-Server ready to http://localhost:3000/ {"service":"SEERSLAB"}
info: Nest.js API-Server ready to http://localhost:3000/ {"service":"SEERSLAB"}
info: Nest.js API-Server ready to http://localhost:3000/ {"service":"SEERSLAB"}
info: Nest.js API-Server ready to http://localhost:3000/ {"service":"SEERSLAB"}
info: Nest.js API-Server ready to http://localhost:3000/ {"service":"SEERSLAB"}
info: Nest.js API-Server ready to http://localhost:3000/ {"service":"SEERSLAB"}
info: Nest.js API-Server ready to http://localhost:3000/ {"service":"SEERSLAB"}
info: Nest.js API-Server ready to http://localhost:3000/ {"service":"SEERSLAB"}
info: Nest.js API-Server ready to http://localhost:3000/ {"service":"SEERSLAB"}
info: Nest.js API-Server ready to http://localhost:3000/ {"service":"SEERSLAB"}
info: Nest.js API-Server ready to http://localhost:3000/ {"service":"SEERSLAB"}
info: Nest.js API-Server ready to http://localhost:3000/ {"service":"SEERSLAB"}
info: Nest.js API-Server ready to http://localhost:3000/ {"service":"SEERSLAB"}
info: Nest.js API-Server ready to http://localhost:3000/ {"service":"SEERSLAB"}
