info: Nest.js API-Server ready to http://localhost:3000/ {"timestamp":"2023/9/27 15:05:43"}
info: Nest.js API-Server ready to http://localhost:3000/ {"timestamp":"2023/9/27 15:11:40"}
info: Nest.js API-Server ready to http://localhost:3000/ {"timestamp":"2023/9/27 15:15:25"}
info: Nest.js API-Server ready to http://localhost:3000/ {"timestamp":"2023/9/27 15:16:09"}
info: Nest.js API-Server ready to http://localhost:3000/ {"timestamp":"2023/9/27 15:16:47"}
info: Nest.js API-Server ready to http://localhost:3000/ {"timestamp":"2023/9/27 15:16:51"}
info: Nest.js API-Server ready to http://localhost:3000/ {"timestamp":"2023/9/27 15:17:19"}
info: Nest.js API-Server ready to http://localhost:3000/ {"timestamp":"2023/9/27 15:17:36"}
info: Nest.js API-Server ready to http://localhost:3000/ {"timestamp":"2023/9/27 15:18:10"}
info: Nest.js API-Server ready to http://localhost:3000/ {"timestamp":"2023/9/27 15:18:50"}
info: Nest.js API-Server ready to http://localhost:3000/ {"timestamp":"2023/9/27 15:19:52"}
info: Nest.js API-Server ready to http://localhost:3000/ {"timestamp":"2023/9/27 16:20:13"}
info: Nest.js API-Server ready to http://localhost:3000/ {"timestamp":"2023/9/27 16:20:40"}
info: Nest.js API-Server ready to http://localhost:3000/ {"timestamp":"2023/9/27 16:20:50"}
info: Nest.js API-Server ready to http://localhost:3000/ {"timestamp":"2023/9/27 16:21:32"}
info: Nest.js API-Server ready to http://localhost:3000/ {"timestamp":"2023/9/27 16:32:24"}
info: Nest.js API-Server ready to http://localhost:3000/ {"timestamp":"2023/9/27 16:32:47"}
info: Nest.js API-Server ready to http://localhost:3000/ {"timestamp":"2023/9/27 16:32:51"}
info: Nest.js API-Server ready to http://localhost:3000/ {"timestamp":"2023/9/27 16:33:09"}
info: Nest.js API-Server ready to http://localhost:3000/ {"timestamp":"2023/9/27 16:33:25"}
info: Nest.js API-Server ready to http://localhost:3000/ {"timestamp":"2023/9/27 16:33:30"}
info: Nest.js API-Server ready to http://localhost:3000/ {"timestamp":"2023/9/27 16:33:34"}
info: Nest.js API-Server ready to http://localhost:3000/ {"timestamp":"2023/9/27 16:34:45"}
info: Nest.js API-Server ready to http://localhost:3000/ {"timestamp":"2023/9/27 16:34:52"}
info: Nest.js API-Server ready to http://localhost:3000/ {"timestamp":"2023/9/27 16:36:46"}
info: Nest.js API-Server ready to http://localhost:3000/ {"timestamp":"2023/9/27 16:37:05"}
info: Nest.js API-Server ready to http://localhost:3000/ {"timestamp":"2023/9/27 16:37:23"}
info: Nest.js API-Server ready to http://localhost:3000/ {"timestamp":"2023/9/27 16:37:28"}
info: Nest.js API-Server ready to http://localhost:3000/ {"timestamp":"2023/9/27 16:37:29"}
info: Nest.js API-Server ready to http://localhost:3000/ {"timestamp":"2023/9/27 16:37:53"}
info: Nest.js API-Server ready to http://localhost:3000/ {"timestamp":"2023/9/27 16:38:04"}
info: Nest.js API-Server ready to http://localhost:3000/ {"timestamp":"2023/9/27 16:38:05"}
info: Nest.js API-Server ready to http://localhost:3000/ {"timestamp":"2023/9/27 16:38:12"}
info: Nest.js API-Server ready to http://localhost:3000/ {"timestamp":"2023/9/27 16:38:26"}
info: Nest.js API-Server ready to http://localhost:3000/ {"timestamp":"2023/9/27 16:43:48"}
info: Nest.js API-Server ready to http://localhost:3000/ {"timestamp":"2023/9/27 16:44:16"}
info: Nest.js API-Server ready to http://localhost:3000/ {"timestamp":"2023/9/27 16:44:19"}
info: Nest.js API-Server ready to http://localhost:3000/ {"timestamp":"2023/9/27 16:47:39"}
debug: [REQ] ::1 POST 404 : /api/v2/file/upload {"timestamp":"2023/9/27 16:50:07"}
debug: [REQ] ::1 POST 404 : /api/v2/file/upload {"timestamp":"2023/9/27 16:50:08"}
debug: [REQ] ::1 POST 404 : /api/v2/%08evnet/list {"timestamp":"2023/9/27 16:52:45"}
debug: [REQ] ::1 POST 404 : /api/v2/evnet/list {"timestamp":"2023/9/27 16:52:52"}
info: Nest.js API-Server ready to http://localhost:3000/ {"timestamp":"2023/9/27 16:53:48"}
info: Nest.js API-Server ready to http://localhost:3000/ {"timestamp":"2023/9/27 16:53:54"}
debug: [REQ] ::1 POST 404 : /api/v2/evnet/list {"timestamp":"2023/9/27 16:53:56"}
debug: [REQ] ::1 POST 404 : /api/v2/evnet/list {"timestamp":"2023/9/27 16:57:38"}
info: Nest.js API-Server ready to http://localhost:3000/ {"timestamp":"2023/9/27 16:57:52"}
debug: [REQ] ::1 POST 404 : /api/v2/evnet/list {"timestamp":"2023/9/27 17:03:06"}
info: Nest.js API-Server ready to http://localhost:3000/ {"timestamp":"2023/9/27 17:05:08"}
debug: [REQ] ::1 POST 404 : /api/v2/evnet/list {"timestamp":"2023/9/27 17:05:08"}
debug: [REQ] ::1 POST 404 : /api/v1/evnet/list {"timestamp":"2023/9/27 17:05:14"}
debug: [REQ] ::1 POST 404 : /api/v1/evnet/list {"timestamp":"2023/9/27 17:05:15"}
info: Nest.js API-Server ready to http://localhost:3000/ {"timestamp":"2023/9/27 17:05:48"}
debug: [REQ] ::1 GET 404 : /api/v2/evnet/list {"timestamp":"2023/9/27 17:05:58"}
debug: [REQ] ::1 GET 404 : /api/v2/evnet/list {"timestamp":"2023/9/27 17:05:59"}
info: Nest.js API-Server ready to http://localhost:3000/ {"timestamp":"2023/9/27 17:41:02"}
info: Nest.js API-Server ready to http://localhost:3000/ {"timestamp":"2023/9/27 17:42:02"}
debug: [REQ] ::1 GET 404 : /api/v2/evnet/list {"timestamp":"2023/9/27 17:42:05"}
debug: [REQ] ::1 GET 500 : /api/v2/event/list {"timestamp":"2023/9/27 17:42:16"}
info: Nest.js API-Server ready to http://localhost:3000/ {"timestamp":"2023/9/27 17:42:57"}
debug: [REQ] ::1 GET 500 : /api/v2/event/list {"timestamp":"2023/9/27 17:43:00"}
info: Nest.js API-Server ready to http://localhost:3000/ {"timestamp":"2023/9/27 17:43:25"}
debug: [REQ] ::1 GET 500 : /api/v2/event/list {"timestamp":"2023/9/27 17:43:26"}
debug: [REQ] ::1 GET 500 : /api/v2/event/list {"timestamp":"2023/9/27 17:43:27"}
info: Nest.js API-Server ready to http://localhost:3000/ {"timestamp":"2023/9/27 17:43:59"}
info: Nest.js API-Server ready to http://localhost:3000/ {"timestamp":"2023/9/27 17:44:03"}
info: Nest.js API-Server ready to http://localhost:3000/ {"timestamp":"2023/9/27 17:44:13"}
debug: [REQ] ::1 GET 200 : /api/v2/event/list {"timestamp":"2023/9/27 17:44:43"}
warn: try to re-connect RedisWebCacheModule after 10s... {"timestamp":"2023/9/27 17:45:13"}
warn: try to re-connect redisClientProvider after 10s... {"timestamp":"2023/9/27 17:45:13"}
info: Nest.js API-Server ready to http://localhost:3000/ {"timestamp":"2023/9/27 17:45:33"}
info: Nest.js API-Server ready to http://localhost:3000/ {"timestamp":"2023/9/27 17:45:38"}
info: Nest.js API-Server ready to http://localhost:3000/ {"timestamp":"2023/9/27 17:46:23"}
info: Nest.js API-Server ready to http://localhost:3000/ {"timestamp":"2023/9/27 17:46:28"}
debug: [REQ] ::1 GET 200 : /api/v2/event/list {"timestamp":"2023/9/27 17:46:35"}
warn: try to re-connect redisClientProvider after 10s... {"timestamp":"2023/9/27 17:47:27"}
warn: try to re-connect RedisWebCacheModule after 10s... {"timestamp":"2023/9/27 17:47:27"}
warn: try to re-connect redisClientProvider after 10s... {"timestamp":"2023/9/27 17:48:37"}
warn: try to re-connect RedisWebCacheModule after 10s... {"timestamp":"2023/9/27 17:48:37"}
debug: [REQ] ::1 GET 200 : /api/v2/event/list {"timestamp":"2023/9/27 17:49:02"}
