warn: try to re-connect RedisWebCacheModule after 10s... {"service":"SEERSLAB"}
warn: try to re-connect redisClientProvider after 10s... {"service":"SEERSLAB"}
warn: try to re-connect RedisWebCacheModule after 10s... {"service":"SEERSLAB"}
warn: try to re-connect redisClientProvider after 10s... {"service":"SEERSLAB"}
warn: try to re-connect RedisWebCacheModule after 10s... {"service":"SEERSLAB"}
warn: try to re-connect redisClientProvider after 10s... {"service":"SEERSLAB"}
info: Nest.js API-Server ready to http://localhost:3000/ {"service":"SEERSLAB"}
warn: try to re-connect redisClientProvider after 10s... {"service":"SEERSLAB"}
warn: try to re-connect RedisWebCacheModule after 10s... {"service":"SEERSLAB"}
warn: try to re-connect redisClientProvider after 10s... {"service":"SEERSLAB"}
warn: try to re-connect RedisWebCacheModule after 10s... {"service":"SEERSLAB"}
debug: [REQ] ::1 GET 200 : /api/v2/space/load {"service":"SEERSLAB"}
debug: [REQ] ::1 GET 200 : /api/v2/space/load {"service":"SEERSLAB"}
debug: [REQ] ::1 GET 200 : /api/v2/space/load {"service":"SEERSLAB"}
warn: try to re-connect RedisWebCacheModule after 10s... {"service":"SEERSLAB"}
warn: try to re-connect redisClientProvider after 10s... {"service":"SEERSLAB"}
error: uncaughtException: RedisCacheStore re-connection failed, over count..
Error: RedisCacheStore re-connection failed, over count..
    at Object.retryStrategy (/Users/mbp2019/Desktop/Development/mirrorcity/mirrortown.poi/dist/main.js:956:27)
    at Socket.<anonymous> (/Users/mbp2019/Desktop/Development/mirrorcity/mirrortown.poi/node_modules/ioredis/built/redis/event_handler.js:162:41)
    at Object.onceWrapper (node:events:628:26)
    at Socket.emit (node:events:513:28)
    at Socket.emit (node:domain:489:12)
    at TCP.<anonymous> (node:net:301:12) {"date":"Tue Sep 19 2023 11:18:20 GMT+0900 (Korean Standard Time)","error":{},"exception":true,"os":{"loadavg":[3.4794921875,4.33544921875,4.0419921875],"uptime":69973},"process":{"argv":["/Users/mbp2019/.nvm/versions/node/v16.19.1/bin/node","/Users/mbp2019/Desktop/Development/mirrorcity/mirrortown.poi/dist/main.js"],"cwd":"/Users/mbp2019/Desktop/Development/mirrorcity/mirrortown.poi","execPath":"/Users/mbp2019/.nvm/versions/node/v16.19.1/bin/node","gid":20,"memoryUsage":{"arrayBuffers":324192,"external":1481012,"heapTotal":104923136,"heapUsed":99159048,"rss":53870592},"pid":52202,"uid":503,"version":"v16.19.1"},"service":"SEERSLAB","stack":"Error: RedisCacheStore re-connection failed, over count..\n    at Object.retryStrategy (/Users/mbp2019/Desktop/Development/mirrorcity/mirrortown.poi/dist/main.js:956:27)\n    at Socket.<anonymous> (/Users/mbp2019/Desktop/Development/mirrorcity/mirrortown.poi/node_modules/ioredis/built/redis/event_handler.js:162:41)\n    at Object.onceWrapper (node:events:628:26)\n    at Socket.emit (node:events:513:28)\n    at Socket.emit (node:domain:489:12)\n    at TCP.<anonymous> (node:net:301:12)","trace":[{"column":27,"file":"/Users/mbp2019/Desktop/Development/mirrorcity/mirrortown.poi/dist/main.js","function":"Object.retryStrategy","line":956,"method":"retryStrategy","native":false},{"column":41,"file":"/Users/mbp2019/Desktop/Development/mirrorcity/mirrortown.poi/node_modules/ioredis/built/redis/event_handler.js","function":null,"line":162,"method":null,"native":false},{"column":26,"file":"node:events","function":"Object.onceWrapper","line":628,"method":"onceWrapper","native":false},{"column":28,"file":"node:events","function":"Socket.emit","line":513,"method":"emit","native":false},{"column":12,"file":"node:domain","function":"Socket.emit","line":489,"method":"emit","native":false},{"column":12,"file":"node:net","function":null,"line":301,"method":null,"native":false}]}
error: uncaughtException: RedisWebCacheModule re-connection failed, over count..
Error: RedisWebCacheModule re-connection failed, over count..
    at Object.retryStrategy (/Users/mbp2019/Desktop/Development/mirrorcity/mirrortown.poi/dist/main.js:18633:23)
    at Socket.<anonymous> (/Users/mbp2019/Desktop/Development/mirrorcity/mirrortown.poi/node_modules/cache-manager-ioredis/node_modules/ioredis/built/redis/event_handler.js:157:41)
    at Object.onceWrapper (node:events:628:26)
    at Socket.emit (node:events:513:28)
    at Socket.emit (node:domain:489:12)
    at TCP.<anonymous> (node:net:301:12) {"date":"Tue Sep 19 2023 11:18:20 GMT+0900 (Korean Standard Time)","error":{},"exception":true,"os":{"loadavg":[3.4794921875,4.33544921875,4.0419921875],"uptime":69973},"process":{"argv":["/Users/mbp2019/.nvm/versions/node/v16.19.1/bin/node","/Users/mbp2019/Desktop/Development/mirrorcity/mirrortown.poi/dist/main.js"],"cwd":"/Users/mbp2019/Desktop/Development/mirrorcity/mirrortown.poi","execPath":"/Users/mbp2019/.nvm/versions/node/v16.19.1/bin/node","gid":20,"memoryUsage":{"arrayBuffers":332408,"external":1489268,"heapTotal":104923136,"heapUsed":99236864,"rss":58605568},"pid":52202,"uid":503,"version":"v16.19.1"},"service":"SEERSLAB","stack":"Error: RedisWebCacheModule re-connection failed, over count..\n    at Object.retryStrategy (/Users/mbp2019/Desktop/Development/mirrorcity/mirrortown.poi/dist/main.js:18633:23)\n    at Socket.<anonymous> (/Users/mbp2019/Desktop/Development/mirrorcity/mirrortown.poi/node_modules/cache-manager-ioredis/node_modules/ioredis/built/redis/event_handler.js:157:41)\n    at Object.onceWrapper (node:events:628:26)\n    at Socket.emit (node:events:513:28)\n    at Socket.emit (node:domain:489:12)\n    at TCP.<anonymous> (node:net:301:12)","trace":[{"column":23,"file":"/Users/mbp2019/Desktop/Development/mirrorcity/mirrortown.poi/dist/main.js","function":"Object.retryStrategy","line":18633,"method":"retryStrategy","native":false},{"column":41,"file":"/Users/mbp2019/Desktop/Development/mirrorcity/mirrortown.poi/node_modules/cache-manager-ioredis/node_modules/ioredis/built/redis/event_handler.js","function":null,"line":157,"method":null,"native":false},{"column":26,"file":"node:events","function":"Object.onceWrapper","line":628,"method":"onceWrapper","native":false},{"column":28,"file":"node:events","function":"Socket.emit","line":513,"method":"emit","native":false},{"column":12,"file":"node:domain","function":"Socket.emit","line":489,"method":"emit","native":false},{"column":12,"file":"node:net","function":null,"line":301,"method":null,"native":false}]}
error: uncaughtException: listen EADDRINUSE: address already in use :::3000
Error: listen EADDRINUSE: address already in use :::3000
    at Server.setupListenHandle [as _listen2] (node:net:1463:16)
    at listenInCluster (node:net:1511:12)
    at Server.listen (node:net:1599:7)
    at ExpressAdapter.listen (/Users/mbp2019/Desktop/Development/mirrorcity/mirrortown.poi/node_modules/@nestjs/platform-express/adapters/express-adapter.js:88:32)
    at /Users/mbp2019/Desktop/Development/mirrorcity/mirrortown.poi/node_modules/@nestjs/core/nest-application.js:180:30
    at new Promise (<anonymous>)
    at NestApplication.listen (/Users/mbp2019/Desktop/Development/mirrorcity/mirrortown.poi/node_modules/@nestjs/core/nest-application.js:170:16)
    at processTicksAndRejections (node:internal/process/task_queues:96:5) {"date":"Tue Sep 19 2023 18:21:42 GMT+0900 (Korean Standard Time)","error":{"address":"::","code":"EADDRINUSE","errno":-48,"port":3000,"syscall":"listen"},"exception":true,"os":{"loadavg":[2.6806640625,3.2705078125,2.77880859375],"uptime":95375},"process":{"argv":["/Users/mbp2019/.nvm/versions/node/v16.19.1/bin/node","/Users/mbp2019/Desktop/Development/mirrorcity/mirrortown.poi/dist/main.js"],"cwd":"/Users/mbp2019/Desktop/Development/mirrorcity/mirrortown.poi","execPath":"/Users/mbp2019/.nvm/versions/node/v16.19.1/bin/node","gid":20,"memoryUsage":{"arrayBuffers":701813,"external":39623750,"heapTotal":136724480,"heapUsed":113753688,"rss":196624384},"pid":67541,"uid":503,"version":"v16.19.1"},"service":"SEERSLAB","stack":"Error: listen EADDRINUSE: address already in use :::3000\n    at Server.setupListenHandle [as _listen2] (node:net:1463:16)\n    at listenInCluster (node:net:1511:12)\n    at Server.listen (node:net:1599:7)\n    at ExpressAdapter.listen (/Users/mbp2019/Desktop/Development/mirrorcity/mirrortown.poi/node_modules/@nestjs/platform-express/adapters/express-adapter.js:88:32)\n    at /Users/mbp2019/Desktop/Development/mirrorcity/mirrortown.poi/node_modules/@nestjs/core/nest-application.js:180:30\n    at new Promise (<anonymous>)\n    at NestApplication.listen (/Users/mbp2019/Desktop/Development/mirrorcity/mirrortown.poi/node_modules/@nestjs/core/nest-application.js:170:16)\n    at processTicksAndRejections (node:internal/process/task_queues:96:5)","trace":[{"column":16,"file":"node:net","function":"Server.setupListenHandle [as _listen2]","line":1463,"method":"setupListenHandle [as _listen2]","native":false},{"column":12,"file":"node:net","function":"listenInCluster","line":1511,"method":null,"native":false},{"column":7,"file":"node:net","function":"Server.listen","line":1599,"method":"listen","native":false},{"column":32,"file":"/Users/mbp2019/Desktop/Development/mirrorcity/mirrortown.poi/node_modules/@nestjs/platform-express/adapters/express-adapter.js","function":"ExpressAdapter.listen","line":88,"method":"listen","native":false},{"column":30,"file":"/Users/mbp2019/Desktop/Development/mirrorcity/mirrortown.poi/node_modules/@nestjs/core/nest-application.js","function":null,"line":180,"method":null,"native":false},{"column":null,"file":null,"function":"new Promise","line":null,"method":null,"native":false},{"column":16,"file":"/Users/mbp2019/Desktop/Development/mirrorcity/mirrortown.poi/node_modules/@nestjs/core/nest-application.js","function":"NestApplication.listen","line":170,"method":"listen","native":false},{"column":5,"file":"node:internal/process/task_queues","function":"processTicksAndRejections","line":96,"method":null,"native":false}]}
info: Nest.js API-Server ready to http://localhost:3000/ {"service":"SEERSLAB"}
debug: [REQ] ::1 GET 200 : /api/v2/space/object/list {"service":"SEERSLAB"}
info: Nest.js API-Server ready to http://localhost:3000/ {"service":"SEERSLAB"}
info: Nest.js API-Server ready to http://localhost:3000/ {"service":"SEERSLAB"}
debug: [REQ] ::1 GET 200 : /api/v2/space/object/list {"service":"SEERSLAB"}
info: Nest.js API-Server ready to http://localhost:3000/ {"service":"SEERSLAB"}
debug: [REQ] ::1 GET 200 : /api/v2/space/object/list {"service":"SEERSLAB"}
info: Nest.js API-Server ready to http://localhost:3000/ {"service":"SEERSLAB"}
info: Nest.js API-Server ready to http://localhost:3000/ {"service":"SEERSLAB"}
warn: try to re-connect redisClientProvider after 10s... {"service":"SEERSLAB"}
warn: try to re-connect RedisWebCacheModule after 10s... {"service":"SEERSLAB"}
warn: try to re-connect redisClientProvider after 10s... {"service":"SEERSLAB"}
warn: try to re-connect RedisWebCacheModule after 10s... {"service":"SEERSLAB"}
warn: try to re-connect redisClientProvider after 10s... {"service":"SEERSLAB"}
warn: try to re-connect RedisWebCacheModule after 10s... {"service":"SEERSLAB"}
info: Nest.js API-Server ready to http://localhost:3000/ {"service":"SEERSLAB"}
debug: [REQ] ::1 GET 200 : /api/v2/space/object/list {"service":"SEERSLAB"}
warn: try to re-connect redisClientProvider after 10s... {"service":"SEERSLAB"}
warn: try to re-connect RedisWebCacheModule after 10s... {"service":"SEERSLAB"}
info: Nest.js API-Server ready to http://localhost:3000/ {"service":"SEERSLAB"}
warn: try to re-connect redisClientProvider after 10s... {"service":"SEERSLAB"}
warn: try to re-connect RedisWebCacheModule after 10s... {"service":"SEERSLAB"}
warn: try to re-connect RedisWebCacheModule after 10s... {"service":"SEERSLAB"}
warn: try to re-connect redisClientProvider after 10s... {"service":"SEERSLAB"}
info: Nest.js API-Server ready to http://localhost:3000/ {"service":"SEERSLAB"}
warn: try to re-connect RedisWebCacheModule after 10s... {"service":"SEERSLAB"}
warn: try to re-connect redisClientProvider after 10s... {"service":"SEERSLAB"}
info: Nest.js API-Server ready to http://localhost:3000/ {"service":"SEERSLAB"}
info: Nest.js API-Server ready to http://localhost:3000/ {"service":"SEERSLAB"}
debug: [REQ] ::1 GET 200 : /api/v2/space/object/list {"service":"SEERSLAB"}
info: Nest.js API-Server ready to http://localhost:3000/ {"service":"SEERSLAB"}
info: Nest.js API-Server ready to http://localhost:3000/ {"service":"SEERSLAB"}
info: Nest.js API-Server ready to http://localhost:3000/ {"service":"SEERSLAB"}
debug: [REQ] ::1 GET 200 : /api/v2/space/object/list {"service":"SEERSLAB"}
debug: [REQ] ::1 GET 200 : /api/v2/space/object/list {"service":"SEERSLAB"}
info: Nest.js API-Server ready to http://localhost:3000/ {"service":"SEERSLAB"}
debug: [REQ] ::1 GET 200 : /api/v2/space/object/category/list {"service":"SEERSLAB"}
