error: uncaughtException: listen EADDRINUSE: address already in use :::3000
Error: listen EADDRINUSE: address already in use :::3000
    at Server.setupListenHandle [as _listen2] (node:net:1463:16)
    at listenInCluster (node:net:1511:12)
    at Server.listen (node:net:1599:7)
    at ExpressAdapter.listen (/Users/mbp2019/Desktop/Development/mirrorcity/mirrortown.poi/node_modules/@nestjs/platform-express/adapters/express-adapter.js:88:32)
    at /Users/mbp2019/Desktop/Development/mirrorcity/mirrortown.poi/node_modules/@nestjs/core/nest-application.js:180:30
    at new Promise (<anonymous>)
    at NestApplication.listen (/Users/mbp2019/Desktop/Development/mirrorcity/mirrortown.poi/node_modules/@nestjs/core/nest-application.js:170:16)
    at processTicksAndRejections (node:internal/process/task_queues:96:5) {"date":"Thu Sep 21 2023 18:14:29 GMT+0900 (Korean Standard Time)","error":{"address":"::","code":"EADDRINUSE","errno":-48,"port":3000,"syscall":"listen"},"exception":true,"os":{"loadavg":[1.75830078125,2.07373046875,2.16552734375],"uptime":267742},"process":{"argv":["/Users/mbp2019/.nvm/versions/node/v16.19.1/bin/node","/Users/mbp2019/Desktop/Development/mirrorcity/mirrortown.poi/dist/main.js"],"cwd":"/Users/mbp2019/Desktop/Development/mirrorcity/mirrortown.poi","execPath":"/Users/mbp2019/.nvm/versions/node/v16.19.1/bin/node","gid":20,"memoryUsage":{"arrayBuffers":720516,"external":11734468,"heapTotal":136724480,"heapUsed":113973752,"rss":198049792},"pid":51656,"uid":503,"version":"v16.19.1"},"service":"SEERSLAB","stack":"Error: listen EADDRINUSE: address already in use :::3000\n    at Server.setupListenHandle [as _listen2] (node:net:1463:16)\n    at listenInCluster (node:net:1511:12)\n    at Server.listen (node:net:1599:7)\n    at ExpressAdapter.listen (/Users/mbp2019/Desktop/Development/mirrorcity/mirrortown.poi/node_modules/@nestjs/platform-express/adapters/express-adapter.js:88:32)\n    at /Users/mbp2019/Desktop/Development/mirrorcity/mirrortown.poi/node_modules/@nestjs/core/nest-application.js:180:30\n    at new Promise (<anonymous>)\n    at NestApplication.listen (/Users/mbp2019/Desktop/Development/mirrorcity/mirrortown.poi/node_modules/@nestjs/core/nest-application.js:170:16)\n    at processTicksAndRejections (node:internal/process/task_queues:96:5)","trace":[{"column":16,"file":"node:net","function":"Server.setupListenHandle [as _listen2]","line":1463,"method":"setupListenHandle [as _listen2]","native":false},{"column":12,"file":"node:net","function":"listenInCluster","line":1511,"method":null,"native":false},{"column":7,"file":"node:net","function":"Server.listen","line":1599,"method":"listen","native":false},{"column":32,"file":"/Users/mbp2019/Desktop/Development/mirrorcity/mirrortown.poi/node_modules/@nestjs/platform-express/adapters/express-adapter.js","function":"ExpressAdapter.listen","line":88,"method":"listen","native":false},{"column":30,"file":"/Users/mbp2019/Desktop/Development/mirrorcity/mirrortown.poi/node_modules/@nestjs/core/nest-application.js","function":null,"line":180,"method":null,"native":false},{"column":null,"file":null,"function":"new Promise","line":null,"method":null,"native":false},{"column":16,"file":"/Users/mbp2019/Desktop/Development/mirrorcity/mirrortown.poi/node_modules/@nestjs/core/nest-application.js","function":"NestApplication.listen","line":170,"method":"listen","native":false},{"column":5,"file":"node:internal/process/task_queues","function":"processTicksAndRejections","line":96,"method":null,"native":false}]}
info: Nest.js API-Server ready to http://localhost:3000/ {"service":"SEERSLAB"}
debug: [REQ] ::1 POST 201 : /api/v2/resource/entry {"service":"SEERSLAB"}
error: uncaughtException: Incorrect datetime value: '1695287710' for column 'UPDATE_AT' at row 1
QueryFailedError: Incorrect datetime value: '1695287710' for column 'UPDATE_AT' at row 1
    at Query.onResult (/Users/mbp2019/Desktop/Development/mirrorcity/mirrortown.poi/node_modules/typeorm/driver/mysql/MysqlQueryRunner.js:158:37)
    at Query.execute (/Users/mbp2019/Desktop/Development/mirrorcity/mirrortown.poi/node_modules/mysql2/lib/commands/command.js:36:14)
    at PoolConnection.handlePacket (/Users/mbp2019/Desktop/Development/mirrorcity/mirrortown.poi/node_modules/mysql2/lib/connection.js:478:34)
    at PacketParser.onPacket (/Users/mbp2019/Desktop/Development/mirrorcity/mirrortown.poi/node_modules/mysql2/lib/connection.js:97:12)
    at PacketParser.executeStart (/Users/mbp2019/Desktop/Development/mirrorcity/mirrortown.poi/node_modules/mysql2/lib/packet_parser.js:75:16)
    at Socket.<anonymous> (/Users/mbp2019/Desktop/Development/mirrorcity/mirrortown.poi/node_modules/mysql2/lib/connection.js:104:25)
    at Socket.emit (node:events:513:28)
    at Socket.emit (node:domain:489:12)
    at addChunk (node:internal/streams/readable:315:12)
    at readableAddChunk (node:internal/streams/readable:289:9) {"date":"Thu Sep 21 2023 18:15:11 GMT+0900 (Korean Standard Time)","error":{"code":"ER_TRUNCATED_WRONG_VALUE","driverError":{"code":"ER_TRUNCATED_WRONG_VALUE","errno":1292,"sql":"UPDATE `TB_SERVICE` SET `UPDATE_AT` = 1695287710 WHERE `SERVICE_ID` = 1","sqlMessage":"Incorrect datetime value: '1695287710' for column 'UPDATE_AT' at row 1","sqlState":"22007"},"errno":1292,"parameters":[1695287710,1],"query":"UPDATE `TB_SERVICE` SET `UPDATE_AT` = ? WHERE `SERVICE_ID` = ?","sql":"UPDATE `TB_SERVICE` SET `UPDATE_AT` = 1695287710 WHERE `SERVICE_ID` = 1","sqlMessage":"Incorrect datetime value: '1695287710' for column 'UPDATE_AT' at row 1","sqlState":"22007"},"exception":true,"os":{"loadavg":[2.3212890625,2.18603515625,2.20166015625],"uptime":267784},"process":{"argv":["/Users/mbp2019/.nvm/versions/node/v16.19.1/bin/node","/Users/mbp2019/Desktop/Development/mirrorcity/mirrortown.poi/dist/main.js"],"cwd":"/Users/mbp2019/Desktop/Development/mirrorcity/mirrortown.poi","execPath":"/Users/mbp2019/.nvm/versions/node/v16.19.1/bin/node","gid":20,"memoryUsage":{"arrayBuffers":333025,"external":1575822,"heapTotal":104857600,"heapUsed":95460344,"rss":119537664},"pid":51725,"uid":503,"version":"v16.19.1"},"service":"SEERSLAB","stack":"QueryFailedError: Incorrect datetime value: '1695287710' for column 'UPDATE_AT' at row 1\n    at Query.onResult (/Users/mbp2019/Desktop/Development/mirrorcity/mirrortown.poi/node_modules/typeorm/driver/mysql/MysqlQueryRunner.js:158:37)\n    at Query.execute (/Users/mbp2019/Desktop/Development/mirrorcity/mirrortown.poi/node_modules/mysql2/lib/commands/command.js:36:14)\n    at PoolConnection.handlePacket (/Users/mbp2019/Desktop/Development/mirrorcity/mirrortown.poi/node_modules/mysql2/lib/connection.js:478:34)\n    at PacketParser.onPacket (/Users/mbp2019/Desktop/Development/mirrorcity/mirrortown.poi/node_modules/mysql2/lib/connection.js:97:12)\n    at PacketParser.executeStart (/Users/mbp2019/Desktop/Development/mirrorcity/mirrortown.poi/node_modules/mysql2/lib/packet_parser.js:75:16)\n    at Socket.<anonymous> (/Users/mbp2019/Desktop/Development/mirrorcity/mirrortown.poi/node_modules/mysql2/lib/connection.js:104:25)\n    at Socket.emit (node:events:513:28)\n    at Socket.emit (node:domain:489:12)\n    at addChunk (node:internal/streams/readable:315:12)\n    at readableAddChunk (node:internal/streams/readable:289:9)","trace":[{"column":37,"file":"/Users/mbp2019/Desktop/Development/mirrorcity/mirrortown.poi/node_modules/typeorm/driver/mysql/MysqlQueryRunner.js","function":"Query.onResult","line":158,"method":"onResult","native":false},{"column":14,"file":"/Users/mbp2019/Desktop/Development/mirrorcity/mirrortown.poi/node_modules/mysql2/lib/commands/command.js","function":"Query.execute","line":36,"method":"execute","native":false},{"column":34,"file":"/Users/mbp2019/Desktop/Development/mirrorcity/mirrortown.poi/node_modules/mysql2/lib/connection.js","function":"PoolConnection.handlePacket","line":478,"method":"handlePacket","native":false},{"column":12,"file":"/Users/mbp2019/Desktop/Development/mirrorcity/mirrortown.poi/node_modules/mysql2/lib/connection.js","function":"PacketParser.onPacket","line":97,"method":"onPacket","native":false},{"column":16,"file":"/Users/mbp2019/Desktop/Development/mirrorcity/mirrortown.poi/node_modules/mysql2/lib/packet_parser.js","function":"PacketParser.executeStart","line":75,"method":"executeStart","native":false},{"column":25,"file":"/Users/mbp2019/Desktop/Development/mirrorcity/mirrortown.poi/node_modules/mysql2/lib/connection.js","function":null,"line":104,"method":null,"native":false},{"column":28,"file":"node:events","function":"Socket.emit","line":513,"method":"emit","native":false},{"column":12,"file":"node:domain","function":"Socket.emit","line":489,"method":"emit","native":false},{"column":12,"file":"node:internal/streams/readable","function":"addChunk","line":315,"method":null,"native":false},{"column":9,"file":"node:internal/streams/readable","function":"readableAddChunk","line":289,"method":null,"native":false}]}
info: Nest.js API-Server ready to http://localhost:3000/ {"service":"SEERSLAB"}
debug: [REQ] ::1 POST 201 : /api/v2/resource/entry {"service":"SEERSLAB"}
error: uncaughtException: Incorrect datetime value: '1695287961' for column 'UPDATE_AT' at row 1
QueryFailedError: Incorrect datetime value: '1695287961' for column 'UPDATE_AT' at row 1
    at Query.onResult (/Users/mbp2019/Desktop/Development/mirrorcity/mirrortown.poi/node_modules/typeorm/driver/mysql/MysqlQueryRunner.js:158:37)
    at Query.execute (/Users/mbp2019/Desktop/Development/mirrorcity/mirrortown.poi/node_modules/mysql2/lib/commands/command.js:36:14)
    at PoolConnection.handlePacket (/Users/mbp2019/Desktop/Development/mirrorcity/mirrortown.poi/node_modules/mysql2/lib/connection.js:478:34)
    at PacketParser.onPacket (/Users/mbp2019/Desktop/Development/mirrorcity/mirrortown.poi/node_modules/mysql2/lib/connection.js:97:12)
    at PacketParser.executeStart (/Users/mbp2019/Desktop/Development/mirrorcity/mirrortown.poi/node_modules/mysql2/lib/packet_parser.js:75:16)
    at Socket.<anonymous> (/Users/mbp2019/Desktop/Development/mirrorcity/mirrortown.poi/node_modules/mysql2/lib/connection.js:104:25)
    at Socket.emit (node:events:513:28)
    at Socket.emit (node:domain:489:12)
    at addChunk (node:internal/streams/readable:315:12)
    at readableAddChunk (node:internal/streams/readable:289:9) {"date":"Thu Sep 21 2023 18:19:21 GMT+0900 (Korean Standard Time)","error":{"code":"ER_TRUNCATED_WRONG_VALUE","driverError":{"code":"ER_TRUNCATED_WRONG_VALUE","errno":1292,"sql":"UPDATE `TB_SERVICE` SET `UPDATE_AT` = 1695287961 WHERE `SERVICE_ID` = 3","sqlMessage":"Incorrect datetime value: '1695287961' for column 'UPDATE_AT' at row 1","sqlState":"22007"},"errno":1292,"parameters":[1695287961,3],"query":"UPDATE `TB_SERVICE` SET `UPDATE_AT` = ? WHERE `SERVICE_ID` = ?","sql":"UPDATE `TB_SERVICE` SET `UPDATE_AT` = 1695287961 WHERE `SERVICE_ID` = 3","sqlMessage":"Incorrect datetime value: '1695287961' for column 'UPDATE_AT' at row 1","sqlState":"22007"},"exception":true,"os":{"loadavg":[2.01953125,2.220703125,2.2333984375],"uptime":268034},"process":{"argv":["/Users/mbp2019/.nvm/versions/node/v16.19.1/bin/node","/Users/mbp2019/Desktop/Development/mirrorcity/mirrortown.poi/dist/main.js"],"cwd":"/Users/mbp2019/Desktop/Development/mirrorcity/mirrortown.poi","execPath":"/Users/mbp2019/.nvm/versions/node/v16.19.1/bin/node","gid":20,"memoryUsage":{"arrayBuffers":550296,"external":39729199,"heapTotal":141967360,"heapUsed":108596968,"rss":159416320},"pid":52002,"uid":503,"version":"v16.19.1"},"service":"SEERSLAB","stack":"QueryFailedError: Incorrect datetime value: '1695287961' for column 'UPDATE_AT' at row 1\n    at Query.onResult (/Users/mbp2019/Desktop/Development/mirrorcity/mirrortown.poi/node_modules/typeorm/driver/mysql/MysqlQueryRunner.js:158:37)\n    at Query.execute (/Users/mbp2019/Desktop/Development/mirrorcity/mirrortown.poi/node_modules/mysql2/lib/commands/command.js:36:14)\n    at PoolConnection.handlePacket (/Users/mbp2019/Desktop/Development/mirrorcity/mirrortown.poi/node_modules/mysql2/lib/connection.js:478:34)\n    at PacketParser.onPacket (/Users/mbp2019/Desktop/Development/mirrorcity/mirrortown.poi/node_modules/mysql2/lib/connection.js:97:12)\n    at PacketParser.executeStart (/Users/mbp2019/Desktop/Development/mirrorcity/mirrortown.poi/node_modules/mysql2/lib/packet_parser.js:75:16)\n    at Socket.<anonymous> (/Users/mbp2019/Desktop/Development/mirrorcity/mirrortown.poi/node_modules/mysql2/lib/connection.js:104:25)\n    at Socket.emit (node:events:513:28)\n    at Socket.emit (node:domain:489:12)\n    at addChunk (node:internal/streams/readable:315:12)\n    at readableAddChunk (node:internal/streams/readable:289:9)","trace":[{"column":37,"file":"/Users/mbp2019/Desktop/Development/mirrorcity/mirrortown.poi/node_modules/typeorm/driver/mysql/MysqlQueryRunner.js","function":"Query.onResult","line":158,"method":"onResult","native":false},{"column":14,"file":"/Users/mbp2019/Desktop/Development/mirrorcity/mirrortown.poi/node_modules/mysql2/lib/commands/command.js","function":"Query.execute","line":36,"method":"execute","native":false},{"column":34,"file":"/Users/mbp2019/Desktop/Development/mirrorcity/mirrortown.poi/node_modules/mysql2/lib/connection.js","function":"PoolConnection.handlePacket","line":478,"method":"handlePacket","native":false},{"column":12,"file":"/Users/mbp2019/Desktop/Development/mirrorcity/mirrortown.poi/node_modules/mysql2/lib/connection.js","function":"PacketParser.onPacket","line":97,"method":"onPacket","native":false},{"column":16,"file":"/Users/mbp2019/Desktop/Development/mirrorcity/mirrortown.poi/node_modules/mysql2/lib/packet_parser.js","function":"PacketParser.executeStart","line":75,"method":"executeStart","native":false},{"column":25,"file":"/Users/mbp2019/Desktop/Development/mirrorcity/mirrortown.poi/node_modules/mysql2/lib/connection.js","function":null,"line":104,"method":null,"native":false},{"column":28,"file":"node:events","function":"Socket.emit","line":513,"method":"emit","native":false},{"column":12,"file":"node:domain","function":"Socket.emit","line":489,"method":"emit","native":false},{"column":12,"file":"node:internal/streams/readable","function":"addChunk","line":315,"method":null,"native":false},{"column":9,"file":"node:internal/streams/readable","function":"readableAddChunk","line":289,"method":null,"native":false}]}
info: Nest.js API-Server ready to http://localhost:3000/ {"service":"SEERSLAB"}
debug: [REQ] ::1 GET 400 : /api/v2/space/object/list {"service":"SEERSLAB"}
debug: [REQ] ::1 GET 400 : /api/v2/admin/space-asset/list {"service":"SEERSLAB"}
warn: try to re-connect redisClientProvider after 10s... {"service":"SEERSLAB"}
warn: try to re-connect RedisWebCacheModule after 10s... {"service":"SEERSLAB"}
debug: [REQ] ::1 POST 201 : /api/v2/resource/entry {"service":"SEERSLAB"}
debug: [REQ] ::1 GET 400 : /api/v2/resource/detail?sid=1&type=space-asset {"service":"SEERSLAB"}
debug: [REQ] ::1 GET 200 : /api/v2/resource/detail?sid=3&type=space-asset {"service":"SEERSLAB"}
warn: try to re-connect RedisWebCacheModule after 10s... {"service":"SEERSLAB"}
warn: try to re-connect redisClientProvider after 10s... {"service":"SEERSLAB"}
debug: [REQ] ::1 POST 201 : /api/v2/resource/entry {"service":"SEERSLAB"}
warn: try to re-connect RedisWebCacheModule after 10s... {"service":"SEERSLAB"}
warn: try to re-connect redisClientProvider after 10s... {"service":"SEERSLAB"}
debug: [REQ] ::1 GET 400 : /api/v2/space/object/list {"service":"SEERSLAB"}
debug: [REQ] ::1 GET 400 : /api/v2/space/object/list {"service":"SEERSLAB"}
debug: [REQ] ::1 GET 400 : /api/v2/space/object/list {"service":"SEERSLAB"}
debug: [REQ] ::1 GET 400 : /api/v2/space/object/list {"service":"SEERSLAB"}
debug: [REQ] ::1 GET 400 : /api/v2/space/object/list {"service":"SEERSLAB"}
debug: [REQ] ::1 GET 400 : /api/v2/space/object/list {"service":"SEERSLAB"}
debug: [REQ] ::1 POST 201 : /api/v2/resource/entry {"service":"SEERSLAB"}
warn: try to re-connect redisClientProvider after 10s... {"service":"SEERSLAB"}
warn: try to re-connect RedisWebCacheModule after 10s... {"service":"SEERSLAB"}
debug: [REQ] ::1 POST 201 : /api/v2/resource/entry {"service":"SEERSLAB"}
warn: try to re-connect RedisWebCacheModule after 10s... {"service":"SEERSLAB"}
warn: try to re-connect redisClientProvider after 10s... {"service":"SEERSLAB"}
debug: [REQ] ::1 GET 400 : /api/v2/admin/space-asset/list {"service":"SEERSLAB"}
debug: [REQ] ::1 GET 400 : /api/v2/admin/space-asset/list {"service":"SEERSLAB"}
debug: [REQ] ::1 GET 400 : /api/v2/admin/space-asset/list {"service":"SEERSLAB"}
debug: [REQ] ::1 GET 400 : /api/v2/admin/space-asset/list {"service":"SEERSLAB"}
debug: [REQ] ::1 GET 400 : /api/v2/admin/space-asset/list {"service":"SEERSLAB"}
debug: [REQ] ::1 GET 400 : /api/v2/admin/space-asset/list {"service":"SEERSLAB"}
debug: [REQ] ::1 GET 400 : /api/v2/admin/space-asset/list {"service":"SEERSLAB"}
