info: Nest.js API-Server ready to http://localhost:3000/ {"timestamp":"2023/10/15 03:02:06"}
debug: [REQ] ::1 POST 200 : /api/v1/calendar/work-history {"timestamp":"2023/10/15 03:02:10"}
debug: [REQ] ::1 POST 200 : /api/v1/main/list {"timestamp":"2023/10/15 03:02:21"}
debug: [REQ] ::1 POST 200 : /api/v1/main/calculate-salary {"timestamp":"2023/10/15 03:02:30"}
debug: [REQ] ::1 POST 200 : /api/v1/main/calculate-salary {"timestamp":"2023/10/15 03:02:33"}
debug: [REQ] ::1 POST 200 : /api/v1/main/calculate-salary {"timestamp":"2023/10/15 03:02:34"}
debug: [REQ] ::1 POST 200 : /api/v1/calendar/work-history {"timestamp":"2023/10/15 03:02:46"}
debug: [REQ] ::1 POST 200 : /api/v1/calendar/work-history {"timestamp":"2023/10/15 03:02:48"}
debug: [REQ] ::1 POST 200 : /api/v1/calendar/work-history {"timestamp":"2023/10/15 03:03:40"}
debug: [REQ] ::1 POST 200 : /api/v1/calendar/work-history {"timestamp":"2023/10/15 03:03:41"}
debug: [REQ] ::1 POST 200 : /api/v1/calendar/work-history {"timestamp":"2023/10/15 03:03:42"}
debug: [REQ] ::1 POST 200 : /api/v1/calendar/work-history {"timestamp":"2023/10/15 03:03:58"}
debug: [REQ] ::1 POST 200 : /api/v1/calendar/work-history {"timestamp":"2023/10/15 03:04:00"}
debug: [REQ] ::1 POST 200 : /api/v1/calendar/work-history {"timestamp":"2023/10/15 03:04:01"}
info: Nest.js API-Server ready to http://localhost:3000/ {"timestamp":"2023/10/15 03:05:32"}
debug: [REQ] ::1 POST 500 : /api/v1/calendar/work-history {"timestamp":"2023/10/15 03:05:35"}
info: Nest.js API-Server ready to http://localhost:3000/ {"timestamp":"2023/10/15 03:05:49"}
info: Nest.js API-Server ready to http://localhost:3000/ {"timestamp":"2023/10/15 03:06:12"}
info: Nest.js API-Server ready to http://localhost:3000/ {"timestamp":"2023/10/15 03:06:13"}
info: Nest.js API-Server ready to http://localhost:3000/ {"timestamp":"2023/10/15 03:06:58"}
debug: [REQ] ::1 POST 200 : /api/v1/calendar/work-history {"timestamp":"2023/10/15 03:06:59"}
debug: [REQ] ::1 POST 200 : /api/v1/calendar/work-history {"timestamp":"2023/10/15 03:07:01"}
debug: [REQ] ::1 POST 200 : /api/v1/calendar/work-history {"timestamp":"2023/10/15 03:07:02"}
info: Nest.js API-Server ready to http://localhost:3000/ {"timestamp":"2023/10/15 03:07:41"}
debug: [REQ] ::1 POST 200 : /api/v1/calendar/work-history {"timestamp":"2023/10/15 03:07:44"}
info: Nest.js API-Server ready to http://localhost:3000/ {"timestamp":"2023/10/15 03:08:07"}
info: Nest.js API-Server ready to http://localhost:3000/ {"timestamp":"2023/10/15 03:08:25"}
debug: [REQ] ::1 POST 200 : /api/v1/calendar/work-history {"timestamp":"2023/10/15 03:08:26"}
info: Nest.js API-Server ready to http://localhost:3000/ {"timestamp":"2023/10/15 13:28:41"}
debug: [REQ] ::1 POST 200 : /api/v1/main/check-in-out {"timestamp":"2023/10/15 13:34:40"}
debug: [REQ] ::1 POST 200 : /api/v1/main/list {"timestamp":"2023/10/15 13:35:01"}
