info: Nest.js API-Server ready to http://localhost:3001/ {"timestamp":"2023/12/8 14:19:36"}
info: Nest.js API-Server ready to http://localhost:3000/ {"timestamp":"2023/12/8 14:21:13"}
debug: [REQ] ::1 POST 200 : /api/v1/calendar/save {"timestamp":"2023/12/8 14:23:34"}
info: Nest.js API-Server ready to http://localhost:3000/ {"timestamp":"2023/12/8 14:25:03"}
debug: [REQ] ::1 POST 200 : /api/v1/calendar/save {"timestamp":"2023/12/8 14:25:05"}
info: Nest.js API-Server ready to http://localhost:3000/ {"timestamp":"2023/12/8 14:26:12"}
info: Nest.js API-Server ready to http://localhost:3000/ {"timestamp":"2023/12/8 14:26:34"}
debug: [REQ] ::1 POST 200 : /api/v1/calendar/save {"timestamp":"2023/12/8 14:26:46"}
info: Nest.js API-Server ready to http://localhost:3000/ {"timestamp":"2023/12/8 14:27:11"}
info: Nest.js API-Server ready to http://localhost:3000/ {"timestamp":"2023/12/8 14:27:18"}
info: Nest.js API-Server ready to http://localhost:3000/ {"timestamp":"2023/12/8 14:27:26"}
debug: [REQ] ::1 POST 200 : /api/v1/calendar/save {"timestamp":"2023/12/8 14:27:30"}
info: Nest.js API-Server ready to http://localhost:3000/ {"timestamp":"2023/12/8 14:27:55"}
info: Nest.js API-Server ready to http://localhost:3000/ {"timestamp":"2023/12/8 14:28:01"}
info: Nest.js API-Server ready to http://localhost:3000/ {"timestamp":"2023/12/8 14:28:03"}
info: Nest.js API-Server ready to http://localhost:3000/ {"timestamp":"2023/12/8 14:28:12"}
debug: [REQ] ::1 POST 200 : /api/v1/calendar/save {"timestamp":"2023/12/8 14:28:17"}
info: Nest.js API-Server ready to http://localhost:3000/ {"timestamp":"2023/12/8 14:29:07"}
info: Nest.js API-Server ready to http://localhost:3000/ {"timestamp":"2023/12/8 14:29:14"}
debug: [REQ] ::1 POST 200 : /api/v1/calendar/save {"timestamp":"2023/12/8 14:29:18"}
debug: [REQ] ::1 POST 403 : /api/v1/calendar/work-history {"timestamp":"2023/12/8 14:29:34"}
debug: [REQ] ::1 POST 200 : /api/v1/calendar/work-history {"timestamp":"2023/12/8 14:29:48"}
debug: [REQ] ::1 POST 200 : /api/v1/calendar/work-history {"timestamp":"2023/12/8 14:29:52"}
info: Nest.js API-Server ready to http://localhost:3000/ {"timestamp":"2023/12/8 14:30:20"}
info: Nest.js API-Server ready to http://localhost:3000/ {"timestamp":"2023/12/8 14:30:43"}
info: Nest.js API-Server ready to http://localhost:3000/ {"timestamp":"2023/12/8 14:31:13"}
info: Nest.js API-Server ready to http://localhost:3000/ {"timestamp":"2023/12/8 14:31:18"}
info: Nest.js API-Server ready to http://localhost:3000/ {"timestamp":"2023/12/8 14:31:33"}
info: Nest.js API-Server ready to http://localhost:3000/ {"timestamp":"2023/12/8 14:31:34"}
debug: [REQ] ::1 POST 200 : /api/v1/calendar/save {"timestamp":"2023/12/8 14:32:03"}
info: Nest.js API-Server ready to http://localhost:3000/ {"timestamp":"2023/12/8 14:32:22"}
info: Nest.js API-Server ready to http://localhost:3000/ {"timestamp":"2023/12/8 17:31:16"}
debug: [REQ] ::1 POST 200 : /api/v1/main/calculate-salary {"timestamp":"2023/12/8 17:37:06"}
debug: [REQ] ::1 POST 200 : /api/v1/main/calculate-salary {"timestamp":"2023/12/8 17:37:14"}
info: Nest.js API-Server ready to http://localhost:3000/ {"timestamp":"2023/12/8 17:42:08"}
debug: [REQ] ::1 POST 200 : /api/v1/main/calculate-salary {"timestamp":"2023/12/8 17:42:12"}
info: Nest.js API-Server ready to http://localhost:3000/ {"timestamp":"2023/12/8 18:25:16"}
debug: [REQ] ::1 POST 200 : /api/v1/pay-stub/list {"timestamp":"2023/12/8 18:25:56"}
debug: [REQ] ::1 POST 200 : /api/v1/pay-stub/list {"timestamp":"2023/12/8 18:26:23"}
info: Nest.js API-Server ready to http://localhost:3000/ {"timestamp":"2023/12/8 18:27:15"}
info: Nest.js API-Server ready to http://localhost:3000/ {"timestamp":"2023/12/8 18:27:22"}
info: Nest.js API-Server ready to http://localhost:3000/ {"timestamp":"2023/12/8 18:27:31"}
