error: uncaughtException: listen EADDRINUSE: address already in use :::3000
Error: listen EADDRINUSE: address already in use :::3000
    at Server.setupListenHandle [as _listen2] (node:net:1463:16)
    at listenInCluster (node:net:1511:12)
    at Server.listen (node:net:1599:7)
    at ExpressAdapter.listen (/Users/mbp2019/Desktop/Development/workpick2/node_modules/@nestjs/platform-express/adapters/express-adapter.js:88:32)
    at /Users/mbp2019/Desktop/Development/workpick2/node_modules/@nestjs/core/nest-application.js:180:30
    at new Promise (<anonymous>)
    at NestApplication.listen (/Users/mbp2019/Desktop/Development/workpick2/node_modules/@nestjs/core/nest-application.js:170:16)
    at processTicksAndRejections (node:internal/process/task_queues:96:5) {"date":"Sun Oct 01 2023 21:17:57 GMT+0900 (Korean Standard Time)","error":{"address":"::","code":"EADDRINUSE","errno":-48,"port":3000,"syscall":"listen"},"exception":true,"os":{"loadavg":[2.54931640625,2.2470703125,2.22265625],"uptime":209603},"process":{"argv":["/Users/mbp2019/.nvm/versions/node/v16.19.1/bin/node","/Users/mbp2019/Desktop/Development/workpick2/dist/main.js"],"cwd":"/Users/mbp2019/Desktop/Development/workpick2","execPath":"/Users/mbp2019/.nvm/versions/node/v16.19.1/bin/node","gid":20,"memoryUsage":{"arrayBuffers":684490,"external":12424065,"heapTotal":89980928,"heapUsed":62121568,"rss":132890624},"pid":45432,"uid":503,"version":"v16.19.1"},"stack":"Error: listen EADDRINUSE: address already in use :::3000\n    at Server.setupListenHandle [as _listen2] (node:net:1463:16)\n    at listenInCluster (node:net:1511:12)\n    at Server.listen (node:net:1599:7)\n    at ExpressAdapter.listen (/Users/mbp2019/Desktop/Development/workpick2/node_modules/@nestjs/platform-express/adapters/express-adapter.js:88:32)\n    at /Users/mbp2019/Desktop/Development/workpick2/node_modules/@nestjs/core/nest-application.js:180:30\n    at new Promise (<anonymous>)\n    at NestApplication.listen (/Users/mbp2019/Desktop/Development/workpick2/node_modules/@nestjs/core/nest-application.js:170:16)\n    at processTicksAndRejections (node:internal/process/task_queues:96:5)","timestamp":"2023/10/1 21:17:57","trace":[{"column":16,"file":"node:net","function":"Server.setupListenHandle [as _listen2]","line":1463,"method":"setupListenHandle [as _listen2]","native":false},{"column":12,"file":"node:net","function":"listenInCluster","line":1511,"method":null,"native":false},{"column":7,"file":"node:net","function":"Server.listen","line":1599,"method":"listen","native":false},{"column":32,"file":"/Users/mbp2019/Desktop/Development/workpick2/node_modules/@nestjs/platform-express/adapters/express-adapter.js","function":"ExpressAdapter.listen","line":88,"method":"listen","native":false},{"column":30,"file":"/Users/mbp2019/Desktop/Development/workpick2/node_modules/@nestjs/core/nest-application.js","function":null,"line":180,"method":null,"native":false},{"column":null,"file":null,"function":"new Promise","line":null,"method":null,"native":false},{"column":16,"file":"/Users/mbp2019/Desktop/Development/workpick2/node_modules/@nestjs/core/nest-application.js","function":"NestApplication.listen","line":170,"method":"listen","native":false},{"column":5,"file":"node:internal/process/task_queues","function":"processTicksAndRejections","line":96,"method":null,"native":false}]}
info: Nest.js API-Server ready to http://localhost:3000/ {"timestamp":"2023/10/1 21:18:10"}
info: Nest.js API-Server ready to http://localhost:3000/ {"timestamp":"2023/10/1 21:19:49"}
info: Nest.js API-Server ready to http://localhost:3000/ {"timestamp":"2023/10/1 21:21:13"}
info: Nest.js API-Server ready to http://localhost:3000/ {"timestamp":"2023/10/1 21:22:07"}
info: Nest.js API-Server ready to http://localhost:3000/ {"timestamp":"2023/10/1 21:22:40"}
info: Nest.js API-Server ready to http://localhost:3000/ {"timestamp":"2023/10/1 21:23:10"}
info: Nest.js API-Server ready to http://localhost:3000/ {"timestamp":"2023/10/1 21:29:16"}
info: Nest.js API-Server ready to http://localhost:3000/ {"timestamp":"2023/10/1 21:33:04"}
info: Nest.js API-Server ready to http://localhost:3000/ {"timestamp":"2023/10/1 21:33:11"}
error: uncaughtException: Cannot find module '../entities'
Error: Cannot find module '../entities'
    at webpackMissingModule (/Users/mbp2019/Desktop/Development/workpick2/dist/main.js:3753:89)
    at Object.<anonymous> (/Users/mbp2019/Desktop/Development/workpick2/dist/main.js:3753:175)
    at __webpack_require__ (/Users/mbp2019/Desktop/Development/workpick2/dist/main.js:4966:33)
    at fn (/Users/mbp2019/Desktop/Development/workpick2/dist/main.js:5073:21)
    at Object.<anonymous> (/Users/mbp2019/Desktop/Development/workpick2/dist/main.js:3717:14)
    at __webpack_require__ (/Users/mbp2019/Desktop/Development/workpick2/dist/main.js:4966:33)
    at fn (/Users/mbp2019/Desktop/Development/workpick2/dist/main.js:5073:21)
    at Object.<anonymous> (/Users/mbp2019/Desktop/Development/workpick2/dist/main.js:3607:24)
    at __webpack_require__ (/Users/mbp2019/Desktop/Development/workpick2/dist/main.js:4966:33)
    at fn (/Users/mbp2019/Desktop/Development/workpick2/dist/main.js:5073:21) {"date":"Sun Oct 01 2023 21:33:34 GMT+0900 (Korean Standard Time)","error":{"code":"MODULE_NOT_FOUND"},"exception":true,"os":{"loadavg":[2.18701171875,2.68603515625,2.6728515625],"uptime":210540},"process":{"argv":["/Users/mbp2019/.nvm/versions/node/v16.19.1/bin/node","/Users/mbp2019/Desktop/Development/workpick2/dist/main.js"],"cwd":"/Users/mbp2019/Desktop/Development/workpick2","execPath":"/Users/mbp2019/.nvm/versions/node/v16.19.1/bin/node","gid":20,"memoryUsage":{"arrayBuffers":419307,"external":11550180,"heapTotal":85557248,"heapUsed":57906528,"rss":134561792},"pid":47200,"uid":503,"version":"v16.19.1"},"stack":"Error: Cannot find module '../entities'\n    at webpackMissingModule (/Users/mbp2019/Desktop/Development/workpick2/dist/main.js:3753:89)\n    at Object.<anonymous> (/Users/mbp2019/Desktop/Development/workpick2/dist/main.js:3753:175)\n    at __webpack_require__ (/Users/mbp2019/Desktop/Development/workpick2/dist/main.js:4966:33)\n    at fn (/Users/mbp2019/Desktop/Development/workpick2/dist/main.js:5073:21)\n    at Object.<anonymous> (/Users/mbp2019/Desktop/Development/workpick2/dist/main.js:3717:14)\n    at __webpack_require__ (/Users/mbp2019/Desktop/Development/workpick2/dist/main.js:4966:33)\n    at fn (/Users/mbp2019/Desktop/Development/workpick2/dist/main.js:5073:21)\n    at Object.<anonymous> (/Users/mbp2019/Desktop/Development/workpick2/dist/main.js:3607:24)\n    at __webpack_require__ (/Users/mbp2019/Desktop/Development/workpick2/dist/main.js:4966:33)\n    at fn (/Users/mbp2019/Desktop/Development/workpick2/dist/main.js:5073:21)","timestamp":"2023/10/1 21:33:34","trace":[{"column":89,"file":"/Users/mbp2019/Desktop/Development/workpick2/dist/main.js","function":"webpackMissingModule","line":3753,"method":null,"native":false},{"column":175,"file":"/Users/mbp2019/Desktop/Development/workpick2/dist/main.js","function":null,"line":3753,"method":null,"native":false},{"column":33,"file":"/Users/mbp2019/Desktop/Development/workpick2/dist/main.js","function":"__webpack_require__","line":4966,"method":null,"native":false},{"column":21,"file":"/Users/mbp2019/Desktop/Development/workpick2/dist/main.js","function":"fn","line":5073,"method":null,"native":false},{"column":14,"file":"/Users/mbp2019/Desktop/Development/workpick2/dist/main.js","function":null,"line":3717,"method":null,"native":false},{"column":33,"file":"/Users/mbp2019/Desktop/Development/workpick2/dist/main.js","function":"__webpack_require__","line":4966,"method":null,"native":false},{"column":21,"file":"/Users/mbp2019/Desktop/Development/workpick2/dist/main.js","function":"fn","line":5073,"method":null,"native":false},{"column":24,"file":"/Users/mbp2019/Desktop/Development/workpick2/dist/main.js","function":null,"line":3607,"method":null,"native":false},{"column":33,"file":"/Users/mbp2019/Desktop/Development/workpick2/dist/main.js","function":"__webpack_require__","line":4966,"method":null,"native":false},{"column":21,"file":"/Users/mbp2019/Desktop/Development/workpick2/dist/main.js","function":"fn","line":5073,"method":null,"native":false}]}
info: Nest.js API-Server ready to http://localhost:3000/ {"timestamp":"2023/10/1 21:34:00"}
info: Nest.js API-Server ready to http://localhost:3000/ {"timestamp":"2023/10/1 21:34:14"}
info: Nest.js API-Server ready to http://localhost:3000/ {"timestamp":"2023/10/1 21:34:29"}
info: Nest.js API-Server ready to http://localhost:3000/ {"timestamp":"2023/10/1 21:34:31"}
info: Nest.js API-Server ready to http://localhost:3000/ {"timestamp":"2023/10/1 21:35:02"}
info: Nest.js API-Server ready to http://localhost:3000/ {"timestamp":"2023/10/1 21:35:04"}
info: Nest.js API-Server ready to http://localhost:3000/ {"timestamp":"2023/10/1 21:35:14"}
info: Nest.js API-Server ready to http://localhost:3000/ {"timestamp":"2023/10/1 21:35:16"}
info: Nest.js API-Server ready to http://localhost:3000/ {"timestamp":"2023/10/1 21:35:25"}
info: Nest.js API-Server ready to http://localhost:3000/ {"timestamp":"2023/10/1 21:35:26"}
info: Nest.js API-Server ready to http://localhost:3000/ {"timestamp":"2023/10/1 21:35:33"}
info: Nest.js API-Server ready to http://localhost:3000/ {"timestamp":"2023/10/1 21:35:35"}
info: Nest.js API-Server ready to http://localhost:3000/ {"timestamp":"2023/10/1 21:35:51"}
info: Nest.js API-Server ready to http://localhost:3000/ {"timestamp":"2023/10/1 21:35:57"}
info: Nest.js API-Server ready to http://localhost:3000/ {"timestamp":"2023/10/1 21:36:03"}
info: Nest.js API-Server ready to http://localhost:3000/ {"timestamp":"2023/10/1 21:36:05"}
info: Nest.js API-Server ready to http://localhost:3000/ {"timestamp":"2023/10/1 21:36:13"}
info: Nest.js API-Server ready to http://localhost:3000/ {"timestamp":"2023/10/1 21:36:23"}
info: Nest.js API-Server ready to http://localhost:3000/ {"timestamp":"2023/10/1 21:36:30"}
info: Nest.js API-Server ready to http://localhost:3000/ {"timestamp":"2023/10/1 21:36:34"}
info: Nest.js API-Server ready to http://localhost:3000/ {"timestamp":"2023/10/1 21:36:36"}
info: Nest.js API-Server ready to http://localhost:3000/ {"timestamp":"2023/10/1 21:36:39"}
info: Nest.js API-Server ready to http://localhost:3000/ {"timestamp":"2023/10/1 21:36:42"}
info: Nest.js API-Server ready to http://localhost:3000/ {"timestamp":"2023/10/1 21:36:47"}
info: Nest.js API-Server ready to http://localhost:3000/ {"timestamp":"2023/10/1 21:36:53"}
info: Nest.js API-Server ready to http://localhost:3000/ {"timestamp":"2023/10/1 21:36:57"}
info: Nest.js API-Server ready to http://localhost:3000/ {"timestamp":"2023/10/1 21:36:58"}
info: Nest.js API-Server ready to http://localhost:3000/ {"timestamp":"2023/10/1 21:37:03"}
info: Nest.js API-Server ready to http://localhost:3000/ {"timestamp":"2023/10/1 21:37:08"}
info: Nest.js API-Server ready to http://localhost:3000/ {"timestamp":"2023/10/1 21:38:44"}
info: Nest.js API-Server ready to http://localhost:3000/ {"timestamp":"2023/10/1 21:38:46"}
info: Nest.js API-Server ready to http://localhost:3000/ {"timestamp":"2023/10/1 21:38:53"}
info: Nest.js API-Server ready to http://localhost:3000/ {"timestamp":"2023/10/1 21:38:57"}
info: Nest.js API-Server ready to http://localhost:3000/ {"timestamp":"2023/10/1 21:38:58"}
info: Nest.js API-Server ready to http://localhost:3000/ {"timestamp":"2023/10/1 21:39:06"}
info: Nest.js API-Server ready to http://localhost:3000/ {"timestamp":"2023/10/1 21:39:12"}
info: Nest.js API-Server ready to http://localhost:3000/ {"timestamp":"2023/10/1 21:39:16"}
info: Nest.js API-Server ready to http://localhost:3000/ {"timestamp":"2023/10/1 21:39:20"}
info: Nest.js API-Server ready to http://localhost:3000/ {"timestamp":"2023/10/1 21:39:25"}
info: Nest.js API-Server ready to http://localhost:3000/ {"timestamp":"2023/10/1 21:39:26"}
info: Nest.js API-Server ready to http://localhost:3000/ {"timestamp":"2023/10/1 21:39:32"}
info: Nest.js API-Server ready to http://localhost:3000/ {"timestamp":"2023/10/1 21:39:36"}
info: Nest.js API-Server ready to http://localhost:3000/ {"timestamp":"2023/10/1 21:39:42"}
info: Nest.js API-Server ready to http://localhost:3000/ {"timestamp":"2023/10/1 21:39:44"}
info: Nest.js API-Server ready to http://localhost:3000/ {"timestamp":"2023/10/1 21:39:46"}
info: Nest.js API-Server ready to http://localhost:3000/ {"timestamp":"2023/10/1 21:40:08"}
info: Nest.js API-Server ready to http://localhost:3000/ {"timestamp":"2023/10/1 21:40:10"}
info: Nest.js API-Server ready to http://localhost:3000/ {"timestamp":"2023/10/1 21:40:13"}
info: Nest.js API-Server ready to http://localhost:3000/ {"timestamp":"2023/10/1 21:40:24"}
info: Nest.js API-Server ready to http://localhost:3000/ {"timestamp":"2023/10/1 21:40:28"}
info: Nest.js API-Server ready to http://localhost:3000/ {"timestamp":"2023/10/1 21:40:34"}
info: Nest.js API-Server ready to http://localhost:3000/ {"timestamp":"2023/10/1 21:40:38"}
