info: Nest.js API-Server ready to http://localhost:3000/ {"timestamp":"2023/11/13 10:53:27"}
debug: [REQ] ::1 POST 200 : /api/v1/main/calculate-salary {"timestamp":"2023/11/13 10:55:32"}
debug: [REQ] ::1 POST 200 : /api/v1/main/calculate-salary {"timestamp":"2023/11/13 10:56:01"}
debug: [REQ] ::1 POST 200 : /api/v1/main/calculate-salary {"timestamp":"2023/11/13 10:56:03"}
debug: [REQ] ::1 POST 200 : /api/v1/main/calculate-salary {"timestamp":"2023/11/13 10:56:06"}
debug: [REQ] ::1 POST 200 : /api/v1/main/calculate-salary {"timestamp":"2023/11/13 10:56:08"}
debug: [REQ] ::1 POST 200 : /api/v1/main/calculate-salary {"timestamp":"2023/11/13 10:56:10"}
info: Nest.js API-Server ready to http://localhost:3000/ {"timestamp":"2023/11/13 10:57:01"}
debug: [REQ] ::1 POST 200 : /api/v1/main/calculate-salary {"timestamp":"2023/11/13 10:57:02"}
info: Nest.js API-Server ready to http://localhost:3000/ {"timestamp":"2023/11/13 10:57:35"}
debug: [REQ] ::1 POST 200 : /api/v1/main/calculate-salary {"timestamp":"2023/11/13 10:59:07"}
debug: [REQ] ::1 POST 403 : /api/v1/calendar/save {"timestamp":"2023/11/13 11:06:18"}
debug: [REQ] ::1 POST 500 : /api/v1/calendar/save {"timestamp":"2023/11/13 11:06:53"}
info: Nest.js API-Server ready to http://localhost:3000/ {"timestamp":"2023/11/13 11:08:31"}
debug: [REQ] ::1 POST 500 : /api/v1/calendar/save {"timestamp":"2023/11/13 11:08:31"}
info: Nest.js API-Server ready to http://localhost:3000/ {"timestamp":"2023/11/13 11:26:32"}
debug: [REQ] ::1 POST 500 : /api/v1/calendar/save {"timestamp":"2023/11/13 11:26:46"}
info: Nest.js API-Server ready to http://localhost:3000/ {"timestamp":"2023/11/13 11:27:08"}
debug: [REQ] ::1 POST 500 : /api/v1/calendar/save {"timestamp":"2023/11/13 11:27:10"}
info: Nest.js API-Server ready to http://localhost:3000/ {"timestamp":"2023/11/13 11:28:18"}
debug: [REQ] ::1 POST 500 : /api/v1/calendar/save {"timestamp":"2023/11/13 11:28:21"}
error: uncaughtException: Module parse failed: Unexpected token (170:26)
File was processed with these loaders:
 * ./node_modules/ts-loader/index.js
You may need an additional loader to handle the result of these loaders.
|                     endTime,
|                     status,
>                     Math, : .floor(totalHours),
|                     totalPay,
|                 });
Error: Module parse failed: Unexpected token (170:26)
File was processed with these loaders:
 * ./node_modules/ts-loader/index.js
You may need an additional loader to handle the result of these loaders.
|                     endTime,
|                     status,
>                     Math, : .floor(totalHours),
|                     totalPay,
|                 });
    at Object.create.k2 (/Users/mbp2019/Desktop/Development/workpick/dist/main.js:6330:7)
    at __webpack_require__ (/Users/mbp2019/Desktop/Development/workpick/dist/main.js:9034:33)
    at fn (/Users/mbp2019/Desktop/Development/workpick/dist/main.js:9141:21)
    at Object.<anonymous> (/Users/mbp2019/Desktop/Development/workpick/dist/main.js:5985:14)
    at __webpack_require__ (/Users/mbp2019/Desktop/Development/workpick/dist/main.js:9034:33)
    at fn (/Users/mbp2019/Desktop/Development/workpick/dist/main.js:9141:21)
    at Object.<anonymous> (/Users/mbp2019/Desktop/Development/workpick/dist/main.js:5899:24)
    at __webpack_require__ (/Users/mbp2019/Desktop/Development/workpick/dist/main.js:9034:33)
    at fn (/Users/mbp2019/Desktop/Development/workpick/dist/main.js:9141:21)
    at Object.<anonymous> (/Users/mbp2019/Desktop/Development/workpick/dist/main.js:5867:14) {"date":"Mon Nov 13 2023 11:29:05 GMT+0900 (Korean Standard Time)","error":{},"exception":true,"os":{"loadavg":[3.37548828125,3.66552734375,3.80419921875],"uptime":3103571},"process":{"argv":["/Users/mbp2019/.nvm/versions/node/v16.19.1/bin/node","/Users/mbp2019/Desktop/Development/workpick/dist/main.js"],"cwd":"/Users/mbp2019/Desktop/Development/workpick","execPath":"/Users/mbp2019/.nvm/versions/node/v16.19.1/bin/node","gid":20,"memoryUsage":{"arrayBuffers":247025,"external":14605114,"heapTotal":85131264,"heapUsed":57026456,"rss":132399104},"pid":37090,"uid":503,"version":"v16.19.1"},"stack":"Error: Module parse failed: Unexpected token (170:26)\nFile was processed with these loaders:\n * ./node_modules/ts-loader/index.js\nYou may need an additional loader to handle the result of these loaders.\n|                     endTime,\n|                     status,\n>                     Math, : .floor(totalHours),\n|                     totalPay,\n|                 });\n    at Object.create.k2 (/Users/mbp2019/Desktop/Development/workpick/dist/main.js:6330:7)\n    at __webpack_require__ (/Users/mbp2019/Desktop/Development/workpick/dist/main.js:9034:33)\n    at fn (/Users/mbp2019/Desktop/Development/workpick/dist/main.js:9141:21)\n    at Object.<anonymous> (/Users/mbp2019/Desktop/Development/workpick/dist/main.js:5985:14)\n    at __webpack_require__ (/Users/mbp2019/Desktop/Development/workpick/dist/main.js:9034:33)\n    at fn (/Users/mbp2019/Desktop/Development/workpick/dist/main.js:9141:21)\n    at Object.<anonymous> (/Users/mbp2019/Desktop/Development/workpick/dist/main.js:5899:24)\n    at __webpack_require__ (/Users/mbp2019/Desktop/Development/workpick/dist/main.js:9034:33)\n    at fn (/Users/mbp2019/Desktop/Development/workpick/dist/main.js:9141:21)\n    at Object.<anonymous> (/Users/mbp2019/Desktop/Development/workpick/dist/main.js:5867:14)","timestamp":"2023/11/13 11:29:05","trace":[{"column":7,"file":"/Users/mbp2019/Desktop/Development/workpick/dist/main.js","function":"Object.create.k2","line":6330,"method":"k2","native":false},{"column":33,"file":"/Users/mbp2019/Desktop/Development/workpick/dist/main.js","function":"__webpack_require__","line":9034,"method":null,"native":false},{"column":21,"file":"/Users/mbp2019/Desktop/Development/workpick/dist/main.js","function":"fn","line":9141,"method":null,"native":false},{"column":14,"file":"/Users/mbp2019/Desktop/Development/workpick/dist/main.js","function":null,"line":5985,"method":null,"native":false},{"column":33,"file":"/Users/mbp2019/Desktop/Development/workpick/dist/main.js","function":"__webpack_require__","line":9034,"method":null,"native":false},{"column":21,"file":"/Users/mbp2019/Desktop/Development/workpick/dist/main.js","function":"fn","line":9141,"method":null,"native":false},{"column":24,"file":"/Users/mbp2019/Desktop/Development/workpick/dist/main.js","function":null,"line":5899,"method":null,"native":false},{"column":33,"file":"/Users/mbp2019/Desktop/Development/workpick/dist/main.js","function":"__webpack_require__","line":9034,"method":null,"native":false},{"column":21,"file":"/Users/mbp2019/Desktop/Development/workpick/dist/main.js","function":"fn","line":9141,"method":null,"native":false},{"column":14,"file":"/Users/mbp2019/Desktop/Development/workpick/dist/main.js","function":null,"line":5867,"method":null,"native":false}]}
info: Nest.js API-Server ready to http://localhost:3000/ {"timestamp":"2023/11/13 11:29:40"}
info: Nest.js API-Server ready to http://localhost:3000/ {"timestamp":"2023/11/13 11:30:10"}
info: Nest.js API-Server ready to http://localhost:3000/ {"timestamp":"2023/11/13 11:30:34"}
debug: [REQ] ::1 POST 200 : /api/v1/calendar/save {"timestamp":"2023/11/13 11:30:38"}
debug: [REQ] ::1 POST 403 : /api/v1/main/calculate-salary {"timestamp":"2023/11/13 11:30:53"}
debug: [REQ] ::1 POST 200 : /api/v1/main/calculate-salary {"timestamp":"2023/11/13 11:31:01"}
info: Nest.js API-Server ready to http://localhost:3000/ {"timestamp":"2023/11/13 11:38:29"}
info: Nest.js API-Server ready to http://localhost:3000/ {"timestamp":"2023/11/13 11:39:06"}
info: Nest.js API-Server ready to http://localhost:3000/ {"timestamp":"2023/11/13 16:49:29"}
debug: [REQ] ::1 POST 200 : /api/v1/main/calculate-salary {"timestamp":"2023/11/13 16:49:40"}
debug: [REQ] ::1 POST 200 : /api/v1/main/calculate-salary {"timestamp":"2023/11/13 16:49:41"}
info: Nest.js API-Server ready to http://localhost:3000/ {"timestamp":"2023/11/13 16:53:36"}
info: Nest.js API-Server ready to http://localhost:3000/ {"timestamp":"2023/11/13 16:53:43"}
info: Nest.js API-Server ready to http://localhost:3000/ {"timestamp":"2023/11/13 16:54:22"}
debug: [REQ] ::1 POST 200 : /api/v1/main/calculate-salary {"timestamp":"2023/11/13 16:54:25"}
info: Nest.js API-Server ready to http://localhost:3000/ {"timestamp":"2023/11/13 16:54:49"}
info: Nest.js API-Server ready to http://localhost:3000/ {"timestamp":"2023/11/13 16:54:51"}
info: Nest.js API-Server ready to http://localhost:3000/ {"timestamp":"2023/11/13 16:55:34"}
info: Nest.js API-Server ready to http://localhost:3000/ {"timestamp":"2023/11/13 16:55:42"}
info: Nest.js API-Server ready to http://localhost:3000/ {"timestamp":"2023/11/13 16:57:16"}
info: Nest.js API-Server ready to http://localhost:3000/ {"timestamp":"2023/11/13 16:57:19"}
info: Nest.js API-Server ready to http://localhost:3000/ {"timestamp":"2023/11/13 16:57:25"}
info: Nest.js API-Server ready to http://localhost:3000/ {"timestamp":"2023/11/13 16:57:27"}
info: Nest.js API-Server ready to http://localhost:3000/ {"timestamp":"2023/11/13 16:57:34"}
info: Nest.js API-Server ready to http://localhost:3000/ {"timestamp":"2023/11/13 16:57:59"}
info: Nest.js API-Server ready to http://localhost:3000/ {"timestamp":"2023/11/13 16:58:18"}
info: Nest.js API-Server ready to http://localhost:3000/ {"timestamp":"2023/11/13 16:58:20"}
info: Nest.js API-Server ready to http://localhost:3000/ {"timestamp":"2023/11/13 16:58:29"}
info: Nest.js API-Server ready to http://localhost:3000/ {"timestamp":"2023/11/13 16:58:43"}
info: Nest.js API-Server ready to http://localhost:3000/ {"timestamp":"2023/11/13 16:59:06"}
info: Nest.js API-Server ready to http://localhost:3000/ {"timestamp":"2023/11/13 16:59:09"}
info: Nest.js API-Server ready to http://localhost:3000/ {"timestamp":"2023/11/13 16:59:30"}
info: Nest.js API-Server ready to http://localhost:3000/ {"timestamp":"2023/11/13 16:59:42"}
info: Nest.js API-Server ready to http://localhost:3000/ {"timestamp":"2023/11/13 16:59:46"}
info: Nest.js API-Server ready to http://localhost:3000/ {"timestamp":"2023/11/13 16:59:48"}
info: Nest.js API-Server ready to http://localhost:3000/ {"timestamp":"2023/11/13 16:59:54"}
info: Nest.js API-Server ready to http://localhost:3000/ {"timestamp":"2023/11/13 17:00:15"}
info: Nest.js API-Server ready to http://localhost:3000/ {"timestamp":"2023/11/13 17:00:19"}
info: Nest.js API-Server ready to http://localhost:3000/ {"timestamp":"2023/11/13 17:00:26"}
debug: [REQ] ::1 POST 200 : /api/v1/main/calculate-salary {"timestamp":"2023/11/13 17:00:43"}
info: Nest.js API-Server ready to http://localhost:3000/ {"timestamp":"2023/11/13 17:01:12"}
debug: [REQ] ::1 POST 200 : /api/v1/main/calculate-salary {"timestamp":"2023/11/13 17:01:15"}
debug: [REQ] ::1 POST 200 : /api/v1/main/calculate-salary {"timestamp":"2023/11/13 17:01:17"}
info: Nest.js API-Server ready to http://localhost:3000/ {"timestamp":"2023/11/13 17:01:41"}
info: Nest.js API-Server ready to http://localhost:3000/ {"timestamp":"2023/11/13 17:02:07"}
info: Nest.js API-Server ready to http://localhost:3000/ {"timestamp":"2023/11/13 17:02:10"}
info: Nest.js API-Server ready to http://localhost:3000/ {"timestamp":"2023/11/13 17:02:23"}
info: Nest.js API-Server ready to http://localhost:3000/ {"timestamp":"2023/11/13 17:02:25"}
info: Nest.js API-Server ready to http://localhost:3000/ {"timestamp":"2023/11/13 17:02:41"}
debug: [REQ] ::1 POST 200 : /api/v1/main/calculate-salary {"timestamp":"2023/11/13 17:02:44"}
info: Nest.js API-Server ready to http://localhost:3000/ {"timestamp":"2023/11/13 17:03:05"}
debug: [REQ] ::1 POST 200 : /api/v1/main/calculate-salary {"timestamp":"2023/11/13 17:03:20"}
debug: [REQ] ::1 POST 200 : /api/v1/main/calculate-salary {"timestamp":"2023/11/13 17:03:26"}
debug: [REQ] ::1 POST 200 : /api/v1/main/calculate-salary {"timestamp":"2023/11/13 17:03:31"}
debug: [REQ] ::1 POST 200 : /api/v1/main/calculate-salary {"timestamp":"2023/11/13 17:03:32"}
debug: [REQ] ::1 POST 200 : /api/v1/main/calculate-salary {"timestamp":"2023/11/13 17:03:36"}
info: Nest.js API-Server ready to http://localhost:3000/ {"timestamp":"2023/11/13 17:06:25"}
debug: [REQ] ::1 POST 200 : /api/v1/main/calculate-salary {"timestamp":"2023/11/13 17:06:26"}
debug: [REQ] ::1 POST 200 : /api/v1/main/calculate-salary {"timestamp":"2023/11/13 17:06:28"}
