info: Nest.js API-Server ready to http://localhost:3000/ {"timestamp":"2023/10/7 20:11:36"}
debug: [REQ] ::1 POST 200 : /api/v1/users/social {"timestamp":"2023/10/7 20:12:05"}
debug: [REQ] ::1 POST 404 : /api/v1/work/save {"timestamp":"2023/10/7 20:12:13"}
debug: [REQ] ::1 POST 404 : /api/v1/work/save {"timestamp":"2023/10/7 20:12:14"}
info: Nest.js API-Server ready to http://localhost:3000/ {"timestamp":"2023/10/7 20:12:25"}
debug: [REQ] ::1 POST 404 : /api/v1/work/save {"timestamp":"2023/10/7 20:12:28"}
info: Nest.js API-Server ready to http://localhost:3000/ {"timestamp":"2023/10/7 20:13:12"}
info: Nest.js API-Server ready to http://localhost:3000/ {"timestamp":"2023/10/7 20:18:25"}
info: Nest.js API-Server ready to http://localhost:3000/ {"timestamp":"2023/10/7 20:21:42"}
error: uncaughtException: Cannot find module '../user/user.repository'
Error: Cannot find module '../user/user.repository'
    at webpackMissingModule (/Users/mbp2019/Desktop/Development/workpick2/dist/main.js:6411:83)
    at Object.<anonymous> (/Users/mbp2019/Desktop/Development/workpick2/dist/main.js:6411:181)
    at __webpack_require__ (/Users/mbp2019/Desktop/Development/workpick2/dist/main.js:6729:33)
    at fn (/Users/mbp2019/Desktop/Development/workpick2/dist/main.js:6836:21)
    at Object.<anonymous> (/Users/mbp2019/Desktop/Development/workpick2/dist/main.js:6356:24)
    at __webpack_require__ (/Users/mbp2019/Desktop/Development/workpick2/dist/main.js:6729:33)
    at fn (/Users/mbp2019/Desktop/Development/workpick2/dist/main.js:6836:21)
    at Object.<anonymous> (/Users/mbp2019/Desktop/Development/workpick2/dist/main.js:6324:14)
    at __webpack_require__ (/Users/mbp2019/Desktop/Development/workpick2/dist/main.js:6729:33)
    at fn (/Users/mbp2019/Desktop/Development/workpick2/dist/main.js:6836:21) {"date":"Sat Oct 07 2023 20:22:38 GMT+0900 (Korean Standard Time)","error":{"code":"MODULE_NOT_FOUND"},"exception":true,"os":{"loadavg":[2.38671875,2.44921875,2.55029296875],"uptime":431634},"process":{"argv":["/Users/mbp2019/.nvm/versions/node/v16.19.1/bin/node","/Users/mbp2019/Desktop/Development/workpick2/dist/main.js"],"cwd":"/Users/mbp2019/Desktop/Development/workpick2","execPath":"/Users/mbp2019/.nvm/versions/node/v16.19.1/bin/node","gid":20,"memoryUsage":{"arrayBuffers":311197,"external":12622710,"heapTotal":90161152,"heapUsed":51653048,"rss":132825088},"pid":47535,"uid":503,"version":"v16.19.1"},"stack":"Error: Cannot find module '../user/user.repository'\n    at webpackMissingModule (/Users/mbp2019/Desktop/Development/workpick2/dist/main.js:6411:83)\n    at Object.<anonymous> (/Users/mbp2019/Desktop/Development/workpick2/dist/main.js:6411:181)\n    at __webpack_require__ (/Users/mbp2019/Desktop/Development/workpick2/dist/main.js:6729:33)\n    at fn (/Users/mbp2019/Desktop/Development/workpick2/dist/main.js:6836:21)\n    at Object.<anonymous> (/Users/mbp2019/Desktop/Development/workpick2/dist/main.js:6356:24)\n    at __webpack_require__ (/Users/mbp2019/Desktop/Development/workpick2/dist/main.js:6729:33)\n    at fn (/Users/mbp2019/Desktop/Development/workpick2/dist/main.js:6836:21)\n    at Object.<anonymous> (/Users/mbp2019/Desktop/Development/workpick2/dist/main.js:6324:14)\n    at __webpack_require__ (/Users/mbp2019/Desktop/Development/workpick2/dist/main.js:6729:33)\n    at fn (/Users/mbp2019/Desktop/Development/workpick2/dist/main.js:6836:21)","timestamp":"2023/10/7 20:22:38","trace":[{"column":83,"file":"/Users/mbp2019/Desktop/Development/workpick2/dist/main.js","function":"webpackMissingModule","line":6411,"method":null,"native":false},{"column":181,"file":"/Users/mbp2019/Desktop/Development/workpick2/dist/main.js","function":null,"line":6411,"method":null,"native":false},{"column":33,"file":"/Users/mbp2019/Desktop/Development/workpick2/dist/main.js","function":"__webpack_require__","line":6729,"method":null,"native":false},{"column":21,"file":"/Users/mbp2019/Desktop/Development/workpick2/dist/main.js","function":"fn","line":6836,"method":null,"native":false},{"column":24,"file":"/Users/mbp2019/Desktop/Development/workpick2/dist/main.js","function":null,"line":6356,"method":null,"native":false},{"column":33,"file":"/Users/mbp2019/Desktop/Development/workpick2/dist/main.js","function":"__webpack_require__","line":6729,"method":null,"native":false},{"column":21,"file":"/Users/mbp2019/Desktop/Development/workpick2/dist/main.js","function":"fn","line":6836,"method":null,"native":false},{"column":14,"file":"/Users/mbp2019/Desktop/Development/workpick2/dist/main.js","function":null,"line":6324,"method":null,"native":false},{"column":33,"file":"/Users/mbp2019/Desktop/Development/workpick2/dist/main.js","function":"__webpack_require__","line":6729,"method":null,"native":false},{"column":21,"file":"/Users/mbp2019/Desktop/Development/workpick2/dist/main.js","function":"fn","line":6836,"method":null,"native":false}]}
error: uncaughtException: Cannot find module '../../users/repositories/user.repository'
Error: Cannot find module '../../users/repositories/user.repository'
    at webpackMissingModule (/Users/mbp2019/Desktop/Development/workpick2/dist/main.js:6411:83)
    at Object.<anonymous> (/Users/mbp2019/Desktop/Development/workpick2/dist/main.js:6411:198)
    at __webpack_require__ (/Users/mbp2019/Desktop/Development/workpick2/dist/main.js:6729:33)
    at fn (/Users/mbp2019/Desktop/Development/workpick2/dist/main.js:6836:21)
    at Object.<anonymous> (/Users/mbp2019/Desktop/Development/workpick2/dist/main.js:6356:24)
    at __webpack_require__ (/Users/mbp2019/Desktop/Development/workpick2/dist/main.js:6729:33)
    at fn (/Users/mbp2019/Desktop/Development/workpick2/dist/main.js:6836:21)
    at Object.<anonymous> (/Users/mbp2019/Desktop/Development/workpick2/dist/main.js:6324:14)
    at __webpack_require__ (/Users/mbp2019/Desktop/Development/workpick2/dist/main.js:6729:33)
    at fn (/Users/mbp2019/Desktop/Development/workpick2/dist/main.js:6836:21) {"date":"Sat Oct 07 2023 20:22:56 GMT+0900 (Korean Standard Time)","error":{"code":"MODULE_NOT_FOUND"},"exception":true,"os":{"loadavg":[2.095703125,2.3720703125,2.51904296875],"uptime":431652},"process":{"argv":["/Users/mbp2019/.nvm/versions/node/v16.19.1/bin/node","/Users/mbp2019/Desktop/Development/workpick2/dist/main.js"],"cwd":"/Users/mbp2019/Desktop/Development/workpick2","execPath":"/Users/mbp2019/.nvm/versions/node/v16.19.1/bin/node","gid":20,"memoryUsage":{"arrayBuffers":1522906,"external":12623018,"heapTotal":86507520,"heapUsed":66804544,"rss":133824512},"pid":47572,"uid":503,"version":"v16.19.1"},"stack":"Error: Cannot find module '../../users/repositories/user.repository'\n    at webpackMissingModule (/Users/mbp2019/Desktop/Development/workpick2/dist/main.js:6411:83)\n    at Object.<anonymous> (/Users/mbp2019/Desktop/Development/workpick2/dist/main.js:6411:198)\n    at __webpack_require__ (/Users/mbp2019/Desktop/Development/workpick2/dist/main.js:6729:33)\n    at fn (/Users/mbp2019/Desktop/Development/workpick2/dist/main.js:6836:21)\n    at Object.<anonymous> (/Users/mbp2019/Desktop/Development/workpick2/dist/main.js:6356:24)\n    at __webpack_require__ (/Users/mbp2019/Desktop/Development/workpick2/dist/main.js:6729:33)\n    at fn (/Users/mbp2019/Desktop/Development/workpick2/dist/main.js:6836:21)\n    at Object.<anonymous> (/Users/mbp2019/Desktop/Development/workpick2/dist/main.js:6324:14)\n    at __webpack_require__ (/Users/mbp2019/Desktop/Development/workpick2/dist/main.js:6729:33)\n    at fn (/Users/mbp2019/Desktop/Development/workpick2/dist/main.js:6836:21)","timestamp":"2023/10/7 20:22:56","trace":[{"column":83,"file":"/Users/mbp2019/Desktop/Development/workpick2/dist/main.js","function":"webpackMissingModule","line":6411,"method":null,"native":false},{"column":198,"file":"/Users/mbp2019/Desktop/Development/workpick2/dist/main.js","function":null,"line":6411,"method":null,"native":false},{"column":33,"file":"/Users/mbp2019/Desktop/Development/workpick2/dist/main.js","function":"__webpack_require__","line":6729,"method":null,"native":false},{"column":21,"file":"/Users/mbp2019/Desktop/Development/workpick2/dist/main.js","function":"fn","line":6836,"method":null,"native":false},{"column":24,"file":"/Users/mbp2019/Desktop/Development/workpick2/dist/main.js","function":null,"line":6356,"method":null,"native":false},{"column":33,"file":"/Users/mbp2019/Desktop/Development/workpick2/dist/main.js","function":"__webpack_require__","line":6729,"method":null,"native":false},{"column":21,"file":"/Users/mbp2019/Desktop/Development/workpick2/dist/main.js","function":"fn","line":6836,"method":null,"native":false},{"column":14,"file":"/Users/mbp2019/Desktop/Development/workpick2/dist/main.js","function":null,"line":6324,"method":null,"native":false},{"column":33,"file":"/Users/mbp2019/Desktop/Development/workpick2/dist/main.js","function":"__webpack_require__","line":6729,"method":null,"native":false},{"column":21,"file":"/Users/mbp2019/Desktop/Development/workpick2/dist/main.js","function":"fn","line":6836,"method":null,"native":false}]}
info: Nest.js API-Server ready to http://localhost:3000/ {"timestamp":"2023/10/7 20:23:09"}
info: Nest.js API-Server ready to http://localhost:3000/ {"timestamp":"2023/10/7 20:23:35"}
debug: [REQ] ::1 POST 403 : /api/v1/work/save {"timestamp":"2023/10/7 20:23:41"}
info: Nest.js API-Server ready to http://localhost:3000/ {"timestamp":"2023/10/7 20:24:03"}
debug: [REQ] ::1 POST 403 : /api/v1/work/save {"timestamp":"2023/10/7 20:24:05"}
info: Nest.js API-Server ready to http://localhost:3000/ {"timestamp":"2023/10/7 20:24:32"}
debug: [REQ] ::1 POST 403 : /api/v1/work/save {"timestamp":"2023/10/7 20:24:32"}
info: Nest.js API-Server ready to http://localhost:3000/ {"timestamp":"2023/10/7 20:24:46"}
debug: [REQ] ::1 POST 403 : /api/v1/work/save {"timestamp":"2023/10/7 20:24:46"}
info: Nest.js API-Server ready to http://localhost:3000/ {"timestamp":"2023/10/7 20:27:04"}
info: Nest.js API-Server ready to http://localhost:3000/ {"timestamp":"2023/10/7 20:27:07"}
debug: [REQ] ::1 POST 200 : /api/v1/users/social {"timestamp":"2023/10/7 20:27:29"}
info: Nest.js API-Server ready to http://localhost:3000/ {"timestamp":"2023/10/7 20:27:54"}
debug: [REQ] ::1 POST 200 : /api/v1/users/social {"timestamp":"2023/10/7 20:27:55"}
info: Nest.js API-Server ready to http://localhost:3000/ {"timestamp":"2023/10/7 20:28:15"}
debug: [REQ] ::1 POST 200 : /api/v1/users/social {"timestamp":"2023/10/7 20:28:18"}
info: Nest.js API-Server ready to http://localhost:3000/ {"timestamp":"2023/10/7 20:28:30"}
debug: [REQ] ::1 POST 200 : /api/v1/users/social {"timestamp":"2023/10/7 20:28:31"}
info: Nest.js API-Server ready to http://localhost:3000/ {"timestamp":"2023/10/7 20:28:50"}
info: Nest.js API-Server ready to http://localhost:3000/ {"timestamp":"2023/10/7 20:29:01"}
debug: [REQ] ::1 POST 200 : /api/v1/users/social {"timestamp":"2023/10/7 20:29:03"}
info: Nest.js API-Server ready to http://localhost:3000/ {"timestamp":"2023/10/7 20:29:16"}
debug: [REQ] ::1 POST 200 : /api/v1/users/social {"timestamp":"2023/10/7 20:29:17"}
info: Nest.js API-Server ready to http://localhost:3000/ {"timestamp":"2023/10/7 20:29:32"}
debug: [REQ] ::1 POST 200 : /api/v1/users/social {"timestamp":"2023/10/7 20:29:33"}
info: Nest.js API-Server ready to http://localhost:3000/ {"timestamp":"2023/10/7 20:29:45"}
debug: [REQ] ::1 POST 200 : /api/v1/users/social {"timestamp":"2023/10/7 20:29:46"}
info: Nest.js API-Server ready to http://localhost:3000/ {"timestamp":"2023/10/7 20:29:59"}
info: Nest.js API-Server ready to http://localhost:3000/ {"timestamp":"2023/10/7 20:30:02"}
info: Nest.js API-Server ready to http://localhost:3000/ {"timestamp":"2023/10/7 20:30:12"}
debug: [REQ] ::1 POST 200 : /api/v1/users/social {"timestamp":"2023/10/7 20:30:14"}
debug: [REQ] ::1 POST 200 : /api/v1/work/save {"timestamp":"2023/10/7 20:30:37"}
info: Nest.js API-Server ready to http://localhost:3000/ {"timestamp":"2023/10/7 20:32:30"}
info: Nest.js API-Server ready to http://localhost:3000/ {"timestamp":"2023/10/7 20:33:00"}
info: Nest.js API-Server ready to http://localhost:3000/ {"timestamp":"2023/10/7 20:33:06"}
info: Nest.js API-Server ready to http://localhost:3000/ {"timestamp":"2023/10/7 20:33:10"}
info: Nest.js API-Server ready to http://localhost:3000/ {"timestamp":"2023/10/7 20:33:17"}
info: Nest.js API-Server ready to http://localhost:3000/ {"timestamp":"2023/10/7 20:33:19"}
info: Nest.js API-Server ready to http://localhost:3000/ {"timestamp":"2023/10/7 20:33:27"}
info: Nest.js API-Server ready to http://localhost:3000/ {"timestamp":"2023/10/7 20:33:30"}
info: Nest.js API-Server ready to http://localhost:3000/ {"timestamp":"2023/10/7 20:33:43"}
info: Nest.js API-Server ready to http://localhost:3000/ {"timestamp":"2023/10/7 20:34:43"}
info: Nest.js API-Server ready to http://localhost:3000/ {"timestamp":"2023/10/7 20:36:08"}
info: Nest.js API-Server ready to http://localhost:3000/ {"timestamp":"2023/10/7 20:36:17"}
info: Nest.js API-Server ready to http://localhost:3000/ {"timestamp":"2023/10/7 20:36:20"}
info: Nest.js API-Server ready to http://localhost:3000/ {"timestamp":"2023/10/7 20:36:23"}
info: Nest.js API-Server ready to http://localhost:3000/ {"timestamp":"2023/10/7 20:37:42"}
info: Nest.js API-Server ready to http://localhost:3000/ {"timestamp":"2023/10/7 20:39:25"}
info: Nest.js API-Server ready to http://localhost:3000/ {"timestamp":"2023/10/7 20:39:53"}
info: Nest.js API-Server ready to http://localhost:3000/ {"timestamp":"2023/10/7 20:40:02"}
info: Nest.js API-Server ready to http://localhost:3000/ {"timestamp":"2023/10/7 20:40:10"}
info: Nest.js API-Server ready to http://localhost:3000/ {"timestamp":"2023/10/7 20:40:12"}
info: Nest.js API-Server ready to http://localhost:3000/ {"timestamp":"2023/10/7 20:40:33"}
info: Nest.js API-Server ready to http://localhost:3000/ {"timestamp":"2023/10/7 20:40:35"}
info: Nest.js API-Server ready to http://localhost:3000/ {"timestamp":"2023/10/7 20:40:50"}
debug: [REQ] ::1 POST 200 : /api/v1/work/save {"timestamp":"2023/10/7 20:41:02"}
info: Nest.js API-Server ready to http://localhost:3000/ {"timestamp":"2023/10/7 20:41:57"}
info: Nest.js API-Server ready to http://localhost:3000/ {"timestamp":"2023/10/7 20:42:07"}
info: Nest.js API-Server ready to http://localhost:3000/ {"timestamp":"2023/10/7 20:42:21"}
info: Nest.js API-Server ready to http://localhost:3000/ {"timestamp":"2023/10/7 20:42:24"}
info: Nest.js API-Server ready to http://localhost:3000/ {"timestamp":"2023/10/7 20:42:27"}
info: Nest.js API-Server ready to http://localhost:3000/ {"timestamp":"2023/10/7 20:43:11"}
info: Nest.js API-Server ready to http://localhost:3000/ {"timestamp":"2023/10/7 20:43:39"}
info: Nest.js API-Server ready to http://localhost:3000/ {"timestamp":"2023/10/7 20:44:27"}
info: Nest.js API-Server ready to http://localhost:3000/ {"timestamp":"2023/10/7 20:44:46"}
info: Nest.js API-Server ready to http://localhost:3000/ {"timestamp":"2023/10/7 20:44:58"}
info: Nest.js API-Server ready to http://localhost:3000/ {"timestamp":"2023/10/7 20:45:04"}
info: Nest.js API-Server ready to http://localhost:3000/ {"timestamp":"2023/10/7 20:45:37"}
info: Nest.js API-Server ready to http://localhost:3000/ {"timestamp":"2023/10/7 20:45:55"}
info: Nest.js API-Server ready to http://localhost:3000/ {"timestamp":"2023/10/7 20:45:58"}
info: Nest.js API-Server ready to http://localhost:3000/ {"timestamp":"2023/10/7 20:46:08"}
info: Nest.js API-Server ready to http://localhost:3000/ {"timestamp":"2023/10/7 20:46:55"}
info: Nest.js API-Server ready to http://localhost:3000/ {"timestamp":"2023/10/7 20:47:03"}
info: Nest.js API-Server ready to http://localhost:3000/ {"timestamp":"2023/10/7 20:47:13"}
info: Nest.js API-Server ready to http://localhost:3000/ {"timestamp":"2023/10/7 20:47:15"}
info: Nest.js API-Server ready to http://localhost:3000/ {"timestamp":"2023/10/7 20:47:19"}
info: Nest.js API-Server ready to http://localhost:3000/ {"timestamp":"2023/10/7 20:48:20"}
info: Nest.js API-Server ready to http://localhost:3000/ {"timestamp":"2023/10/7 20:48:25"}
info: Nest.js API-Server ready to http://localhost:3000/ {"timestamp":"2023/10/7 20:48:29"}
info: Nest.js API-Server ready to http://localhost:3000/ {"timestamp":"2023/10/7 20:48:30"}
info: Nest.js API-Server ready to http://localhost:3000/ {"timestamp":"2023/10/7 20:48:36"}
info: Nest.js API-Server ready to http://localhost:3000/ {"timestamp":"2023/10/7 20:48:45"}
info: Nest.js API-Server ready to http://localhost:3000/ {"timestamp":"2023/10/7 20:48:56"}
info: Nest.js API-Server ready to http://localhost:3000/ {"timestamp":"2023/10/7 20:49:03"}
debug: [REQ] ::1 POST 200 : /api/v1/work/save {"timestamp":"2023/10/7 20:49:10"}
info: Nest.js API-Server ready to http://localhost:3000/ {"timestamp":"2023/10/7 20:49:29"}
info: Nest.js API-Server ready to http://localhost:3000/ {"timestamp":"2023/10/7 20:50:43"}
info: Nest.js API-Server ready to http://localhost:3000/ {"timestamp":"2023/10/7 20:50:48"}
debug: [REQ] ::1 POST 200 : /api/v1/work/save {"timestamp":"2023/10/7 20:52:09"}
info: Nest.js API-Server ready to http://localhost:3000/ {"timestamp":"2023/10/7 20:54:40"}
info: Nest.js API-Server ready to http://localhost:3000/ {"timestamp":"2023/10/7 20:54:42"}
info: Nest.js API-Server ready to http://localhost:3000/ {"timestamp":"2023/10/7 20:54:48"}
info: Nest.js API-Server ready to http://localhost:3000/ {"timestamp":"2023/10/7 20:55:16"}
info: Nest.js API-Server ready to http://localhost:3000/ {"timestamp":"2023/10/7 20:55:19"}
info: Nest.js API-Server ready to http://localhost:3000/ {"timestamp":"2023/10/7 20:55:23"}
info: Nest.js API-Server ready to http://localhost:3000/ {"timestamp":"2023/10/7 20:55:25"}
info: Nest.js API-Server ready to http://localhost:3000/ {"timestamp":"2023/10/7 20:55:30"}
info: Nest.js API-Server ready to http://localhost:3000/ {"timestamp":"2023/10/7 20:55:36"}
info: Nest.js API-Server ready to http://localhost:3000/ {"timestamp":"2023/10/7 20:55:49"}
info: Nest.js API-Server ready to http://localhost:3000/ {"timestamp":"2023/10/7 20:55:53"}
info: Nest.js API-Server ready to http://localhost:3000/ {"timestamp":"2023/10/7 20:55:56"}
info: Nest.js API-Server ready to http://localhost:3000/ {"timestamp":"2023/10/7 20:56:04"}
info: Nest.js API-Server ready to http://localhost:3000/ {"timestamp":"2023/10/7 20:56:09"}
info: Nest.js API-Server ready to http://localhost:3000/ {"timestamp":"2023/10/7 20:56:25"}
info: Nest.js API-Server ready to http://localhost:3000/ {"timestamp":"2023/10/7 20:56:31"}
info: Nest.js API-Server ready to http://localhost:3000/ {"timestamp":"2023/10/7 20:56:39"}
info: Nest.js API-Server ready to http://localhost:3000/ {"timestamp":"2023/10/7 20:58:03"}
info: Nest.js API-Server ready to http://localhost:3000/ {"timestamp":"2023/10/7 20:58:38"}
debug: [REQ] ::1 POST 200 : /api/v1/work/save {"timestamp":"2023/10/7 20:58:42"}
info: Nest.js API-Server ready to http://localhost:3000/ {"timestamp":"2023/10/7 20:58:56"}
info: Nest.js API-Server ready to http://localhost:3000/ {"timestamp":"2023/10/7 20:58:58"}
info: Nest.js API-Server ready to http://localhost:3000/ {"timestamp":"2023/10/7 20:59:18"}
info: Nest.js API-Server ready to http://localhost:3000/ {"timestamp":"2023/10/7 20:59:22"}
debug: [REQ] ::1 POST 200 : /api/v1/work/save {"timestamp":"2023/10/7 20:59:24"}
info: Nest.js API-Server ready to http://localhost:3000/ {"timestamp":"2023/10/7 20:59:49"}
debug: [REQ] ::1 POST 200 : /api/v1/work/save {"timestamp":"2023/10/7 20:59:49"}
info: Nest.js API-Server ready to http://localhost:3000/ {"timestamp":"2023/10/7 20:59:58"}
debug: [REQ] ::1 POST 200 : /api/v1/work/save {"timestamp":"2023/10/7 21:00:00"}
info: Nest.js API-Server ready to http://localhost:3000/ {"timestamp":"2023/10/7 21:00:13"}
info: Nest.js API-Server ready to http://localhost:3000/ {"timestamp":"2023/10/7 21:00:33"}
info: Nest.js API-Server ready to http://localhost:3000/ {"timestamp":"2023/10/7 21:00:44"}
info: Nest.js API-Server ready to http://localhost:3000/ {"timestamp":"2023/10/7 21:01:09"}
info: Nest.js API-Server ready to http://localhost:3000/ {"timestamp":"2023/10/7 21:01:23"}
info: Nest.js API-Server ready to http://localhost:3000/ {"timestamp":"2023/10/7 21:02:13"}
info: Nest.js API-Server ready to http://localhost:3000/ {"timestamp":"2023/10/7 21:02:18"}
info: Nest.js API-Server ready to http://localhost:3000/ {"timestamp":"2023/10/7 21:02:35"}
info: Nest.js API-Server ready to http://localhost:3000/ {"timestamp":"2023/10/7 21:02:46"}
info: Nest.js API-Server ready to http://localhost:3000/ {"timestamp":"2023/10/7 21:02:47"}
info: Nest.js API-Server ready to http://localhost:3000/ {"timestamp":"2023/10/7 21:03:51"}
info: Nest.js API-Server ready to http://localhost:3000/ {"timestamp":"2023/10/7 21:03:56"}
info: Nest.js API-Server ready to http://localhost:3000/ {"timestamp":"2023/10/7 21:04:01"}
info: Nest.js API-Server ready to http://localhost:3000/ {"timestamp":"2023/10/7 21:04:03"}
info: Nest.js API-Server ready to http://localhost:3000/ {"timestamp":"2023/10/7 21:04:06"}
debug: [REQ] ::1 POST 500 : /api/v1/work/save {"timestamp":"2023/10/7 21:04:28"}
info: Nest.js API-Server ready to http://localhost:3000/ {"timestamp":"2023/10/7 21:05:20"}
debug: [REQ] ::1 POST 500 : /api/v1/work/save {"timestamp":"2023/10/7 21:05:21"}
info: Nest.js API-Server ready to http://localhost:3000/ {"timestamp":"2023/10/7 21:05:34"}
debug: [REQ] ::1 POST 500 : /api/v1/work/save {"timestamp":"2023/10/7 21:05:36"}
info: Nest.js API-Server ready to http://localhost:3000/ {"timestamp":"2023/10/7 21:06:40"}
info: Nest.js API-Server ready to http://localhost:3000/ {"timestamp":"2023/10/7 21:06:41"}
info: Nest.js API-Server ready to http://localhost:3000/ {"timestamp":"2023/10/7 21:06:45"}
info: Nest.js API-Server ready to http://localhost:3000/ {"timestamp":"2023/10/7 21:06:49"}
info: Nest.js API-Server ready to http://localhost:3000/ {"timestamp":"2023/10/7 21:06:52"}
info: Nest.js API-Server ready to http://localhost:3000/ {"timestamp":"2023/10/7 21:07:24"}
info: Nest.js API-Server ready to http://localhost:3000/ {"timestamp":"2023/10/7 21:07:38"}
info: Nest.js API-Server ready to http://localhost:3000/ {"timestamp":"2023/10/7 21:08:05"}
debug: [REQ] ::1 POST 500 : /api/v1/work/save {"timestamp":"2023/10/7 21:08:08"}
debug: [REQ] ::1 POST 500 : /api/v1/work/save {"timestamp":"2023/10/7 21:08:09"}
info: Nest.js API-Server ready to http://localhost:3000/ {"timestamp":"2023/10/7 21:09:18"}
info: Nest.js API-Server ready to http://localhost:3000/ {"timestamp":"2023/10/7 21:09:20"}
info: Nest.js API-Server ready to http://localhost:3000/ {"timestamp":"2023/10/7 21:09:25"}
info: Nest.js API-Server ready to http://localhost:3000/ {"timestamp":"2023/10/7 21:09:35"}
info: Nest.js API-Server ready to http://localhost:3000/ {"timestamp":"2023/10/7 21:09:52"}
info: Nest.js API-Server ready to http://localhost:3000/ {"timestamp":"2023/10/7 21:10:00"}
info: Nest.js API-Server ready to http://localhost:3000/ {"timestamp":"2023/10/7 21:10:03"}
info: Nest.js API-Server ready to http://localhost:3000/ {"timestamp":"2023/10/7 21:10:33"}
info: Nest.js API-Server ready to http://localhost:3000/ {"timestamp":"2023/10/7 21:10:49"}
info: Nest.js API-Server ready to http://localhost:3000/ {"timestamp":"2023/10/7 21:11:07"}
info: Nest.js API-Server ready to http://localhost:3000/ {"timestamp":"2023/10/7 21:11:24"}
info: Nest.js API-Server ready to http://localhost:3000/ {"timestamp":"2023/10/7 21:11:27"}
info: Nest.js API-Server ready to http://localhost:3000/ {"timestamp":"2023/10/7 21:11:42"}
info: Nest.js API-Server ready to http://localhost:3000/ {"timestamp":"2023/10/7 21:11:47"}
info: Nest.js API-Server ready to http://localhost:3000/ {"timestamp":"2023/10/7 21:12:12"}
info: Nest.js API-Server ready to http://localhost:3000/ {"timestamp":"2023/10/7 21:12:32"}
debug: [REQ] ::1 POST 200 : /api/v1/work/save {"timestamp":"2023/10/7 21:12:35"}
info: Nest.js API-Server ready to http://localhost:3000/ {"timestamp":"2023/10/7 21:18:45"}
info: Nest.js API-Server ready to http://localhost:3000/ {"timestamp":"2023/10/7 21:20:08"}
info: Nest.js API-Server ready to http://localhost:3000/ {"timestamp":"2023/10/7 21:20:48"}
info: Nest.js API-Server ready to http://localhost:3000/ {"timestamp":"2023/10/7 21:21:26"}
info: Nest.js API-Server ready to http://localhost:3000/ {"timestamp":"2023/10/7 21:22:28"}
info: Nest.js API-Server ready to http://localhost:3000/ {"timestamp":"2023/10/7 21:22:39"}
info: Nest.js API-Server ready to http://localhost:3000/ {"timestamp":"2023/10/7 21:22:41"}
info: Nest.js API-Server ready to http://localhost:3000/ {"timestamp":"2023/10/7 21:23:30"}
info: Nest.js API-Server ready to http://localhost:3000/ {"timestamp":"2023/10/7 21:23:35"}
info: Nest.js API-Server ready to http://localhost:3000/ {"timestamp":"2023/10/7 21:23:38"}
info: Nest.js API-Server ready to http://localhost:3000/ {"timestamp":"2023/10/7 21:23:53"}
info: Nest.js API-Server ready to http://localhost:3000/ {"timestamp":"2023/10/7 21:23:57"}
info: Nest.js API-Server ready to http://localhost:3000/ {"timestamp":"2023/10/7 21:24:03"}
info: Nest.js API-Server ready to http://localhost:3000/ {"timestamp":"2023/10/7 21:26:33"}
info: Nest.js API-Server ready to http://localhost:3000/ {"timestamp":"2023/10/7 21:26:47"}
info: Nest.js API-Server ready to http://localhost:3000/ {"timestamp":"2023/10/7 21:27:09"}
info: Nest.js API-Server ready to http://localhost:3000/ {"timestamp":"2023/10/7 21:27:26"}
info: Nest.js API-Server ready to http://localhost:3000/ {"timestamp":"2023/10/7 21:27:30"}
info: Nest.js API-Server ready to http://localhost:3000/ {"timestamp":"2023/10/7 21:27:32"}
info: Nest.js API-Server ready to http://localhost:3000/ {"timestamp":"2023/10/7 21:28:14"}
info: Nest.js API-Server ready to http://localhost:3000/ {"timestamp":"2023/10/7 21:28:17"}
info: Nest.js API-Server ready to http://localhost:3000/ {"timestamp":"2023/10/7 21:28:26"}
info: Nest.js API-Server ready to http://localhost:3000/ {"timestamp":"2023/10/7 21:28:29"}
info: Nest.js API-Server ready to http://localhost:3000/ {"timestamp":"2023/10/7 21:28:33"}
debug: [REQ] ::1 POST 200 : /api/v1/work/save {"timestamp":"2023/10/7 21:28:39"}
debug: [REQ] ::1 POST 200 : /api/v1/work/save {"timestamp":"2023/10/7 21:28:47"}
debug: [REQ] ::1 POST 200 : /api/v1/work/save {"timestamp":"2023/10/7 21:28:56"}
info: Nest.js API-Server ready to http://localhost:3000/ {"timestamp":"2023/10/7 21:29:58"}
debug: [REQ] ::1 POST 200 : /api/v1/work/save {"timestamp":"2023/10/7 21:30:00"}
debug: [REQ] ::1 POST 200 : /api/v1/work/save {"timestamp":"2023/10/7 21:30:16"}
debug: [REQ] ::1 POST 200 : /api/v1/work/save {"timestamp":"2023/10/7 21:30:22"}
debug: [REQ] ::1 POST 200 : /api/v1/work/save {"timestamp":"2023/10/7 21:30:26"}
debug: [REQ] ::1 POST 200 : /api/v1/work/save {"timestamp":"2023/10/7 21:30:30"}
debug: [REQ] ::1 POST 200 : /api/v1/work/save {"timestamp":"2023/10/7 21:30:51"}
info: Nest.js API-Server ready to http://localhost:3000/ {"timestamp":"2023/10/7 21:31:36"}
debug: [REQ] ::1 POST 200 : /api/v1/work/save {"timestamp":"2023/10/7 21:31:40"}
debug: [REQ] ::1 POST 200 : /api/v1/work/save {"timestamp":"2023/10/7 21:31:53"}
debug: [REQ] ::1 POST 200 : /api/v1/work/save {"timestamp":"2023/10/7 21:32:09"}
info: Nest.js API-Server ready to http://localhost:3000/ {"timestamp":"2023/10/7 21:32:39"}
info: Nest.js API-Server ready to http://localhost:3000/ {"timestamp":"2023/10/7 21:34:00"}
info: Nest.js API-Server ready to http://localhost:3000/ {"timestamp":"2023/10/7 21:34:20"}
info: Nest.js API-Server ready to http://localhost:3000/ {"timestamp":"2023/10/7 21:34:35"}
info: Nest.js API-Server ready to http://localhost:3000/ {"timestamp":"2023/10/7 21:35:17"}
info: Nest.js API-Server ready to http://localhost:3000/ {"timestamp":"2023/10/7 21:36:32"}
info: Nest.js API-Server ready to http://localhost:3000/ {"timestamp":"2023/10/7 21:36:39"}
info: Nest.js API-Server ready to http://localhost:3000/ {"timestamp":"2023/10/7 21:36:47"}
info: Nest.js API-Server ready to http://localhost:3000/ {"timestamp":"2023/10/7 21:36:49"}
info: Nest.js API-Server ready to http://localhost:3000/ {"timestamp":"2023/10/7 21:37:11"}
info: Nest.js API-Server ready to http://localhost:3000/ {"timestamp":"2023/10/7 21:37:14"}
info: Nest.js API-Server ready to http://localhost:3000/ {"timestamp":"2023/10/7 21:37:21"}
info: Nest.js API-Server ready to http://localhost:3000/ {"timestamp":"2023/10/7 21:38:05"}
info: Nest.js API-Server ready to http://localhost:3000/ {"timestamp":"2023/10/7 21:38:14"}
debug: [REQ] ::1 POST 500 : /api/v1/work/save {"timestamp":"2023/10/7 21:38:23"}
info: Nest.js API-Server ready to http://localhost:3000/ {"timestamp":"2023/10/7 21:39:18"}
debug: [REQ] ::1 POST 200 : /api/v1/work/save {"timestamp":"2023/10/7 21:39:23"}
info: Nest.js API-Server ready to http://localhost:3000/ {"timestamp":"2023/10/7 21:56:45"}
info: Nest.js API-Server ready to http://localhost:3000/ {"timestamp":"2023/10/7 21:56:57"}
info: Nest.js API-Server ready to http://localhost:3000/ {"timestamp":"2023/10/7 21:57:11"}
debug: [REQ] ::1 POST 403 : /api/v1/work/minimum-wage {"timestamp":"2023/10/7 21:57:13"}
debug: [REQ] ::1 POST 200 : /api/v1/work/minimum-wage {"timestamp":"2023/10/7 21:57:21"}
info: Nest.js API-Server ready to http://localhost:3000/ {"timestamp":"2023/10/7 21:58:03"}
info: Nest.js API-Server ready to http://localhost:3000/ {"timestamp":"2023/10/7 21:58:22"}
info: Nest.js API-Server ready to http://localhost:3000/ {"timestamp":"2023/10/7 21:58:24"}
info: Nest.js API-Server ready to http://localhost:3000/ {"timestamp":"2023/10/7 21:58:46"}
info: Nest.js API-Server ready to http://localhost:3000/ {"timestamp":"2023/10/7 21:58:56"}
info: Nest.js API-Server ready to http://localhost:3000/ {"timestamp":"2023/10/7 21:58:59"}
info: Nest.js API-Server ready to http://localhost:3000/ {"timestamp":"2023/10/7 21:59:31"}
info: Nest.js API-Server ready to http://localhost:3000/ {"timestamp":"2023/10/7 21:59:39"}
info: Nest.js API-Server ready to http://localhost:3000/ {"timestamp":"2023/10/7 21:59:46"}
info: Nest.js API-Server ready to http://localhost:3000/ {"timestamp":"2023/10/7 21:59:48"}
info: Nest.js API-Server ready to http://localhost:3000/ {"timestamp":"2023/10/7 21:59:54"}
info: Nest.js API-Server ready to http://localhost:3000/ {"timestamp":"2023/10/7 22:00:09"}
info: Nest.js API-Server ready to http://localhost:3000/ {"timestamp":"2023/10/7 22:00:22"}
info: Nest.js API-Server ready to http://localhost:3000/ {"timestamp":"2023/10/7 22:00:27"}
info: Nest.js API-Server ready to http://localhost:3000/ {"timestamp":"2023/10/7 22:00:31"}
error: uncaughtException: Cannot find module './work/update.dto'
Error: Cannot find module './work/update.dto'
    at webpackMissingModule (/Users/mbp2019/Desktop/Development/workpick2/dist/main.js:5640:83)
    at Object.<anonymous> (/Users/mbp2019/Desktop/Development/workpick2/dist/main.js:5640:175)
    at __webpack_require__ (/Users/mbp2019/Desktop/Development/workpick2/dist/main.js:6810:33)
    at fn (/Users/mbp2019/Desktop/Development/workpick2/dist/main.js:6917:21)
    at Object.<anonymous> (/Users/mbp2019/Desktop/Development/workpick2/dist/main.js:5546:31)
    at __webpack_require__ (/Users/mbp2019/Desktop/Development/workpick2/dist/main.js:6810:33)
    at fn (/Users/mbp2019/Desktop/Development/workpick2/dist/main.js:6917:21)
    at Object.<anonymous> (/Users/mbp2019/Desktop/Development/workpick2/dist/main.js:5498:14)
    at __webpack_require__ (/Users/mbp2019/Desktop/Development/workpick2/dist/main.js:6810:33)
    at fn (/Users/mbp2019/Desktop/Development/workpick2/dist/main.js:6917:21) {"date":"Sat Oct 07 2023 22:00:42 GMT+0900 (Korean Standard Time)","error":{"code":"MODULE_NOT_FOUND"},"exception":true,"os":{"loadavg":[4.68212890625,2.9560546875,2.509765625],"uptime":437518},"process":{"argv":["/Users/mbp2019/.nvm/versions/node/v16.19.1/bin/node","/Users/mbp2019/Desktop/Development/workpick2/dist/main.js"],"cwd":"/Users/mbp2019/Desktop/Development/workpick2","execPath":"/Users/mbp2019/.nvm/versions/node/v16.19.1/bin/node","gid":20,"memoryUsage":{"arrayBuffers":239965,"external":12622710,"heapTotal":91226112,"heapUsed":50314152,"rss":137150464},"pid":55017,"uid":503,"version":"v16.19.1"},"stack":"Error: Cannot find module './work/update.dto'\n    at webpackMissingModule (/Users/mbp2019/Desktop/Development/workpick2/dist/main.js:5640:83)\n    at Object.<anonymous> (/Users/mbp2019/Desktop/Development/workpick2/dist/main.js:5640:175)\n    at __webpack_require__ (/Users/mbp2019/Desktop/Development/workpick2/dist/main.js:6810:33)\n    at fn (/Users/mbp2019/Desktop/Development/workpick2/dist/main.js:6917:21)\n    at Object.<anonymous> (/Users/mbp2019/Desktop/Development/workpick2/dist/main.js:5546:31)\n    at __webpack_require__ (/Users/mbp2019/Desktop/Development/workpick2/dist/main.js:6810:33)\n    at fn (/Users/mbp2019/Desktop/Development/workpick2/dist/main.js:6917:21)\n    at Object.<anonymous> (/Users/mbp2019/Desktop/Development/workpick2/dist/main.js:5498:14)\n    at __webpack_require__ (/Users/mbp2019/Desktop/Development/workpick2/dist/main.js:6810:33)\n    at fn (/Users/mbp2019/Desktop/Development/workpick2/dist/main.js:6917:21)","timestamp":"2023/10/7 22:00:42","trace":[{"column":83,"file":"/Users/mbp2019/Desktop/Development/workpick2/dist/main.js","function":"webpackMissingModule","line":5640,"method":null,"native":false},{"column":175,"file":"/Users/mbp2019/Desktop/Development/workpick2/dist/main.js","function":null,"line":5640,"method":null,"native":false},{"column":33,"file":"/Users/mbp2019/Desktop/Development/workpick2/dist/main.js","function":"__webpack_require__","line":6810,"method":null,"native":false},{"column":21,"file":"/Users/mbp2019/Desktop/Development/workpick2/dist/main.js","function":"fn","line":6917,"method":null,"native":false},{"column":31,"file":"/Users/mbp2019/Desktop/Development/workpick2/dist/main.js","function":null,"line":5546,"method":null,"native":false},{"column":33,"file":"/Users/mbp2019/Desktop/Development/workpick2/dist/main.js","function":"__webpack_require__","line":6810,"method":null,"native":false},{"column":21,"file":"/Users/mbp2019/Desktop/Development/workpick2/dist/main.js","function":"fn","line":6917,"method":null,"native":false},{"column":14,"file":"/Users/mbp2019/Desktop/Development/workpick2/dist/main.js","function":null,"line":5498,"method":null,"native":false},{"column":33,"file":"/Users/mbp2019/Desktop/Development/workpick2/dist/main.js","function":"__webpack_require__","line":6810,"method":null,"native":false},{"column":21,"file":"/Users/mbp2019/Desktop/Development/workpick2/dist/main.js","function":"fn","line":6917,"method":null,"native":false}]}
error: uncaughtException: Cannot find module './work/update.dto'
Error: Cannot find module './work/update.dto'
    at webpackMissingModule (/Users/mbp2019/Desktop/Development/workpick2/dist/main.js:5640:83)
    at Object.<anonymous> (/Users/mbp2019/Desktop/Development/workpick2/dist/main.js:5640:175)
    at __webpack_require__ (/Users/mbp2019/Desktop/Development/workpick2/dist/main.js:6810:33)
    at fn (/Users/mbp2019/Desktop/Development/workpick2/dist/main.js:6917:21)
    at Object.<anonymous> (/Users/mbp2019/Desktop/Development/workpick2/dist/main.js:5546:31)
    at __webpack_require__ (/Users/mbp2019/Desktop/Development/workpick2/dist/main.js:6810:33)
    at fn (/Users/mbp2019/Desktop/Development/workpick2/dist/main.js:6917:21)
    at Object.<anonymous> (/Users/mbp2019/Desktop/Development/workpick2/dist/main.js:5498:14)
    at __webpack_require__ (/Users/mbp2019/Desktop/Development/workpick2/dist/main.js:6810:33)
    at fn (/Users/mbp2019/Desktop/Development/workpick2/dist/main.js:6917:21) {"date":"Sat Oct 07 2023 22:00:48 GMT+0900 (Korean Standard Time)","error":{"code":"MODULE_NOT_FOUND"},"exception":true,"os":{"loadavg":[4.62744140625,2.97314453125,2.51806640625],"uptime":437524},"process":{"argv":["/Users/mbp2019/.nvm/versions/node/v16.19.1/bin/node","/Users/mbp2019/Desktop/Development/workpick2/dist/main.js"],"cwd":"/Users/mbp2019/Desktop/Development/workpick2","execPath":"/Users/mbp2019/.nvm/versions/node/v16.19.1/bin/node","gid":20,"memoryUsage":{"arrayBuffers":1521616,"external":12629920,"heapTotal":86786048,"heapUsed":66953944,"rss":132841472},"pid":55043,"uid":503,"version":"v16.19.1"},"stack":"Error: Cannot find module './work/update.dto'\n    at webpackMissingModule (/Users/mbp2019/Desktop/Development/workpick2/dist/main.js:5640:83)\n    at Object.<anonymous> (/Users/mbp2019/Desktop/Development/workpick2/dist/main.js:5640:175)\n    at __webpack_require__ (/Users/mbp2019/Desktop/Development/workpick2/dist/main.js:6810:33)\n    at fn (/Users/mbp2019/Desktop/Development/workpick2/dist/main.js:6917:21)\n    at Object.<anonymous> (/Users/mbp2019/Desktop/Development/workpick2/dist/main.js:5546:31)\n    at __webpack_require__ (/Users/mbp2019/Desktop/Development/workpick2/dist/main.js:6810:33)\n    at fn (/Users/mbp2019/Desktop/Development/workpick2/dist/main.js:6917:21)\n    at Object.<anonymous> (/Users/mbp2019/Desktop/Development/workpick2/dist/main.js:5498:14)\n    at __webpack_require__ (/Users/mbp2019/Desktop/Development/workpick2/dist/main.js:6810:33)\n    at fn (/Users/mbp2019/Desktop/Development/workpick2/dist/main.js:6917:21)","timestamp":"2023/10/7 22:00:48","trace":[{"column":83,"file":"/Users/mbp2019/Desktop/Development/workpick2/dist/main.js","function":"webpackMissingModule","line":5640,"method":null,"native":false},{"column":175,"file":"/Users/mbp2019/Desktop/Development/workpick2/dist/main.js","function":null,"line":5640,"method":null,"native":false},{"column":33,"file":"/Users/mbp2019/Desktop/Development/workpick2/dist/main.js","function":"__webpack_require__","line":6810,"method":null,"native":false},{"column":21,"file":"/Users/mbp2019/Desktop/Development/workpick2/dist/main.js","function":"fn","line":6917,"method":null,"native":false},{"column":31,"file":"/Users/mbp2019/Desktop/Development/workpick2/dist/main.js","function":null,"line":5546,"method":null,"native":false},{"column":33,"file":"/Users/mbp2019/Desktop/Development/workpick2/dist/main.js","function":"__webpack_require__","line":6810,"method":null,"native":false},{"column":21,"file":"/Users/mbp2019/Desktop/Development/workpick2/dist/main.js","function":"fn","line":6917,"method":null,"native":false},{"column":14,"file":"/Users/mbp2019/Desktop/Development/workpick2/dist/main.js","function":null,"line":5498,"method":null,"native":false},{"column":33,"file":"/Users/mbp2019/Desktop/Development/workpick2/dist/main.js","function":"__webpack_require__","line":6810,"method":null,"native":false},{"column":21,"file":"/Users/mbp2019/Desktop/Development/workpick2/dist/main.js","function":"fn","line":6917,"method":null,"native":false}]}
info: Nest.js API-Server ready to http://localhost:3000/ {"timestamp":"2023/10/7 22:00:54"}
info: Nest.js API-Server ready to http://localhost:3000/ {"timestamp":"2023/10/7 22:00:56"}
info: Nest.js API-Server ready to http://localhost:3000/ {"timestamp":"2023/10/7 22:01:19"}
info: Nest.js API-Server ready to http://localhost:3000/ {"timestamp":"2023/10/7 22:01:35"}
info: Nest.js API-Server ready to http://localhost:3000/ {"timestamp":"2023/10/7 22:01:47"}
debug: [REQ] ::1 POST 403 : /api/v1/work/save {"timestamp":"2023/10/7 22:02:43"}
debug: [REQ] ::1 POST 200 : /api/v1/work/save {"timestamp":"2023/10/7 22:02:52"}
info: Nest.js API-Server ready to http://localhost:3000/ {"timestamp":"2023/10/7 22:03:18"}
info: Nest.js API-Server ready to http://localhost:3000/ {"timestamp":"2023/10/7 22:03:23"}
debug: [REQ] ::1 POST 200 : /api/v1/work/save {"timestamp":"2023/10/7 22:03:41"}
debug: [REQ] ::1 POST 200 : /api/v1/work/update {"timestamp":"2023/10/7 22:03:57"}
info: Nest.js API-Server ready to http://localhost:3000/ {"timestamp":"2023/10/7 22:05:14"}
info: Nest.js API-Server ready to http://localhost:3000/ {"timestamp":"2023/10/7 22:05:42"}
info: Nest.js API-Server ready to http://localhost:3000/ {"timestamp":"2023/10/7 22:06:07"}
info: Nest.js API-Server ready to http://localhost:3000/ {"timestamp":"2023/10/7 22:06:32"}
info: Nest.js API-Server ready to http://localhost:3000/ {"timestamp":"2023/10/7 22:07:12"}
info: Nest.js API-Server ready to http://localhost:3000/ {"timestamp":"2023/10/7 22:07:48"}
info: Nest.js API-Server ready to http://localhost:3000/ {"timestamp":"2023/10/7 22:08:19"}
info: Nest.js API-Server ready to http://localhost:3000/ {"timestamp":"2023/10/7 22:08:28"}
info: Nest.js API-Server ready to http://localhost:3000/ {"timestamp":"2023/10/7 22:08:41"}
debug: [REQ] ::1 POST 200 : /api/v1/work/save {"timestamp":"2023/10/7 22:08:55"}
info: Nest.js API-Server ready to http://localhost:3000/ {"timestamp":"2023/10/7 22:09:10"}
debug: [REQ] ::1 POST 200 : /api/v1/work/save {"timestamp":"2023/10/7 22:09:12"}
info: Nest.js API-Server ready to http://localhost:3000/ {"timestamp":"2023/10/7 22:09:27"}
info: Nest.js API-Server ready to http://localhost:3000/ {"timestamp":"2023/10/7 22:09:28"}
info: Nest.js API-Server ready to http://localhost:3000/ {"timestamp":"2023/10/7 22:09:31"}
info: Nest.js API-Server ready to http://localhost:3000/ {"timestamp":"2023/10/7 22:09:33"}
info: Nest.js API-Server ready to http://localhost:3000/ {"timestamp":"2023/10/7 22:09:37"}
info: Nest.js API-Server ready to http://localhost:3000/ {"timestamp":"2023/10/7 22:09:58"}
info: Nest.js API-Server ready to http://localhost:3000/ {"timestamp":"2023/10/7 22:10:04"}
info: Nest.js API-Server ready to http://localhost:3000/ {"timestamp":"2023/10/7 22:10:26"}
info: Nest.js API-Server ready to http://localhost:3000/ {"timestamp":"2023/10/7 22:11:01"}
info: Nest.js API-Server ready to http://localhost:3000/ {"timestamp":"2023/10/7 22:11:20"}
info: Nest.js API-Server ready to http://localhost:3000/ {"timestamp":"2023/10/7 22:11:47"}
info: Nest.js API-Server ready to http://localhost:3000/ {"timestamp":"2023/10/7 22:11:53"}
info: Nest.js API-Server ready to http://localhost:3000/ {"timestamp":"2023/10/7 22:12:17"}
debug: [REQ] ::1 POST 200 : /api/v1/work/save {"timestamp":"2023/10/7 22:12:21"}
debug: [REQ] ::1 POST 200 : /api/v1/work/save {"timestamp":"2023/10/7 22:12:35"}
debug: [REQ] ::1 POST 200 : /api/v1/work/save {"timestamp":"2023/10/7 22:12:36"}
debug: [REQ] ::1 POST 200 : /api/v1/work/save {"timestamp":"2023/10/7 22:12:40"}
debug: [REQ] ::1 POST 200 : /api/v1/work/save {"timestamp":"2023/10/7 22:12:41"}
debug: [REQ] ::1 POST 200 : /api/v1/work/save {"timestamp":"2023/10/7 22:12:44"}
debug: [REQ] ::1 POST 200 : /api/v1/work/save {"timestamp":"2023/10/7 22:13:43"}
debug: [REQ] ::1 POST 200 : /api/v1/work/save {"timestamp":"2023/10/7 22:14:11"}
info: Nest.js API-Server ready to http://localhost:3000/ {"timestamp":"2023/10/7 22:14:52"}
debug: [REQ] ::1 POST 200 : /api/v1/work/save {"timestamp":"2023/10/7 22:14:54"}
debug: [REQ] ::1 POST 200 : /api/v1/work/save {"timestamp":"2023/10/7 22:15:22"}
info: Nest.js API-Server ready to http://localhost:3000/ {"timestamp":"2023/10/7 22:16:04"}
info: Nest.js API-Server ready to http://localhost:3000/ {"timestamp":"2023/10/7 22:23:25"}
info: Nest.js API-Server ready to http://localhost:3000/ {"timestamp":"2023/10/7 22:23:28"}
info: Nest.js API-Server ready to http://localhost:3000/ {"timestamp":"2023/10/7 22:23:36"}
info: Nest.js API-Server ready to http://localhost:3000/ {"timestamp":"2023/10/7 22:23:44"}
info: Nest.js API-Server ready to http://localhost:3000/ {"timestamp":"2023/10/7 22:24:00"}
info: Nest.js API-Server ready to http://localhost:3000/ {"timestamp":"2023/10/7 22:24:10"}
info: Nest.js API-Server ready to http://localhost:3000/ {"timestamp":"2023/10/7 22:24:20"}
info: Nest.js API-Server ready to http://localhost:3000/ {"timestamp":"2023/10/7 22:24:45"}
info: Nest.js API-Server ready to http://localhost:3000/ {"timestamp":"2023/10/7 22:24:49"}
info: Nest.js API-Server ready to http://localhost:3000/ {"timestamp":"2023/10/7 22:24:52"}
info: Nest.js API-Server ready to http://localhost:3000/ {"timestamp":"2023/10/7 22:24:53"}
info: Nest.js API-Server ready to http://localhost:3000/ {"timestamp":"2023/10/7 22:24:59"}
info: Nest.js API-Server ready to http://localhost:3000/ {"timestamp":"2023/10/7 22:25:05"}
info: Nest.js API-Server ready to http://localhost:3000/ {"timestamp":"2023/10/7 22:25:14"}
info: Nest.js API-Server ready to http://localhost:3000/ {"timestamp":"2023/10/7 22:25:24"}
info: Nest.js API-Server ready to http://localhost:3000/ {"timestamp":"2023/10/7 22:26:18"}
info: Nest.js API-Server ready to http://localhost:3000/ {"timestamp":"2023/10/7 22:26:20"}
info: Nest.js API-Server ready to http://localhost:3000/ {"timestamp":"2023/10/7 22:26:47"}
info: Nest.js API-Server ready to http://localhost:3000/ {"timestamp":"2023/10/7 22:26:51"}
debug: [REQ] ::1 POST 500 : /api/v1/work/list {"timestamp":"2023/10/7 22:26:54"}
info: Nest.js API-Server ready to http://localhost:3000/ {"timestamp":"2023/10/7 22:27:05"}
info: Nest.js API-Server ready to http://localhost:3000/ {"timestamp":"2023/10/7 22:27:14"}
info: Nest.js API-Server ready to http://localhost:3000/ {"timestamp":"2023/10/7 22:27:21"}
info: Nest.js API-Server ready to http://localhost:3000/ {"timestamp":"2023/10/7 22:27:32"}
debug: [REQ] ::1 POST 200 : /api/v1/work/list {"timestamp":"2023/10/7 22:27:36"}
info: Nest.js API-Server ready to http://localhost:3000/ {"timestamp":"2023/10/7 22:28:22"}
info: Nest.js API-Server ready to http://localhost:3000/ {"timestamp":"2023/10/7 22:28:25"}
debug: [REQ] ::1 POST 200 : /api/v1/work/list {"timestamp":"2023/10/7 22:28:28"}
info: Nest.js API-Server ready to http://localhost:3000/ {"timestamp":"2023/10/7 22:28:43"}
debug: [REQ] ::1 POST 200 : /api/v1/work/list {"timestamp":"2023/10/7 22:28:45"}
info: Nest.js API-Server ready to http://localhost:3000/ {"timestamp":"2023/10/7 22:29:49"}
debug: [REQ] ::1 POST 200 : /api/v1/work/list {"timestamp":"2023/10/7 22:29:49"}
info: Nest.js API-Server ready to http://localhost:3000/ {"timestamp":"2023/10/7 22:30:17"}
info: Nest.js API-Server ready to http://localhost:3000/ {"timestamp":"2023/10/7 22:34:40"}
debug: [REQ] ::1 POST 200 : /api/v1/work/list {"timestamp":"2023/10/7 22:35:40"}
info: Nest.js API-Server ready to http://localhost:3000/ {"timestamp":"2023/10/7 22:36:44"}
info: Nest.js API-Server ready to http://localhost:3000/ {"timestamp":"2023/10/7 22:38:11"}
info: Nest.js API-Server ready to http://localhost:3000/ {"timestamp":"2023/10/7 22:39:18"}
info: Nest.js API-Server ready to http://localhost:3000/ {"timestamp":"2023/10/7 22:39:30"}
info: Nest.js API-Server ready to http://localhost:3000/ {"timestamp":"2023/10/7 22:39:43"}
info: Nest.js API-Server ready to http://localhost:3000/ {"timestamp":"2023/10/7 22:40:19"}
info: Nest.js API-Server ready to http://localhost:3000/ {"timestamp":"2023/10/7 22:40:40"}
info: Nest.js API-Server ready to http://localhost:3000/ {"timestamp":"2023/10/7 22:40:52"}
info: Nest.js API-Server ready to http://localhost:3000/ {"timestamp":"2023/10/7 22:40:56"}
info: Nest.js API-Server ready to http://localhost:3000/ {"timestamp":"2023/10/7 22:41:03"}
info: Nest.js API-Server ready to http://localhost:3000/ {"timestamp":"2023/10/7 22:41:08"}
info: Nest.js API-Server ready to http://localhost:3000/ {"timestamp":"2023/10/7 22:42:24"}
info: Nest.js API-Server ready to http://localhost:3000/ {"timestamp":"2023/10/7 22:42:29"}
info: Nest.js API-Server ready to http://localhost:3000/ {"timestamp":"2023/10/7 22:42:32"}
info: Nest.js API-Server ready to http://localhost:3000/ {"timestamp":"2023/10/7 22:42:34"}
info: Nest.js API-Server ready to http://localhost:3000/ {"timestamp":"2023/10/7 22:42:56"}
info: Nest.js API-Server ready to http://localhost:3000/ {"timestamp":"2023/10/7 22:43:07"}
info: Nest.js API-Server ready to http://localhost:3000/ {"timestamp":"2023/10/7 22:44:15"}
info: Nest.js API-Server ready to http://localhost:3000/ {"timestamp":"2023/10/7 22:44:34"}
error: uncaughtException: Cannot find module '../services/sql-runner.service'
Error: Cannot find module '../services/sql-runner.service'
    at webpackMissingModule (/Users/mbp2019/Desktop/Development/workpick2/dist/main.js:624:99)
    at Object.<anonymous> (/Users/mbp2019/Desktop/Development/workpick2/dist/main.js:624:204)
    at __webpack_require__ (/Users/mbp2019/Desktop/Development/workpick2/dist/main.js:6773:33)
    at fn (/Users/mbp2019/Desktop/Development/workpick2/dist/main.js:6880:21)
    at Object.<anonymous> (/Users/mbp2019/Desktop/Development/workpick2/dist/main.js:602:14)
    at __webpack_require__ (/Users/mbp2019/Desktop/Development/workpick2/dist/main.js:6773:33)
    at fn (/Users/mbp2019/Desktop/Development/workpick2/dist/main.js:6880:21)
    at Object.<anonymous> (/Users/mbp2019/Desktop/Development/workpick2/dist/main.js:567:30)
    at __webpack_require__ (/Users/mbp2019/Desktop/Development/workpick2/dist/main.js:6773:33)
    at fn (/Users/mbp2019/Desktop/Development/workpick2/dist/main.js:6880:21) {"date":"Sat Oct 07 2023 22:47:06 GMT+0900 (Korean Standard Time)","error":{"code":"MODULE_NOT_FOUND"},"exception":true,"os":{"loadavg":[2.98486328125,2.716796875,2.5361328125],"uptime":440302},"process":{"argv":["/Users/mbp2019/.nvm/versions/node/v16.19.1/bin/node","/Users/mbp2019/Desktop/Development/workpick2/dist/main.js"],"cwd":"/Users/mbp2019/Desktop/Development/workpick2","execPath":"/Users/mbp2019/.nvm/versions/node/v16.19.1/bin/node","gid":20,"memoryUsage":{"arrayBuffers":93270,"external":2364127,"heapTotal":34996224,"heapUsed":21166808,"rss":75268096},"pid":58486,"uid":503,"version":"v16.19.1"},"stack":"Error: Cannot find module '../services/sql-runner.service'\n    at webpackMissingModule (/Users/mbp2019/Desktop/Development/workpick2/dist/main.js:624:99)\n    at Object.<anonymous> (/Users/mbp2019/Desktop/Development/workpick2/dist/main.js:624:204)\n    at __webpack_require__ (/Users/mbp2019/Desktop/Development/workpick2/dist/main.js:6773:33)\n    at fn (/Users/mbp2019/Desktop/Development/workpick2/dist/main.js:6880:21)\n    at Object.<anonymous> (/Users/mbp2019/Desktop/Development/workpick2/dist/main.js:602:14)\n    at __webpack_require__ (/Users/mbp2019/Desktop/Development/workpick2/dist/main.js:6773:33)\n    at fn (/Users/mbp2019/Desktop/Development/workpick2/dist/main.js:6880:21)\n    at Object.<anonymous> (/Users/mbp2019/Desktop/Development/workpick2/dist/main.js:567:30)\n    at __webpack_require__ (/Users/mbp2019/Desktop/Development/workpick2/dist/main.js:6773:33)\n    at fn (/Users/mbp2019/Desktop/Development/workpick2/dist/main.js:6880:21)","timestamp":"2023/10/7 22:47:06","trace":[{"column":99,"file":"/Users/mbp2019/Desktop/Development/workpick2/dist/main.js","function":"webpackMissingModule","line":624,"method":null,"native":false},{"column":204,"file":"/Users/mbp2019/Desktop/Development/workpick2/dist/main.js","function":null,"line":624,"method":null,"native":false},{"column":33,"file":"/Users/mbp2019/Desktop/Development/workpick2/dist/main.js","function":"__webpack_require__","line":6773,"method":null,"native":false},{"column":21,"file":"/Users/mbp2019/Desktop/Development/workpick2/dist/main.js","function":"fn","line":6880,"method":null,"native":false},{"column":14,"file":"/Users/mbp2019/Desktop/Development/workpick2/dist/main.js","function":null,"line":602,"method":null,"native":false},{"column":33,"file":"/Users/mbp2019/Desktop/Development/workpick2/dist/main.js","function":"__webpack_require__","line":6773,"method":null,"native":false},{"column":21,"file":"/Users/mbp2019/Desktop/Development/workpick2/dist/main.js","function":"fn","line":6880,"method":null,"native":false},{"column":30,"file":"/Users/mbp2019/Desktop/Development/workpick2/dist/main.js","function":null,"line":567,"method":null,"native":false},{"column":33,"file":"/Users/mbp2019/Desktop/Development/workpick2/dist/main.js","function":"__webpack_require__","line":6773,"method":null,"native":false},{"column":21,"file":"/Users/mbp2019/Desktop/Development/workpick2/dist/main.js","function":"fn","line":6880,"method":null,"native":false}]}
error: uncaughtException: Cannot find module '../services/sql-runner.service'
Error: Cannot find module '../services/sql-runner.service'
    at webpackMissingModule (/Users/mbp2019/Desktop/Development/workpick2/dist/main.js:624:99)
    at Object.<anonymous> (/Users/mbp2019/Desktop/Development/workpick2/dist/main.js:624:204)
    at __webpack_require__ (/Users/mbp2019/Desktop/Development/workpick2/dist/main.js:6773:33)
    at fn (/Users/mbp2019/Desktop/Development/workpick2/dist/main.js:6880:21)
    at Object.<anonymous> (/Users/mbp2019/Desktop/Development/workpick2/dist/main.js:602:14)
    at __webpack_require__ (/Users/mbp2019/Desktop/Development/workpick2/dist/main.js:6773:33)
    at fn (/Users/mbp2019/Desktop/Development/workpick2/dist/main.js:6880:21)
    at Object.<anonymous> (/Users/mbp2019/Desktop/Development/workpick2/dist/main.js:567:30)
    at __webpack_require__ (/Users/mbp2019/Desktop/Development/workpick2/dist/main.js:6773:33)
    at fn (/Users/mbp2019/Desktop/Development/workpick2/dist/main.js:6880:21) {"date":"Sat Oct 07 2023 22:48:02 GMT+0900 (Korean Standard Time)","error":{"code":"MODULE_NOT_FOUND"},"exception":true,"os":{"loadavg":[2.892578125,2.72509765625,2.54833984375],"uptime":440358},"process":{"argv":["/Users/mbp2019/.nvm/versions/node/v16.19.1/bin/node","/Users/mbp2019/Desktop/Development/workpick2/dist/main.js"],"cwd":"/Users/mbp2019/Desktop/Development/workpick2","execPath":"/Users/mbp2019/.nvm/versions/node/v16.19.1/bin/node","gid":20,"memoryUsage":{"arrayBuffers":87473,"external":2364127,"heapTotal":34734080,"heapUsed":20850712,"rss":75956224},"pid":58687,"uid":503,"version":"v16.19.1"},"stack":"Error: Cannot find module '../services/sql-runner.service'\n    at webpackMissingModule (/Users/mbp2019/Desktop/Development/workpick2/dist/main.js:624:99)\n    at Object.<anonymous> (/Users/mbp2019/Desktop/Development/workpick2/dist/main.js:624:204)\n    at __webpack_require__ (/Users/mbp2019/Desktop/Development/workpick2/dist/main.js:6773:33)\n    at fn (/Users/mbp2019/Desktop/Development/workpick2/dist/main.js:6880:21)\n    at Object.<anonymous> (/Users/mbp2019/Desktop/Development/workpick2/dist/main.js:602:14)\n    at __webpack_require__ (/Users/mbp2019/Desktop/Development/workpick2/dist/main.js:6773:33)\n    at fn (/Users/mbp2019/Desktop/Development/workpick2/dist/main.js:6880:21)\n    at Object.<anonymous> (/Users/mbp2019/Desktop/Development/workpick2/dist/main.js:567:30)\n    at __webpack_require__ (/Users/mbp2019/Desktop/Development/workpick2/dist/main.js:6773:33)\n    at fn (/Users/mbp2019/Desktop/Development/workpick2/dist/main.js:6880:21)","timestamp":"2023/10/7 22:48:02","trace":[{"column":99,"file":"/Users/mbp2019/Desktop/Development/workpick2/dist/main.js","function":"webpackMissingModule","line":624,"method":null,"native":false},{"column":204,"file":"/Users/mbp2019/Desktop/Development/workpick2/dist/main.js","function":null,"line":624,"method":null,"native":false},{"column":33,"file":"/Users/mbp2019/Desktop/Development/workpick2/dist/main.js","function":"__webpack_require__","line":6773,"method":null,"native":false},{"column":21,"file":"/Users/mbp2019/Desktop/Development/workpick2/dist/main.js","function":"fn","line":6880,"method":null,"native":false},{"column":14,"file":"/Users/mbp2019/Desktop/Development/workpick2/dist/main.js","function":null,"line":602,"method":null,"native":false},{"column":33,"file":"/Users/mbp2019/Desktop/Development/workpick2/dist/main.js","function":"__webpack_require__","line":6773,"method":null,"native":false},{"column":21,"file":"/Users/mbp2019/Desktop/Development/workpick2/dist/main.js","function":"fn","line":6880,"method":null,"native":false},{"column":30,"file":"/Users/mbp2019/Desktop/Development/workpick2/dist/main.js","function":null,"line":567,"method":null,"native":false},{"column":33,"file":"/Users/mbp2019/Desktop/Development/workpick2/dist/main.js","function":"__webpack_require__","line":6773,"method":null,"native":false},{"column":21,"file":"/Users/mbp2019/Desktop/Development/workpick2/dist/main.js","function":"fn","line":6880,"method":null,"native":false}]}
error: uncaughtException: Cannot find module '../services/sql-runner.service'
Error: Cannot find module '../services/sql-runner.service'
    at webpackMissingModule (/Users/mbp2019/Desktop/Development/workpick2/dist/main.js:624:99)
    at Object.<anonymous> (/Users/mbp2019/Desktop/Development/workpick2/dist/main.js:624:204)
    at __webpack_require__ (/Users/mbp2019/Desktop/Development/workpick2/dist/main.js:6773:33)
    at fn (/Users/mbp2019/Desktop/Development/workpick2/dist/main.js:6880:21)
    at Object.<anonymous> (/Users/mbp2019/Desktop/Development/workpick2/dist/main.js:602:14)
    at __webpack_require__ (/Users/mbp2019/Desktop/Development/workpick2/dist/main.js:6773:33)
    at fn (/Users/mbp2019/Desktop/Development/workpick2/dist/main.js:6880:21)
    at Object.<anonymous> (/Users/mbp2019/Desktop/Development/workpick2/dist/main.js:567:30)
    at __webpack_require__ (/Users/mbp2019/Desktop/Development/workpick2/dist/main.js:6773:33)
    at fn (/Users/mbp2019/Desktop/Development/workpick2/dist/main.js:6880:21) {"date":"Sat Oct 07 2023 22:48:03 GMT+0900 (Korean Standard Time)","error":{"code":"MODULE_NOT_FOUND"},"exception":true,"os":{"loadavg":[2.892578125,2.72509765625,2.54833984375],"uptime":440359},"process":{"argv":["/Users/mbp2019/.nvm/versions/node/v16.19.1/bin/node","/Users/mbp2019/Desktop/Development/workpick2/dist/main.js"],"cwd":"/Users/mbp2019/Desktop/Development/workpick2","execPath":"/Users/mbp2019/.nvm/versions/node/v16.19.1/bin/node","gid":20,"memoryUsage":{"arrayBuffers":105295,"external":2376152,"heapTotal":34996224,"heapUsed":21084336,"rss":75497472},"pid":58690,"uid":503,"version":"v16.19.1"},"stack":"Error: Cannot find module '../services/sql-runner.service'\n    at webpackMissingModule (/Users/mbp2019/Desktop/Development/workpick2/dist/main.js:624:99)\n    at Object.<anonymous> (/Users/mbp2019/Desktop/Development/workpick2/dist/main.js:624:204)\n    at __webpack_require__ (/Users/mbp2019/Desktop/Development/workpick2/dist/main.js:6773:33)\n    at fn (/Users/mbp2019/Desktop/Development/workpick2/dist/main.js:6880:21)\n    at Object.<anonymous> (/Users/mbp2019/Desktop/Development/workpick2/dist/main.js:602:14)\n    at __webpack_require__ (/Users/mbp2019/Desktop/Development/workpick2/dist/main.js:6773:33)\n    at fn (/Users/mbp2019/Desktop/Development/workpick2/dist/main.js:6880:21)\n    at Object.<anonymous> (/Users/mbp2019/Desktop/Development/workpick2/dist/main.js:567:30)\n    at __webpack_require__ (/Users/mbp2019/Desktop/Development/workpick2/dist/main.js:6773:33)\n    at fn (/Users/mbp2019/Desktop/Development/workpick2/dist/main.js:6880:21)","timestamp":"2023/10/7 22:48:03","trace":[{"column":99,"file":"/Users/mbp2019/Desktop/Development/workpick2/dist/main.js","function":"webpackMissingModule","line":624,"method":null,"native":false},{"column":204,"file":"/Users/mbp2019/Desktop/Development/workpick2/dist/main.js","function":null,"line":624,"method":null,"native":false},{"column":33,"file":"/Users/mbp2019/Desktop/Development/workpick2/dist/main.js","function":"__webpack_require__","line":6773,"method":null,"native":false},{"column":21,"file":"/Users/mbp2019/Desktop/Development/workpick2/dist/main.js","function":"fn","line":6880,"method":null,"native":false},{"column":14,"file":"/Users/mbp2019/Desktop/Development/workpick2/dist/main.js","function":null,"line":602,"method":null,"native":false},{"column":33,"file":"/Users/mbp2019/Desktop/Development/workpick2/dist/main.js","function":"__webpack_require__","line":6773,"method":null,"native":false},{"column":21,"file":"/Users/mbp2019/Desktop/Development/workpick2/dist/main.js","function":"fn","line":6880,"method":null,"native":false},{"column":30,"file":"/Users/mbp2019/Desktop/Development/workpick2/dist/main.js","function":null,"line":567,"method":null,"native":false},{"column":33,"file":"/Users/mbp2019/Desktop/Development/workpick2/dist/main.js","function":"__webpack_require__","line":6773,"method":null,"native":false},{"column":21,"file":"/Users/mbp2019/Desktop/Development/workpick2/dist/main.js","function":"fn","line":6880,"method":null,"native":false}]}
error: uncaughtException: Cannot find module '../services/sql-runner.service'
Error: Cannot find module '../services/sql-runner.service'
    at webpackMissingModule (/Users/mbp2019/Desktop/Development/workpick2/dist/main.js:624:99)
    at Object.<anonymous> (/Users/mbp2019/Desktop/Development/workpick2/dist/main.js:624:204)
    at __webpack_require__ (/Users/mbp2019/Desktop/Development/workpick2/dist/main.js:6773:33)
    at fn (/Users/mbp2019/Desktop/Development/workpick2/dist/main.js:6880:21)
    at Object.<anonymous> (/Users/mbp2019/Desktop/Development/workpick2/dist/main.js:602:14)
    at __webpack_require__ (/Users/mbp2019/Desktop/Development/workpick2/dist/main.js:6773:33)
    at fn (/Users/mbp2019/Desktop/Development/workpick2/dist/main.js:6880:21)
    at Object.<anonymous> (/Users/mbp2019/Desktop/Development/workpick2/dist/main.js:567:30)
    at __webpack_require__ (/Users/mbp2019/Desktop/Development/workpick2/dist/main.js:6773:33)
    at fn (/Users/mbp2019/Desktop/Development/workpick2/dist/main.js:6880:21) {"date":"Sat Oct 07 2023 22:48:16 GMT+0900 (Korean Standard Time)","error":{"code":"MODULE_NOT_FOUND"},"exception":true,"os":{"loadavg":[3.0751953125,2.76708984375,2.56494140625],"uptime":440372},"process":{"argv":["/Users/mbp2019/.nvm/versions/node/v16.19.1/bin/node","/Users/mbp2019/Desktop/Development/workpick2/dist/main.js"],"cwd":"/Users/mbp2019/Desktop/Development/workpick2","execPath":"/Users/mbp2019/.nvm/versions/node/v16.19.1/bin/node","gid":20,"memoryUsage":{"arrayBuffers":99253,"external":2380477,"heapTotal":34734080,"heapUsed":20993056,"rss":71221248},"pid":58710,"uid":503,"version":"v16.19.1"},"stack":"Error: Cannot find module '../services/sql-runner.service'\n    at webpackMissingModule (/Users/mbp2019/Desktop/Development/workpick2/dist/main.js:624:99)\n    at Object.<anonymous> (/Users/mbp2019/Desktop/Development/workpick2/dist/main.js:624:204)\n    at __webpack_require__ (/Users/mbp2019/Desktop/Development/workpick2/dist/main.js:6773:33)\n    at fn (/Users/mbp2019/Desktop/Development/workpick2/dist/main.js:6880:21)\n    at Object.<anonymous> (/Users/mbp2019/Desktop/Development/workpick2/dist/main.js:602:14)\n    at __webpack_require__ (/Users/mbp2019/Desktop/Development/workpick2/dist/main.js:6773:33)\n    at fn (/Users/mbp2019/Desktop/Development/workpick2/dist/main.js:6880:21)\n    at Object.<anonymous> (/Users/mbp2019/Desktop/Development/workpick2/dist/main.js:567:30)\n    at __webpack_require__ (/Users/mbp2019/Desktop/Development/workpick2/dist/main.js:6773:33)\n    at fn (/Users/mbp2019/Desktop/Development/workpick2/dist/main.js:6880:21)","timestamp":"2023/10/7 22:48:16","trace":[{"column":99,"file":"/Users/mbp2019/Desktop/Development/workpick2/dist/main.js","function":"webpackMissingModule","line":624,"method":null,"native":false},{"column":204,"file":"/Users/mbp2019/Desktop/Development/workpick2/dist/main.js","function":null,"line":624,"method":null,"native":false},{"column":33,"file":"/Users/mbp2019/Desktop/Development/workpick2/dist/main.js","function":"__webpack_require__","line":6773,"method":null,"native":false},{"column":21,"file":"/Users/mbp2019/Desktop/Development/workpick2/dist/main.js","function":"fn","line":6880,"method":null,"native":false},{"column":14,"file":"/Users/mbp2019/Desktop/Development/workpick2/dist/main.js","function":null,"line":602,"method":null,"native":false},{"column":33,"file":"/Users/mbp2019/Desktop/Development/workpick2/dist/main.js","function":"__webpack_require__","line":6773,"method":null,"native":false},{"column":21,"file":"/Users/mbp2019/Desktop/Development/workpick2/dist/main.js","function":"fn","line":6880,"method":null,"native":false},{"column":30,"file":"/Users/mbp2019/Desktop/Development/workpick2/dist/main.js","function":null,"line":567,"method":null,"native":false},{"column":33,"file":"/Users/mbp2019/Desktop/Development/workpick2/dist/main.js","function":"__webpack_require__","line":6773,"method":null,"native":false},{"column":21,"file":"/Users/mbp2019/Desktop/Development/workpick2/dist/main.js","function":"fn","line":6880,"method":null,"native":false}]}
error: uncaughtException: Cannot find module '../services/sql-runner.service'
Error: Cannot find module '../services/sql-runner.service'
    at webpackMissingModule (/Users/mbp2019/Desktop/Development/workpick2/dist/main.js:624:99)
    at Object.<anonymous> (/Users/mbp2019/Desktop/Development/workpick2/dist/main.js:624:204)
    at __webpack_require__ (/Users/mbp2019/Desktop/Development/workpick2/dist/main.js:6773:33)
    at fn (/Users/mbp2019/Desktop/Development/workpick2/dist/main.js:6880:21)
    at Object.<anonymous> (/Users/mbp2019/Desktop/Development/workpick2/dist/main.js:602:14)
    at __webpack_require__ (/Users/mbp2019/Desktop/Development/workpick2/dist/main.js:6773:33)
    at fn (/Users/mbp2019/Desktop/Development/workpick2/dist/main.js:6880:21)
    at Object.<anonymous> (/Users/mbp2019/Desktop/Development/workpick2/dist/main.js:567:30)
    at __webpack_require__ (/Users/mbp2019/Desktop/Development/workpick2/dist/main.js:6773:33)
    at fn (/Users/mbp2019/Desktop/Development/workpick2/dist/main.js:6880:21) {"date":"Sat Oct 07 2023 22:48:22 GMT+0900 (Korean Standard Time)","error":{"code":"MODULE_NOT_FOUND"},"exception":true,"os":{"loadavg":[4.18408203125,3.00634765625,2.65185546875],"uptime":440378},"process":{"argv":["/Users/mbp2019/.nvm/versions/node/v16.19.1/bin/node","/Users/mbp2019/Desktop/Development/workpick2/dist/main.js"],"cwd":"/Users/mbp2019/Desktop/Development/workpick2","execPath":"/Users/mbp2019/.nvm/versions/node/v16.19.1/bin/node","gid":20,"memoryUsage":{"arrayBuffers":92596,"external":2369250,"heapTotal":34996224,"heapUsed":21156400,"rss":72040448},"pid":58725,"uid":503,"version":"v16.19.1"},"stack":"Error: Cannot find module '../services/sql-runner.service'\n    at webpackMissingModule (/Users/mbp2019/Desktop/Development/workpick2/dist/main.js:624:99)\n    at Object.<anonymous> (/Users/mbp2019/Desktop/Development/workpick2/dist/main.js:624:204)\n    at __webpack_require__ (/Users/mbp2019/Desktop/Development/workpick2/dist/main.js:6773:33)\n    at fn (/Users/mbp2019/Desktop/Development/workpick2/dist/main.js:6880:21)\n    at Object.<anonymous> (/Users/mbp2019/Desktop/Development/workpick2/dist/main.js:602:14)\n    at __webpack_require__ (/Users/mbp2019/Desktop/Development/workpick2/dist/main.js:6773:33)\n    at fn (/Users/mbp2019/Desktop/Development/workpick2/dist/main.js:6880:21)\n    at Object.<anonymous> (/Users/mbp2019/Desktop/Development/workpick2/dist/main.js:567:30)\n    at __webpack_require__ (/Users/mbp2019/Desktop/Development/workpick2/dist/main.js:6773:33)\n    at fn (/Users/mbp2019/Desktop/Development/workpick2/dist/main.js:6880:21)","timestamp":"2023/10/7 22:48:22","trace":[{"column":99,"file":"/Users/mbp2019/Desktop/Development/workpick2/dist/main.js","function":"webpackMissingModule","line":624,"method":null,"native":false},{"column":204,"file":"/Users/mbp2019/Desktop/Development/workpick2/dist/main.js","function":null,"line":624,"method":null,"native":false},{"column":33,"file":"/Users/mbp2019/Desktop/Development/workpick2/dist/main.js","function":"__webpack_require__","line":6773,"method":null,"native":false},{"column":21,"file":"/Users/mbp2019/Desktop/Development/workpick2/dist/main.js","function":"fn","line":6880,"method":null,"native":false},{"column":14,"file":"/Users/mbp2019/Desktop/Development/workpick2/dist/main.js","function":null,"line":602,"method":null,"native":false},{"column":33,"file":"/Users/mbp2019/Desktop/Development/workpick2/dist/main.js","function":"__webpack_require__","line":6773,"method":null,"native":false},{"column":21,"file":"/Users/mbp2019/Desktop/Development/workpick2/dist/main.js","function":"fn","line":6880,"method":null,"native":false},{"column":30,"file":"/Users/mbp2019/Desktop/Development/workpick2/dist/main.js","function":null,"line":567,"method":null,"native":false},{"column":33,"file":"/Users/mbp2019/Desktop/Development/workpick2/dist/main.js","function":"__webpack_require__","line":6773,"method":null,"native":false},{"column":21,"file":"/Users/mbp2019/Desktop/Development/workpick2/dist/main.js","function":"fn","line":6880,"method":null,"native":false}]}
error: uncaughtException: Cannot find module '../services/sql-runner.service'
Error: Cannot find module '../services/sql-runner.service'
    at webpackMissingModule (/Users/mbp2019/Desktop/Development/workpick2/dist/main.js:624:99)
    at Object.<anonymous> (/Users/mbp2019/Desktop/Development/workpick2/dist/main.js:624:204)
    at __webpack_require__ (/Users/mbp2019/Desktop/Development/workpick2/dist/main.js:6773:33)
    at fn (/Users/mbp2019/Desktop/Development/workpick2/dist/main.js:6880:21)
    at Object.<anonymous> (/Users/mbp2019/Desktop/Development/workpick2/dist/main.js:602:14)
    at __webpack_require__ (/Users/mbp2019/Desktop/Development/workpick2/dist/main.js:6773:33)
    at fn (/Users/mbp2019/Desktop/Development/workpick2/dist/main.js:6880:21)
    at Object.<anonymous> (/Users/mbp2019/Desktop/Development/workpick2/dist/main.js:567:30)
    at __webpack_require__ (/Users/mbp2019/Desktop/Development/workpick2/dist/main.js:6773:33)
    at fn (/Users/mbp2019/Desktop/Development/workpick2/dist/main.js:6880:21) {"date":"Sat Oct 07 2023 22:48:42 GMT+0900 (Korean Standard Time)","error":{"code":"MODULE_NOT_FOUND"},"exception":true,"os":{"loadavg":[3.66650390625,2.95751953125,2.64208984375],"uptime":440398},"process":{"argv":["/Users/mbp2019/.nvm/versions/node/v16.19.1/bin/node","/Users/mbp2019/Desktop/Development/workpick2/dist/main.js"],"cwd":"/Users/mbp2019/Desktop/Development/workpick2","execPath":"/Users/mbp2019/.nvm/versions/node/v16.19.1/bin/node","gid":20,"memoryUsage":{"arrayBuffers":99498,"external":2376152,"heapTotal":34734080,"heapUsed":21153472,"rss":74432512},"pid":58746,"uid":503,"version":"v16.19.1"},"stack":"Error: Cannot find module '../services/sql-runner.service'\n    at webpackMissingModule (/Users/mbp2019/Desktop/Development/workpick2/dist/main.js:624:99)\n    at Object.<anonymous> (/Users/mbp2019/Desktop/Development/workpick2/dist/main.js:624:204)\n    at __webpack_require__ (/Users/mbp2019/Desktop/Development/workpick2/dist/main.js:6773:33)\n    at fn (/Users/mbp2019/Desktop/Development/workpick2/dist/main.js:6880:21)\n    at Object.<anonymous> (/Users/mbp2019/Desktop/Development/workpick2/dist/main.js:602:14)\n    at __webpack_require__ (/Users/mbp2019/Desktop/Development/workpick2/dist/main.js:6773:33)\n    at fn (/Users/mbp2019/Desktop/Development/workpick2/dist/main.js:6880:21)\n    at Object.<anonymous> (/Users/mbp2019/Desktop/Development/workpick2/dist/main.js:567:30)\n    at __webpack_require__ (/Users/mbp2019/Desktop/Development/workpick2/dist/main.js:6773:33)\n    at fn (/Users/mbp2019/Desktop/Development/workpick2/dist/main.js:6880:21)","timestamp":"2023/10/7 22:48:42","trace":[{"column":99,"file":"/Users/mbp2019/Desktop/Development/workpick2/dist/main.js","function":"webpackMissingModule","line":624,"method":null,"native":false},{"column":204,"file":"/Users/mbp2019/Desktop/Development/workpick2/dist/main.js","function":null,"line":624,"method":null,"native":false},{"column":33,"file":"/Users/mbp2019/Desktop/Development/workpick2/dist/main.js","function":"__webpack_require__","line":6773,"method":null,"native":false},{"column":21,"file":"/Users/mbp2019/Desktop/Development/workpick2/dist/main.js","function":"fn","line":6880,"method":null,"native":false},{"column":14,"file":"/Users/mbp2019/Desktop/Development/workpick2/dist/main.js","function":null,"line":602,"method":null,"native":false},{"column":33,"file":"/Users/mbp2019/Desktop/Development/workpick2/dist/main.js","function":"__webpack_require__","line":6773,"method":null,"native":false},{"column":21,"file":"/Users/mbp2019/Desktop/Development/workpick2/dist/main.js","function":"fn","line":6880,"method":null,"native":false},{"column":30,"file":"/Users/mbp2019/Desktop/Development/workpick2/dist/main.js","function":null,"line":567,"method":null,"native":false},{"column":33,"file":"/Users/mbp2019/Desktop/Development/workpick2/dist/main.js","function":"__webpack_require__","line":6773,"method":null,"native":false},{"column":21,"file":"/Users/mbp2019/Desktop/Development/workpick2/dist/main.js","function":"fn","line":6880,"method":null,"native":false}]}
error: uncaughtException: Cannot find module '../services/sql-runner.service'
Error: Cannot find module '../services/sql-runner.service'
    at webpackMissingModule (/Users/mbp2019/Desktop/Development/workpick2/dist/main.js:624:99)
    at Object.<anonymous> (/Users/mbp2019/Desktop/Development/workpick2/dist/main.js:624:204)
    at __webpack_require__ (/Users/mbp2019/Desktop/Development/workpick2/dist/main.js:6774:33)
    at fn (/Users/mbp2019/Desktop/Development/workpick2/dist/main.js:6881:21)
    at Object.<anonymous> (/Users/mbp2019/Desktop/Development/workpick2/dist/main.js:602:14)
    at __webpack_require__ (/Users/mbp2019/Desktop/Development/workpick2/dist/main.js:6774:33)
    at fn (/Users/mbp2019/Desktop/Development/workpick2/dist/main.js:6881:21)
    at Object.<anonymous> (/Users/mbp2019/Desktop/Development/workpick2/dist/main.js:567:30)
    at __webpack_require__ (/Users/mbp2019/Desktop/Development/workpick2/dist/main.js:6774:33)
    at fn (/Users/mbp2019/Desktop/Development/workpick2/dist/main.js:6881:21) {"date":"Sat Oct 07 2023 23:01:52 GMT+0900 (Korean Standard Time)","error":{"code":"MODULE_NOT_FOUND"},"exception":true,"os":{"loadavg":[3.9853515625,2.77001953125,2.58203125],"uptime":441188},"process":{"argv":["/Users/mbp2019/.nvm/versions/node/v16.19.1/bin/node","/Users/mbp2019/Desktop/Development/workpick2/dist/main.js"],"cwd":"/Users/mbp2019/Desktop/Development/workpick2","execPath":"/Users/mbp2019/.nvm/versions/node/v16.19.1/bin/node","gid":20,"memoryUsage":{"arrayBuffers":93270,"external":2364127,"heapTotal":34996224,"heapUsed":21179232,"rss":73383936},"pid":59061,"uid":503,"version":"v16.19.1"},"stack":"Error: Cannot find module '../services/sql-runner.service'\n    at webpackMissingModule (/Users/mbp2019/Desktop/Development/workpick2/dist/main.js:624:99)\n    at Object.<anonymous> (/Users/mbp2019/Desktop/Development/workpick2/dist/main.js:624:204)\n    at __webpack_require__ (/Users/mbp2019/Desktop/Development/workpick2/dist/main.js:6774:33)\n    at fn (/Users/mbp2019/Desktop/Development/workpick2/dist/main.js:6881:21)\n    at Object.<anonymous> (/Users/mbp2019/Desktop/Development/workpick2/dist/main.js:602:14)\n    at __webpack_require__ (/Users/mbp2019/Desktop/Development/workpick2/dist/main.js:6774:33)\n    at fn (/Users/mbp2019/Desktop/Development/workpick2/dist/main.js:6881:21)\n    at Object.<anonymous> (/Users/mbp2019/Desktop/Development/workpick2/dist/main.js:567:30)\n    at __webpack_require__ (/Users/mbp2019/Desktop/Development/workpick2/dist/main.js:6774:33)\n    at fn (/Users/mbp2019/Desktop/Development/workpick2/dist/main.js:6881:21)","timestamp":"2023/10/7 23:01:52","trace":[{"column":99,"file":"/Users/mbp2019/Desktop/Development/workpick2/dist/main.js","function":"webpackMissingModule","line":624,"method":null,"native":false},{"column":204,"file":"/Users/mbp2019/Desktop/Development/workpick2/dist/main.js","function":null,"line":624,"method":null,"native":false},{"column":33,"file":"/Users/mbp2019/Desktop/Development/workpick2/dist/main.js","function":"__webpack_require__","line":6774,"method":null,"native":false},{"column":21,"file":"/Users/mbp2019/Desktop/Development/workpick2/dist/main.js","function":"fn","line":6881,"method":null,"native":false},{"column":14,"file":"/Users/mbp2019/Desktop/Development/workpick2/dist/main.js","function":null,"line":602,"method":null,"native":false},{"column":33,"file":"/Users/mbp2019/Desktop/Development/workpick2/dist/main.js","function":"__webpack_require__","line":6774,"method":null,"native":false},{"column":21,"file":"/Users/mbp2019/Desktop/Development/workpick2/dist/main.js","function":"fn","line":6881,"method":null,"native":false},{"column":30,"file":"/Users/mbp2019/Desktop/Development/workpick2/dist/main.js","function":null,"line":567,"method":null,"native":false},{"column":33,"file":"/Users/mbp2019/Desktop/Development/workpick2/dist/main.js","function":"__webpack_require__","line":6774,"method":null,"native":false},{"column":21,"file":"/Users/mbp2019/Desktop/Development/workpick2/dist/main.js","function":"fn","line":6881,"method":null,"native":false}]}
info: Nest.js API-Server ready to http://localhost:3000/ {"timestamp":"2023/10/7 23:02:17"}
info: Nest.js API-Server ready to http://localhost:3000/ {"timestamp":"2023/10/7 23:02:20"}
info: Nest.js API-Server ready to http://localhost:3000/ {"timestamp":"2023/10/7 23:08:00"}
info: Nest.js API-Server ready to http://localhost:3000/ {"timestamp":"2023/10/7 23:08:08"}
info: Nest.js API-Server ready to http://localhost:3000/ {"timestamp":"2023/10/7 23:08:09"}
info: Nest.js API-Server ready to http://localhost:3000/ {"timestamp":"2023/10/7 23:09:24"}
info: Nest.js API-Server ready to http://localhost:3000/ {"timestamp":"2023/10/7 23:09:25"}
info: Nest.js API-Server ready to http://localhost:3000/ {"timestamp":"2023/10/7 23:09:27"}
info: Nest.js API-Server ready to http://localhost:3000/ {"timestamp":"2023/10/7 23:09:36"}
info: Nest.js API-Server ready to http://localhost:3000/ {"timestamp":"2023/10/7 23:09:38"}
info: Nest.js API-Server ready to http://localhost:3000/ {"timestamp":"2023/10/7 23:09:45"}
info: Nest.js API-Server ready to http://localhost:3000/ {"timestamp":"2023/10/7 23:09:50"}
info: Nest.js API-Server ready to http://localhost:3000/ {"timestamp":"2023/10/7 23:09:58"}
info: Nest.js API-Server ready to http://localhost:3000/ {"timestamp":"2023/10/7 23:10:04"}
info: Nest.js API-Server ready to http://localhost:3000/ {"timestamp":"2023/10/7 23:10:34"}
info: Nest.js API-Server ready to http://localhost:3000/ {"timestamp":"2023/10/7 23:12:10"}
info: Nest.js API-Server ready to http://localhost:3000/ {"timestamp":"2023/10/7 23:12:20"}
info: Nest.js API-Server ready to http://localhost:3000/ {"timestamp":"2023/10/7 23:12:22"}
info: Nest.js API-Server ready to http://localhost:3000/ {"timestamp":"2023/10/7 23:12:24"}
info: Nest.js API-Server ready to http://localhost:3000/ {"timestamp":"2023/10/7 23:12:35"}
info: Nest.js API-Server ready to http://localhost:3000/ {"timestamp":"2023/10/7 23:12:37"}
info: Nest.js API-Server ready to http://localhost:3000/ {"timestamp":"2023/10/7 23:12:38"}
info: Nest.js API-Server ready to http://localhost:3000/ {"timestamp":"2023/10/7 23:12:48"}
info: Nest.js API-Server ready to http://localhost:3000/ {"timestamp":"2023/10/7 23:12:55"}
info: Nest.js API-Server ready to http://localhost:3000/ {"timestamp":"2023/10/7 23:13:05"}
info: Nest.js API-Server ready to http://localhost:3000/ {"timestamp":"2023/10/7 23:13:22"}
info: Nest.js API-Server ready to http://localhost:3000/ {"timestamp":"2023/10/7 23:13:25"}
info: Nest.js API-Server ready to http://localhost:3000/ {"timestamp":"2023/10/7 23:13:43"}
info: Nest.js API-Server ready to http://localhost:3000/ {"timestamp":"2023/10/7 23:13:45"}
info: Nest.js API-Server ready to http://localhost:3000/ {"timestamp":"2023/10/7 23:13:51"}
info: Nest.js API-Server ready to http://localhost:3000/ {"timestamp":"2023/10/7 23:14:05"}
info: Nest.js API-Server ready to http://localhost:3000/ {"timestamp":"2023/10/7 23:14:10"}
info: Nest.js API-Server ready to http://localhost:3000/ {"timestamp":"2023/10/7 23:14:31"}
info: Nest.js API-Server ready to http://localhost:3000/ {"timestamp":"2023/10/7 23:14:33"}
info: Nest.js API-Server ready to http://localhost:3000/ {"timestamp":"2023/10/7 23:14:38"}
info: Nest.js API-Server ready to http://localhost:3000/ {"timestamp":"2023/10/7 23:14:42"}
info: Nest.js API-Server ready to http://localhost:3000/ {"timestamp":"2023/10/7 23:14:52"}
info: Nest.js API-Server ready to http://localhost:3000/ {"timestamp":"2023/10/7 23:14:58"}
info: Nest.js API-Server ready to http://localhost:3000/ {"timestamp":"2023/10/7 23:15:05"}
info: Nest.js API-Server ready to http://localhost:3000/ {"timestamp":"2023/10/7 23:16:48"}
info: Nest.js API-Server ready to http://localhost:3000/ {"timestamp":"2023/10/7 23:17:06"}
info: Nest.js API-Server ready to http://localhost:3000/ {"timestamp":"2023/10/7 23:17:25"}
info: Nest.js API-Server ready to http://localhost:3000/ {"timestamp":"2023/10/7 23:17:37"}
info: Nest.js API-Server ready to http://localhost:3000/ {"timestamp":"2023/10/7 23:18:17"}
info: Nest.js API-Server ready to http://localhost:3000/ {"timestamp":"2023/10/7 23:18:36"}
info: Nest.js API-Server ready to http://localhost:3000/ {"timestamp":"2023/10/7 23:19:09"}
info: Nest.js API-Server ready to http://localhost:3000/ {"timestamp":"2023/10/7 23:19:14"}
info: Nest.js API-Server ready to http://localhost:3000/ {"timestamp":"2023/10/7 23:22:04"}
info: Nest.js API-Server ready to http://localhost:3000/ {"timestamp":"2023/10/7 23:22:36"}
info: Nest.js API-Server ready to http://localhost:3000/ {"timestamp":"2023/10/7 23:22:38"}
info: Nest.js API-Server ready to http://localhost:3000/ {"timestamp":"2023/10/7 23:22:43"}
info: Nest.js API-Server ready to http://localhost:3000/ {"timestamp":"2023/10/7 23:22:48"}
info: Nest.js API-Server ready to http://localhost:3000/ {"timestamp":"2023/10/7 23:22:54"}
info: Nest.js API-Server ready to http://localhost:3000/ {"timestamp":"2023/10/7 23:23:00"}
info: Nest.js API-Server ready to http://localhost:3000/ {"timestamp":"2023/10/7 23:23:20"}
info: Nest.js API-Server ready to http://localhost:3000/ {"timestamp":"2023/10/7 23:23:38"}
info: Nest.js API-Server ready to http://localhost:3000/ {"timestamp":"2023/10/7 23:23:40"}
info: Nest.js API-Server ready to http://localhost:3000/ {"timestamp":"2023/10/7 23:23:45"}
info: Nest.js API-Server ready to http://localhost:3000/ {"timestamp":"2023/10/7 23:23:49"}
info: Nest.js API-Server ready to http://localhost:3000/ {"timestamp":"2023/10/7 23:24:37"}
info: Nest.js API-Server ready to http://localhost:3000/ {"timestamp":"2023/10/7 23:25:02"}
info: Nest.js API-Server ready to http://localhost:3000/ {"timestamp":"2023/10/7 23:25:22"}
info: Nest.js API-Server ready to http://localhost:3000/ {"timestamp":"2023/10/7 23:25:39"}
info: Nest.js API-Server ready to http://localhost:3000/ {"timestamp":"2023/10/7 23:25:44"}
info: Nest.js API-Server ready to http://localhost:3000/ {"timestamp":"2023/10/7 23:26:11"}
info: Nest.js API-Server ready to http://localhost:3000/ {"timestamp":"2023/10/7 23:26:30"}
info: Nest.js API-Server ready to http://localhost:3000/ {"timestamp":"2023/10/7 23:26:38"}
info: Nest.js API-Server ready to http://localhost:3000/ {"timestamp":"2023/10/7 23:27:09"}
info: Nest.js API-Server ready to http://localhost:3000/ {"timestamp":"2023/10/7 23:27:17"}
info: Nest.js API-Server ready to http://localhost:3000/ {"timestamp":"2023/10/7 23:27:23"}
info: Nest.js API-Server ready to http://localhost:3000/ {"timestamp":"2023/10/7 23:27:26"}
info: Nest.js API-Server ready to http://localhost:3000/ {"timestamp":"2023/10/7 23:27:28"}
info: Nest.js API-Server ready to http://localhost:3000/ {"timestamp":"2023/10/7 23:27:30"}
info: Nest.js API-Server ready to http://localhost:3000/ {"timestamp":"2023/10/7 23:27:38"}
info: Nest.js API-Server ready to http://localhost:3000/ {"timestamp":"2023/10/7 23:27:39"}
info: Nest.js API-Server ready to http://localhost:3000/ {"timestamp":"2023/10/7 23:27:50"}
info: Nest.js API-Server ready to http://localhost:3000/ {"timestamp":"2023/10/7 23:27:57"}
info: Nest.js API-Server ready to http://localhost:3000/ {"timestamp":"2023/10/7 23:28:16"}
info: Nest.js API-Server ready to http://localhost:3000/ {"timestamp":"2023/10/7 23:28:25"}
info: Nest.js API-Server ready to http://localhost:3000/ {"timestamp":"2023/10/7 23:28:36"}
info: Nest.js API-Server ready to http://localhost:3000/ {"timestamp":"2023/10/7 23:28:46"}
info: Nest.js API-Server ready to http://localhost:3000/ {"timestamp":"2023/10/7 23:29:21"}
info: Nest.js API-Server ready to http://localhost:3000/ {"timestamp":"2023/10/7 23:29:25"}
info: Nest.js API-Server ready to http://localhost:3000/ {"timestamp":"2023/10/7 23:29:48"}
info: Nest.js API-Server ready to http://localhost:3000/ {"timestamp":"2023/10/7 23:30:00"}
info: Nest.js API-Server ready to http://localhost:3000/ {"timestamp":"2023/10/7 23:30:20"}
info: Nest.js API-Server ready to http://localhost:3000/ {"timestamp":"2023/10/7 23:30:29"}
info: Nest.js API-Server ready to http://localhost:3000/ {"timestamp":"2023/10/7 23:30:33"}
info: Nest.js API-Server ready to http://localhost:3000/ {"timestamp":"2023/10/7 23:30:37"}
info: Nest.js API-Server ready to http://localhost:3000/ {"timestamp":"2023/10/7 23:32:05"}
info: Nest.js API-Server ready to http://localhost:3000/ {"timestamp":"2023/10/7 23:32:08"}
info: Nest.js API-Server ready to http://localhost:3000/ {"timestamp":"2023/10/7 23:32:12"}
info: Nest.js API-Server ready to http://localhost:3000/ {"timestamp":"2023/10/7 23:32:37"}
info: Nest.js API-Server ready to http://localhost:3000/ {"timestamp":"2023/10/7 23:32:43"}
info: Nest.js API-Server ready to http://localhost:3000/ {"timestamp":"2023/10/7 23:32:48"}
info: Nest.js API-Server ready to http://localhost:3000/ {"timestamp":"2023/10/7 23:32:51"}
info: Nest.js API-Server ready to http://localhost:3000/ {"timestamp":"2023/10/7 23:33:11"}
info: Nest.js API-Server ready to http://localhost:3000/ {"timestamp":"2023/10/7 23:33:13"}
info: Nest.js API-Server ready to http://localhost:3000/ {"timestamp":"2023/10/7 23:33:27"}
info: Nest.js API-Server ready to http://localhost:3000/ {"timestamp":"2023/10/7 23:36:09"}
info: Nest.js API-Server ready to http://localhost:3000/ {"timestamp":"2023/10/7 23:37:57"}
info: Nest.js API-Server ready to http://localhost:3000/ {"timestamp":"2023/10/7 23:38:07"}
info: Nest.js API-Server ready to http://localhost:3000/ {"timestamp":"2023/10/7 23:38:11"}
info: Nest.js API-Server ready to http://localhost:3000/ {"timestamp":"2023/10/7 23:38:20"}
info: Nest.js API-Server ready to http://localhost:3000/ {"timestamp":"2023/10/7 23:38:24"}
debug: [REQ] ::1 POST 404 : /api/v1/main/check-in-out {"timestamp":"2023/10/7 23:38:38"}
info: Nest.js API-Server ready to http://localhost:3000/ {"timestamp":"2023/10/7 23:39:26"}
debug: [REQ] ::1 POST 200 : /api/v1/main/check-in-out {"timestamp":"2023/10/7 23:39:28"}
info: Nest.js API-Server ready to http://localhost:3000/ {"timestamp":"2023/10/7 23:42:06"}
info: Nest.js API-Server ready to http://localhost:3000/ {"timestamp":"2023/10/7 23:42:14"}
info: Nest.js API-Server ready to http://localhost:3000/ {"timestamp":"2023/10/7 23:43:18"}
info: Nest.js API-Server ready to http://localhost:3000/ {"timestamp":"2023/10/7 23:43:44"}
info: Nest.js API-Server ready to http://localhost:3000/ {"timestamp":"2023/10/7 23:43:47"}
info: Nest.js API-Server ready to http://localhost:3000/ {"timestamp":"2023/10/7 23:44:09"}
info: Nest.js API-Server ready to http://localhost:3000/ {"timestamp":"2023/10/7 23:44:16"}
info: Nest.js API-Server ready to http://localhost:3000/ {"timestamp":"2023/10/7 23:44:23"}
info: Nest.js API-Server ready to http://localhost:3000/ {"timestamp":"2023/10/7 23:44:42"}
info: Nest.js API-Server ready to http://localhost:3000/ {"timestamp":"2023/10/7 23:44:56"}
info: Nest.js API-Server ready to http://localhost:3000/ {"timestamp":"2023/10/7 23:45:24"}
info: Nest.js API-Server ready to http://localhost:3000/ {"timestamp":"2023/10/7 23:45:30"}
debug: [REQ] ::1 POST 200 : /api/v1/main/list {"timestamp":"2023/10/7 23:45:40"}
info: Nest.js API-Server ready to http://localhost:3000/ {"timestamp":"2023/10/7 23:46:17"}
info: Nest.js API-Server ready to http://localhost:3000/ {"timestamp":"2023/10/7 23:46:19"}
info: Nest.js API-Server ready to http://localhost:3000/ {"timestamp":"2023/10/7 23:46:55"}
info: Nest.js API-Server ready to http://localhost:3000/ {"timestamp":"2023/10/7 23:46:59"}
info: Nest.js API-Server ready to http://localhost:3000/ {"timestamp":"2023/10/7 23:47:37"}
info: Nest.js API-Server ready to http://localhost:3000/ {"timestamp":"2023/10/7 23:47:47"}
info: Nest.js API-Server ready to http://localhost:3000/ {"timestamp":"2023/10/7 23:48:00"}
info: Nest.js API-Server ready to http://localhost:3000/ {"timestamp":"2023/10/7 23:49:24"}
info: Nest.js API-Server ready to http://localhost:3000/ {"timestamp":"2023/10/7 23:49:33"}
info: Nest.js API-Server ready to http://localhost:3000/ {"timestamp":"2023/10/7 23:49:42"}
info: Nest.js API-Server ready to http://localhost:3000/ {"timestamp":"2023/10/7 23:49:44"}
info: Nest.js API-Server ready to http://localhost:3000/ {"timestamp":"2023/10/7 23:49:59"}
info: Nest.js API-Server ready to http://localhost:3000/ {"timestamp":"2023/10/7 23:50:01"}
info: Nest.js API-Server ready to http://localhost:3000/ {"timestamp":"2023/10/7 23:50:27"}
debug: [REQ] ::1 POST 500 : /api/v1/main/list {"timestamp":"2023/10/7 23:50:31"}
info: Nest.js API-Server ready to http://localhost:3000/ {"timestamp":"2023/10/7 23:50:49"}
debug: [REQ] ::1 POST 500 : /api/v1/main/list {"timestamp":"2023/10/7 23:50:51"}
info: Nest.js API-Server ready to http://localhost:3000/ {"timestamp":"2023/10/7 23:52:04"}
info: Nest.js API-Server ready to http://localhost:3000/ {"timestamp":"2023/10/7 23:52:11"}
info: Nest.js API-Server ready to http://localhost:3000/ {"timestamp":"2023/10/7 23:52:53"}
debug: [REQ] ::1 POST 500 : /api/v1/main/list {"timestamp":"2023/10/7 23:52:56"}
info: Nest.js API-Server ready to http://localhost:3000/ {"timestamp":"2023/10/7 23:54:15"}
info: Nest.js API-Server ready to http://localhost:3000/ {"timestamp":"2023/10/7 23:54:21"}
info: Nest.js API-Server ready to http://localhost:3000/ {"timestamp":"2023/10/7 23:54:29"}
debug: [REQ] ::1 POST 500 : /api/v1/main/list {"timestamp":"2023/10/7 23:54:31"}
info: Nest.js API-Server ready to http://localhost:3000/ {"timestamp":"2023/10/7 23:54:49"}
info: Nest.js API-Server ready to http://localhost:3000/ {"timestamp":"2023/10/7 23:55:03"}
info: Nest.js API-Server ready to http://localhost:3000/ {"timestamp":"2023/10/7 23:55:09"}
info: Nest.js API-Server ready to http://localhost:3000/ {"timestamp":"2023/10/7 23:55:18"}
info: Nest.js API-Server ready to http://localhost:3000/ {"timestamp":"2023/10/7 23:55:33"}
info: Nest.js API-Server ready to http://localhost:3000/ {"timestamp":"2023/10/7 23:55:46"}
info: Nest.js API-Server ready to http://localhost:3000/ {"timestamp":"2023/10/7 23:56:04"}
debug: [REQ] ::1 POST 200 : /api/v1/main/list {"timestamp":"2023/10/7 23:57:50"}
info: Nest.js API-Server ready to http://localhost:3000/ {"timestamp":"2023/10/7 23:59:27"}
debug: [REQ] ::1 POST 200 : /api/v1/main/list {"timestamp":"2023/10/7 23:59:41"}
error: uncaughtException: invalid input syntax for type timestamp with time zone: "00:00"
QueryFailedError: invalid input syntax for type timestamp with time zone: "00:00"
    at PostgresQueryRunner.query (/Users/mbp2019/Desktop/Development/workpick2/node_modules/typeorm/driver/postgres/PostgresQueryRunner.js:211:19)
    at processTicksAndRejections (node:internal/process/task_queues:96:5)
    at async InsertQueryBuilder.execute (/Users/mbp2019/Desktop/Development/workpick2/node_modules/typeorm/query-builder/InsertQueryBuilder.js:106:33) {"date":"Sat Oct 07 2023 23:59:41 GMT+0900 (Korean Standard Time)","error":{"code":"22007","driverError":{"code":"22007","file":"datetime.c","length":166,"line":"3800","name":"error","routine":"DateTimeParseError","severity":"ERROR","where":"unnamed portal parameter $4 = '...'"},"file":"datetime.c","length":166,"line":"3800","parameters":["4",19,"2023-10-06T15:00:00.000Z","00:00","00:00",10000,1],"query":"INSERT INTO \"TB_MAIN\"(\"USER_ID\", \"WORK_ID\", \"WORK_DT\", \"WORK_START_TIME\", \"WORK_END_TIME\", \"WORK_START_CHECK_TIME\", \"WORK_END_CHECK_TIME\", \"WORK_PAY\", \"WORK_TOTAL_PAY\", \"FLAG\", \"REG_DT\", \"UPDATE_DT\", \"DELETED\") VALUES ($1, $2, $3, $4, $5, DEFAULT, DEFAULT, $6, DEFAULT, $7, DEFAULT, DEFAULT, DEFAULT) RETURNING \"ID\", \"WORK_DT\", \"WORK_START_TIME\", \"WORK_END_TIME\", \"WORK_START_CHECK_TIME\", \"WORK_END_CHECK_TIME\", \"WORK_PAY\", \"WORK_TOTAL_PAY\", \"FLAG\", \"REG_DT\", \"UPDATE_DT\", \"DELETED\"","routine":"DateTimeParseError","severity":"ERROR","where":"unnamed portal parameter $4 = '...'"},"exception":true,"os":{"loadavg":[2.02001953125,2.15576171875,2.46728515625],"uptime":444657},"process":{"argv":["/Users/mbp2019/.nvm/versions/node/v16.19.1/bin/node","/Users/mbp2019/Desktop/Development/workpick2/dist/main.js"],"cwd":"/Users/mbp2019/Desktop/Development/workpick2","execPath":"/Users/mbp2019/.nvm/versions/node/v16.19.1/bin/node","gid":20,"memoryUsage":{"arrayBuffers":130940,"external":1227913,"heapTotal":62177280,"heapUsed":57003328,"rss":78725120},"pid":64667,"uid":503,"version":"v16.19.1"},"stack":"QueryFailedError: invalid input syntax for type timestamp with time zone: \"00:00\"\n    at PostgresQueryRunner.query (/Users/mbp2019/Desktop/Development/workpick2/node_modules/typeorm/driver/postgres/PostgresQueryRunner.js:211:19)\n    at processTicksAndRejections (node:internal/process/task_queues:96:5)\n    at async InsertQueryBuilder.execute (/Users/mbp2019/Desktop/Development/workpick2/node_modules/typeorm/query-builder/InsertQueryBuilder.js:106:33)","timestamp":"2023/10/7 23:59:41","trace":[{"column":19,"file":"/Users/mbp2019/Desktop/Development/workpick2/node_modules/typeorm/driver/postgres/PostgresQueryRunner.js","function":"PostgresQueryRunner.query","line":211,"method":"query","native":false},{"column":5,"file":"node:internal/process/task_queues","function":"processTicksAndRejections","line":96,"method":null,"native":false},{"column":33,"file":"/Users/mbp2019/Desktop/Development/workpick2/node_modules/typeorm/query-builder/InsertQueryBuilder.js","function":"async InsertQueryBuilder.execute","line":106,"method":"execute","native":false}]}
error: uncaughtException: invalid input syntax for type timestamp with time zone: "00:00"
QueryFailedError: invalid input syntax for type timestamp with time zone: "00:00"
    at PostgresQueryRunner.query (/Users/mbp2019/Desktop/Development/workpick2/node_modules/typeorm/driver/postgres/PostgresQueryRunner.js:211:19)
    at processTicksAndRejections (node:internal/process/task_queues:96:5)
    at async InsertQueryBuilder.execute (/Users/mbp2019/Desktop/Development/workpick2/node_modules/typeorm/query-builder/InsertQueryBuilder.js:106:33) {"date":"Sat Oct 07 2023 23:59:42 GMT+0900 (Korean Standard Time)","error":{"code":"22007","driverError":{"code":"22007","file":"datetime.c","length":166,"line":"3800","name":"error","routine":"DateTimeParseError","severity":"ERROR","where":"unnamed portal parameter $4 = '...'"},"file":"datetime.c","length":166,"line":"3800","parameters":["4",18,"2023-10-06T15:00:00.000Z","00:00","00:00",10000,1],"query":"INSERT INTO \"TB_MAIN\"(\"USER_ID\", \"WORK_ID\", \"WORK_DT\", \"WORK_START_TIME\", \"WORK_END_TIME\", \"WORK_START_CHECK_TIME\", \"WORK_END_CHECK_TIME\", \"WORK_PAY\", \"WORK_TOTAL_PAY\", \"FLAG\", \"REG_DT\", \"UPDATE_DT\", \"DELETED\") VALUES ($1, $2, $3, $4, $5, DEFAULT, DEFAULT, $6, DEFAULT, $7, DEFAULT, DEFAULT, DEFAULT) RETURNING \"ID\", \"WORK_DT\", \"WORK_START_TIME\", \"WORK_END_TIME\", \"WORK_START_CHECK_TIME\", \"WORK_END_CHECK_TIME\", \"WORK_PAY\", \"WORK_TOTAL_PAY\", \"FLAG\", \"REG_DT\", \"UPDATE_DT\", \"DELETED\"","routine":"DateTimeParseError","severity":"ERROR","where":"unnamed portal parameter $4 = '...'"},"exception":true,"os":{"loadavg":[2.02001953125,2.15576171875,2.46728515625],"uptime":444658},"process":{"argv":["/Users/mbp2019/.nvm/versions/node/v16.19.1/bin/node","/Users/mbp2019/Desktop/Development/workpick2/dist/main.js"],"cwd":"/Users/mbp2019/Desktop/Development/workpick2","execPath":"/Users/mbp2019/.nvm/versions/node/v16.19.1/bin/node","gid":20,"memoryUsage":{"arrayBuffers":146398,"external":1245718,"heapTotal":62701568,"heapUsed":56727096,"rss":81068032},"pid":64667,"uid":503,"version":"v16.19.1"},"stack":"QueryFailedError: invalid input syntax for type timestamp with time zone: \"00:00\"\n    at PostgresQueryRunner.query (/Users/mbp2019/Desktop/Development/workpick2/node_modules/typeorm/driver/postgres/PostgresQueryRunner.js:211:19)\n    at processTicksAndRejections (node:internal/process/task_queues:96:5)\n    at async InsertQueryBuilder.execute (/Users/mbp2019/Desktop/Development/workpick2/node_modules/typeorm/query-builder/InsertQueryBuilder.js:106:33)","timestamp":"2023/10/7 23:59:42","trace":[{"column":19,"file":"/Users/mbp2019/Desktop/Development/workpick2/node_modules/typeorm/driver/postgres/PostgresQueryRunner.js","function":"PostgresQueryRunner.query","line":211,"method":"query","native":false},{"column":5,"file":"node:internal/process/task_queues","function":"processTicksAndRejections","line":96,"method":null,"native":false},{"column":33,"file":"/Users/mbp2019/Desktop/Development/workpick2/node_modules/typeorm/query-builder/InsertQueryBuilder.js","function":"async InsertQueryBuilder.execute","line":106,"method":"execute","native":false}]}
