info: Nest.js API-Server ready to http://localhost:3000/ {"timestamp":"2024/3/1 21:29:26"}
debug: [JsonResponse] 200 OK {"timestamp":"2024/3/1 21:29:54"}
debug: [REQ] ::1 POST 200 : /api/v1/main/list {"timestamp":"2024/3/1 21:29:54"}
info: Nest.js API-Server ready to http://localhost:3000/ {"timestamp":"2024/3/1 21:33:47"}
info: Nest.js API-Server ready to http://localhost:3000/ {"timestamp":"2024/3/1 21:36:12"}
debug: [JsonResponse] 200 OK {"timestamp":"2024/3/1 21:36:13"}
debug: [REQ] ::1 POST 200 : /api/v1/main/list {"timestamp":"2024/3/1 21:36:13"}
info: Nest.js API-Server ready to http://localhost:3000/ {"timestamp":"2024/3/1 21:36:43"}
debug: [JsonResponse] 200 OK {"timestamp":"2024/3/1 21:36:46"}
debug: [REQ] ::1 POST 200 : /api/v1/main/list {"timestamp":"2024/3/1 21:36:46"}
info: Nest.js API-Server ready to http://localhost:3000/ {"timestamp":"2024/3/1 21:37:04"}
info: Nest.js API-Server ready to http://localhost:3000/ {"timestamp":"2024/3/1 21:37:07"}
info: Nest.js API-Server ready to http://localhost:3000/ {"timestamp":"2024/3/1 21:37:11"}
info: Nest.js API-Server ready to http://localhost:3000/ {"timestamp":"2024/3/1 21:37:13"}
debug: [JsonResponse] 200 OK {"timestamp":"2024/3/1 21:37:18"}
debug: [REQ] ::1 POST 200 : /api/v1/main/list {"timestamp":"2024/3/1 21:37:18"}
info: Nest.js API-Server ready to http://localhost:3000/ {"timestamp":"2024/3/1 21:37:43"}
debug: [JsonResponse] 200 OK {"timestamp":"2024/3/1 21:37:50"}
debug: [REQ] ::1 POST 200 : /api/v1/main/list {"timestamp":"2024/3/1 21:37:50"}
info: Nest.js API-Server ready to http://localhost:3000/ {"timestamp":"2024/3/1 21:38:41"}
info: Nest.js API-Server ready to http://localhost:3000/ {"timestamp":"2024/3/1 21:38:44"}
info: Nest.js API-Server ready to http://localhost:3000/ {"timestamp":"2024/3/1 21:40:35"}
info: Nest.js API-Server ready to http://localhost:3000/ {"timestamp":"2024/3/1 21:40:40"}
debug: [JsonResponse] 200 OK {"timestamp":"2024/3/1 21:40:45"}
debug: [REQ] ::1 POST 200 : /api/v1/main/list {"timestamp":"2024/3/1 21:40:45"}
info: Nest.js API-Server ready to http://localhost:3000/ {"timestamp":"2024/3/1 21:44:30"}
info: Nest.js API-Server ready to http://localhost:3000/ {"timestamp":"2024/3/1 21:44:32"}
info: Nest.js API-Server ready to http://localhost:3000/ {"timestamp":"2024/3/1 21:44:34"}
info: Nest.js API-Server ready to http://localhost:3000/ {"timestamp":"2024/3/1 21:44:35"}
info: Nest.js API-Server ready to http://localhost:3000/ {"timestamp":"2024/3/1 21:44:41"}
info: Nest.js API-Server ready to http://localhost:3000/ {"timestamp":"2024/3/1 21:44:42"}
info: Nest.js API-Server ready to http://localhost:3000/ {"timestamp":"2024/3/1 21:44:49"}
debug: [JsonResponse] 200 OK {"timestamp":"2024/3/1 21:45:06"}
debug: [REQ] ::1 POST 200 : /api/v1/main/list {"timestamp":"2024/3/1 21:45:06"}
info: Nest.js API-Server ready to http://localhost:3000/ {"timestamp":"2024/3/1 21:45:21"}
debug: [JsonResponse] 200 OK {"timestamp":"2024/3/1 21:45:23"}
debug: [REQ] ::1 POST 200 : /api/v1/main/list {"timestamp":"2024/3/1 21:45:23"}
info: Nest.js API-Server ready to http://localhost:3000/ {"timestamp":"2024/3/1 21:45:37"}
debug: [JsonResponse] 200 OK {"timestamp":"2024/3/1 21:45:39"}
debug: [REQ] ::1 POST 200 : /api/v1/main/list {"timestamp":"2024/3/1 21:45:39"}
info: Nest.js API-Server ready to http://localhost:3000/ {"timestamp":"2024/3/1 21:45:56"}
debug: [JsonResponse] 200 OK {"timestamp":"2024/3/1 21:45:58"}
debug: [REQ] ::1 POST 200 : /api/v1/main/list {"timestamp":"2024/3/1 21:45:58"}
info: Nest.js API-Server ready to http://localhost:3000/ {"timestamp":"2024/3/1 21:46:20"}
info: Nest.js API-Server ready to http://localhost:3000/ {"timestamp":"2024/3/1 21:46:38"}
info: Nest.js API-Server ready to http://localhost:3000/ {"timestamp":"2024/3/1 21:46:51"}
info: Nest.js API-Server ready to http://localhost:3000/ {"timestamp":"2024/3/1 21:49:06"}
info: Nest.js API-Server ready to http://localhost:3000/ {"timestamp":"2024/3/1 21:49:17"}
info: Nest.js API-Server ready to http://localhost:3000/ {"timestamp":"2024/3/1 21:49:29"}
info: Nest.js API-Server ready to http://localhost:3000/ {"timestamp":"2024/3/1 21:49:38"}
info: Nest.js API-Server ready to http://localhost:3000/ {"timestamp":"2024/3/1 21:50:01"}
info: Nest.js API-Server ready to http://localhost:3000/ {"timestamp":"2024/3/1 21:50:09"}
info: Nest.js API-Server ready to http://localhost:3000/ {"timestamp":"2024/3/1 21:50:13"}
info: Nest.js API-Server ready to http://localhost:3000/ {"timestamp":"2024/3/1 21:50:18"}
info: Nest.js API-Server ready to http://localhost:3000/ {"timestamp":"2024/3/1 21:51:30"}
debug: [JsonResponse] 200 OK {"timestamp":"2024/3/1 21:51:33"}
debug: [REQ] ::1 POST 200 : /api/v1/main/list {"timestamp":"2024/3/1 21:51:33"}
error: uncaughtException: Module parse failed: Unexpected token (101:1)
File was processed with these loaders:
 * ./node_modules/ts-loader/index.js
You may need an additional loader to handle the result of these loaders.
|     (0, common_1.Injectable)()
| ], DtService);
> ();
| ; // 어제 날짜 출력
| getTodayPay(hourlyPay, number, startCheckTime, Date, currentTime, string);
Error: Module parse failed: Unexpected token (101:1)
File was processed with these loaders:
 * ./node_modules/ts-loader/index.js
You may need an additional loader to handle the result of these loaders.
|     (0, common_1.Injectable)()
| ], DtService);
> ();
| ; // 어제 날짜 출력
| getTodayPay(hourlyPay, number, startCheckTime, Date, currentTime, string);
    at Object.<anonymous> (/Users/mbp2019/Desktop/Development/workpick-pj/workpick/dist/main.js:5202:7)
    at __webpack_require__ (/Users/mbp2019/Desktop/Development/workpick-pj/workpick/dist/main.js:9886:33)
    at fn (/Users/mbp2019/Desktop/Development/workpick-pj/workpick/dist/main.js:9993:21)
    at Object.<anonymous> (/Users/mbp2019/Desktop/Development/workpick-pj/workpick/dist/main.js:5030:22)
    at __webpack_require__ (/Users/mbp2019/Desktop/Development/workpick-pj/workpick/dist/main.js:9886:33)
    at fn (/Users/mbp2019/Desktop/Development/workpick-pj/workpick/dist/main.js:9993:21)
    at Object.<anonymous> (/Users/mbp2019/Desktop/Development/workpick-pj/workpick/dist/main.js:4992:14)
    at __webpack_require__ (/Users/mbp2019/Desktop/Development/workpick-pj/workpick/dist/main.js:9886:33)
    at fn (/Users/mbp2019/Desktop/Development/workpick-pj/workpick/dist/main.js:9993:21)
    at Object.<anonymous> (/Users/mbp2019/Desktop/Development/workpick-pj/workpick/dist/main.js:4881:24) {"date":"Fri Mar 01 2024 21:55:23 GMT+0900 (Korean Standard Time)","error":{},"exception":true,"os":{"loadavg":[2.69970703125,2.62890625,2.60302734375],"uptime":1303302},"process":{"argv":["/Users/mbp2019/.nvm/versions/node/v16.19.1/bin/node","/Users/mbp2019/Desktop/Development/workpick-pj/workpick/dist/main.js"],"cwd":"/Users/mbp2019/Desktop/Development/workpick-pj/workpick","execPath":"/Users/mbp2019/.nvm/versions/node/v16.19.1/bin/node","gid":20,"memoryUsage":{"arrayBuffers":1140163,"external":15051903,"heapTotal":85737472,"heapUsed":66277288,"rss":133988352},"pid":12284,"uid":503,"version":"v16.19.1"},"stack":"Error: Module parse failed: Unexpected token (101:1)\nFile was processed with these loaders:\n * ./node_modules/ts-loader/index.js\nYou may need an additional loader to handle the result of these loaders.\n|     (0, common_1.Injectable)()\n| ], DtService);\n> ();\n| ; // 어제 날짜 출력\n| getTodayPay(hourlyPay, number, startCheckTime, Date, currentTime, string);\n    at Object.<anonymous> (/Users/mbp2019/Desktop/Development/workpick-pj/workpick/dist/main.js:5202:7)\n    at __webpack_require__ (/Users/mbp2019/Desktop/Development/workpick-pj/workpick/dist/main.js:9886:33)\n    at fn (/Users/mbp2019/Desktop/Development/workpick-pj/workpick/dist/main.js:9993:21)\n    at Object.<anonymous> (/Users/mbp2019/Desktop/Development/workpick-pj/workpick/dist/main.js:5030:22)\n    at __webpack_require__ (/Users/mbp2019/Desktop/Development/workpick-pj/workpick/dist/main.js:9886:33)\n    at fn (/Users/mbp2019/Desktop/Development/workpick-pj/workpick/dist/main.js:9993:21)\n    at Object.<anonymous> (/Users/mbp2019/Desktop/Development/workpick-pj/workpick/dist/main.js:4992:14)\n    at __webpack_require__ (/Users/mbp2019/Desktop/Development/workpick-pj/workpick/dist/main.js:9886:33)\n    at fn (/Users/mbp2019/Desktop/Development/workpick-pj/workpick/dist/main.js:9993:21)\n    at Object.<anonymous> (/Users/mbp2019/Desktop/Development/workpick-pj/workpick/dist/main.js:4881:24)","timestamp":"2024/3/1 21:55:23","trace":[{"column":7,"file":"/Users/mbp2019/Desktop/Development/workpick-pj/workpick/dist/main.js","function":null,"line":5202,"method":null,"native":false},{"column":33,"file":"/Users/mbp2019/Desktop/Development/workpick-pj/workpick/dist/main.js","function":"__webpack_require__","line":9886,"method":null,"native":false},{"column":21,"file":"/Users/mbp2019/Desktop/Development/workpick-pj/workpick/dist/main.js","function":"fn","line":9993,"method":null,"native":false},{"column":22,"file":"/Users/mbp2019/Desktop/Development/workpick-pj/workpick/dist/main.js","function":null,"line":5030,"method":null,"native":false},{"column":33,"file":"/Users/mbp2019/Desktop/Development/workpick-pj/workpick/dist/main.js","function":"__webpack_require__","line":9886,"method":null,"native":false},{"column":21,"file":"/Users/mbp2019/Desktop/Development/workpick-pj/workpick/dist/main.js","function":"fn","line":9993,"method":null,"native":false},{"column":14,"file":"/Users/mbp2019/Desktop/Development/workpick-pj/workpick/dist/main.js","function":null,"line":4992,"method":null,"native":false},{"column":33,"file":"/Users/mbp2019/Desktop/Development/workpick-pj/workpick/dist/main.js","function":"__webpack_require__","line":9886,"method":null,"native":false},{"column":21,"file":"/Users/mbp2019/Desktop/Development/workpick-pj/workpick/dist/main.js","function":"fn","line":9993,"method":null,"native":false},{"column":24,"file":"/Users/mbp2019/Desktop/Development/workpick-pj/workpick/dist/main.js","function":null,"line":4881,"method":null,"native":false}]}
info: Nest.js API-Server ready to http://localhost:3000/ {"timestamp":"2024/3/1 21:55:26"}
info: Nest.js API-Server ready to http://localhost:3000/ {"timestamp":"2024/3/1 21:55:38"}
info: Nest.js API-Server ready to http://localhost:3000/ {"timestamp":"2024/3/1 21:56:18"}
debug: [JsonResponse] 200 OK {"timestamp":"2024/3/1 21:56:20"}
debug: [REQ] ::1 POST 200 : /api/v1/main/list {"timestamp":"2024/3/1 21:56:20"}
info: Nest.js API-Server ready to http://localhost:3000/ {"timestamp":"2024/3/1 21:56:53"}
debug: [JsonResponse] 200 OK {"timestamp":"2024/3/1 21:56:55"}
debug: [REQ] ::1 POST 200 : /api/v1/main/list {"timestamp":"2024/3/1 21:56:55"}
info: Nest.js API-Server ready to http://localhost:3000/ {"timestamp":"2024/3/1 21:57:43"}
info: Nest.js API-Server ready to http://localhost:3000/ {"timestamp":"2024/3/1 21:57:45"}
info: Nest.js API-Server ready to http://localhost:3000/ {"timestamp":"2024/3/1 21:58:05"}
debug: [JsonResponse] 200 OK {"timestamp":"2024/3/1 21:58:07"}
debug: [REQ] ::1 POST 200 : /api/v1/main/list {"timestamp":"2024/3/1 21:58:07"}
info: Nest.js API-Server ready to http://localhost:3000/ {"timestamp":"2024/3/1 21:58:31"}
info: Nest.js API-Server ready to http://localhost:3000/ {"timestamp":"2024/3/1 21:58:34"}
info: Nest.js API-Server ready to http://localhost:3000/ {"timestamp":"2024/3/1 21:58:37"}
info: Nest.js API-Server ready to http://localhost:3000/ {"timestamp":"2024/3/1 21:58:40"}
info: Nest.js API-Server ready to http://localhost:3000/ {"timestamp":"2024/3/1 21:58:44"}
info: Nest.js API-Server ready to http://localhost:3000/ {"timestamp":"2024/3/1 21:58:47"}
info: Nest.js API-Server ready to http://localhost:3000/ {"timestamp":"2024/3/1 22:02:39"}
debug: [JsonResponse] 200 OK {"timestamp":"2024/3/1 22:02:42"}
debug: [REQ] ::1 POST 200 : /api/v1/main/list {"timestamp":"2024/3/1 22:02:42"}
info: Nest.js API-Server ready to http://localhost:3000/ {"timestamp":"2024/3/1 22:03:52"}
debug: [JsonResponse] 200 OK {"timestamp":"2024/3/1 22:03:55"}
debug: [REQ] ::1 POST 200 : /api/v1/main/list {"timestamp":"2024/3/1 22:03:55"}
info: Nest.js API-Server ready to http://localhost:3000/ {"timestamp":"2024/3/1 22:09:15"}
info: Nest.js API-Server ready to http://localhost:3000/ {"timestamp":"2024/3/1 22:09:20"}
error: uncaughtException: Module parse failed: Unexpected token (214:32)
File was processed with these loaders:
 * ./node_modules/ts-loader/index.js
You may need an additional loader to handle the result of these loaders.
|             if (!(yield workList))
|                 return [];
>             const workIds = any[];
|             //근무지 아이디로 메인에서 데이터 확인을 하고
|             for (const num of workList) {
Error: Module parse failed: Unexpected token (214:32)
File was processed with these loaders:
 * ./node_modules/ts-loader/index.js
You may need an additional loader to handle the result of these loaders.
|             if (!(yield workList))
|                 return [];
>             const workIds = any[];
|             //근무지 아이디로 메인에서 데이터 확인을 하고
|             for (const num of workList) {
    at Object.__decorate (/Users/mbp2019/Desktop/Development/workpick-pj/workpick/dist/main.js:6178:7)
    at __webpack_require__ (/Users/mbp2019/Desktop/Development/workpick-pj/workpick/dist/main.js:9868:33)
    at fn (/Users/mbp2019/Desktop/Development/workpick-pj/workpick/dist/main.js:9975:21)
    at Object.<anonymous> (/Users/mbp2019/Desktop/Development/workpick-pj/workpick/dist/main.js:6168:14)
    at __webpack_require__ (/Users/mbp2019/Desktop/Development/workpick-pj/workpick/dist/main.js:9868:33)
    at fn (/Users/mbp2019/Desktop/Development/workpick-pj/workpick/dist/main.js:9975:21)
    at Object.<anonymous> (/Users/mbp2019/Desktop/Development/workpick-pj/workpick/dist/main.js:6073:24)
    at __webpack_require__ (/Users/mbp2019/Desktop/Development/workpick-pj/workpick/dist/main.js:9868:33)
    at fn (/Users/mbp2019/Desktop/Development/workpick-pj/workpick/dist/main.js:9975:21)
    at Object.<anonymous> (/Users/mbp2019/Desktop/Development/workpick-pj/workpick/dist/main.js:6041:14) {"date":"Fri Mar 01 2024 22:09:36 GMT+0900 (Korean Standard Time)","error":{},"exception":true,"os":{"loadavg":[2.8525390625,2.61376953125,2.6064453125],"uptime":1304155},"process":{"argv":["/Users/mbp2019/.nvm/versions/node/v16.19.1/bin/node","/Users/mbp2019/Desktop/Development/workpick-pj/workpick/dist/main.js"],"cwd":"/Users/mbp2019/Desktop/Development/workpick-pj/workpick","execPath":"/Users/mbp2019/.nvm/versions/node/v16.19.1/bin/node","gid":20,"memoryUsage":{"arrayBuffers":419734,"external":12308599,"heapTotal":87293952,"heapUsed":59863536,"rss":138936320},"pid":14376,"uid":503,"version":"v16.19.1"},"stack":"Error: Module parse failed: Unexpected token (214:32)\nFile was processed with these loaders:\n * ./node_modules/ts-loader/index.js\nYou may need an additional loader to handle the result of these loaders.\n|             if (!(yield workList))\n|                 return [];\n>             const workIds = any[];\n|             //근무지 아이디로 메인에서 데이터 확인을 하고\n|             for (const num of workList) {\n    at Object.__decorate (/Users/mbp2019/Desktop/Development/workpick-pj/workpick/dist/main.js:6178:7)\n    at __webpack_require__ (/Users/mbp2019/Desktop/Development/workpick-pj/workpick/dist/main.js:9868:33)\n    at fn (/Users/mbp2019/Desktop/Development/workpick-pj/workpick/dist/main.js:9975:21)\n    at Object.<anonymous> (/Users/mbp2019/Desktop/Development/workpick-pj/workpick/dist/main.js:6168:14)\n    at __webpack_require__ (/Users/mbp2019/Desktop/Development/workpick-pj/workpick/dist/main.js:9868:33)\n    at fn (/Users/mbp2019/Desktop/Development/workpick-pj/workpick/dist/main.js:9975:21)\n    at Object.<anonymous> (/Users/mbp2019/Desktop/Development/workpick-pj/workpick/dist/main.js:6073:24)\n    at __webpack_require__ (/Users/mbp2019/Desktop/Development/workpick-pj/workpick/dist/main.js:9868:33)\n    at fn (/Users/mbp2019/Desktop/Development/workpick-pj/workpick/dist/main.js:9975:21)\n    at Object.<anonymous> (/Users/mbp2019/Desktop/Development/workpick-pj/workpick/dist/main.js:6041:14)","timestamp":"2024/3/1 22:09:36","trace":[{"column":7,"file":"/Users/mbp2019/Desktop/Development/workpick-pj/workpick/dist/main.js","function":"Object.__decorate","line":6178,"method":"__decorate","native":false},{"column":33,"file":"/Users/mbp2019/Desktop/Development/workpick-pj/workpick/dist/main.js","function":"__webpack_require__","line":9868,"method":null,"native":false},{"column":21,"file":"/Users/mbp2019/Desktop/Development/workpick-pj/workpick/dist/main.js","function":"fn","line":9975,"method":null,"native":false},{"column":14,"file":"/Users/mbp2019/Desktop/Development/workpick-pj/workpick/dist/main.js","function":null,"line":6168,"method":null,"native":false},{"column":33,"file":"/Users/mbp2019/Desktop/Development/workpick-pj/workpick/dist/main.js","function":"__webpack_require__","line":9868,"method":null,"native":false},{"column":21,"file":"/Users/mbp2019/Desktop/Development/workpick-pj/workpick/dist/main.js","function":"fn","line":9975,"method":null,"native":false},{"column":24,"file":"/Users/mbp2019/Desktop/Development/workpick-pj/workpick/dist/main.js","function":null,"line":6073,"method":null,"native":false},{"column":33,"file":"/Users/mbp2019/Desktop/Development/workpick-pj/workpick/dist/main.js","function":"__webpack_require__","line":9868,"method":null,"native":false},{"column":21,"file":"/Users/mbp2019/Desktop/Development/workpick-pj/workpick/dist/main.js","function":"fn","line":9975,"method":null,"native":false},{"column":14,"file":"/Users/mbp2019/Desktop/Development/workpick-pj/workpick/dist/main.js","function":null,"line":6041,"method":null,"native":false}]}
error: uncaughtException: Module parse failed: Unexpected token (214:35)
File was processed with these loaders:
 * ./node_modules/ts-loader/index.js
You may need an additional loader to handle the result of these loaders.
|             if (!(yield workList))
|                 return [];
>             const workIds = number[];
|             //근무지 아이디로 메인에서 데이터 확인을 하고
|             for (const num of workList) {
Error: Module parse failed: Unexpected token (214:35)
File was processed with these loaders:
 * ./node_modules/ts-loader/index.js
You may need an additional loader to handle the result of these loaders.
|             if (!(yield workList))
|                 return [];
>             const workIds = number[];
|             //근무지 아이디로 메인에서 데이터 확인을 하고
|             for (const num of workList) {
    at Object.__decorate (/Users/mbp2019/Desktop/Development/workpick-pj/workpick/dist/main.js:6178:7)
    at __webpack_require__ (/Users/mbp2019/Desktop/Development/workpick-pj/workpick/dist/main.js:9868:33)
    at fn (/Users/mbp2019/Desktop/Development/workpick-pj/workpick/dist/main.js:9975:21)
    at Object.<anonymous> (/Users/mbp2019/Desktop/Development/workpick-pj/workpick/dist/main.js:6168:14)
    at __webpack_require__ (/Users/mbp2019/Desktop/Development/workpick-pj/workpick/dist/main.js:9868:33)
    at fn (/Users/mbp2019/Desktop/Development/workpick-pj/workpick/dist/main.js:9975:21)
    at Object.<anonymous> (/Users/mbp2019/Desktop/Development/workpick-pj/workpick/dist/main.js:6073:24)
    at __webpack_require__ (/Users/mbp2019/Desktop/Development/workpick-pj/workpick/dist/main.js:9868:33)
    at fn (/Users/mbp2019/Desktop/Development/workpick-pj/workpick/dist/main.js:9975:21)
    at Object.<anonymous> (/Users/mbp2019/Desktop/Development/workpick-pj/workpick/dist/main.js:6041:14) {"date":"Fri Mar 01 2024 22:09:40 GMT+0900 (Korean Standard Time)","error":{},"exception":true,"os":{"loadavg":[2.7841796875,2.603515625,2.6025390625],"uptime":1304159},"process":{"argv":["/Users/mbp2019/.nvm/versions/node/v16.19.1/bin/node","/Users/mbp2019/Desktop/Development/workpick-pj/workpick/dist/main.js"],"cwd":"/Users/mbp2019/Desktop/Development/workpick-pj/workpick","execPath":"/Users/mbp2019/.nvm/versions/node/v16.19.1/bin/node","gid":20,"memoryUsage":{"arrayBuffers":1131971,"external":15049109,"heapTotal":85999616,"heapUsed":66609552,"rss":133709824},"pid":14389,"uid":503,"version":"v16.19.1"},"stack":"Error: Module parse failed: Unexpected token (214:35)\nFile was processed with these loaders:\n * ./node_modules/ts-loader/index.js\nYou may need an additional loader to handle the result of these loaders.\n|             if (!(yield workList))\n|                 return [];\n>             const workIds = number[];\n|             //근무지 아이디로 메인에서 데이터 확인을 하고\n|             for (const num of workList) {\n    at Object.__decorate (/Users/mbp2019/Desktop/Development/workpick-pj/workpick/dist/main.js:6178:7)\n    at __webpack_require__ (/Users/mbp2019/Desktop/Development/workpick-pj/workpick/dist/main.js:9868:33)\n    at fn (/Users/mbp2019/Desktop/Development/workpick-pj/workpick/dist/main.js:9975:21)\n    at Object.<anonymous> (/Users/mbp2019/Desktop/Development/workpick-pj/workpick/dist/main.js:6168:14)\n    at __webpack_require__ (/Users/mbp2019/Desktop/Development/workpick-pj/workpick/dist/main.js:9868:33)\n    at fn (/Users/mbp2019/Desktop/Development/workpick-pj/workpick/dist/main.js:9975:21)\n    at Object.<anonymous> (/Users/mbp2019/Desktop/Development/workpick-pj/workpick/dist/main.js:6073:24)\n    at __webpack_require__ (/Users/mbp2019/Desktop/Development/workpick-pj/workpick/dist/main.js:9868:33)\n    at fn (/Users/mbp2019/Desktop/Development/workpick-pj/workpick/dist/main.js:9975:21)\n    at Object.<anonymous> (/Users/mbp2019/Desktop/Development/workpick-pj/workpick/dist/main.js:6041:14)","timestamp":"2024/3/1 22:09:40","trace":[{"column":7,"file":"/Users/mbp2019/Desktop/Development/workpick-pj/workpick/dist/main.js","function":"Object.__decorate","line":6178,"method":"__decorate","native":false},{"column":33,"file":"/Users/mbp2019/Desktop/Development/workpick-pj/workpick/dist/main.js","function":"__webpack_require__","line":9868,"method":null,"native":false},{"column":21,"file":"/Users/mbp2019/Desktop/Development/workpick-pj/workpick/dist/main.js","function":"fn","line":9975,"method":null,"native":false},{"column":14,"file":"/Users/mbp2019/Desktop/Development/workpick-pj/workpick/dist/main.js","function":null,"line":6168,"method":null,"native":false},{"column":33,"file":"/Users/mbp2019/Desktop/Development/workpick-pj/workpick/dist/main.js","function":"__webpack_require__","line":9868,"method":null,"native":false},{"column":21,"file":"/Users/mbp2019/Desktop/Development/workpick-pj/workpick/dist/main.js","function":"fn","line":9975,"method":null,"native":false},{"column":24,"file":"/Users/mbp2019/Desktop/Development/workpick-pj/workpick/dist/main.js","function":null,"line":6073,"method":null,"native":false},{"column":33,"file":"/Users/mbp2019/Desktop/Development/workpick-pj/workpick/dist/main.js","function":"__webpack_require__","line":9868,"method":null,"native":false},{"column":21,"file":"/Users/mbp2019/Desktop/Development/workpick-pj/workpick/dist/main.js","function":"fn","line":9975,"method":null,"native":false},{"column":14,"file":"/Users/mbp2019/Desktop/Development/workpick-pj/workpick/dist/main.js","function":null,"line":6041,"method":null,"native":false}]}
info: Nest.js API-Server ready to http://localhost:3000/ {"timestamp":"2024/3/1 22:09:49"}
info: Nest.js API-Server ready to http://localhost:3000/ {"timestamp":"2024/3/1 22:09:57"}
info: Nest.js API-Server ready to http://localhost:3000/ {"timestamp":"2024/3/1 22:11:08"}
info: Nest.js API-Server ready to http://localhost:3000/ {"timestamp":"2024/3/1 22:11:17"}
info: Nest.js API-Server ready to http://localhost:3000/ {"timestamp":"2024/3/1 22:11:22"}
debug: [REQ] ::1 POST 500 : /api/v1/main/list {"timestamp":"2024/3/1 22:11:24"}
info: Nest.js API-Server ready to http://localhost:3000/ {"timestamp":"2024/3/1 22:13:12"}
debug: [REQ] ::1 POST 500 : /api/v1/main/list {"timestamp":"2024/3/1 22:13:16"}
info: Nest.js API-Server ready to http://localhost:3000/ {"timestamp":"2024/3/1 22:14:37"}
debug: [JsonResponse] 200 OK {"timestamp":"2024/3/1 22:14:39"}
debug: [REQ] ::1 POST 200 : /api/v1/main/list {"timestamp":"2024/3/1 22:14:39"}
info: Nest.js API-Server ready to http://localhost:3000/ {"timestamp":"2024/3/1 22:15:27"}
debug: [REQ] ::1 POST 500 : /api/v1/main/list {"timestamp":"2024/3/1 22:15:30"}
info: Nest.js API-Server ready to http://localhost:3000/ {"timestamp":"2024/3/1 22:15:51"}
debug: [REQ] ::1 POST 500 : /api/v1/main/list {"timestamp":"2024/3/1 22:15:54"}
info: Nest.js API-Server ready to http://localhost:3000/ {"timestamp":"2024/3/1 22:16:28"}
info: Nest.js API-Server ready to http://localhost:3000/ {"timestamp":"2024/3/1 22:16:37"}
debug: [REQ] ::1 POST 500 : /api/v1/main/list {"timestamp":"2024/3/1 22:16:51"}
info: Nest.js API-Server ready to http://localhost:3000/ {"timestamp":"2024/3/1 22:16:59"}
debug: [JsonResponse] 200 OK {"timestamp":"2024/3/1 22:17:01"}
debug: [REQ] ::1 POST 200 : /api/v1/main/list {"timestamp":"2024/3/1 22:17:01"}
info: Nest.js API-Server ready to http://localhost:3000/ {"timestamp":"2024/3/1 22:17:23"}
debug: [JsonResponse] 200 OK {"timestamp":"2024/3/1 22:17:25"}
debug: [REQ] ::1 POST 200 : /api/v1/main/list {"timestamp":"2024/3/1 22:17:25"}
info: Nest.js API-Server ready to http://localhost:3000/ {"timestamp":"2024/3/1 22:18:39"}
debug: [REQ] ::1 POST 500 : /api/v1/main/list {"timestamp":"2024/3/1 22:18:44"}
info: Nest.js API-Server ready to http://localhost:3000/ {"timestamp":"2024/3/1 22:18:58"}
debug: [REQ] ::1 POST 500 : /api/v1/main/list {"timestamp":"2024/3/1 22:19:00"}
info: Nest.js API-Server ready to http://localhost:3000/ {"timestamp":"2024/3/1 22:19:21"}
debug: [JsonResponse] 200 OK {"timestamp":"2024/3/1 22:19:23"}
debug: [REQ] ::1 POST 200 : /api/v1/main/list {"timestamp":"2024/3/1 22:19:23"}
info: Nest.js API-Server ready to http://localhost:3000/ {"timestamp":"2024/3/1 22:19:37"}
debug: [JsonResponse] 200 OK {"timestamp":"2024/3/1 22:19:39"}
debug: [REQ] ::1 POST 200 : /api/v1/main/list {"timestamp":"2024/3/1 22:19:39"}
info: Nest.js API-Server ready to http://localhost:3000/ {"timestamp":"2024/3/1 22:20:08"}
info: Nest.js API-Server ready to http://localhost:3000/ {"timestamp":"2024/3/1 22:22:12"}
info: Nest.js API-Server ready to http://localhost:3000/ {"timestamp":"2024/3/1 22:22:16"}
debug: [JsonResponse] 200 OK {"timestamp":"2024/3/1 22:22:19"}
debug: [REQ] ::1 POST 200 : /api/v1/main/list {"timestamp":"2024/3/1 22:22:19"}
info: Nest.js API-Server ready to http://localhost:3000/ {"timestamp":"2024/3/1 22:22:39"}
debug: [REQ] ::1 POST 500 : /api/v1/main/list {"timestamp":"2024/3/1 22:22:41"}
info: Nest.js API-Server ready to http://localhost:3000/ {"timestamp":"2024/3/1 22:23:53"}
debug: [JsonResponse] 200 OK {"timestamp":"2024/3/1 22:23:55"}
debug: [REQ] ::1 POST 200 : /api/v1/main/list {"timestamp":"2024/3/1 22:23:55"}
info: Nest.js API-Server ready to http://localhost:3000/ {"timestamp":"2024/3/1 22:30:58"}
debug: [JsonResponse] 200 OK {"timestamp":"2024/3/1 22:31:00"}
debug: [REQ] ::1 POST 200 : /api/v1/main/list {"timestamp":"2024/3/1 22:31:00"}
info: Nest.js API-Server ready to http://localhost:3000/ {"timestamp":"2024/3/1 22:31:20"}
debug: [JsonResponse] 200 OK {"timestamp":"2024/3/1 22:31:22"}
debug: [REQ] ::1 POST 200 : /api/v1/main/list {"timestamp":"2024/3/1 22:31:22"}
info: Nest.js API-Server ready to http://localhost:3000/ {"timestamp":"2024/3/1 22:31:59"}
info: Nest.js API-Server ready to http://localhost:3000/ {"timestamp":"2024/3/1 22:33:01"}
info: Nest.js API-Server ready to http://localhost:3000/ {"timestamp":"2024/3/1 22:33:20"}
info: Nest.js API-Server ready to http://localhost:3000/ {"timestamp":"2024/3/1 22:34:12"}
debug: [JsonResponse] 200 OK {"timestamp":"2024/3/1 22:35:55"}
debug: [REQ] ::1 POST 200 : /api/v1/main/list {"timestamp":"2024/3/1 22:35:55"}
info: Nest.js API-Server ready to http://localhost:3000/ {"timestamp":"2024/3/1 22:37:27"}
debug: [JsonResponse] 200 OK {"timestamp":"2024/3/1 22:37:29"}
debug: [REQ] ::1 POST 200 : /api/v1/main/list {"timestamp":"2024/3/1 22:37:29"}
info: Nest.js API-Server ready to http://localhost:3000/ {"timestamp":"2024/3/1 22:38:35"}
error: uncaughtException: Module parse failed: The keyword 'yield' is reserved (42:22)
File was processed with these loaders:
 * ./node_modules/ts-loader/index.js
You may need an additional loader to handle the result of these loaders.
|         this.calculateService = calculateService;
|         this.salaryService = salaryService;
>         this.result = yield this.mainRepository
|             .createQueryBuilder("alias")
|             .select("MAX(alias.id) as id, alias.workId as workId")
Error: Module parse failed: The keyword 'yield' is reserved (42:22)
File was processed with these loaders:
 * ./node_modules/ts-loader/index.js
You may need an additional loader to handle the result of these loaders.
|         this.calculateService = calculateService;
|         this.salaryService = salaryService;
>         this.result = yield this.mainRepository
|             .createQueryBuilder("alias")
|             .select("MAX(alias.id) as id, alias.workId as workId")
    at Object.__decorate (/Users/mbp2019/Desktop/Development/workpick-pj/workpick/dist/main.js:6178:7)
    at __webpack_require__ (/Users/mbp2019/Desktop/Development/workpick-pj/workpick/dist/main.js:9868:33)
    at fn (/Users/mbp2019/Desktop/Development/workpick-pj/workpick/dist/main.js:9975:21)
    at Object.<anonymous> (/Users/mbp2019/Desktop/Development/workpick-pj/workpick/dist/main.js:6168:14)
    at __webpack_require__ (/Users/mbp2019/Desktop/Development/workpick-pj/workpick/dist/main.js:9868:33)
    at fn (/Users/mbp2019/Desktop/Development/workpick-pj/workpick/dist/main.js:9975:21)
    at Object.<anonymous> (/Users/mbp2019/Desktop/Development/workpick-pj/workpick/dist/main.js:6073:24)
    at __webpack_require__ (/Users/mbp2019/Desktop/Development/workpick-pj/workpick/dist/main.js:9868:33)
    at fn (/Users/mbp2019/Desktop/Development/workpick-pj/workpick/dist/main.js:9975:21)
    at Object.<anonymous> (/Users/mbp2019/Desktop/Development/workpick-pj/workpick/dist/main.js:6041:14) {"date":"Fri Mar 01 2024 22:39:06 GMT+0900 (Korean Standard Time)","error":{},"exception":true,"os":{"loadavg":[2.74853515625,2.59228515625,2.80126953125],"uptime":1305925},"process":{"argv":["/Users/mbp2019/.nvm/versions/node/v16.19.1/bin/node","/Users/mbp2019/Desktop/Development/workpick-pj/workpick/dist/main.js"],"cwd":"/Users/mbp2019/Desktop/Development/workpick-pj/workpick","execPath":"/Users/mbp2019/.nvm/versions/node/v16.19.1/bin/node","gid":20,"memoryUsage":{"arrayBuffers":1131971,"external":15049158,"heapTotal":85737472,"heapUsed":66480008,"rss":135036928},"pid":19208,"uid":503,"version":"v16.19.1"},"stack":"Error: Module parse failed: The keyword 'yield' is reserved (42:22)\nFile was processed with these loaders:\n * ./node_modules/ts-loader/index.js\nYou may need an additional loader to handle the result of these loaders.\n|         this.calculateService = calculateService;\n|         this.salaryService = salaryService;\n>         this.result = yield this.mainRepository\n|             .createQueryBuilder(\"alias\")\n|             .select(\"MAX(alias.id) as id, alias.workId as workId\")\n    at Object.__decorate (/Users/mbp2019/Desktop/Development/workpick-pj/workpick/dist/main.js:6178:7)\n    at __webpack_require__ (/Users/mbp2019/Desktop/Development/workpick-pj/workpick/dist/main.js:9868:33)\n    at fn (/Users/mbp2019/Desktop/Development/workpick-pj/workpick/dist/main.js:9975:21)\n    at Object.<anonymous> (/Users/mbp2019/Desktop/Development/workpick-pj/workpick/dist/main.js:6168:14)\n    at __webpack_require__ (/Users/mbp2019/Desktop/Development/workpick-pj/workpick/dist/main.js:9868:33)\n    at fn (/Users/mbp2019/Desktop/Development/workpick-pj/workpick/dist/main.js:9975:21)\n    at Object.<anonymous> (/Users/mbp2019/Desktop/Development/workpick-pj/workpick/dist/main.js:6073:24)\n    at __webpack_require__ (/Users/mbp2019/Desktop/Development/workpick-pj/workpick/dist/main.js:9868:33)\n    at fn (/Users/mbp2019/Desktop/Development/workpick-pj/workpick/dist/main.js:9975:21)\n    at Object.<anonymous> (/Users/mbp2019/Desktop/Development/workpick-pj/workpick/dist/main.js:6041:14)","timestamp":"2024/3/1 22:39:06","trace":[{"column":7,"file":"/Users/mbp2019/Desktop/Development/workpick-pj/workpick/dist/main.js","function":"Object.__decorate","line":6178,"method":"__decorate","native":false},{"column":33,"file":"/Users/mbp2019/Desktop/Development/workpick-pj/workpick/dist/main.js","function":"__webpack_require__","line":9868,"method":null,"native":false},{"column":21,"file":"/Users/mbp2019/Desktop/Development/workpick-pj/workpick/dist/main.js","function":"fn","line":9975,"method":null,"native":false},{"column":14,"file":"/Users/mbp2019/Desktop/Development/workpick-pj/workpick/dist/main.js","function":null,"line":6168,"method":null,"native":false},{"column":33,"file":"/Users/mbp2019/Desktop/Development/workpick-pj/workpick/dist/main.js","function":"__webpack_require__","line":9868,"method":null,"native":false},{"column":21,"file":"/Users/mbp2019/Desktop/Development/workpick-pj/workpick/dist/main.js","function":"fn","line":9975,"method":null,"native":false},{"column":24,"file":"/Users/mbp2019/Desktop/Development/workpick-pj/workpick/dist/main.js","function":null,"line":6073,"method":null,"native":false},{"column":33,"file":"/Users/mbp2019/Desktop/Development/workpick-pj/workpick/dist/main.js","function":"__webpack_require__","line":9868,"method":null,"native":false},{"column":21,"file":"/Users/mbp2019/Desktop/Development/workpick-pj/workpick/dist/main.js","function":"fn","line":9975,"method":null,"native":false},{"column":14,"file":"/Users/mbp2019/Desktop/Development/workpick-pj/workpick/dist/main.js","function":null,"line":6041,"method":null,"native":false}]}
error: uncaughtException: Module parse failed: The keyword 'yield' is reserved (42:22)
File was processed with these loaders:
 * ./node_modules/ts-loader/index.js
You may need an additional loader to handle the result of these loaders.
|         this.calculateService = calculateService;
|         this.salaryService = salaryService;
>         this.result = yield this.mainRepository
|             .createQueryBuilder("alias")
|             .select("MAX(alias.id) as id, alias.workId as workId")
Error: Module parse failed: The keyword 'yield' is reserved (42:22)
File was processed with these loaders:
 * ./node_modules/ts-loader/index.js
You may need an additional loader to handle the result of these loaders.
|         this.calculateService = calculateService;
|         this.salaryService = salaryService;
>         this.result = yield this.mainRepository
|             .createQueryBuilder("alias")
|             .select("MAX(alias.id) as id, alias.workId as workId")
    at Object.__decorate (/Users/mbp2019/Desktop/Development/workpick-pj/workpick/dist/main.js:6178:7)
    at __webpack_require__ (/Users/mbp2019/Desktop/Development/workpick-pj/workpick/dist/main.js:9868:33)
    at fn (/Users/mbp2019/Desktop/Development/workpick-pj/workpick/dist/main.js:9975:21)
    at Object.<anonymous> (/Users/mbp2019/Desktop/Development/workpick-pj/workpick/dist/main.js:6168:14)
    at __webpack_require__ (/Users/mbp2019/Desktop/Development/workpick-pj/workpick/dist/main.js:9868:33)
    at fn (/Users/mbp2019/Desktop/Development/workpick-pj/workpick/dist/main.js:9975:21)
    at Object.<anonymous> (/Users/mbp2019/Desktop/Development/workpick-pj/workpick/dist/main.js:6073:24)
    at __webpack_require__ (/Users/mbp2019/Desktop/Development/workpick-pj/workpick/dist/main.js:9868:33)
    at fn (/Users/mbp2019/Desktop/Development/workpick-pj/workpick/dist/main.js:9975:21)
    at Object.<anonymous> (/Users/mbp2019/Desktop/Development/workpick-pj/workpick/dist/main.js:6041:14) {"date":"Fri Mar 01 2024 22:39:19 GMT+0900 (Korean Standard Time)","error":{},"exception":true,"os":{"loadavg":[2.6748046875,2.57958984375,2.79248046875],"uptime":1305938},"process":{"argv":["/Users/mbp2019/.nvm/versions/node/v16.19.1/bin/node","/Users/mbp2019/Desktop/Development/workpick-pj/workpick/dist/main.js"],"cwd":"/Users/mbp2019/Desktop/Development/workpick-pj/workpick","execPath":"/Users/mbp2019/.nvm/versions/node/v16.19.1/bin/node","gid":20,"memoryUsage":{"arrayBuffers":1140163,"external":15049158,"heapTotal":85737472,"heapUsed":66483336,"rss":135004160},"pid":19249,"uid":503,"version":"v16.19.1"},"stack":"Error: Module parse failed: The keyword 'yield' is reserved (42:22)\nFile was processed with these loaders:\n * ./node_modules/ts-loader/index.js\nYou may need an additional loader to handle the result of these loaders.\n|         this.calculateService = calculateService;\n|         this.salaryService = salaryService;\n>         this.result = yield this.mainRepository\n|             .createQueryBuilder(\"alias\")\n|             .select(\"MAX(alias.id) as id, alias.workId as workId\")\n    at Object.__decorate (/Users/mbp2019/Desktop/Development/workpick-pj/workpick/dist/main.js:6178:7)\n    at __webpack_require__ (/Users/mbp2019/Desktop/Development/workpick-pj/workpick/dist/main.js:9868:33)\n    at fn (/Users/mbp2019/Desktop/Development/workpick-pj/workpick/dist/main.js:9975:21)\n    at Object.<anonymous> (/Users/mbp2019/Desktop/Development/workpick-pj/workpick/dist/main.js:6168:14)\n    at __webpack_require__ (/Users/mbp2019/Desktop/Development/workpick-pj/workpick/dist/main.js:9868:33)\n    at fn (/Users/mbp2019/Desktop/Development/workpick-pj/workpick/dist/main.js:9975:21)\n    at Object.<anonymous> (/Users/mbp2019/Desktop/Development/workpick-pj/workpick/dist/main.js:6073:24)\n    at __webpack_require__ (/Users/mbp2019/Desktop/Development/workpick-pj/workpick/dist/main.js:9868:33)\n    at fn (/Users/mbp2019/Desktop/Development/workpick-pj/workpick/dist/main.js:9975:21)\n    at Object.<anonymous> (/Users/mbp2019/Desktop/Development/workpick-pj/workpick/dist/main.js:6041:14)","timestamp":"2024/3/1 22:39:19","trace":[{"column":7,"file":"/Users/mbp2019/Desktop/Development/workpick-pj/workpick/dist/main.js","function":"Object.__decorate","line":6178,"method":"__decorate","native":false},{"column":33,"file":"/Users/mbp2019/Desktop/Development/workpick-pj/workpick/dist/main.js","function":"__webpack_require__","line":9868,"method":null,"native":false},{"column":21,"file":"/Users/mbp2019/Desktop/Development/workpick-pj/workpick/dist/main.js","function":"fn","line":9975,"method":null,"native":false},{"column":14,"file":"/Users/mbp2019/Desktop/Development/workpick-pj/workpick/dist/main.js","function":null,"line":6168,"method":null,"native":false},{"column":33,"file":"/Users/mbp2019/Desktop/Development/workpick-pj/workpick/dist/main.js","function":"__webpack_require__","line":9868,"method":null,"native":false},{"column":21,"file":"/Users/mbp2019/Desktop/Development/workpick-pj/workpick/dist/main.js","function":"fn","line":9975,"method":null,"native":false},{"column":24,"file":"/Users/mbp2019/Desktop/Development/workpick-pj/workpick/dist/main.js","function":null,"line":6073,"method":null,"native":false},{"column":33,"file":"/Users/mbp2019/Desktop/Development/workpick-pj/workpick/dist/main.js","function":"__webpack_require__","line":9868,"method":null,"native":false},{"column":21,"file":"/Users/mbp2019/Desktop/Development/workpick-pj/workpick/dist/main.js","function":"fn","line":9975,"method":null,"native":false},{"column":14,"file":"/Users/mbp2019/Desktop/Development/workpick-pj/workpick/dist/main.js","function":null,"line":6041,"method":null,"native":false}]}
error: uncaughtException: Module parse failed: The keyword 'yield' is reserved (42:22)
File was processed with these loaders:
 * ./node_modules/ts-loader/index.js
You may need an additional loader to handle the result of these loaders.
|         this.calculateService = calculateService;
|         this.salaryService = salaryService;
>         this.result = yield this.mainRepository
|             .createQueryBuilder("alias")
|             .select("MAX(alias.id) as id, alias.workId as workId")
Error: Module parse failed: The keyword 'yield' is reserved (42:22)
File was processed with these loaders:
 * ./node_modules/ts-loader/index.js
You may need an additional loader to handle the result of these loaders.
|         this.calculateService = calculateService;
|         this.salaryService = salaryService;
>         this.result = yield this.mainRepository
|             .createQueryBuilder("alias")
|             .select("MAX(alias.id) as id, alias.workId as workId")
    at Object.__decorate (/Users/mbp2019/Desktop/Development/workpick-pj/workpick/dist/main.js:6178:7)
    at __webpack_require__ (/Users/mbp2019/Desktop/Development/workpick-pj/workpick/dist/main.js:9868:33)
    at fn (/Users/mbp2019/Desktop/Development/workpick-pj/workpick/dist/main.js:9975:21)
    at Object.<anonymous> (/Users/mbp2019/Desktop/Development/workpick-pj/workpick/dist/main.js:6168:14)
    at __webpack_require__ (/Users/mbp2019/Desktop/Development/workpick-pj/workpick/dist/main.js:9868:33)
    at fn (/Users/mbp2019/Desktop/Development/workpick-pj/workpick/dist/main.js:9975:21)
    at Object.<anonymous> (/Users/mbp2019/Desktop/Development/workpick-pj/workpick/dist/main.js:6073:24)
    at __webpack_require__ (/Users/mbp2019/Desktop/Development/workpick-pj/workpick/dist/main.js:9868:33)
    at fn (/Users/mbp2019/Desktop/Development/workpick-pj/workpick/dist/main.js:9975:21)
    at Object.<anonymous> (/Users/mbp2019/Desktop/Development/workpick-pj/workpick/dist/main.js:6041:14) {"date":"Fri Mar 01 2024 22:39:21 GMT+0900 (Korean Standard Time)","error":{},"exception":true,"os":{"loadavg":[2.6748046875,2.57958984375,2.79248046875],"uptime":1305940},"process":{"argv":["/Users/mbp2019/.nvm/versions/node/v16.19.1/bin/node","/Users/mbp2019/Desktop/Development/workpick-pj/workpick/dist/main.js"],"cwd":"/Users/mbp2019/Desktop/Development/workpick-pj/workpick","execPath":"/Users/mbp2019/.nvm/versions/node/v16.19.1/bin/node","gid":20,"memoryUsage":{"arrayBuffers":1134877,"external":15049158,"heapTotal":85721088,"heapUsed":66377024,"rss":134610944},"pid":19261,"uid":503,"version":"v16.19.1"},"stack":"Error: Module parse failed: The keyword 'yield' is reserved (42:22)\nFile was processed with these loaders:\n * ./node_modules/ts-loader/index.js\nYou may need an additional loader to handle the result of these loaders.\n|         this.calculateService = calculateService;\n|         this.salaryService = salaryService;\n>         this.result = yield this.mainRepository\n|             .createQueryBuilder(\"alias\")\n|             .select(\"MAX(alias.id) as id, alias.workId as workId\")\n    at Object.__decorate (/Users/mbp2019/Desktop/Development/workpick-pj/workpick/dist/main.js:6178:7)\n    at __webpack_require__ (/Users/mbp2019/Desktop/Development/workpick-pj/workpick/dist/main.js:9868:33)\n    at fn (/Users/mbp2019/Desktop/Development/workpick-pj/workpick/dist/main.js:9975:21)\n    at Object.<anonymous> (/Users/mbp2019/Desktop/Development/workpick-pj/workpick/dist/main.js:6168:14)\n    at __webpack_require__ (/Users/mbp2019/Desktop/Development/workpick-pj/workpick/dist/main.js:9868:33)\n    at fn (/Users/mbp2019/Desktop/Development/workpick-pj/workpick/dist/main.js:9975:21)\n    at Object.<anonymous> (/Users/mbp2019/Desktop/Development/workpick-pj/workpick/dist/main.js:6073:24)\n    at __webpack_require__ (/Users/mbp2019/Desktop/Development/workpick-pj/workpick/dist/main.js:9868:33)\n    at fn (/Users/mbp2019/Desktop/Development/workpick-pj/workpick/dist/main.js:9975:21)\n    at Object.<anonymous> (/Users/mbp2019/Desktop/Development/workpick-pj/workpick/dist/main.js:6041:14)","timestamp":"2024/3/1 22:39:21","trace":[{"column":7,"file":"/Users/mbp2019/Desktop/Development/workpick-pj/workpick/dist/main.js","function":"Object.__decorate","line":6178,"method":"__decorate","native":false},{"column":33,"file":"/Users/mbp2019/Desktop/Development/workpick-pj/workpick/dist/main.js","function":"__webpack_require__","line":9868,"method":null,"native":false},{"column":21,"file":"/Users/mbp2019/Desktop/Development/workpick-pj/workpick/dist/main.js","function":"fn","line":9975,"method":null,"native":false},{"column":14,"file":"/Users/mbp2019/Desktop/Development/workpick-pj/workpick/dist/main.js","function":null,"line":6168,"method":null,"native":false},{"column":33,"file":"/Users/mbp2019/Desktop/Development/workpick-pj/workpick/dist/main.js","function":"__webpack_require__","line":9868,"method":null,"native":false},{"column":21,"file":"/Users/mbp2019/Desktop/Development/workpick-pj/workpick/dist/main.js","function":"fn","line":9975,"method":null,"native":false},{"column":24,"file":"/Users/mbp2019/Desktop/Development/workpick-pj/workpick/dist/main.js","function":null,"line":6073,"method":null,"native":false},{"column":33,"file":"/Users/mbp2019/Desktop/Development/workpick-pj/workpick/dist/main.js","function":"__webpack_require__","line":9868,"method":null,"native":false},{"column":21,"file":"/Users/mbp2019/Desktop/Development/workpick-pj/workpick/dist/main.js","function":"fn","line":9975,"method":null,"native":false},{"column":14,"file":"/Users/mbp2019/Desktop/Development/workpick-pj/workpick/dist/main.js","function":null,"line":6041,"method":null,"native":false}]}
error: uncaughtException: Module parse failed: The keyword 'yield' is reserved (42:22)
File was processed with these loaders:
 * ./node_modules/ts-loader/index.js
You may need an additional loader to handle the result of these loaders.
|         this.calculateService = calculateService;
|         this.salaryService = salaryService;
>         this.result = yield this.mainRepository
|             .createQueryBuilder("alias")
|             .select("MAX(alias.id) as id, alias.workId as workId")
Error: Module parse failed: The keyword 'yield' is reserved (42:22)
File was processed with these loaders:
 * ./node_modules/ts-loader/index.js
You may need an additional loader to handle the result of these loaders.
|         this.calculateService = calculateService;
|         this.salaryService = salaryService;
>         this.result = yield this.mainRepository
|             .createQueryBuilder("alias")
|             .select("MAX(alias.id) as id, alias.workId as workId")
    at Object.__decorate (/Users/mbp2019/Desktop/Development/workpick-pj/workpick/dist/main.js:6178:7)
    at __webpack_require__ (/Users/mbp2019/Desktop/Development/workpick-pj/workpick/dist/main.js:9868:33)
    at fn (/Users/mbp2019/Desktop/Development/workpick-pj/workpick/dist/main.js:9975:21)
    at Object.<anonymous> (/Users/mbp2019/Desktop/Development/workpick-pj/workpick/dist/main.js:6168:14)
    at __webpack_require__ (/Users/mbp2019/Desktop/Development/workpick-pj/workpick/dist/main.js:9868:33)
    at fn (/Users/mbp2019/Desktop/Development/workpick-pj/workpick/dist/main.js:9975:21)
    at Object.<anonymous> (/Users/mbp2019/Desktop/Development/workpick-pj/workpick/dist/main.js:6073:24)
    at __webpack_require__ (/Users/mbp2019/Desktop/Development/workpick-pj/workpick/dist/main.js:9868:33)
    at fn (/Users/mbp2019/Desktop/Development/workpick-pj/workpick/dist/main.js:9975:21)
    at Object.<anonymous> (/Users/mbp2019/Desktop/Development/workpick-pj/workpick/dist/main.js:6041:14) {"date":"Fri Mar 01 2024 22:39:31 GMT+0900 (Korean Standard Time)","error":{},"exception":true,"os":{"loadavg":[2.5576171875,2.5595703125,2.78271484375],"uptime":1305950},"process":{"argv":["/Users/mbp2019/.nvm/versions/node/v16.19.1/bin/node","/Users/mbp2019/Desktop/Development/workpick-pj/workpick/dist/main.js"],"cwd":"/Users/mbp2019/Desktop/Development/workpick-pj/workpick","execPath":"/Users/mbp2019/.nvm/versions/node/v16.19.1/bin/node","gid":20,"memoryUsage":{"arrayBuffers":1140163,"external":15049158,"heapTotal":85737472,"heapUsed":66483904,"rss":133136384},"pid":19303,"uid":503,"version":"v16.19.1"},"stack":"Error: Module parse failed: The keyword 'yield' is reserved (42:22)\nFile was processed with these loaders:\n * ./node_modules/ts-loader/index.js\nYou may need an additional loader to handle the result of these loaders.\n|         this.calculateService = calculateService;\n|         this.salaryService = salaryService;\n>         this.result = yield this.mainRepository\n|             .createQueryBuilder(\"alias\")\n|             .select(\"MAX(alias.id) as id, alias.workId as workId\")\n    at Object.__decorate (/Users/mbp2019/Desktop/Development/workpick-pj/workpick/dist/main.js:6178:7)\n    at __webpack_require__ (/Users/mbp2019/Desktop/Development/workpick-pj/workpick/dist/main.js:9868:33)\n    at fn (/Users/mbp2019/Desktop/Development/workpick-pj/workpick/dist/main.js:9975:21)\n    at Object.<anonymous> (/Users/mbp2019/Desktop/Development/workpick-pj/workpick/dist/main.js:6168:14)\n    at __webpack_require__ (/Users/mbp2019/Desktop/Development/workpick-pj/workpick/dist/main.js:9868:33)\n    at fn (/Users/mbp2019/Desktop/Development/workpick-pj/workpick/dist/main.js:9975:21)\n    at Object.<anonymous> (/Users/mbp2019/Desktop/Development/workpick-pj/workpick/dist/main.js:6073:24)\n    at __webpack_require__ (/Users/mbp2019/Desktop/Development/workpick-pj/workpick/dist/main.js:9868:33)\n    at fn (/Users/mbp2019/Desktop/Development/workpick-pj/workpick/dist/main.js:9975:21)\n    at Object.<anonymous> (/Users/mbp2019/Desktop/Development/workpick-pj/workpick/dist/main.js:6041:14)","timestamp":"2024/3/1 22:39:31","trace":[{"column":7,"file":"/Users/mbp2019/Desktop/Development/workpick-pj/workpick/dist/main.js","function":"Object.__decorate","line":6178,"method":"__decorate","native":false},{"column":33,"file":"/Users/mbp2019/Desktop/Development/workpick-pj/workpick/dist/main.js","function":"__webpack_require__","line":9868,"method":null,"native":false},{"column":21,"file":"/Users/mbp2019/Desktop/Development/workpick-pj/workpick/dist/main.js","function":"fn","line":9975,"method":null,"native":false},{"column":14,"file":"/Users/mbp2019/Desktop/Development/workpick-pj/workpick/dist/main.js","function":null,"line":6168,"method":null,"native":false},{"column":33,"file":"/Users/mbp2019/Desktop/Development/workpick-pj/workpick/dist/main.js","function":"__webpack_require__","line":9868,"method":null,"native":false},{"column":21,"file":"/Users/mbp2019/Desktop/Development/workpick-pj/workpick/dist/main.js","function":"fn","line":9975,"method":null,"native":false},{"column":24,"file":"/Users/mbp2019/Desktop/Development/workpick-pj/workpick/dist/main.js","function":null,"line":6073,"method":null,"native":false},{"column":33,"file":"/Users/mbp2019/Desktop/Development/workpick-pj/workpick/dist/main.js","function":"__webpack_require__","line":9868,"method":null,"native":false},{"column":21,"file":"/Users/mbp2019/Desktop/Development/workpick-pj/workpick/dist/main.js","function":"fn","line":9975,"method":null,"native":false},{"column":14,"file":"/Users/mbp2019/Desktop/Development/workpick-pj/workpick/dist/main.js","function":null,"line":6041,"method":null,"native":false}]}
error: uncaughtException: Module parse failed: The keyword 'yield' is reserved (42:22)
File was processed with these loaders:
 * ./node_modules/ts-loader/index.js
You may need an additional loader to handle the result of these loaders.
|         this.calculateService = calculateService;
|         this.salaryService = salaryService;
>         this.result = yield this.mainRepository
|             .createQueryBuilder("alias")
|             .select("MAX(alias.id) as id, alias.workId as workId")
Error: Module parse failed: The keyword 'yield' is reserved (42:22)
File was processed with these loaders:
 * ./node_modules/ts-loader/index.js
You may need an additional loader to handle the result of these loaders.
|         this.calculateService = calculateService;
|         this.salaryService = salaryService;
>         this.result = yield this.mainRepository
|             .createQueryBuilder("alias")
|             .select("MAX(alias.id) as id, alias.workId as workId")
    at Object.__decorate (/Users/mbp2019/Desktop/Development/workpick-pj/workpick/dist/main.js:6178:7)
    at __webpack_require__ (/Users/mbp2019/Desktop/Development/workpick-pj/workpick/dist/main.js:9868:33)
    at fn (/Users/mbp2019/Desktop/Development/workpick-pj/workpick/dist/main.js:9975:21)
    at Object.<anonymous> (/Users/mbp2019/Desktop/Development/workpick-pj/workpick/dist/main.js:6168:14)
    at __webpack_require__ (/Users/mbp2019/Desktop/Development/workpick-pj/workpick/dist/main.js:9868:33)
    at fn (/Users/mbp2019/Desktop/Development/workpick-pj/workpick/dist/main.js:9975:21)
    at Object.<anonymous> (/Users/mbp2019/Desktop/Development/workpick-pj/workpick/dist/main.js:6073:24)
    at __webpack_require__ (/Users/mbp2019/Desktop/Development/workpick-pj/workpick/dist/main.js:9868:33)
    at fn (/Users/mbp2019/Desktop/Development/workpick-pj/workpick/dist/main.js:9975:21)
    at Object.<anonymous> (/Users/mbp2019/Desktop/Development/workpick-pj/workpick/dist/main.js:6041:14) {"date":"Fri Mar 01 2024 22:39:34 GMT+0900 (Korean Standard Time)","error":{},"exception":true,"os":{"loadavg":[2.5927734375,2.56640625,2.78369140625],"uptime":1305953},"process":{"argv":["/Users/mbp2019/.nvm/versions/node/v16.19.1/bin/node","/Users/mbp2019/Desktop/Development/workpick-pj/workpick/dist/main.js"],"cwd":"/Users/mbp2019/Desktop/Development/workpick-pj/workpick","execPath":"/Users/mbp2019/.nvm/versions/node/v16.19.1/bin/node","gid":20,"memoryUsage":{"arrayBuffers":1131971,"external":15049158,"heapTotal":85737472,"heapUsed":66416496,"rss":136708096},"pid":19315,"uid":503,"version":"v16.19.1"},"stack":"Error: Module parse failed: The keyword 'yield' is reserved (42:22)\nFile was processed with these loaders:\n * ./node_modules/ts-loader/index.js\nYou may need an additional loader to handle the result of these loaders.\n|         this.calculateService = calculateService;\n|         this.salaryService = salaryService;\n>         this.result = yield this.mainRepository\n|             .createQueryBuilder(\"alias\")\n|             .select(\"MAX(alias.id) as id, alias.workId as workId\")\n    at Object.__decorate (/Users/mbp2019/Desktop/Development/workpick-pj/workpick/dist/main.js:6178:7)\n    at __webpack_require__ (/Users/mbp2019/Desktop/Development/workpick-pj/workpick/dist/main.js:9868:33)\n    at fn (/Users/mbp2019/Desktop/Development/workpick-pj/workpick/dist/main.js:9975:21)\n    at Object.<anonymous> (/Users/mbp2019/Desktop/Development/workpick-pj/workpick/dist/main.js:6168:14)\n    at __webpack_require__ (/Users/mbp2019/Desktop/Development/workpick-pj/workpick/dist/main.js:9868:33)\n    at fn (/Users/mbp2019/Desktop/Development/workpick-pj/workpick/dist/main.js:9975:21)\n    at Object.<anonymous> (/Users/mbp2019/Desktop/Development/workpick-pj/workpick/dist/main.js:6073:24)\n    at __webpack_require__ (/Users/mbp2019/Desktop/Development/workpick-pj/workpick/dist/main.js:9868:33)\n    at fn (/Users/mbp2019/Desktop/Development/workpick-pj/workpick/dist/main.js:9975:21)\n    at Object.<anonymous> (/Users/mbp2019/Desktop/Development/workpick-pj/workpick/dist/main.js:6041:14)","timestamp":"2024/3/1 22:39:34","trace":[{"column":7,"file":"/Users/mbp2019/Desktop/Development/workpick-pj/workpick/dist/main.js","function":"Object.__decorate","line":6178,"method":"__decorate","native":false},{"column":33,"file":"/Users/mbp2019/Desktop/Development/workpick-pj/workpick/dist/main.js","function":"__webpack_require__","line":9868,"method":null,"native":false},{"column":21,"file":"/Users/mbp2019/Desktop/Development/workpick-pj/workpick/dist/main.js","function":"fn","line":9975,"method":null,"native":false},{"column":14,"file":"/Users/mbp2019/Desktop/Development/workpick-pj/workpick/dist/main.js","function":null,"line":6168,"method":null,"native":false},{"column":33,"file":"/Users/mbp2019/Desktop/Development/workpick-pj/workpick/dist/main.js","function":"__webpack_require__","line":9868,"method":null,"native":false},{"column":21,"file":"/Users/mbp2019/Desktop/Development/workpick-pj/workpick/dist/main.js","function":"fn","line":9975,"method":null,"native":false},{"column":24,"file":"/Users/mbp2019/Desktop/Development/workpick-pj/workpick/dist/main.js","function":null,"line":6073,"method":null,"native":false},{"column":33,"file":"/Users/mbp2019/Desktop/Development/workpick-pj/workpick/dist/main.js","function":"__webpack_require__","line":9868,"method":null,"native":false},{"column":21,"file":"/Users/mbp2019/Desktop/Development/workpick-pj/workpick/dist/main.js","function":"fn","line":9975,"method":null,"native":false},{"column":14,"file":"/Users/mbp2019/Desktop/Development/workpick-pj/workpick/dist/main.js","function":null,"line":6041,"method":null,"native":false}]}
error: uncaughtException: Module parse failed: The keyword 'yield' is reserved (42:22)
File was processed with these loaders:
 * ./node_modules/ts-loader/index.js
You may need an additional loader to handle the result of these loaders.
|         this.calculateService = calculateService;
|         this.salaryService = salaryService;
>         this.result = yield this.mainRepository
|             .createQueryBuilder("alias")
|             .select("MAX(alias.id) as id, alias.workId as workId")
Error: Module parse failed: The keyword 'yield' is reserved (42:22)
File was processed with these loaders:
 * ./node_modules/ts-loader/index.js
You may need an additional loader to handle the result of these loaders.
|         this.calculateService = calculateService;
|         this.salaryService = salaryService;
>         this.result = yield this.mainRepository
|             .createQueryBuilder("alias")
|             .select("MAX(alias.id) as id, alias.workId as workId")
    at Object.__decorate (/Users/mbp2019/Desktop/Development/workpick-pj/workpick/dist/main.js:6178:7)
    at __webpack_require__ (/Users/mbp2019/Desktop/Development/workpick-pj/workpick/dist/main.js:9868:33)
    at fn (/Users/mbp2019/Desktop/Development/workpick-pj/workpick/dist/main.js:9975:21)
    at Object.<anonymous> (/Users/mbp2019/Desktop/Development/workpick-pj/workpick/dist/main.js:6168:14)
    at __webpack_require__ (/Users/mbp2019/Desktop/Development/workpick-pj/workpick/dist/main.js:9868:33)
    at fn (/Users/mbp2019/Desktop/Development/workpick-pj/workpick/dist/main.js:9975:21)
    at Object.<anonymous> (/Users/mbp2019/Desktop/Development/workpick-pj/workpick/dist/main.js:6073:24)
    at __webpack_require__ (/Users/mbp2019/Desktop/Development/workpick-pj/workpick/dist/main.js:9868:33)
    at fn (/Users/mbp2019/Desktop/Development/workpick-pj/workpick/dist/main.js:9975:21)
    at Object.<anonymous> (/Users/mbp2019/Desktop/Development/workpick-pj/workpick/dist/main.js:6041:14) {"date":"Fri Mar 01 2024 22:39:50 GMT+0900 (Korean Standard Time)","error":{},"exception":true,"os":{"loadavg":[2.92724609375,2.63720703125,2.80419921875],"uptime":1305969},"process":{"argv":["/Users/mbp2019/.nvm/versions/node/v16.19.1/bin/node","/Users/mbp2019/Desktop/Development/workpick-pj/workpick/dist/main.js"],"cwd":"/Users/mbp2019/Desktop/Development/workpick-pj/workpick","execPath":"/Users/mbp2019/.nvm/versions/node/v16.19.1/bin/node","gid":20,"memoryUsage":{"arrayBuffers":1131971,"external":15049158,"heapTotal":85737472,"heapUsed":66485512,"rss":135593984},"pid":19366,"uid":503,"version":"v16.19.1"},"stack":"Error: Module parse failed: The keyword 'yield' is reserved (42:22)\nFile was processed with these loaders:\n * ./node_modules/ts-loader/index.js\nYou may need an additional loader to handle the result of these loaders.\n|         this.calculateService = calculateService;\n|         this.salaryService = salaryService;\n>         this.result = yield this.mainRepository\n|             .createQueryBuilder(\"alias\")\n|             .select(\"MAX(alias.id) as id, alias.workId as workId\")\n    at Object.__decorate (/Users/mbp2019/Desktop/Development/workpick-pj/workpick/dist/main.js:6178:7)\n    at __webpack_require__ (/Users/mbp2019/Desktop/Development/workpick-pj/workpick/dist/main.js:9868:33)\n    at fn (/Users/mbp2019/Desktop/Development/workpick-pj/workpick/dist/main.js:9975:21)\n    at Object.<anonymous> (/Users/mbp2019/Desktop/Development/workpick-pj/workpick/dist/main.js:6168:14)\n    at __webpack_require__ (/Users/mbp2019/Desktop/Development/workpick-pj/workpick/dist/main.js:9868:33)\n    at fn (/Users/mbp2019/Desktop/Development/workpick-pj/workpick/dist/main.js:9975:21)\n    at Object.<anonymous> (/Users/mbp2019/Desktop/Development/workpick-pj/workpick/dist/main.js:6073:24)\n    at __webpack_require__ (/Users/mbp2019/Desktop/Development/workpick-pj/workpick/dist/main.js:9868:33)\n    at fn (/Users/mbp2019/Desktop/Development/workpick-pj/workpick/dist/main.js:9975:21)\n    at Object.<anonymous> (/Users/mbp2019/Desktop/Development/workpick-pj/workpick/dist/main.js:6041:14)","timestamp":"2024/3/1 22:39:50","trace":[{"column":7,"file":"/Users/mbp2019/Desktop/Development/workpick-pj/workpick/dist/main.js","function":"Object.__decorate","line":6178,"method":"__decorate","native":false},{"column":33,"file":"/Users/mbp2019/Desktop/Development/workpick-pj/workpick/dist/main.js","function":"__webpack_require__","line":9868,"method":null,"native":false},{"column":21,"file":"/Users/mbp2019/Desktop/Development/workpick-pj/workpick/dist/main.js","function":"fn","line":9975,"method":null,"native":false},{"column":14,"file":"/Users/mbp2019/Desktop/Development/workpick-pj/workpick/dist/main.js","function":null,"line":6168,"method":null,"native":false},{"column":33,"file":"/Users/mbp2019/Desktop/Development/workpick-pj/workpick/dist/main.js","function":"__webpack_require__","line":9868,"method":null,"native":false},{"column":21,"file":"/Users/mbp2019/Desktop/Development/workpick-pj/workpick/dist/main.js","function":"fn","line":9975,"method":null,"native":false},{"column":24,"file":"/Users/mbp2019/Desktop/Development/workpick-pj/workpick/dist/main.js","function":null,"line":6073,"method":null,"native":false},{"column":33,"file":"/Users/mbp2019/Desktop/Development/workpick-pj/workpick/dist/main.js","function":"__webpack_require__","line":9868,"method":null,"native":false},{"column":21,"file":"/Users/mbp2019/Desktop/Development/workpick-pj/workpick/dist/main.js","function":"fn","line":9975,"method":null,"native":false},{"column":14,"file":"/Users/mbp2019/Desktop/Development/workpick-pj/workpick/dist/main.js","function":null,"line":6041,"method":null,"native":false}]}
error: uncaughtException: Module parse failed: The keyword 'yield' is reserved (42:22)
File was processed with these loaders:
 * ./node_modules/ts-loader/index.js
You may need an additional loader to handle the result of these loaders.
|         this.calculateService = calculateService;
|         this.salaryService = salaryService;
>         this.result = yield this.mainRepository
|             .createQueryBuilder("alias")
|             .select("MAX(alias.id) as id, alias.workId as workId")
Error: Module parse failed: The keyword 'yield' is reserved (42:22)
File was processed with these loaders:
 * ./node_modules/ts-loader/index.js
You may need an additional loader to handle the result of these loaders.
|         this.calculateService = calculateService;
|         this.salaryService = salaryService;
>         this.result = yield this.mainRepository
|             .createQueryBuilder("alias")
|             .select("MAX(alias.id) as id, alias.workId as workId")
    at Object.__decorate (/Users/mbp2019/Desktop/Development/workpick-pj/workpick/dist/main.js:6178:7)
    at __webpack_require__ (/Users/mbp2019/Desktop/Development/workpick-pj/workpick/dist/main.js:9868:33)
    at fn (/Users/mbp2019/Desktop/Development/workpick-pj/workpick/dist/main.js:9975:21)
    at Object.<anonymous> (/Users/mbp2019/Desktop/Development/workpick-pj/workpick/dist/main.js:6168:14)
    at __webpack_require__ (/Users/mbp2019/Desktop/Development/workpick-pj/workpick/dist/main.js:9868:33)
    at fn (/Users/mbp2019/Desktop/Development/workpick-pj/workpick/dist/main.js:9975:21)
    at Object.<anonymous> (/Users/mbp2019/Desktop/Development/workpick-pj/workpick/dist/main.js:6073:24)
    at __webpack_require__ (/Users/mbp2019/Desktop/Development/workpick-pj/workpick/dist/main.js:9868:33)
    at fn (/Users/mbp2019/Desktop/Development/workpick-pj/workpick/dist/main.js:9975:21)
    at Object.<anonymous> (/Users/mbp2019/Desktop/Development/workpick-pj/workpick/dist/main.js:6041:14) {"date":"Fri Mar 01 2024 22:40:15 GMT+0900 (Korean Standard Time)","error":{},"exception":true,"os":{"loadavg":[4.6357421875,3.0146484375,2.93212890625],"uptime":1305994},"process":{"argv":["/Users/mbp2019/.nvm/versions/node/v16.19.1/bin/node","/Users/mbp2019/Desktop/Development/workpick-pj/workpick/dist/main.js"],"cwd":"/Users/mbp2019/Desktop/Development/workpick-pj/workpick","execPath":"/Users/mbp2019/.nvm/versions/node/v16.19.1/bin/node","gid":20,"memoryUsage":{"arrayBuffers":412563,"external":12316791,"heapTotal":87818240,"heapUsed":60114392,"rss":121487360},"pid":19451,"uid":503,"version":"v16.19.1"},"stack":"Error: Module parse failed: The keyword 'yield' is reserved (42:22)\nFile was processed with these loaders:\n * ./node_modules/ts-loader/index.js\nYou may need an additional loader to handle the result of these loaders.\n|         this.calculateService = calculateService;\n|         this.salaryService = salaryService;\n>         this.result = yield this.mainRepository\n|             .createQueryBuilder(\"alias\")\n|             .select(\"MAX(alias.id) as id, alias.workId as workId\")\n    at Object.__decorate (/Users/mbp2019/Desktop/Development/workpick-pj/workpick/dist/main.js:6178:7)\n    at __webpack_require__ (/Users/mbp2019/Desktop/Development/workpick-pj/workpick/dist/main.js:9868:33)\n    at fn (/Users/mbp2019/Desktop/Development/workpick-pj/workpick/dist/main.js:9975:21)\n    at Object.<anonymous> (/Users/mbp2019/Desktop/Development/workpick-pj/workpick/dist/main.js:6168:14)\n    at __webpack_require__ (/Users/mbp2019/Desktop/Development/workpick-pj/workpick/dist/main.js:9868:33)\n    at fn (/Users/mbp2019/Desktop/Development/workpick-pj/workpick/dist/main.js:9975:21)\n    at Object.<anonymous> (/Users/mbp2019/Desktop/Development/workpick-pj/workpick/dist/main.js:6073:24)\n    at __webpack_require__ (/Users/mbp2019/Desktop/Development/workpick-pj/workpick/dist/main.js:9868:33)\n    at fn (/Users/mbp2019/Desktop/Development/workpick-pj/workpick/dist/main.js:9975:21)\n    at Object.<anonymous> (/Users/mbp2019/Desktop/Development/workpick-pj/workpick/dist/main.js:6041:14)","timestamp":"2024/3/1 22:40:15","trace":[{"column":7,"file":"/Users/mbp2019/Desktop/Development/workpick-pj/workpick/dist/main.js","function":"Object.__decorate","line":6178,"method":"__decorate","native":false},{"column":33,"file":"/Users/mbp2019/Desktop/Development/workpick-pj/workpick/dist/main.js","function":"__webpack_require__","line":9868,"method":null,"native":false},{"column":21,"file":"/Users/mbp2019/Desktop/Development/workpick-pj/workpick/dist/main.js","function":"fn","line":9975,"method":null,"native":false},{"column":14,"file":"/Users/mbp2019/Desktop/Development/workpick-pj/workpick/dist/main.js","function":null,"line":6168,"method":null,"native":false},{"column":33,"file":"/Users/mbp2019/Desktop/Development/workpick-pj/workpick/dist/main.js","function":"__webpack_require__","line":9868,"method":null,"native":false},{"column":21,"file":"/Users/mbp2019/Desktop/Development/workpick-pj/workpick/dist/main.js","function":"fn","line":9975,"method":null,"native":false},{"column":24,"file":"/Users/mbp2019/Desktop/Development/workpick-pj/workpick/dist/main.js","function":null,"line":6073,"method":null,"native":false},{"column":33,"file":"/Users/mbp2019/Desktop/Development/workpick-pj/workpick/dist/main.js","function":"__webpack_require__","line":9868,"method":null,"native":false},{"column":21,"file":"/Users/mbp2019/Desktop/Development/workpick-pj/workpick/dist/main.js","function":"fn","line":9975,"method":null,"native":false},{"column":14,"file":"/Users/mbp2019/Desktop/Development/workpick-pj/workpick/dist/main.js","function":null,"line":6041,"method":null,"native":false}]}
error: uncaughtException: Module parse failed: 'return' outside of function (294:0)
File was processed with these loaders:
 * ./node_modules/ts-loader/index.js
You may need an additional loader to handle the result of these loaders.
|     .addOrderBy("alias.flag", "DESC") // 추가적인 정렬을 위한 코드
|     .getMany();
> return res;
| 
Error: Module parse failed: 'return' outside of function (294:0)
File was processed with these loaders:
 * ./node_modules/ts-loader/index.js
You may need an additional loader to handle the result of these loaders.
|     .addOrderBy("alias.flag", "DESC") // 추가적인 정렬을 위한 코드
|     .getMany();
> return res;
| 
    at Object.__decorate (/Users/mbp2019/Desktop/Development/workpick-pj/workpick/dist/main.js:6178:7)
    at __webpack_require__ (/Users/mbp2019/Desktop/Development/workpick-pj/workpick/dist/main.js:9868:33)
    at fn (/Users/mbp2019/Desktop/Development/workpick-pj/workpick/dist/main.js:9975:21)
    at Object.<anonymous> (/Users/mbp2019/Desktop/Development/workpick-pj/workpick/dist/main.js:6168:14)
    at __webpack_require__ (/Users/mbp2019/Desktop/Development/workpick-pj/workpick/dist/main.js:9868:33)
    at fn (/Users/mbp2019/Desktop/Development/workpick-pj/workpick/dist/main.js:9975:21)
    at Object.<anonymous> (/Users/mbp2019/Desktop/Development/workpick-pj/workpick/dist/main.js:6073:24)
    at __webpack_require__ (/Users/mbp2019/Desktop/Development/workpick-pj/workpick/dist/main.js:9868:33)
    at fn (/Users/mbp2019/Desktop/Development/workpick-pj/workpick/dist/main.js:9975:21)
    at Object.<anonymous> (/Users/mbp2019/Desktop/Development/workpick-pj/workpick/dist/main.js:6041:14) {"date":"Fri Mar 01 2024 22:40:16 GMT+0900 (Korean Standard Time)","error":{},"exception":true,"os":{"loadavg":[4.6357421875,3.0146484375,2.93212890625],"uptime":1305995},"process":{"argv":["/Users/mbp2019/.nvm/versions/node/v16.19.1/bin/node","/Users/mbp2019/Desktop/Development/workpick-pj/workpick/dist/main.js"],"cwd":"/Users/mbp2019/Desktop/Development/workpick-pj/workpick","execPath":"/Users/mbp2019/.nvm/versions/node/v16.19.1/bin/node","gid":20,"memoryUsage":{"arrayBuffers":1140163,"external":8128947,"heapTotal":85999616,"heapUsed":66769424,"rss":137052160},"pid":19459,"uid":503,"version":"v16.19.1"},"stack":"Error: Module parse failed: 'return' outside of function (294:0)\nFile was processed with these loaders:\n * ./node_modules/ts-loader/index.js\nYou may need an additional loader to handle the result of these loaders.\n|     .addOrderBy(\"alias.flag\", \"DESC\") // 추가적인 정렬을 위한 코드\n|     .getMany();\n> return res;\n| \n    at Object.__decorate (/Users/mbp2019/Desktop/Development/workpick-pj/workpick/dist/main.js:6178:7)\n    at __webpack_require__ (/Users/mbp2019/Desktop/Development/workpick-pj/workpick/dist/main.js:9868:33)\n    at fn (/Users/mbp2019/Desktop/Development/workpick-pj/workpick/dist/main.js:9975:21)\n    at Object.<anonymous> (/Users/mbp2019/Desktop/Development/workpick-pj/workpick/dist/main.js:6168:14)\n    at __webpack_require__ (/Users/mbp2019/Desktop/Development/workpick-pj/workpick/dist/main.js:9868:33)\n    at fn (/Users/mbp2019/Desktop/Development/workpick-pj/workpick/dist/main.js:9975:21)\n    at Object.<anonymous> (/Users/mbp2019/Desktop/Development/workpick-pj/workpick/dist/main.js:6073:24)\n    at __webpack_require__ (/Users/mbp2019/Desktop/Development/workpick-pj/workpick/dist/main.js:9868:33)\n    at fn (/Users/mbp2019/Desktop/Development/workpick-pj/workpick/dist/main.js:9975:21)\n    at Object.<anonymous> (/Users/mbp2019/Desktop/Development/workpick-pj/workpick/dist/main.js:6041:14)","timestamp":"2024/3/1 22:40:16","trace":[{"column":7,"file":"/Users/mbp2019/Desktop/Development/workpick-pj/workpick/dist/main.js","function":"Object.__decorate","line":6178,"method":"__decorate","native":false},{"column":33,"file":"/Users/mbp2019/Desktop/Development/workpick-pj/workpick/dist/main.js","function":"__webpack_require__","line":9868,"method":null,"native":false},{"column":21,"file":"/Users/mbp2019/Desktop/Development/workpick-pj/workpick/dist/main.js","function":"fn","line":9975,"method":null,"native":false},{"column":14,"file":"/Users/mbp2019/Desktop/Development/workpick-pj/workpick/dist/main.js","function":null,"line":6168,"method":null,"native":false},{"column":33,"file":"/Users/mbp2019/Desktop/Development/workpick-pj/workpick/dist/main.js","function":"__webpack_require__","line":9868,"method":null,"native":false},{"column":21,"file":"/Users/mbp2019/Desktop/Development/workpick-pj/workpick/dist/main.js","function":"fn","line":9975,"method":null,"native":false},{"column":24,"file":"/Users/mbp2019/Desktop/Development/workpick-pj/workpick/dist/main.js","function":null,"line":6073,"method":null,"native":false},{"column":33,"file":"/Users/mbp2019/Desktop/Development/workpick-pj/workpick/dist/main.js","function":"__webpack_require__","line":9868,"method":null,"native":false},{"column":21,"file":"/Users/mbp2019/Desktop/Development/workpick-pj/workpick/dist/main.js","function":"fn","line":9975,"method":null,"native":false},{"column":14,"file":"/Users/mbp2019/Desktop/Development/workpick-pj/workpick/dist/main.js","function":null,"line":6041,"method":null,"native":false}]}
error: uncaughtException: Module parse failed: The keyword 'yield' is reserved (42:22)
File was processed with these loaders:
 * ./node_modules/ts-loader/index.js
You may need an additional loader to handle the result of these loaders.
|         this.calculateService = calculateService;
|         this.salaryService = salaryService;
>         this.result = yield this.mainRepository
|             .createQueryBuilder("alias")
|             .select("MAX(alias.id) as id, alias.workId as workId")
Error: Module parse failed: The keyword 'yield' is reserved (42:22)
File was processed with these loaders:
 * ./node_modules/ts-loader/index.js
You may need an additional loader to handle the result of these loaders.
|         this.calculateService = calculateService;
|         this.salaryService = salaryService;
>         this.result = yield this.mainRepository
|             .createQueryBuilder("alias")
|             .select("MAX(alias.id) as id, alias.workId as workId")
    at Object.__decorate (/Users/mbp2019/Desktop/Development/workpick-pj/workpick/dist/main.js:6178:7)
    at __webpack_require__ (/Users/mbp2019/Desktop/Development/workpick-pj/workpick/dist/main.js:9868:33)
    at fn (/Users/mbp2019/Desktop/Development/workpick-pj/workpick/dist/main.js:9975:21)
    at Object.<anonymous> (/Users/mbp2019/Desktop/Development/workpick-pj/workpick/dist/main.js:6168:14)
    at __webpack_require__ (/Users/mbp2019/Desktop/Development/workpick-pj/workpick/dist/main.js:9868:33)
    at fn (/Users/mbp2019/Desktop/Development/workpick-pj/workpick/dist/main.js:9975:21)
    at Object.<anonymous> (/Users/mbp2019/Desktop/Development/workpick-pj/workpick/dist/main.js:6073:24)
    at __webpack_require__ (/Users/mbp2019/Desktop/Development/workpick-pj/workpick/dist/main.js:9868:33)
    at fn (/Users/mbp2019/Desktop/Development/workpick-pj/workpick/dist/main.js:9975:21)
    at Object.<anonymous> (/Users/mbp2019/Desktop/Development/workpick-pj/workpick/dist/main.js:6041:14) {"date":"Fri Mar 01 2024 22:40:19 GMT+0900 (Korean Standard Time)","error":{},"exception":true,"os":{"loadavg":[4.50439453125,3.01416015625,2.93212890625],"uptime":1305998},"process":{"argv":["/Users/mbp2019/.nvm/versions/node/v16.19.1/bin/node","/Users/mbp2019/Desktop/Development/workpick-pj/workpick/dist/main.js"],"cwd":"/Users/mbp2019/Desktop/Development/workpick-pj/workpick","execPath":"/Users/mbp2019/.nvm/versions/node/v16.19.1/bin/node","gid":20,"memoryUsage":{"arrayBuffers":1140163,"external":15049158,"heapTotal":85737472,"heapUsed":66557000,"rss":135331840},"pid":19475,"uid":503,"version":"v16.19.1"},"stack":"Error: Module parse failed: The keyword 'yield' is reserved (42:22)\nFile was processed with these loaders:\n * ./node_modules/ts-loader/index.js\nYou may need an additional loader to handle the result of these loaders.\n|         this.calculateService = calculateService;\n|         this.salaryService = salaryService;\n>         this.result = yield this.mainRepository\n|             .createQueryBuilder(\"alias\")\n|             .select(\"MAX(alias.id) as id, alias.workId as workId\")\n    at Object.__decorate (/Users/mbp2019/Desktop/Development/workpick-pj/workpick/dist/main.js:6178:7)\n    at __webpack_require__ (/Users/mbp2019/Desktop/Development/workpick-pj/workpick/dist/main.js:9868:33)\n    at fn (/Users/mbp2019/Desktop/Development/workpick-pj/workpick/dist/main.js:9975:21)\n    at Object.<anonymous> (/Users/mbp2019/Desktop/Development/workpick-pj/workpick/dist/main.js:6168:14)\n    at __webpack_require__ (/Users/mbp2019/Desktop/Development/workpick-pj/workpick/dist/main.js:9868:33)\n    at fn (/Users/mbp2019/Desktop/Development/workpick-pj/workpick/dist/main.js:9975:21)\n    at Object.<anonymous> (/Users/mbp2019/Desktop/Development/workpick-pj/workpick/dist/main.js:6073:24)\n    at __webpack_require__ (/Users/mbp2019/Desktop/Development/workpick-pj/workpick/dist/main.js:9868:33)\n    at fn (/Users/mbp2019/Desktop/Development/workpick-pj/workpick/dist/main.js:9975:21)\n    at Object.<anonymous> (/Users/mbp2019/Desktop/Development/workpick-pj/workpick/dist/main.js:6041:14)","timestamp":"2024/3/1 22:40:19","trace":[{"column":7,"file":"/Users/mbp2019/Desktop/Development/workpick-pj/workpick/dist/main.js","function":"Object.__decorate","line":6178,"method":"__decorate","native":false},{"column":33,"file":"/Users/mbp2019/Desktop/Development/workpick-pj/workpick/dist/main.js","function":"__webpack_require__","line":9868,"method":null,"native":false},{"column":21,"file":"/Users/mbp2019/Desktop/Development/workpick-pj/workpick/dist/main.js","function":"fn","line":9975,"method":null,"native":false},{"column":14,"file":"/Users/mbp2019/Desktop/Development/workpick-pj/workpick/dist/main.js","function":null,"line":6168,"method":null,"native":false},{"column":33,"file":"/Users/mbp2019/Desktop/Development/workpick-pj/workpick/dist/main.js","function":"__webpack_require__","line":9868,"method":null,"native":false},{"column":21,"file":"/Users/mbp2019/Desktop/Development/workpick-pj/workpick/dist/main.js","function":"fn","line":9975,"method":null,"native":false},{"column":24,"file":"/Users/mbp2019/Desktop/Development/workpick-pj/workpick/dist/main.js","function":null,"line":6073,"method":null,"native":false},{"column":33,"file":"/Users/mbp2019/Desktop/Development/workpick-pj/workpick/dist/main.js","function":"__webpack_require__","line":9868,"method":null,"native":false},{"column":21,"file":"/Users/mbp2019/Desktop/Development/workpick-pj/workpick/dist/main.js","function":"fn","line":9975,"method":null,"native":false},{"column":14,"file":"/Users/mbp2019/Desktop/Development/workpick-pj/workpick/dist/main.js","function":null,"line":6041,"method":null,"native":false}]}
info: Nest.js API-Server ready to http://localhost:3000/ {"timestamp":"2024/3/1 22:40:41"}
info: Nest.js API-Server ready to http://localhost:3000/ {"timestamp":"2024/3/1 22:40:55"}
info: Nest.js API-Server ready to http://localhost:3000/ {"timestamp":"2024/3/1 22:41:15"}
info: Nest.js API-Server ready to http://localhost:3000/ {"timestamp":"2024/3/1 22:41:32"}
info: Nest.js API-Server ready to http://localhost:3000/ {"timestamp":"2024/3/1 22:41:37"}
debug: [JsonResponse] 200 OK {"timestamp":"2024/3/1 22:41:52"}
debug: [REQ] ::1 POST 200 : /api/v1/main/list {"timestamp":"2024/3/1 22:41:52"}
