info: Nest.js API-Server ready to http://localhost:3000/ {"timestamp":"2024/1/18 15:35:24"}
debug: [REQ] ::1 POST 403 : /api/v1/calendar/save {"timestamp":"2024/1/18 15:35:47"}
debug: [REQ] ::1 POST 200 : /api/v1/calendar/save {"timestamp":"2024/1/18 15:41:40"}
info: Nest.js API-Server ready to http://localhost:3000/ {"timestamp":"2024/1/18 15:42:21"}
debug: [REQ] ::1 POST 200 : /api/v1/calendar/save {"timestamp":"2024/1/18 15:42:21"}
debug: [REQ] ::1 POST 200 : /api/v1/calendar/save {"timestamp":"2024/1/18 15:43:04"}
info: Nest.js API-Server ready to http://localhost:3000/ {"timestamp":"2024/1/18 15:43:33"}
debug: [REQ] ::1 POST 200 : /api/v1/calendar/save {"timestamp":"2024/1/18 15:43:36"}
info: Nest.js API-Server ready to http://localhost:3000/ {"timestamp":"2024/1/18 15:43:47"}
debug: [REQ] ::1 POST 200 : /api/v1/calendar/save {"timestamp":"2024/1/18 15:43:48"}
info: Nest.js API-Server ready to http://localhost:3000/ {"timestamp":"2024/1/18 15:44:14"}
info: Nest.js API-Server ready to http://localhost:3000/ {"timestamp":"2024/1/18 15:44:20"}
info: Nest.js API-Server ready to http://localhost:3000/ {"timestamp":"2024/1/18 15:44:40"}
info: Nest.js API-Server ready to http://localhost:3000/ {"timestamp":"2024/1/18 15:44:52"}
debug: [REQ] ::1 POST 200 : /api/v1/calendar/save {"timestamp":"2024/1/18 15:44:53"}
debug: [REQ] ::1 POST 200 : /api/v1/calendar/save {"timestamp":"2024/1/18 15:45:14"}
debug: [REQ] ::1 POST 200 : /api/v1/calendar/save {"timestamp":"2024/1/18 15:45:41"}
info: Nest.js API-Server ready to http://localhost:3000/ {"timestamp":"2024/1/18 15:58:35"}
info: Nest.js API-Server ready to http://localhost:3000/ {"timestamp":"2024/1/18 15:58:40"}
info: Nest.js API-Server ready to http://localhost:3000/ {"timestamp":"2024/1/18 15:58:59"}
info: Nest.js API-Server ready to http://localhost:3000/ {"timestamp":"2024/1/18 15:59:10"}
debug: [REQ] ::1 POST 200 : /api/v1/calendar/save {"timestamp":"2024/1/18 15:59:22"}
debug: [REQ] ::1 POST 200 : /api/v1/calendar/save {"timestamp":"2024/1/18 15:59:37"}
debug: [REQ] ::1 POST 200 : /api/v1/calendar/save {"timestamp":"2024/1/18 16:00:03"}
info: Nest.js API-Server ready to http://localhost:3000/ {"timestamp":"2024/1/18 16:01:05"}
info: Nest.js API-Server ready to http://localhost:3000/ {"timestamp":"2024/1/18 16:01:11"}
debug: [REQ] ::1 POST 200 : /api/v1/calendar/save {"timestamp":"2024/1/18 16:01:12"}
info: Nest.js API-Server ready to http://localhost:3000/ {"timestamp":"2024/1/18 16:01:52"}
debug: [REQ] ::1 POST 200 : /api/v1/calendar/save {"timestamp":"2024/1/18 16:01:53"}
info: Nest.js API-Server ready to http://localhost:3000/ {"timestamp":"2024/1/18 16:02:08"}
debug: [REQ] ::1 POST 200 : /api/v1/calendar/save {"timestamp":"2024/1/18 16:02:10"}
info: Nest.js API-Server ready to http://localhost:3000/ {"timestamp":"2024/1/18 16:02:51"}
debug: [REQ] ::1 POST 200 : /api/v1/calendar/save {"timestamp":"2024/1/18 16:02:57"}
info: Nest.js API-Server ready to http://localhost:3000/ {"timestamp":"2024/1/18 16:03:21"}
debug: [REQ] ::1 POST 200 : /api/v1/calendar/save {"timestamp":"2024/1/18 16:03:22"}
info: Nest.js API-Server ready to http://localhost:3000/ {"timestamp":"2024/1/18 16:03:46"}
debug: [REQ] ::1 POST 200 : /api/v1/calendar/save {"timestamp":"2024/1/18 16:03:49"}
info: Nest.js API-Server ready to http://localhost:3000/ {"timestamp":"2024/1/18 16:05:17"}
debug: [REQ] ::1 POST 200 : /api/v1/calendar/save {"timestamp":"2024/1/18 16:05:17"}
info: Nest.js API-Server ready to http://localhost:3000/ {"timestamp":"2024/1/18 16:05:43"}
debug: [REQ] ::1 POST 200 : /api/v1/calendar/save {"timestamp":"2024/1/18 16:05:47"}
debug: [REQ] ::1 POST 200 : /api/v1/calendar/save {"timestamp":"2024/1/18 16:05:54"}
debug: [REQ] ::1 POST 200 : /api/v1/calendar/save {"timestamp":"2024/1/18 16:05:59"}
info: Nest.js API-Server ready to http://localhost:3000/ {"timestamp":"2024/1/18 16:06:14"}
info: Nest.js API-Server ready to http://localhost:3000/ {"timestamp":"2024/1/18 16:06:17"}
info: Nest.js API-Server ready to http://localhost:3000/ {"timestamp":"2024/1/18 16:10:34"}
debug: [REQ] ::1 POST 200 : /api/v1/calendar/save {"timestamp":"2024/1/18 16:10:35"}
debug: [REQ] ::1 POST 200 : /api/v1/calendar/save {"timestamp":"2024/1/18 16:10:48"}
info: Nest.js API-Server ready to http://localhost:3000/ {"timestamp":"2024/1/18 16:11:32"}
info: Nest.js API-Server ready to http://localhost:3000/ {"timestamp":"2024/1/18 16:11:41"}
info: Nest.js API-Server ready to http://localhost:3000/ {"timestamp":"2024/1/18 16:13:42"}
info: Nest.js API-Server ready to http://localhost:3000/ {"timestamp":"2024/1/18 16:14:39"}
debug: [REQ] ::1 POST 200 : /api/v1/calendar/save {"timestamp":"2024/1/18 16:14:53"}
debug: [REQ] ::1 POST 200 : /api/v1/calendar/save {"timestamp":"2024/1/18 16:15:04"}
debug: [REQ] ::1 POST 200 : /api/v1/calendar/save {"timestamp":"2024/1/18 16:15:22"}
info: Nest.js API-Server ready to http://localhost:3000/ {"timestamp":"2024/1/18 16:15:46"}
debug: [REQ] ::1 POST 200 : /api/v1/calendar/save {"timestamp":"2024/1/18 16:15:47"}
debug: [REQ] ::1 POST 200 : /api/v1/calendar/save {"timestamp":"2024/1/18 16:15:56"}
info: Nest.js API-Server ready to http://localhost:3000/ {"timestamp":"2024/1/18 16:16:17"}
info: Nest.js API-Server ready to http://localhost:3000/ {"timestamp":"2024/1/18 16:16:52"}
info: Nest.js API-Server ready to http://localhost:3000/ {"timestamp":"2024/1/18 16:16:59"}
info: Nest.js API-Server ready to http://localhost:3000/ {"timestamp":"2024/1/18 16:17:13"}
debug: [REQ] ::1 POST 200 : /api/v1/calendar/save {"timestamp":"2024/1/18 16:17:22"}
debug: [REQ] ::1 POST 200 : /api/v1/calendar/save {"timestamp":"2024/1/18 16:17:50"}
info: Nest.js API-Server ready to http://localhost:3000/ {"timestamp":"2024/1/18 16:38:55"}
debug: [REQ] ::1 POST 404 : /admin/users/todayPay {"timestamp":"2024/1/18 16:39:02"}
info: Nest.js API-Server ready to http://localhost:3000/ {"timestamp":"2024/1/18 16:50:39"}
debug: [REQ] ::1 POST 404 : /admin/users/todayPay {"timestamp":"2024/1/18 16:50:54"}
debug: [REQ] ::1 POST 200 : /api/v1/admin/users/todayPay {"timestamp":"2024/1/18 16:51:17"}
info: Nest.js API-Server ready to http://localhost:3000/ {"timestamp":"2024/1/18 16:58:59"}
debug: [REQ] ::1 POST 200 : /api/v1/admin/users/todayPay {"timestamp":"2024/1/18 16:59:22"}
debug: [REQ] ::1 POST 200 : /api/v1/admin/users/todayPay {"timestamp":"2024/1/18 17:01:29"}
info: Nest.js API-Server ready to http://localhost:3000/ {"timestamp":"2024/1/18 17:02:16"}
debug: [REQ] ::1 POST 200 : /api/v1/admin/users/todayPay {"timestamp":"2024/1/18 17:02:17"}
info: Nest.js API-Server ready to http://localhost:3000/ {"timestamp":"2024/1/18 17:02:37"}
info: Nest.js API-Server ready to http://localhost:3000/ {"timestamp":"2024/1/18 17:02:41"}
info: Nest.js API-Server ready to http://localhost:3000/ {"timestamp":"2024/1/18 17:02:47"}
debug: [REQ] ::1 POST 200 : /api/v1/admin/users/todayPay {"timestamp":"2024/1/18 17:02:48"}
info: Nest.js API-Server ready to http://localhost:3000/ {"timestamp":"2024/1/18 17:03:08"}
info: Nest.js API-Server ready to http://localhost:3000/ {"timestamp":"2024/1/18 17:03:30"}
info: Nest.js API-Server ready to http://localhost:3000/ {"timestamp":"2024/1/18 17:03:43"}
info: Nest.js API-Server ready to http://localhost:3000/ {"timestamp":"2024/1/18 17:05:10"}
info: Nest.js API-Server ready to http://localhost:3000/ {"timestamp":"2024/1/18 17:05:25"}
info: Nest.js API-Server ready to http://localhost:3000/ {"timestamp":"2024/1/18 17:05:57"}
info: Nest.js API-Server ready to http://localhost:3000/ {"timestamp":"2024/1/18 17:06:02"}
error: uncaughtException: res is not defined
ReferenceError: res is not defined
    at Object.<anonymous> (/Users/mbp2019/Desktop/Development/workpick/dist/main.js:9396:1)
    at __webpack_require__ (/Users/mbp2019/Desktop/Development/workpick/dist/main.js:9865:33)
    at fn (/Users/mbp2019/Desktop/Development/workpick/dist/main.js:9972:21)
    at Object.<anonymous> (/Users/mbp2019/Desktop/Development/workpick/dist/main.js:9335:14)
    at __webpack_require__ (/Users/mbp2019/Desktop/Development/workpick/dist/main.js:9865:33)
    at fn (/Users/mbp2019/Desktop/Development/workpick/dist/main.js:9972:21)
    at Object.<anonymous> (/Users/mbp2019/Desktop/Development/workpick/dist/main.js:9270:24)
    at __webpack_require__ (/Users/mbp2019/Desktop/Development/workpick/dist/main.js:9865:33)
    at fn (/Users/mbp2019/Desktop/Development/workpick/dist/main.js:9972:21)
    at Object.<anonymous> (/Users/mbp2019/Desktop/Development/workpick/dist/main.js:9238:14) {"date":"Thu Jan 18 2024 17:06:50 GMT+0900 (Korean Standard Time)","error":{},"exception":true,"os":{"loadavg":[2.3037109375,3.224609375,3.17431640625],"uptime":1320828},"process":{"argv":["/Users/mbp2019/.nvm/versions/node/v16.19.1/bin/node","/Users/mbp2019/Desktop/Development/workpick/dist/main.js"],"cwd":"/Users/mbp2019/Desktop/Development/workpick","execPath":"/Users/mbp2019/.nvm/versions/node/v16.19.1/bin/node","gid":20,"memoryUsage":{"arrayBuffers":572738,"external":15057378,"heapTotal":85983232,"heapUsed":63101968,"rss":135561216},"pid":98784,"uid":503,"version":"v16.19.1"},"stack":"ReferenceError: res is not defined\n    at Object.<anonymous> (/Users/mbp2019/Desktop/Development/workpick/dist/main.js:9396:1)\n    at __webpack_require__ (/Users/mbp2019/Desktop/Development/workpick/dist/main.js:9865:33)\n    at fn (/Users/mbp2019/Desktop/Development/workpick/dist/main.js:9972:21)\n    at Object.<anonymous> (/Users/mbp2019/Desktop/Development/workpick/dist/main.js:9335:14)\n    at __webpack_require__ (/Users/mbp2019/Desktop/Development/workpick/dist/main.js:9865:33)\n    at fn (/Users/mbp2019/Desktop/Development/workpick/dist/main.js:9972:21)\n    at Object.<anonymous> (/Users/mbp2019/Desktop/Development/workpick/dist/main.js:9270:24)\n    at __webpack_require__ (/Users/mbp2019/Desktop/Development/workpick/dist/main.js:9865:33)\n    at fn (/Users/mbp2019/Desktop/Development/workpick/dist/main.js:9972:21)\n    at Object.<anonymous> (/Users/mbp2019/Desktop/Development/workpick/dist/main.js:9238:14)","timestamp":"2024/1/18 17:06:50","trace":[{"column":1,"file":"/Users/mbp2019/Desktop/Development/workpick/dist/main.js","function":null,"line":9396,"method":null,"native":false},{"column":33,"file":"/Users/mbp2019/Desktop/Development/workpick/dist/main.js","function":"__webpack_require__","line":9865,"method":null,"native":false},{"column":21,"file":"/Users/mbp2019/Desktop/Development/workpick/dist/main.js","function":"fn","line":9972,"method":null,"native":false},{"column":14,"file":"/Users/mbp2019/Desktop/Development/workpick/dist/main.js","function":null,"line":9335,"method":null,"native":false},{"column":33,"file":"/Users/mbp2019/Desktop/Development/workpick/dist/main.js","function":"__webpack_require__","line":9865,"method":null,"native":false},{"column":21,"file":"/Users/mbp2019/Desktop/Development/workpick/dist/main.js","function":"fn","line":9972,"method":null,"native":false},{"column":24,"file":"/Users/mbp2019/Desktop/Development/workpick/dist/main.js","function":null,"line":9270,"method":null,"native":false},{"column":33,"file":"/Users/mbp2019/Desktop/Development/workpick/dist/main.js","function":"__webpack_require__","line":9865,"method":null,"native":false},{"column":21,"file":"/Users/mbp2019/Desktop/Development/workpick/dist/main.js","function":"fn","line":9972,"method":null,"native":false},{"column":14,"file":"/Users/mbp2019/Desktop/Development/workpick/dist/main.js","function":null,"line":9238,"method":null,"native":false}]}
error: uncaughtException: Module parse failed: Unterminated string constant (41:41)
File was processed with these loaders:
 * ./node_modules/ts-loader/index.js
You may need an additional loader to handle the result of these loaders.
|             const getToDay = this.dtService.getToDay();
|             const res = yield this.calendarRepository.find({
>                 where: { workId, status: "NO },
|                 }
|             });
Error: Module parse failed: Unterminated string constant (41:41)
File was processed with these loaders:
 * ./node_modules/ts-loader/index.js
You may need an additional loader to handle the result of these loaders.
|             const getToDay = this.dtService.getToDay();
|             const res = yield this.calendarRepository.find({
>                 where: { workId, status: "NO },
|                 }
|             });
    at Object.defineProperty.value (/Users/mbp2019/Desktop/Development/workpick/dist/main.js:9344:7)
    at __webpack_require__ (/Users/mbp2019/Desktop/Development/workpick/dist/main.js:9812:33)
    at fn (/Users/mbp2019/Desktop/Development/workpick/dist/main.js:9919:21)
    at Object.<anonymous> (/Users/mbp2019/Desktop/Development/workpick/dist/main.js:9335:14)
    at __webpack_require__ (/Users/mbp2019/Desktop/Development/workpick/dist/main.js:9812:33)
    at fn (/Users/mbp2019/Desktop/Development/workpick/dist/main.js:9919:21)
    at Object.<anonymous> (/Users/mbp2019/Desktop/Development/workpick/dist/main.js:9270:24)
    at __webpack_require__ (/Users/mbp2019/Desktop/Development/workpick/dist/main.js:9812:33)
    at fn (/Users/mbp2019/Desktop/Development/workpick/dist/main.js:9919:21)
    at Object.<anonymous> (/Users/mbp2019/Desktop/Development/workpick/dist/main.js:9238:14) {"date":"Thu Jan 18 2024 17:07:05 GMT+0900 (Korean Standard Time)","error":{},"exception":true,"os":{"loadavg":[2.52490234375,3.22900390625,3.17578125],"uptime":1320843},"process":{"argv":["/Users/mbp2019/.nvm/versions/node/v16.19.1/bin/node","/Users/mbp2019/Desktop/Development/workpick/dist/main.js"],"cwd":"/Users/mbp2019/Desktop/Development/workpick","execPath":"/Users/mbp2019/.nvm/versions/node/v16.19.1/bin/node","gid":20,"memoryUsage":{"arrayBuffers":706293,"external":15054698,"heapTotal":85721088,"heapUsed":63888792,"rss":134594560},"pid":98823,"uid":503,"version":"v16.19.1"},"stack":"Error: Module parse failed: Unterminated string constant (41:41)\nFile was processed with these loaders:\n * ./node_modules/ts-loader/index.js\nYou may need an additional loader to handle the result of these loaders.\n|             const getToDay = this.dtService.getToDay();\n|             const res = yield this.calendarRepository.find({\n>                 where: { workId, status: \"NO },\n|                 }\n|             });\n    at Object.defineProperty.value (/Users/mbp2019/Desktop/Development/workpick/dist/main.js:9344:7)\n    at __webpack_require__ (/Users/mbp2019/Desktop/Development/workpick/dist/main.js:9812:33)\n    at fn (/Users/mbp2019/Desktop/Development/workpick/dist/main.js:9919:21)\n    at Object.<anonymous> (/Users/mbp2019/Desktop/Development/workpick/dist/main.js:9335:14)\n    at __webpack_require__ (/Users/mbp2019/Desktop/Development/workpick/dist/main.js:9812:33)\n    at fn (/Users/mbp2019/Desktop/Development/workpick/dist/main.js:9919:21)\n    at Object.<anonymous> (/Users/mbp2019/Desktop/Development/workpick/dist/main.js:9270:24)\n    at __webpack_require__ (/Users/mbp2019/Desktop/Development/workpick/dist/main.js:9812:33)\n    at fn (/Users/mbp2019/Desktop/Development/workpick/dist/main.js:9919:21)\n    at Object.<anonymous> (/Users/mbp2019/Desktop/Development/workpick/dist/main.js:9238:14)","timestamp":"2024/1/18 17:07:05","trace":[{"column":7,"file":"/Users/mbp2019/Desktop/Development/workpick/dist/main.js","function":"Object.defineProperty.value","line":9344,"method":"value","native":false},{"column":33,"file":"/Users/mbp2019/Desktop/Development/workpick/dist/main.js","function":"__webpack_require__","line":9812,"method":null,"native":false},{"column":21,"file":"/Users/mbp2019/Desktop/Development/workpick/dist/main.js","function":"fn","line":9919,"method":null,"native":false},{"column":14,"file":"/Users/mbp2019/Desktop/Development/workpick/dist/main.js","function":null,"line":9335,"method":null,"native":false},{"column":33,"file":"/Users/mbp2019/Desktop/Development/workpick/dist/main.js","function":"__webpack_require__","line":9812,"method":null,"native":false},{"column":21,"file":"/Users/mbp2019/Desktop/Development/workpick/dist/main.js","function":"fn","line":9919,"method":null,"native":false},{"column":24,"file":"/Users/mbp2019/Desktop/Development/workpick/dist/main.js","function":null,"line":9270,"method":null,"native":false},{"column":33,"file":"/Users/mbp2019/Desktop/Development/workpick/dist/main.js","function":"__webpack_require__","line":9812,"method":null,"native":false},{"column":21,"file":"/Users/mbp2019/Desktop/Development/workpick/dist/main.js","function":"fn","line":9919,"method":null,"native":false},{"column":14,"file":"/Users/mbp2019/Desktop/Development/workpick/dist/main.js","function":null,"line":9238,"method":null,"native":false}]}
info: Nest.js API-Server ready to http://localhost:3000/ {"timestamp":"2024/1/18 17:07:10"}
info: Nest.js API-Server ready to http://localhost:3000/ {"timestamp":"2024/1/18 17:08:10"}
info: Nest.js API-Server ready to http://localhost:3000/ {"timestamp":"2024/1/18 17:08:16"}
debug: [REQ] ::1 POST 200 : /api/v1/admin/users/todayPay {"timestamp":"2024/1/18 17:08:19"}
info: Nest.js API-Server ready to http://localhost:3000/ {"timestamp":"2024/1/18 17:09:18"}
info: Nest.js API-Server ready to http://localhost:3000/ {"timestamp":"2024/1/18 17:09:49"}
info: Nest.js API-Server ready to http://localhost:3000/ {"timestamp":"2024/1/18 17:10:24"}
info: Nest.js API-Server ready to http://localhost:3000/ {"timestamp":"2024/1/18 17:10:27"}
info: Nest.js API-Server ready to http://localhost:3000/ {"timestamp":"2024/1/18 17:10:28"}
info: Nest.js API-Server ready to http://localhost:3000/ {"timestamp":"2024/1/18 17:10:35"}
info: Nest.js API-Server ready to http://localhost:3000/ {"timestamp":"2024/1/18 17:10:40"}
info: Nest.js API-Server ready to http://localhost:3000/ {"timestamp":"2024/1/18 17:11:41"}
info: Nest.js API-Server ready to http://localhost:3000/ {"timestamp":"2024/1/18 17:11:57"}
info: Nest.js API-Server ready to http://localhost:3000/ {"timestamp":"2024/1/18 17:11:59"}
info: Nest.js API-Server ready to http://localhost:3000/ {"timestamp":"2024/1/18 17:12:04"}
info: Nest.js API-Server ready to http://localhost:3000/ {"timestamp":"2024/1/18 17:12:08"}
debug: [REQ] ::1 POST 200 : /api/v1/admin/users/todayPay {"timestamp":"2024/1/18 17:12:11"}
debug: [REQ] ::1 POST 200 : /api/v1/admin/users/todayPay {"timestamp":"2024/1/18 17:26:30"}
info: Nest.js API-Server ready to http://localhost:3000/ {"timestamp":"2024/1/18 17:36:41"}
debug: [REQ] ::1 POST 200 : /api/v1/main/calculate-salary {"timestamp":"2024/1/18 17:37:15"}
debug: [REQ] ::1 POST 200 : /api/v1/main/check-in-out {"timestamp":"2024/1/18 17:37:57"}
debug: [REQ] ::1 POST 200 : /api/v1/main/calculate-salary {"timestamp":"2024/1/18 17:40:24"}
debug: [REQ] ::1 POST 200 : /api/v1/main/calculate-salary {"timestamp":"2024/1/18 17:40:25"}
info: Nest.js API-Server ready to http://localhost:3000/ {"timestamp":"2024/1/18 17:40:52"}
info: Nest.js API-Server ready to http://localhost:3000/ {"timestamp":"2024/1/18 17:41:20"}
info: Nest.js API-Server ready to http://localhost:3000/ {"timestamp":"2024/1/18 17:42:23"}
info: Nest.js API-Server ready to http://localhost:3000/ {"timestamp":"2024/1/18 17:42:35"}
info: Nest.js API-Server ready to http://localhost:3000/ {"timestamp":"2024/1/18 17:42:39"}
info: Nest.js API-Server ready to http://localhost:3000/ {"timestamp":"2024/1/18 17:43:00"}
info: Nest.js API-Server ready to http://localhost:3000/ {"timestamp":"2024/1/18 17:43:55"}
debug: [REQ] ::1 POST 200 : /api/v1/main/calculate-salary {"timestamp":"2024/1/18 17:44:03"}
info: Nest.js API-Server ready to http://localhost:3000/ {"timestamp":"2024/1/18 17:45:27"}
debug: [REQ] ::1 POST 200 : /api/v1/main/calculate-salary {"timestamp":"2024/1/18 17:45:29"}
info: Nest.js API-Server ready to http://localhost:3000/ {"timestamp":"2024/1/18 17:45:43"}
debug: [REQ] ::1 POST 200 : /api/v1/main/calculate-salary {"timestamp":"2024/1/18 17:45:47"}
info: Nest.js API-Server ready to http://localhost:3000/ {"timestamp":"2024/1/18 17:45:58"}
debug: [REQ] ::1 POST 200 : /api/v1/main/calculate-salary {"timestamp":"2024/1/18 17:46:00"}
info: Nest.js API-Server ready to http://localhost:3000/ {"timestamp":"2024/1/18 17:46:22"}
debug: [REQ] ::1 POST 200 : /api/v1/main/calculate-salary {"timestamp":"2024/1/18 17:46:30"}
info: Nest.js API-Server ready to http://localhost:3000/ {"timestamp":"2024/1/18 17:47:30"}
debug: [REQ] ::1 POST 200 : /api/v1/main/calculate-salary {"timestamp":"2024/1/18 17:47:34"}
info: Nest.js API-Server ready to http://localhost:3000/ {"timestamp":"2024/1/18 17:47:48"}
debug: [REQ] ::1 POST 200 : /api/v1/main/calculate-salary {"timestamp":"2024/1/18 17:47:48"}
info: Nest.js API-Server ready to http://localhost:3000/ {"timestamp":"2024/1/18 17:48:39"}
debug: [REQ] ::1 POST 200 : /api/v1/main/calculate-salary {"timestamp":"2024/1/18 17:48:41"}
info: Nest.js API-Server ready to http://localhost:3000/ {"timestamp":"2024/1/18 17:48:59"}
info: Nest.js API-Server ready to http://localhost:3000/ {"timestamp":"2024/1/18 17:52:12"}
debug: [REQ] ::1 POST 200 : /api/v1/admin/users/todayPay {"timestamp":"2024/1/18 17:52:17"}
info: Nest.js API-Server ready to http://localhost:3000/ {"timestamp":"2024/1/18 17:54:46"}
info: Nest.js API-Server ready to http://localhost:3000/ {"timestamp":"2024/1/18 17:54:55"}
info: Nest.js API-Server ready to http://localhost:3000/ {"timestamp":"2024/1/18 17:55:02"}
info: Nest.js API-Server ready to http://localhost:3000/ {"timestamp":"2024/1/18 17:55:10"}
info: Nest.js API-Server ready to http://localhost:3000/ {"timestamp":"2024/1/18 17:55:14"}
info: Nest.js API-Server ready to http://localhost:3000/ {"timestamp":"2024/1/18 17:55:21"}
info: Nest.js API-Server ready to http://localhost:3000/ {"timestamp":"2024/1/18 17:55:24"}
info: Nest.js API-Server ready to http://localhost:3000/ {"timestamp":"2024/1/18 17:55:26"}
info: Nest.js API-Server ready to http://localhost:3000/ {"timestamp":"2024/1/18 17:55:33"}
info: Nest.js API-Server ready to http://localhost:3000/ {"timestamp":"2024/1/18 17:55:37"}
info: Nest.js API-Server ready to http://localhost:3000/ {"timestamp":"2024/1/18 17:55:49"}
info: Nest.js API-Server ready to http://localhost:3000/ {"timestamp":"2024/1/18 17:56:08"}
info: Nest.js API-Server ready to http://localhost:3000/ {"timestamp":"2024/1/18 17:56:13"}
info: Nest.js API-Server ready to http://localhost:3000/ {"timestamp":"2024/1/18 17:56:17"}
info: Nest.js API-Server ready to http://localhost:3000/ {"timestamp":"2024/1/18 17:56:20"}
debug: [REQ] ::1 POST 200 : /api/v1/admin/users/todayPay {"timestamp":"2024/1/18 17:56:24"}
info: Nest.js API-Server ready to http://localhost:3000/ {"timestamp":"2024/1/18 17:57:01"}
info: Nest.js API-Server ready to http://localhost:3000/ {"timestamp":"2024/1/18 17:57:07"}
info: Nest.js API-Server ready to http://localhost:3000/ {"timestamp":"2024/1/18 17:57:16"}
info: Nest.js API-Server ready to http://localhost:3000/ {"timestamp":"2024/1/18 17:57:19"}
info: Nest.js API-Server ready to http://localhost:3000/ {"timestamp":"2024/1/18 17:57:52"}
info: Nest.js API-Server ready to http://localhost:3000/ {"timestamp":"2024/1/18 17:58:00"}
info: Nest.js API-Server ready to http://localhost:3000/ {"timestamp":"2024/1/18 17:59:54"}
info: Nest.js API-Server ready to http://localhost:3000/ {"timestamp":"2024/1/18 18:01:15"}
info: Nest.js API-Server ready to http://localhost:3000/ {"timestamp":"2024/1/18 18:01:18"}
info: Nest.js API-Server ready to http://localhost:3000/ {"timestamp":"2024/1/18 18:01:24"}
info: Nest.js API-Server ready to http://localhost:3000/ {"timestamp":"2024/1/18 18:02:02"}
info: Nest.js API-Server ready to http://localhost:3000/ {"timestamp":"2024/1/18 18:03:33"}
info: Nest.js API-Server ready to http://localhost:3000/ {"timestamp":"2024/1/18 18:03:43"}
info: Nest.js API-Server ready to http://localhost:3000/ {"timestamp":"2024/1/18 18:03:53"}
info: Nest.js API-Server ready to http://localhost:3000/ {"timestamp":"2024/1/18 18:04:01"}
info: Nest.js API-Server ready to http://localhost:3000/ {"timestamp":"2024/1/18 18:04:03"}
info: Nest.js API-Server ready to http://localhost:3000/ {"timestamp":"2024/1/18 18:04:29"}
info: Nest.js API-Server ready to http://localhost:3000/ {"timestamp":"2024/1/18 18:04:46"}
info: Nest.js API-Server ready to http://localhost:3000/ {"timestamp":"2024/1/18 18:05:10"}
info: Nest.js API-Server ready to http://localhost:3000/ {"timestamp":"2024/1/18 18:05:21"}
info: Nest.js API-Server ready to http://localhost:3000/ {"timestamp":"2024/1/18 18:05:28"}
info: Nest.js API-Server ready to http://localhost:3000/ {"timestamp":"2024/1/18 18:05:35"}
info: Nest.js API-Server ready to http://localhost:3000/ {"timestamp":"2024/1/18 18:05:43"}
info: Nest.js API-Server ready to http://localhost:3000/ {"timestamp":"2024/1/18 18:06:54"}
info: Nest.js API-Server ready to http://localhost:3000/ {"timestamp":"2024/1/18 18:06:58"}
info: Nest.js API-Server ready to http://localhost:3000/ {"timestamp":"2024/1/18 18:06:59"}
info: Nest.js API-Server ready to http://localhost:3000/ {"timestamp":"2024/1/18 18:07:50"}
info: Nest.js API-Server ready to http://localhost:3000/ {"timestamp":"2024/1/18 18:07:57"}
info: Nest.js API-Server ready to http://localhost:3000/ {"timestamp":"2024/1/18 18:08:07"}
error: uncaughtException: Module parse failed: Unexpected token (97:16)
File was processed with these loaders:
 * ./node_modules/ts-loader/index.js
You may need an additional loader to handle the result of these loaders.
|                 //getMonthTodayPay: 월급에 일당
|                 workPay = Number(work.pay) / work.workDay.length,
>                 ;
|             }
|             let formatCheckTime = startCheckTime.toISOString().substr(11, 5);
Error: Module parse failed: Unexpected token (97:16)
File was processed with these loaders:
 * ./node_modules/ts-loader/index.js
You may need an additional loader to handle the result of these loaders.
|                 //getMonthTodayPay: 월급에 일당
|                 workPay = Number(work.pay) / work.workDay.length,
>                 ;
|             }
|             let formatCheckTime = startCheckTime.toISOString().substr(11, 5);
    at Object.__decorate (/Users/mbp2019/Desktop/Development/workpick/dist/main.js:6128:7)
    at __webpack_require__ (/Users/mbp2019/Desktop/Development/workpick/dist/main.js:9647:33)
    at fn (/Users/mbp2019/Desktop/Development/workpick/dist/main.js:9754:21)
    at Object.<anonymous> (/Users/mbp2019/Desktop/Development/workpick/dist/main.js:6118:14)
    at __webpack_require__ (/Users/mbp2019/Desktop/Development/workpick/dist/main.js:9647:33)
    at fn (/Users/mbp2019/Desktop/Development/workpick/dist/main.js:9754:21)
    at Object.<anonymous> (/Users/mbp2019/Desktop/Development/workpick/dist/main.js:6023:24)
    at __webpack_require__ (/Users/mbp2019/Desktop/Development/workpick/dist/main.js:9647:33)
    at fn (/Users/mbp2019/Desktop/Development/workpick/dist/main.js:9754:21)
    at Object.<anonymous> (/Users/mbp2019/Desktop/Development/workpick/dist/main.js:5991:14) {"date":"Thu Jan 18 2024 18:08:47 GMT+0900 (Korean Standard Time)","error":{},"exception":true,"os":{"loadavg":[2.98046875,2.849609375,2.87353515625],"uptime":1324545},"process":{"argv":["/Users/mbp2019/.nvm/versions/node/v16.19.1/bin/node","/Users/mbp2019/Desktop/Development/workpick/dist/main.js"],"cwd":"/Users/mbp2019/Desktop/Development/workpick","execPath":"/Users/mbp2019/.nvm/versions/node/v16.19.1/bin/node","gid":20,"memoryUsage":{"arrayBuffers":703478,"external":15047038,"heapTotal":85442560,"heapUsed":62790552,"rss":133906432},"pid":5697,"uid":503,"version":"v16.19.1"},"stack":"Error: Module parse failed: Unexpected token (97:16)\nFile was processed with these loaders:\n * ./node_modules/ts-loader/index.js\nYou may need an additional loader to handle the result of these loaders.\n|                 //getMonthTodayPay: 월급에 일당\n|                 workPay = Number(work.pay) / work.workDay.length,\n>                 ;\n|             }\n|             let formatCheckTime = startCheckTime.toISOString().substr(11, 5);\n    at Object.__decorate (/Users/mbp2019/Desktop/Development/workpick/dist/main.js:6128:7)\n    at __webpack_require__ (/Users/mbp2019/Desktop/Development/workpick/dist/main.js:9647:33)\n    at fn (/Users/mbp2019/Desktop/Development/workpick/dist/main.js:9754:21)\n    at Object.<anonymous> (/Users/mbp2019/Desktop/Development/workpick/dist/main.js:6118:14)\n    at __webpack_require__ (/Users/mbp2019/Desktop/Development/workpick/dist/main.js:9647:33)\n    at fn (/Users/mbp2019/Desktop/Development/workpick/dist/main.js:9754:21)\n    at Object.<anonymous> (/Users/mbp2019/Desktop/Development/workpick/dist/main.js:6023:24)\n    at __webpack_require__ (/Users/mbp2019/Desktop/Development/workpick/dist/main.js:9647:33)\n    at fn (/Users/mbp2019/Desktop/Development/workpick/dist/main.js:9754:21)\n    at Object.<anonymous> (/Users/mbp2019/Desktop/Development/workpick/dist/main.js:5991:14)","timestamp":"2024/1/18 18:08:47","trace":[{"column":7,"file":"/Users/mbp2019/Desktop/Development/workpick/dist/main.js","function":"Object.__decorate","line":6128,"method":"__decorate","native":false},{"column":33,"file":"/Users/mbp2019/Desktop/Development/workpick/dist/main.js","function":"__webpack_require__","line":9647,"method":null,"native":false},{"column":21,"file":"/Users/mbp2019/Desktop/Development/workpick/dist/main.js","function":"fn","line":9754,"method":null,"native":false},{"column":14,"file":"/Users/mbp2019/Desktop/Development/workpick/dist/main.js","function":null,"line":6118,"method":null,"native":false},{"column":33,"file":"/Users/mbp2019/Desktop/Development/workpick/dist/main.js","function":"__webpack_require__","line":9647,"method":null,"native":false},{"column":21,"file":"/Users/mbp2019/Desktop/Development/workpick/dist/main.js","function":"fn","line":9754,"method":null,"native":false},{"column":24,"file":"/Users/mbp2019/Desktop/Development/workpick/dist/main.js","function":null,"line":6023,"method":null,"native":false},{"column":33,"file":"/Users/mbp2019/Desktop/Development/workpick/dist/main.js","function":"__webpack_require__","line":9647,"method":null,"native":false},{"column":21,"file":"/Users/mbp2019/Desktop/Development/workpick/dist/main.js","function":"fn","line":9754,"method":null,"native":false},{"column":14,"file":"/Users/mbp2019/Desktop/Development/workpick/dist/main.js","function":null,"line":5991,"method":null,"native":false}]}
info: Nest.js API-Server ready to http://localhost:3000/ {"timestamp":"2024/1/18 18:08:48"}
info: Nest.js API-Server ready to http://localhost:3000/ {"timestamp":"2024/1/18 18:08:58"}
info: Nest.js API-Server ready to http://localhost:3000/ {"timestamp":"2024/1/18 18:09:04"}
debug: [REQ] ::1 POST 200 : /api/v1/admin/users/todayPay {"timestamp":"2024/1/18 18:10:10"}
info: Nest.js API-Server ready to http://localhost:3000/ {"timestamp":"2024/1/18 18:10:34"}
debug: [REQ] ::1 POST 200 : /api/v1/admin/users/todayPay {"timestamp":"2024/1/18 18:10:37"}
info: Nest.js API-Server ready to http://localhost:3000/ {"timestamp":"2024/1/18 18:10:55"}
info: Nest.js API-Server ready to http://localhost:3000/ {"timestamp":"2024/1/18 18:11:01"}
debug: [REQ] ::1 POST 200 : /api/v1/admin/users/todayPay {"timestamp":"2024/1/18 18:11:05"}
info: Nest.js API-Server ready to http://localhost:3000/ {"timestamp":"2024/1/18 18:12:07"}
info: Nest.js API-Server ready to http://localhost:3000/ {"timestamp":"2024/1/18 18:12:14"}
info: Nest.js API-Server ready to http://localhost:3000/ {"timestamp":"2024/1/18 18:12:29"}
info: Nest.js API-Server ready to http://localhost:3000/ {"timestamp":"2024/1/18 18:13:04"}
info: Nest.js API-Server ready to http://localhost:3000/ {"timestamp":"2024/1/18 18:17:05"}
debug: [REQ] ::1 POST 200 : /api/v1/admin/users/todayPay {"timestamp":"2024/1/18 18:17:34"}
info: Nest.js API-Server ready to http://localhost:3000/ {"timestamp":"2024/1/18 18:26:55"}
debug: [REQ] ::1 POST 200 : /api/v1/admin/users/todayPay {"timestamp":"2024/1/18 18:27:10"}
debug: [REQ] ::1 POST 200 : /api/v1/admin/users/todayPay {"timestamp":"2024/1/18 18:27:16"}
debug: [REQ] ::1 POST 200 : /api/v1/admin/users/todayPay {"timestamp":"2024/1/18 18:27:21"}
debug: [REQ] ::1 POST 200 : /api/v1/admin/users/todayPay {"timestamp":"2024/1/18 18:27:25"}
debug: [REQ] ::1 POST 200 : /api/v1/admin/users/todayPay {"timestamp":"2024/1/18 18:27:29"}
debug: [REQ] ::1 POST 200 : /api/v1/admin/users/todayPay {"timestamp":"2024/1/18 18:27:33"}
debug: [REQ] ::1 POST 200 : /api/v1/admin/users/todayPay {"timestamp":"2024/1/18 18:28:01"}
debug: [REQ] ::1 POST 200 : /api/v1/admin/users/todayPay {"timestamp":"2024/1/18 18:28:06"}
debug: [REQ] ::1 POST 200 : /api/v1/admin/users/todayPay {"timestamp":"2024/1/18 18:29:04"}
debug: [REQ] ::1 POST 200 : /api/v1/admin/users/todayPay {"timestamp":"2024/1/18 18:29:08"}
debug: [REQ] ::1 POST 200 : /api/v1/admin/users/todayPay {"timestamp":"2024/1/18 18:29:13"}
debug: [REQ] ::1 POST 200 : /api/v1/admin/users/todayPay {"timestamp":"2024/1/18 18:29:19"}
debug: [REQ] ::1 POST 200 : /api/v1/admin/users/todayPay {"timestamp":"2024/1/18 18:29:22"}
debug: [REQ] ::1 POST 200 : /api/v1/admin/users/todayPay {"timestamp":"2024/1/18 18:29:27"}
debug: [REQ] ::1 POST 200 : /api/v1/admin/users/todayPay {"timestamp":"2024/1/18 18:29:32"}
debug: [REQ] ::1 POST 200 : /api/v1/admin/users/todayPay {"timestamp":"2024/1/18 18:29:34"}
debug: [REQ] ::1 POST 200 : /api/v1/admin/users/todayPay {"timestamp":"2024/1/18 18:29:39"}
debug: [REQ] ::1 POST 200 : /api/v1/admin/users/todayPay {"timestamp":"2024/1/18 18:29:45"}
debug: [REQ] ::1 POST 200 : /api/v1/admin/users/todayPay {"timestamp":"2024/1/18 18:29:49"}
debug: [REQ] ::1 POST 200 : /api/v1/admin/users/todayPay {"timestamp":"2024/1/18 18:29:54"}
debug: [REQ] ::1 POST 200 : /api/v1/admin/users/todayPay {"timestamp":"2024/1/18 18:29:57"}
debug: [REQ] ::1 POST 200 : /api/v1/admin/users/todayPay {"timestamp":"2024/1/18 18:30:02"}
debug: [REQ] ::1 POST 200 : /api/v1/admin/users/todayPay {"timestamp":"2024/1/18 18:30:04"}
debug: [REQ] ::1 POST 200 : /api/v1/admin/users/todayPay {"timestamp":"2024/1/18 18:30:11"}
debug: [REQ] ::1 POST 200 : /api/v1/admin/users/todayPay {"timestamp":"2024/1/18 18:30:16"}
debug: [REQ] ::1 POST 200 : /api/v1/admin/users/todayPay {"timestamp":"2024/1/18 18:30:19"}
debug: [REQ] ::1 POST 200 : /api/v1/admin/users/todayPay {"timestamp":"2024/1/18 18:30:24"}
debug: [REQ] ::1 POST 200 : /api/v1/admin/users/todayPay {"timestamp":"2024/1/18 18:30:29"}
debug: [REQ] ::1 POST 200 : /api/v1/admin/users/todayPay {"timestamp":"2024/1/18 18:30:33"}
debug: [REQ] ::1 POST 200 : /api/v1/admin/users/todayPay {"timestamp":"2024/1/18 18:30:36"}
debug: [REQ] ::1 POST 200 : /api/v1/admin/users/todayPay {"timestamp":"2024/1/18 18:30:44"}
debug: [REQ] ::1 POST 200 : /api/v1/admin/users/todayPay {"timestamp":"2024/1/18 18:30:48"}
debug: [REQ] ::1 POST 200 : /api/v1/admin/users/todayPay {"timestamp":"2024/1/18 18:30:53"}
debug: [REQ] ::1 POST 200 : /api/v1/admin/users/todayPay {"timestamp":"2024/1/18 18:30:56"}
debug: [REQ] ::1 POST 200 : /api/v1/admin/users/todayPay {"timestamp":"2024/1/18 18:30:59"}
debug: [REQ] ::1 POST 200 : /api/v1/admin/users/todayPay {"timestamp":"2024/1/18 18:31:03"}
debug: [REQ] ::1 POST 200 : /api/v1/admin/users/todayPay {"timestamp":"2024/1/18 18:31:06"}
debug: [REQ] ::1 POST 200 : /api/v1/admin/users/todayPay {"timestamp":"2024/1/18 18:31:09"}
debug: [REQ] ::1 POST 200 : /api/v1/admin/users/todayPay {"timestamp":"2024/1/18 18:31:14"}
debug: [REQ] ::1 POST 200 : /api/v1/admin/users/todayPay {"timestamp":"2024/1/18 18:31:18"}
debug: [REQ] ::1 POST 200 : /api/v1/admin/users/todayPay {"timestamp":"2024/1/18 18:31:21"}
debug: [REQ] ::1 POST 200 : /api/v1/admin/users/todayPay {"timestamp":"2024/1/18 18:31:25"}
debug: [REQ] ::1 POST 200 : /api/v1/admin/users/todayPay {"timestamp":"2024/1/18 18:31:30"}
debug: [REQ] ::1 POST 200 : /api/v1/admin/users/todayPay {"timestamp":"2024/1/18 18:31:36"}
debug: [REQ] ::1 POST 200 : /api/v1/admin/users/todayPay {"timestamp":"2024/1/18 18:31:39"}
info: Nest.js API-Server ready to http://localhost:3000/ {"timestamp":"2024/1/18 18:46:11"}
debug: [REQ] ::1 POST 200 : /api/v1/calendar/save {"timestamp":"2024/1/18 18:46:13"}
info: Nest.js API-Server ready to http://localhost:3000/ {"timestamp":"2024/1/18 18:50:43"}
debug: [REQ] ::1 POST 200 : /api/v1/calendar/save {"timestamp":"2024/1/18 18:50:45"}
info: Nest.js API-Server ready to http://localhost:3000/ {"timestamp":"2024/1/18 18:51:17"}
info: Nest.js API-Server ready to http://localhost:3000/ {"timestamp":"2024/1/18 18:51:21"}
debug: [REQ] ::1 POST 200 : /api/v1/calendar/save {"timestamp":"2024/1/18 18:51:24"}
info: Nest.js API-Server ready to http://localhost:3000/ {"timestamp":"2024/1/18 18:52:07"}
debug: [REQ] ::1 POST 200 : /api/v1/calendar/save {"timestamp":"2024/1/18 18:52:09"}
info: Nest.js API-Server ready to http://localhost:3000/ {"timestamp":"2024/1/18 18:52:46"}
info: Nest.js API-Server ready to http://localhost:3000/ {"timestamp":"2024/1/18 18:52:49"}
info: Nest.js API-Server ready to http://localhost:3000/ {"timestamp":"2024/1/18 18:52:51"}
info: Nest.js API-Server ready to http://localhost:3000/ {"timestamp":"2024/1/18 18:53:44"}
debug: [REQ] ::1 POST 200 : /api/v1/calendar/save {"timestamp":"2024/1/18 18:53:47"}
info: Nest.js API-Server ready to http://localhost:3000/ {"timestamp":"2024/1/18 18:54:02"}
debug: [REQ] ::1 POST 200 : /api/v1/calendar/save {"timestamp":"2024/1/18 18:54:09"}
info: Nest.js API-Server ready to http://localhost:3000/ {"timestamp":"2024/1/18 18:54:28"}
debug: [REQ] ::1 POST 500 : /api/v1/calendar/save {"timestamp":"2024/1/18 18:54:31"}
info: Nest.js API-Server ready to http://localhost:3000/ {"timestamp":"2024/1/18 18:54:45"}
debug: [REQ] ::1 POST 500 : /api/v1/calendar/save {"timestamp":"2024/1/18 18:54:49"}
info: Nest.js API-Server ready to http://localhost:3000/ {"timestamp":"2024/1/18 18:54:59"}
debug: [REQ] ::1 POST 500 : /api/v1/calendar/save {"timestamp":"2024/1/18 18:55:00"}
info: Nest.js API-Server ready to http://localhost:3000/ {"timestamp":"2024/1/18 18:55:28"}
info: Nest.js API-Server ready to http://localhost:3000/ {"timestamp":"2024/1/18 18:57:08"}
debug: [REQ] ::1 POST 200 : /api/v1/calendar/save {"timestamp":"2024/1/18 18:57:11"}
info: Nest.js API-Server ready to http://localhost:3000/ {"timestamp":"2024/1/18 18:57:44"}
debug: [REQ] ::1 POST 200 : /api/v1/calendar/save {"timestamp":"2024/1/18 18:57:46"}
debug: [REQ] ::1 POST 200 : /api/v1/calendar/save {"timestamp":"2024/1/18 18:57:53"}
debug: [REQ] ::1 POST 200 : /api/v1/calendar/save {"timestamp":"2024/1/18 18:57:58"}
debug: [REQ] ::1 POST 200 : /api/v1/calendar/save {"timestamp":"2024/1/18 18:58:07"}
debug: [REQ] ::1 POST 200 : /api/v1/calendar/save {"timestamp":"2024/1/18 18:58:12"}
info: Nest.js API-Server ready to http://localhost:3000/ {"timestamp":"2024/1/18 18:58:23"}
info: Nest.js API-Server ready to http://localhost:3000/ {"timestamp":"2024/1/18 18:58:26"}
