info: Nest.js API-Server ready to http://localhost:3000/ {"timestamp":"2024/3/5 00:01:21"}
debug: [JsonResponse] 200 OK {"timestamp":"2024/3/5 00:02:55"}
debug: [REQ] ::1 POST 200 : /api/v1/main/calculate-salary {"timestamp":"2024/3/5 00:02:55"}
debug: [JsonResponse] 200 OK {"timestamp":"2024/3/5 00:03:15"}
debug: [REQ] ::1 POST 200 : /api/v1/main/calculate-salary {"timestamp":"2024/3/5 00:03:15"}
info: Nest.js API-Server ready to http://localhost:3000/ {"timestamp":"2024/3/5 00:03:47"}
debug: [JsonResponse] 200 OK {"timestamp":"2024/3/5 00:03:49"}
debug: [REQ] ::1 POST 200 : /api/v1/main/calculate-salary {"timestamp":"2024/3/5 00:03:49"}
debug: [JsonResponse] 200 OK {"timestamp":"2024/3/5 00:05:33"}
debug: [REQ] ::1 POST 200 : /api/v1/main/calculate-salary {"timestamp":"2024/3/5 00:05:33"}
debug: [JsonResponse] 200 OK {"timestamp":"2024/3/5 00:05:34"}
debug: [REQ] ::1 POST 200 : /api/v1/main/calculate-salary {"timestamp":"2024/3/5 00:05:34"}
info: Nest.js API-Server ready to http://localhost:3000/ {"timestamp":"2024/3/5 00:06:00"}
info: Nest.js API-Server ready to http://localhost:3000/ {"timestamp":"2024/3/5 00:06:27"}
info: Nest.js API-Server ready to http://localhost:3000/ {"timestamp":"2024/3/5 00:06:49"}
info: Nest.js API-Server ready to http://localhost:3000/ {"timestamp":"2024/3/5 00:07:57"}
info: Nest.js API-Server ready to http://localhost:3000/ {"timestamp":"2024/3/5 00:08:00"}
debug: [JsonResponse] 200 OK {"timestamp":"2024/3/5 00:08:01"}
debug: [REQ] ::1 POST 200 : /api/v1/main/calculate-salary {"timestamp":"2024/3/5 00:08:01"}
info: Nest.js API-Server ready to http://localhost:3000/ {"timestamp":"2024/3/5 17:30:10"}
debug: [JsonResponse] 200 OK {"timestamp":"2024/3/5 17:30:12"}
debug: [REQ] ::1 POST 200 : /api/v1/main/list {"timestamp":"2024/3/5 17:30:12"}
debug: [JsonResponse] 30001 WORK_NOT_INFO {"timestamp":"2024/3/5 17:30:56"}
debug: [REQ] ::1 POST 200 : /api/v1/main/check-in-out {"timestamp":"2024/3/5 17:30:56"}
info: Nest.js API-Server ready to http://localhost:3000/ {"timestamp":"2024/3/5 17:33:32"}
info: Nest.js API-Server ready to http://localhost:3000/ {"timestamp":"2024/3/5 17:33:37"}
info: Nest.js API-Server ready to http://localhost:3000/ {"timestamp":"2024/3/5 17:36:29"}
info: Nest.js API-Server ready to http://localhost:3000/ {"timestamp":"2024/3/5 17:36:48"}
info: Nest.js API-Server ready to http://localhost:3000/ {"timestamp":"2024/3/5 17:36:52"}
info: Nest.js API-Server ready to http://localhost:3000/ {"timestamp":"2024/3/5 17:36:56"}
info: Nest.js API-Server ready to http://localhost:3000/ {"timestamp":"2024/3/5 17:37:13"}
info: Nest.js API-Server ready to http://localhost:3000/ {"timestamp":"2024/3/5 17:37:27"}
debug: [JsonResponse] 200 OK {"timestamp":"2024/3/5 17:37:33"}
debug: [REQ] ::1 POST 200 : /api/v1/main/check-in-out {"timestamp":"2024/3/5 17:37:33"}
debug: [JsonResponse] 200 OK {"timestamp":"2024/3/5 17:38:09"}
debug: [REQ] ::1 POST 200 : /api/v1/main/list {"timestamp":"2024/3/5 17:38:09"}
info: Nest.js API-Server ready to http://localhost:3000/ {"timestamp":"2024/3/5 17:38:31"}
debug: [JsonResponse] 200 OK {"timestamp":"2024/3/5 17:38:34"}
debug: [REQ] ::1 POST 200 : /api/v1/main/list {"timestamp":"2024/3/5 17:38:34"}
info: Nest.js API-Server ready to http://localhost:3000/ {"timestamp":"2024/3/5 17:39:42"}
debug: [JsonResponse] 200 OK {"timestamp":"2024/3/5 17:39:45"}
debug: [REQ] ::1 POST 200 : /api/v1/main/list {"timestamp":"2024/3/5 17:39:45"}
debug: [JsonResponse] 200 OK {"timestamp":"2024/3/5 17:40:07"}
debug: [REQ] ::1 POST 200 : /api/v1/main/check-in-out {"timestamp":"2024/3/5 17:40:07"}
info: Nest.js API-Server ready to http://localhost:3000/ {"timestamp":"2024/3/5 17:40:46"}
info: Nest.js API-Server ready to http://localhost:3000/ {"timestamp":"2024/3/5 17:41:09"}
info: Nest.js API-Server ready to http://localhost:3000/ {"timestamp":"2024/3/5 17:41:45"}
info: Nest.js API-Server ready to http://localhost:3000/ {"timestamp":"2024/3/5 17:41:47"}
info: Nest.js API-Server ready to http://localhost:3000/ {"timestamp":"2024/3/5 17:41:51"}
info: Nest.js API-Server ready to http://localhost:3000/ {"timestamp":"2024/3/5 17:41:53"}
