info: Nest.js API-Server ready to http://localhost:3000/ {"timestamp":"2024/2/2 15:26:58"}
debug: [REQ] ::1 GET 403 : /api/v1/admin/users/pushData {"timestamp":"2024/2/2 15:29:13"}
info: Nest.js API-Server ready to http://localhost:3000/ {"timestamp":"2024/2/2 15:29:36"}
debug: [REQ] ::1 POST 403 : /api/v1/admin/users/pushData {"timestamp":"2024/2/2 15:29:48"}
debug: [REQ] ::1 POST 403 : /api/v1/admin/users/pushData {"timestamp":"2024/2/2 15:29:49"}
debug: [JsonResponse] 200 OK {"timestamp":"2024/2/2 15:30:20"}
debug: [REQ] ::1 POST 500 : /api/v1/admin/users/pushData {"timestamp":"2024/2/2 15:30:20"}
info: Nest.js API-Server ready to http://localhost:3000/ {"timestamp":"2024/2/2 15:31:15"}
debug: [REQ] ::1 POST 500 : /api/v1/admin/users/pushData {"timestamp":"2024/2/2 15:31:18"}
debug: [REQ] ::1 POST 500 : /api/v1/admin/users/pushData {"timestamp":"2024/2/2 15:31:20"}
info: Nest.js API-Server ready to http://localhost:3000/ {"timestamp":"2024/2/2 15:31:38"}
debug: [REQ] ::1 POST 500 : /api/v1/admin/users/pushData {"timestamp":"2024/2/2 15:31:40"}
info: Nest.js API-Server ready to http://localhost:3000/ {"timestamp":"2024/2/2 15:33:06"}
info: Nest.js API-Server ready to http://localhost:3000/ {"timestamp":"2024/2/2 15:33:07"}
debug: [REQ] ::1 POST 500 : /api/v1/admin/users/pushData {"timestamp":"2024/2/2 15:33:11"}
info: Nest.js API-Server ready to http://localhost:3000/ {"timestamp":"2024/2/2 15:35:27"}
debug: [JsonResponse] 200 OK {"timestamp":"2024/2/2 15:35:49"}
debug: [REQ] ::1 POST 200 : /api/v1/admin/users/pushData {"timestamp":"2024/2/2 15:35:49"}
info: Nest.js API-Server ready to http://localhost:3000/ {"timestamp":"2024/2/2 15:39:07"}
info: Nest.js API-Server ready to http://localhost:3000/ {"timestamp":"2024/2/2 15:39:38"}
debug: [JsonResponse] 200 OK {"timestamp":"2024/2/2 15:39:41"}
debug: [REQ] ::1 POST 200 : /api/v1/admin/users/pushData {"timestamp":"2024/2/2 15:39:41"}
info: Nest.js API-Server ready to http://localhost:3000/ {"timestamp":"2024/2/2 15:40:11"}
debug: [JsonResponse] 200 OK {"timestamp":"2024/2/2 15:40:14"}
debug: [REQ] ::1 POST 200 : /api/v1/admin/users/pushData {"timestamp":"2024/2/2 15:40:14"}
info: Nest.js API-Server ready to http://localhost:3000/ {"timestamp":"2024/2/2 15:40:42"}
debug: [JsonResponse] 200 OK {"timestamp":"2024/2/2 15:40:45"}
debug: [REQ] ::1 POST 200 : /api/v1/admin/users/pushData {"timestamp":"2024/2/2 15:40:45"}
info: Nest.js API-Server ready to http://localhost:3000/ {"timestamp":"2024/2/2 15:41:01"}
debug: [JsonResponse] 200 OK {"timestamp":"2024/2/2 15:41:03"}
debug: [REQ] ::1 POST 200 : /api/v1/admin/users/pushData {"timestamp":"2024/2/2 15:41:03"}
info: Nest.js API-Server ready to http://localhost:3000/ {"timestamp":"2024/2/2 15:41:19"}
debug: [JsonResponse] 200 OK {"timestamp":"2024/2/2 15:41:21"}
debug: [REQ] ::1 POST 200 : /api/v1/admin/users/pushData {"timestamp":"2024/2/2 15:41:21"}
info: Nest.js API-Server ready to http://localhost:3000/ {"timestamp":"2024/2/2 15:41:59"}
info: Nest.js API-Server ready to http://localhost:3000/ {"timestamp":"2024/2/2 15:42:05"}
debug: [JsonResponse] 200 OK {"timestamp":"2024/2/2 15:42:08"}
debug: [REQ] ::1 POST 200 : /api/v1/admin/users/pushData {"timestamp":"2024/2/2 15:42:08"}
debug: [JsonResponse] 200 OK {"timestamp":"2024/2/2 15:42:09"}
debug: [REQ] ::1 POST 200 : /api/v1/admin/users/pushData {"timestamp":"2024/2/2 15:42:09"}
info: Nest.js API-Server ready to http://localhost:3000/ {"timestamp":"2024/2/2 15:42:35"}
debug: [JsonResponse] 200 OK {"timestamp":"2024/2/2 15:42:37"}
debug: [REQ] ::1 POST 200 : /api/v1/admin/users/pushData {"timestamp":"2024/2/2 15:42:37"}
debug: [JsonResponse] 200 OK {"timestamp":"2024/2/2 15:42:38"}
debug: [REQ] ::1 POST 200 : /api/v1/admin/users/pushData {"timestamp":"2024/2/2 15:42:38"}
info: Nest.js API-Server ready to http://localhost:3000/ {"timestamp":"2024/2/2 15:42:48"}
debug: [JsonResponse] 200 OK {"timestamp":"2024/2/2 15:42:49"}
debug: [REQ] ::1 POST 200 : /api/v1/admin/users/pushData {"timestamp":"2024/2/2 15:42:49"}
info: Nest.js API-Server ready to http://localhost:3000/ {"timestamp":"2024/2/2 15:44:07"}
debug: [JsonResponse] 200 OK {"timestamp":"2024/2/2 15:44:10"}
debug: [REQ] ::1 POST 200 : /api/v1/admin/users/pushData {"timestamp":"2024/2/2 15:44:10"}
info: Nest.js API-Server ready to http://localhost:3000/ {"timestamp":"2024/2/2 15:44:22"}
debug: [REQ] ::1 POST 500 : /api/v1/admin/users/pushData {"timestamp":"2024/2/2 15:45:21"}
debug: [REQ] ::1 POST 500 : /api/v1/admin/users/pushData {"timestamp":"2024/2/2 15:45:23"}
error: uncaughtException: Module parse failed: Unexpected token (65:29)
File was processed with these loaders:
 * ./node_modules/ts-loader/index.js
You may need an additional loader to handle the result of these loaders.
|     getPushData() {
|         return __awaiter(this, void 0, void 0, function* () {
>             const results =  = yield this.workRepository
|                 .createQueryBuilder("work")
|                 .leftJoin(entities_1.User, "user", "work.USER_ID = user.ID")
Error: Module parse failed: Unexpected token (65:29)
File was processed with these loaders:
 * ./node_modules/ts-loader/index.js
You may need an additional loader to handle the result of these loaders.
|     getPushData() {
|         return __awaiter(this, void 0, void 0, function* () {
>             const results =  = yield this.workRepository
|                 .createQueryBuilder("work")
|                 .leftJoin(entities_1.User, "user", "work.USER_ID = user.ID")
    at Object.defineProperty.value (/Users/mbp2019/Desktop/Development/workpick-pj/workpick/dist/main.js:9446:7)
    at __webpack_require__ (/Users/mbp2019/Desktop/Development/workpick-pj/workpick/dist/main.js:9914:33)
    at fn (/Users/mbp2019/Desktop/Development/workpick-pj/workpick/dist/main.js:10021:21)
    at Object.<anonymous> (/Users/mbp2019/Desktop/Development/workpick-pj/workpick/dist/main.js:9437:14)
    at __webpack_require__ (/Users/mbp2019/Desktop/Development/workpick-pj/workpick/dist/main.js:9914:33)
    at fn (/Users/mbp2019/Desktop/Development/workpick-pj/workpick/dist/main.js:10021:21)
    at Object.<anonymous> (/Users/mbp2019/Desktop/Development/workpick-pj/workpick/dist/main.js:9358:24)
    at __webpack_require__ (/Users/mbp2019/Desktop/Development/workpick-pj/workpick/dist/main.js:9914:33)
    at fn (/Users/mbp2019/Desktop/Development/workpick-pj/workpick/dist/main.js:10021:21)
    at Object.<anonymous> (/Users/mbp2019/Desktop/Development/workpick-pj/workpick/dist/main.js:9326:14) {"date":"Fri Feb 02 2024 15:45:42 GMT+0900 (Korean Standard Time)","error":{},"exception":true,"os":{"loadavg":[4.00244140625,3.60498046875,3.59521484375],"uptime":2611957},"process":{"argv":["/Users/mbp2019/.nvm/versions/node/v16.19.1/bin/node","/Users/mbp2019/Desktop/Development/workpick-pj/workpick/dist/main.js"],"cwd":"/Users/mbp2019/Desktop/Development/workpick-pj/workpick","execPath":"/Users/mbp2019/.nvm/versions/node/v16.19.1/bin/node","gid":20,"memoryUsage":{"arrayBuffers":1140163,"external":15035669,"heapTotal":86261760,"heapUsed":67527280,"rss":134692864},"pid":38515,"uid":503,"version":"v16.19.1"},"stack":"Error: Module parse failed: Unexpected token (65:29)\nFile was processed with these loaders:\n * ./node_modules/ts-loader/index.js\nYou may need an additional loader to handle the result of these loaders.\n|     getPushData() {\n|         return __awaiter(this, void 0, void 0, function* () {\n>             const results =  = yield this.workRepository\n|                 .createQueryBuilder(\"work\")\n|                 .leftJoin(entities_1.User, \"user\", \"work.USER_ID = user.ID\")\n    at Object.defineProperty.value (/Users/mbp2019/Desktop/Development/workpick-pj/workpick/dist/main.js:9446:7)\n    at __webpack_require__ (/Users/mbp2019/Desktop/Development/workpick-pj/workpick/dist/main.js:9914:33)\n    at fn (/Users/mbp2019/Desktop/Development/workpick-pj/workpick/dist/main.js:10021:21)\n    at Object.<anonymous> (/Users/mbp2019/Desktop/Development/workpick-pj/workpick/dist/main.js:9437:14)\n    at __webpack_require__ (/Users/mbp2019/Desktop/Development/workpick-pj/workpick/dist/main.js:9914:33)\n    at fn (/Users/mbp2019/Desktop/Development/workpick-pj/workpick/dist/main.js:10021:21)\n    at Object.<anonymous> (/Users/mbp2019/Desktop/Development/workpick-pj/workpick/dist/main.js:9358:24)\n    at __webpack_require__ (/Users/mbp2019/Desktop/Development/workpick-pj/workpick/dist/main.js:9914:33)\n    at fn (/Users/mbp2019/Desktop/Development/workpick-pj/workpick/dist/main.js:10021:21)\n    at Object.<anonymous> (/Users/mbp2019/Desktop/Development/workpick-pj/workpick/dist/main.js:9326:14)","timestamp":"2024/2/2 15:45:42","trace":[{"column":7,"file":"/Users/mbp2019/Desktop/Development/workpick-pj/workpick/dist/main.js","function":"Object.defineProperty.value","line":9446,"method":"value","native":false},{"column":33,"file":"/Users/mbp2019/Desktop/Development/workpick-pj/workpick/dist/main.js","function":"__webpack_require__","line":9914,"method":null,"native":false},{"column":21,"file":"/Users/mbp2019/Desktop/Development/workpick-pj/workpick/dist/main.js","function":"fn","line":10021,"method":null,"native":false},{"column":14,"file":"/Users/mbp2019/Desktop/Development/workpick-pj/workpick/dist/main.js","function":null,"line":9437,"method":null,"native":false},{"column":33,"file":"/Users/mbp2019/Desktop/Development/workpick-pj/workpick/dist/main.js","function":"__webpack_require__","line":9914,"method":null,"native":false},{"column":21,"file":"/Users/mbp2019/Desktop/Development/workpick-pj/workpick/dist/main.js","function":"fn","line":10021,"method":null,"native":false},{"column":24,"file":"/Users/mbp2019/Desktop/Development/workpick-pj/workpick/dist/main.js","function":null,"line":9358,"method":null,"native":false},{"column":33,"file":"/Users/mbp2019/Desktop/Development/workpick-pj/workpick/dist/main.js","function":"__webpack_require__","line":9914,"method":null,"native":false},{"column":21,"file":"/Users/mbp2019/Desktop/Development/workpick-pj/workpick/dist/main.js","function":"fn","line":10021,"method":null,"native":false},{"column":14,"file":"/Users/mbp2019/Desktop/Development/workpick-pj/workpick/dist/main.js","function":null,"line":9326,"method":null,"native":false}]}
info: Nest.js API-Server ready to http://localhost:3000/ {"timestamp":"2024/2/2 15:45:45"}
debug: [JsonResponse] 200 OK {"timestamp":"2024/2/2 15:45:47"}
debug: [REQ] ::1 POST 200 : /api/v1/admin/users/pushData {"timestamp":"2024/2/2 15:45:47"}
info: Nest.js API-Server ready to http://localhost:3000/ {"timestamp":"2024/2/2 15:46:35"}
debug: [REQ] ::1 POST 500 : /api/v1/admin/users/pushData {"timestamp":"2024/2/2 15:46:38"}
debug: [REQ] ::1 POST 500 : /api/v1/admin/users/pushData {"timestamp":"2024/2/2 15:46:39"}
info: Nest.js API-Server ready to http://localhost:3000/ {"timestamp":"2024/2/2 15:47:00"}
debug: [REQ] ::1 POST 500 : /api/v1/admin/users/pushData {"timestamp":"2024/2/2 15:47:02"}
info: Nest.js API-Server ready to http://localhost:3000/ {"timestamp":"2024/2/2 15:47:20"}
debug: [JsonResponse] 200 OK {"timestamp":"2024/2/2 15:47:20"}
debug: [REQ] ::1 POST 200 : /api/v1/admin/users/pushData {"timestamp":"2024/2/2 15:47:20"}
info: Nest.js API-Server ready to http://localhost:3000/ {"timestamp":"2024/2/2 16:48:08"}
debug: [REQ] ::1 POST 500 : /api/v1/admin/users/pushData {"timestamp":"2024/2/2 16:48:14"}
info: Nest.js API-Server ready to http://localhost:3000/ {"timestamp":"2024/2/2 16:48:22"}
debug: [JsonResponse] 200 OK {"timestamp":"2024/2/2 16:48:24"}
debug: [REQ] ::1 POST 200 : /api/v1/admin/users/pushData {"timestamp":"2024/2/2 16:48:24"}
info: Nest.js API-Server ready to http://localhost:3000/ {"timestamp":"2024/2/2 16:48:33"}
debug: [REQ] ::1 POST 500 : /api/v1/admin/users/pushData {"timestamp":"2024/2/2 16:48:41"}
info: Nest.js API-Server ready to http://localhost:3000/ {"timestamp":"2024/2/2 16:48:49"}
debug: [JsonResponse] 200 OK {"timestamp":"2024/2/2 16:48:49"}
debug: [REQ] ::1 POST 200 : /api/v1/admin/users/pushData {"timestamp":"2024/2/2 16:48:49"}
info: Nest.js API-Server ready to http://localhost:3000/ {"timestamp":"2024/2/2 16:49:44"}
debug: [JsonResponse] 200 OK {"timestamp":"2024/2/2 16:51:16"}
debug: [REQ] ::1 POST 200 : /api/v1/admin/users/pushData {"timestamp":"2024/2/2 16:51:16"}
info: Nest.js API-Server ready to http://localhost:3000/ {"timestamp":"2024/2/2 16:51:25"}
debug: [JsonResponse] 200 OK {"timestamp":"2024/2/2 16:51:28"}
debug: [REQ] ::1 POST 200 : /api/v1/admin/users/pushData {"timestamp":"2024/2/2 16:51:28"}
info: Nest.js API-Server ready to http://localhost:3000/ {"timestamp":"2024/2/2 16:53:50"}
debug: [JsonResponse] 200 OK {"timestamp":"2024/2/2 16:54:44"}
debug: [REQ] ::1 POST 200 : /api/v1/admin/users/pushData {"timestamp":"2024/2/2 16:54:45"}
info: Nest.js API-Server ready to http://localhost:3000/ {"timestamp":"2024/2/2 16:57:01"}
debug: [JsonResponse] 200 OK {"timestamp":"2024/2/2 16:57:05"}
debug: [REQ] ::1 POST 200 : /api/v1/admin/users/pushData {"timestamp":"2024/2/2 16:57:05"}
info: Nest.js API-Server ready to http://localhost:3000/ {"timestamp":"2024/2/2 17:01:26"}
debug: [REQ] ::1 POST 500 : /api/v1/admin/users/pushData {"timestamp":"2024/2/2 17:01:29"}
info: Nest.js API-Server ready to http://localhost:3000/ {"timestamp":"2024/2/2 17:02:17"}
debug: [REQ] ::1 POST 500 : /api/v1/admin/users/pushData {"timestamp":"2024/2/2 17:02:19"}
info: Nest.js API-Server ready to http://localhost:3000/ {"timestamp":"2024/2/2 17:02:29"}
info: Nest.js API-Server ready to http://localhost:3000/ {"timestamp":"2024/2/2 17:02:49"}
info: Nest.js API-Server ready to http://localhost:3000/ {"timestamp":"2024/2/2 17:03:01"}
info: Nest.js API-Server ready to http://localhost:3000/ {"timestamp":"2024/2/2 17:03:38"}
info: Nest.js API-Server ready to http://localhost:3000/ {"timestamp":"2024/2/2 17:07:14"}
debug: [REQ] ::1 POST 500 : /api/v1/admin/users/pushData {"timestamp":"2024/2/2 17:07:18"}
debug: [REQ] ::1 POST 500 : /api/v1/admin/users/pushData {"timestamp":"2024/2/2 17:07:20"}
info: Nest.js API-Server ready to http://localhost:3000/ {"timestamp":"2024/2/2 17:07:30"}
info: Nest.js API-Server ready to http://localhost:3000/ {"timestamp":"2024/2/2 17:07:43"}
debug: [REQ] ::1 POST 500 : /api/v1/admin/users/pushData {"timestamp":"2024/2/2 17:07:45"}
info: Nest.js API-Server ready to http://localhost:3000/ {"timestamp":"2024/2/2 17:09:09"}
info: Nest.js API-Server ready to http://localhost:3000/ {"timestamp":"2024/2/2 17:09:56"}
info: Nest.js API-Server ready to http://localhost:3000/ {"timestamp":"2024/2/2 17:10:23"}
info: Nest.js API-Server ready to http://localhost:3000/ {"timestamp":"2024/2/2 17:10:34"}
debug: [REQ] ::1 POST 500 : /api/v1/admin/users/pushData {"timestamp":"2024/2/2 17:10:36"}
info: Nest.js API-Server ready to http://localhost:3000/ {"timestamp":"2024/2/2 17:10:48"}
info: Nest.js API-Server ready to http://localhost:3000/ {"timestamp":"2024/2/2 17:10:52"}
info: Nest.js API-Server ready to http://localhost:3000/ {"timestamp":"2024/2/2 17:12:45"}
info: Nest.js API-Server ready to http://localhost:3000/ {"timestamp":"2024/2/2 17:13:43"}
info: Nest.js API-Server ready to http://localhost:3000/ {"timestamp":"2024/2/2 17:15:56"}
info: Nest.js API-Server ready to http://localhost:3000/ {"timestamp":"2024/2/2 17:16:55"}
info: Nest.js API-Server ready to http://localhost:3000/ {"timestamp":"2024/2/2 17:16:57"}
debug: [REQ] ::1 POST 500 : /api/v1/admin/users/pushData {"timestamp":"2024/2/2 17:17:01"}
debug: [REQ] ::1 POST 500 : /api/v1/admin/users/pushData {"timestamp":"2024/2/2 17:17:02"}
info: Nest.js API-Server ready to http://localhost:3000/ {"timestamp":"2024/2/2 17:17:20"}
debug: [REQ] ::1 POST 500 : /api/v1/admin/users/pushData {"timestamp":"2024/2/2 17:17:23"}
info: Nest.js API-Server ready to http://localhost:3000/ {"timestamp":"2024/2/2 17:17:41"}
info: Nest.js API-Server ready to http://localhost:3000/ {"timestamp":"2024/2/2 17:17:44"}
info: Nest.js API-Server ready to http://localhost:3000/ {"timestamp":"2024/2/2 17:18:04"}
debug: [REQ] ::1 POST 500 : /api/v1/admin/users/pushData {"timestamp":"2024/2/2 17:18:06"}
info: Nest.js API-Server ready to http://localhost:3000/ {"timestamp":"2024/2/2 17:18:21"}
debug: [JsonResponse] 200 OK {"timestamp":"2024/2/2 17:18:23"}
debug: [REQ] ::1 POST 200 : /api/v1/admin/users/pushData {"timestamp":"2024/2/2 17:18:23"}
info: Nest.js API-Server ready to http://localhost:3000/ {"timestamp":"2024/2/2 17:18:49"}
debug: [JsonResponse] 200 OK {"timestamp":"2024/2/2 17:18:51"}
debug: [REQ] ::1 POST 200 : /api/v1/admin/users/pushData {"timestamp":"2024/2/2 17:18:51"}
debug: [JsonResponse] 200 OK {"timestamp":"2024/2/2 17:18:52"}
debug: [REQ] ::1 POST 200 : /api/v1/admin/users/pushData {"timestamp":"2024/2/2 17:18:52"}
info: Nest.js API-Server ready to http://localhost:3000/ {"timestamp":"2024/2/2 17:19:07"}
debug: [JsonResponse] 200 OK {"timestamp":"2024/2/2 17:19:09"}
debug: [REQ] ::1 POST 200 : /api/v1/admin/users/pushData {"timestamp":"2024/2/2 17:19:09"}
info: Nest.js API-Server ready to http://localhost:3000/ {"timestamp":"2024/2/2 17:19:17"}
debug: [JsonResponse] 200 OK {"timestamp":"2024/2/2 17:19:19"}
debug: [REQ] ::1 POST 200 : /api/v1/admin/users/pushData {"timestamp":"2024/2/2 17:19:19"}
