info: Nest.js API-Server ready to http://localhost:3000/ {"timestamp":"2024/2/19 19:48:32"}
debug: [JsonResponse] 200 OK {"timestamp":"2024/2/19 19:48:33"}
debug: [REQ] ::1 POST 200 : /api/v1/main/list {"timestamp":"2024/2/19 19:48:33"}
info: Nest.js API-Server ready to http://localhost:3000/ {"timestamp":"2024/2/19 19:50:06"}
info: Nest.js API-Server ready to http://localhost:3000/ {"timestamp":"2024/2/19 19:52:39"}
debug: [JsonResponse] 200 OK {"timestamp":"2024/2/19 19:52:50"}
debug: [REQ] ::1 POST 200 : /api/v1/main/list {"timestamp":"2024/2/19 19:52:50"}
info: Nest.js API-Server ready to http://localhost:3000/ {"timestamp":"2024/2/19 19:53:21"}
info: Nest.js API-Server ready to http://localhost:3000/ {"timestamp":"2024/2/19 19:53:30"}
debug: [JsonResponse] 200 OK {"timestamp":"2024/2/19 19:53:34"}
debug: [REQ] ::1 POST 200 : /api/v1/main/list {"timestamp":"2024/2/19 19:53:34"}
info: Nest.js API-Server ready to http://localhost:3000/ {"timestamp":"2024/2/19 19:54:04"}
info: Nest.js API-Server ready to http://localhost:3000/ {"timestamp":"2024/2/19 19:54:10"}
debug: [JsonResponse] 200 OK {"timestamp":"2024/2/19 19:54:40"}
debug: [REQ] ::1 POST 200 : /api/v1/main/list {"timestamp":"2024/2/19 19:54:40"}
info: Nest.js API-Server ready to http://localhost:3000/ {"timestamp":"2024/2/19 19:58:06"}
info: Nest.js API-Server ready to http://localhost:3000/ {"timestamp":"2024/2/19 19:58:29"}
info: Nest.js API-Server ready to http://localhost:3000/ {"timestamp":"2024/2/19 19:58:56"}
info: Nest.js API-Server ready to http://localhost:3000/ {"timestamp":"2024/2/19 19:59:04"}
debug: [JsonResponse] 200 OK {"timestamp":"2024/2/19 19:59:31"}
debug: [REQ] ::1 POST 200 : /api/v1/main/list {"timestamp":"2024/2/19 19:59:31"}
info: Nest.js API-Server ready to http://localhost:3000/ {"timestamp":"2024/2/19 20:01:21"}
info: Nest.js API-Server ready to http://localhost:3000/ {"timestamp":"2024/2/19 20:01:23"}
debug: [JsonResponse] 200 OK {"timestamp":"2024/2/19 20:01:25"}
debug: [REQ] ::1 POST 200 : /api/v1/main/list {"timestamp":"2024/2/19 20:01:25"}
info: Nest.js API-Server ready to http://localhost:3000/ {"timestamp":"2024/2/19 20:06:25"}
debug: [JsonResponse] 200 OK {"timestamp":"2024/2/19 20:06:28"}
debug: [REQ] ::1 POST 200 : /api/v1/main/list {"timestamp":"2024/2/19 20:06:28"}
info: Nest.js API-Server ready to http://localhost:3000/ {"timestamp":"2024/2/19 20:06:44"}
debug: [JsonResponse] 200 OK {"timestamp":"2024/2/19 20:06:46"}
debug: [REQ] ::1 POST 200 : /api/v1/main/list {"timestamp":"2024/2/19 20:06:46"}
info: Nest.js API-Server ready to http://localhost:3000/ {"timestamp":"2024/2/19 20:07:07"}
debug: [JsonResponse] 200 OK {"timestamp":"2024/2/19 20:07:10"}
debug: [REQ] ::1 POST 200 : /api/v1/main/list {"timestamp":"2024/2/19 20:07:10"}
info: Nest.js API-Server ready to http://localhost:3000/ {"timestamp":"2024/2/19 20:07:23"}
debug: [JsonResponse] 200 OK {"timestamp":"2024/2/19 20:07:26"}
debug: [REQ] ::1 POST 200 : /api/v1/main/list {"timestamp":"2024/2/19 20:07:26"}
info: Nest.js API-Server ready to http://localhost:3000/ {"timestamp":"2024/2/19 20:07:56"}
debug: [JsonResponse] 200 OK {"timestamp":"2024/2/19 20:08:00"}
debug: [REQ] ::1 POST 200 : /api/v1/main/list {"timestamp":"2024/2/19 20:08:00"}
debug: [JsonResponse] 200 OK {"timestamp":"2024/2/19 20:08:04"}
debug: [REQ] ::1 POST 200 : /api/v1/main/list {"timestamp":"2024/2/19 20:08:05"}
info: Nest.js API-Server ready to http://localhost:3000/ {"timestamp":"2024/2/19 20:08:28"}
debug: [JsonResponse] 200 OK {"timestamp":"2024/2/19 20:08:30"}
debug: [REQ] ::1 POST 200 : /api/v1/main/list {"timestamp":"2024/2/19 20:08:30"}
info: Nest.js API-Server ready to http://localhost:3000/ {"timestamp":"2024/2/19 20:10:21"}
info: Nest.js API-Server ready to http://localhost:3000/ {"timestamp":"2024/2/19 20:10:38"}
info: Nest.js API-Server ready to http://localhost:3000/ {"timestamp":"2024/2/19 20:10:42"}
debug: [JsonResponse] 200 OK {"timestamp":"2024/2/19 20:10:46"}
debug: [REQ] ::1 POST 200 : /api/v1/main/list {"timestamp":"2024/2/19 20:10:46"}
info: Nest.js API-Server ready to http://localhost:3000/ {"timestamp":"2024/2/19 20:10:56"}
info: Nest.js API-Server ready to http://localhost:3000/ {"timestamp":"2024/2/19 20:11:18"}
info: Nest.js API-Server ready to http://localhost:3000/ {"timestamp":"2024/2/19 20:11:28"}
info: Nest.js API-Server ready to http://localhost:3000/ {"timestamp":"2024/2/19 20:11:34"}
info: Nest.js API-Server ready to http://localhost:3000/ {"timestamp":"2024/2/19 20:12:38"}
debug: [JsonResponse] 200 OK {"timestamp":"2024/2/19 20:12:46"}
debug: [REQ] ::1 POST 200 : /api/v1/main/list {"timestamp":"2024/2/19 20:12:46"}
info: Nest.js API-Server ready to http://localhost:3000/ {"timestamp":"2024/2/19 20:13:15"}
info: Nest.js API-Server ready to http://localhost:3000/ {"timestamp":"2024/2/19 20:13:17"}
debug: [JsonResponse] 200 OK {"timestamp":"2024/2/19 20:13:21"}
debug: [REQ] ::1 POST 200 : /api/v1/main/list {"timestamp":"2024/2/19 20:13:21"}
info: Nest.js API-Server ready to http://localhost:3000/ {"timestamp":"2024/2/19 20:15:24"}
info: Nest.js API-Server ready to http://localhost:3000/ {"timestamp":"2024/2/19 20:15:30"}
info: Nest.js API-Server ready to http://localhost:3000/ {"timestamp":"2024/2/19 20:15:47"}
info: Nest.js API-Server ready to http://localhost:3000/ {"timestamp":"2024/2/19 20:16:26"}
info: Nest.js API-Server ready to http://localhost:3000/ {"timestamp":"2024/2/19 20:16:47"}
info: Nest.js API-Server ready to http://localhost:3000/ {"timestamp":"2024/2/19 20:16:55"}
info: Nest.js API-Server ready to http://localhost:3000/ {"timestamp":"2024/2/19 20:16:58"}
info: Nest.js API-Server ready to http://localhost:3000/ {"timestamp":"2024/2/19 20:17:11"}
info: Nest.js API-Server ready to http://localhost:3000/ {"timestamp":"2024/2/19 20:17:25"}
info: Nest.js API-Server ready to http://localhost:3000/ {"timestamp":"2024/2/19 20:18:07"}
info: Nest.js API-Server ready to http://localhost:3000/ {"timestamp":"2024/2/19 20:18:09"}
info: Nest.js API-Server ready to http://localhost:3000/ {"timestamp":"2024/2/19 20:18:39"}
info: Nest.js API-Server ready to http://localhost:3000/ {"timestamp":"2024/2/19 20:31:06"}
info: Nest.js API-Server ready to http://localhost:3000/ {"timestamp":"2024/2/19 20:31:07"}
info: Nest.js API-Server ready to http://localhost:3000/ {"timestamp":"2024/2/19 20:31:13"}
info: Nest.js API-Server ready to http://localhost:3000/ {"timestamp":"2024/2/19 20:31:26"}
info: Nest.js API-Server ready to http://localhost:3000/ {"timestamp":"2024/2/19 20:31:28"}
info: Nest.js API-Server ready to http://localhost:3000/ {"timestamp":"2024/2/19 20:31:32"}
error: uncaughtException: Module parse failed: Identifier 'main' has already been declared (222:22)
File was processed with these loaders:
 * ./node_modules/ts-loader/index.js
You may need an additional loader to handle the result of these loaders.
|                     },
|                 });
>                 const main = yield getRepository(entities_1.Main)
|                     .createQueryBuilder("main")
|                     .where("main.userId = :userId", { userId })
Error: Module parse failed: Identifier 'main' has already been declared (222:22)
File was processed with these loaders:
 * ./node_modules/ts-loader/index.js
You may need an additional loader to handle the result of these loaders.
|                     },
|                 });
>                 const main = yield getRepository(entities_1.Main)
|                     .createQueryBuilder("main")
|                     .where("main.userId = :userId", { userId })
    at Object.__decorate (/Users/mbp2019/Desktop/Development/workpick-pj/workpick/dist/main.js:6166:7)
    at __webpack_require__ (/Users/mbp2019/Desktop/Development/workpick-pj/workpick/dist/main.js:9852:33)
    at fn (/Users/mbp2019/Desktop/Development/workpick-pj/workpick/dist/main.js:9959:21)
    at Object.<anonymous> (/Users/mbp2019/Desktop/Development/workpick-pj/workpick/dist/main.js:6156:14)
    at __webpack_require__ (/Users/mbp2019/Desktop/Development/workpick-pj/workpick/dist/main.js:9852:33)
    at fn (/Users/mbp2019/Desktop/Development/workpick-pj/workpick/dist/main.js:9959:21)
    at Object.<anonymous> (/Users/mbp2019/Desktop/Development/workpick-pj/workpick/dist/main.js:6061:24)
    at __webpack_require__ (/Users/mbp2019/Desktop/Development/workpick-pj/workpick/dist/main.js:9852:33)
    at fn (/Users/mbp2019/Desktop/Development/workpick-pj/workpick/dist/main.js:9959:21)
    at Object.<anonymous> (/Users/mbp2019/Desktop/Development/workpick-pj/workpick/dist/main.js:6029:14) {"date":"Mon Feb 19 2024 20:32:26 GMT+0900 (Korean Standard Time)","error":{},"exception":true,"os":{"loadavg":[3.06640625,3.1865234375,3.1162109375],"uptime":347927},"process":{"argv":["/Users/mbp2019/.nvm/versions/node/v16.19.1/bin/node","/Users/mbp2019/Desktop/Development/workpick-pj/workpick/dist/main.js"],"cwd":"/Users/mbp2019/Desktop/Development/workpick-pj/workpick","execPath":"/Users/mbp2019/.nvm/versions/node/v16.19.1/bin/node","gid":20,"memoryUsage":{"arrayBuffers":1123779,"external":15040368,"heapTotal":85737472,"heapUsed":66548824,"rss":132268032},"pid":59083,"uid":503,"version":"v16.19.1"},"stack":"Error: Module parse failed: Identifier 'main' has already been declared (222:22)\nFile was processed with these loaders:\n * ./node_modules/ts-loader/index.js\nYou may need an additional loader to handle the result of these loaders.\n|                     },\n|                 });\n>                 const main = yield getRepository(entities_1.Main)\n|                     .createQueryBuilder(\"main\")\n|                     .where(\"main.userId = :userId\", { userId })\n    at Object.__decorate (/Users/mbp2019/Desktop/Development/workpick-pj/workpick/dist/main.js:6166:7)\n    at __webpack_require__ (/Users/mbp2019/Desktop/Development/workpick-pj/workpick/dist/main.js:9852:33)\n    at fn (/Users/mbp2019/Desktop/Development/workpick-pj/workpick/dist/main.js:9959:21)\n    at Object.<anonymous> (/Users/mbp2019/Desktop/Development/workpick-pj/workpick/dist/main.js:6156:14)\n    at __webpack_require__ (/Users/mbp2019/Desktop/Development/workpick-pj/workpick/dist/main.js:9852:33)\n    at fn (/Users/mbp2019/Desktop/Development/workpick-pj/workpick/dist/main.js:9959:21)\n    at Object.<anonymous> (/Users/mbp2019/Desktop/Development/workpick-pj/workpick/dist/main.js:6061:24)\n    at __webpack_require__ (/Users/mbp2019/Desktop/Development/workpick-pj/workpick/dist/main.js:9852:33)\n    at fn (/Users/mbp2019/Desktop/Development/workpick-pj/workpick/dist/main.js:9959:21)\n    at Object.<anonymous> (/Users/mbp2019/Desktop/Development/workpick-pj/workpick/dist/main.js:6029:14)","timestamp":"2024/2/19 20:32:26","trace":[{"column":7,"file":"/Users/mbp2019/Desktop/Development/workpick-pj/workpick/dist/main.js","function":"Object.__decorate","line":6166,"method":"__decorate","native":false},{"column":33,"file":"/Users/mbp2019/Desktop/Development/workpick-pj/workpick/dist/main.js","function":"__webpack_require__","line":9852,"method":null,"native":false},{"column":21,"file":"/Users/mbp2019/Desktop/Development/workpick-pj/workpick/dist/main.js","function":"fn","line":9959,"method":null,"native":false},{"column":14,"file":"/Users/mbp2019/Desktop/Development/workpick-pj/workpick/dist/main.js","function":null,"line":6156,"method":null,"native":false},{"column":33,"file":"/Users/mbp2019/Desktop/Development/workpick-pj/workpick/dist/main.js","function":"__webpack_require__","line":9852,"method":null,"native":false},{"column":21,"file":"/Users/mbp2019/Desktop/Development/workpick-pj/workpick/dist/main.js","function":"fn","line":9959,"method":null,"native":false},{"column":24,"file":"/Users/mbp2019/Desktop/Development/workpick-pj/workpick/dist/main.js","function":null,"line":6061,"method":null,"native":false},{"column":33,"file":"/Users/mbp2019/Desktop/Development/workpick-pj/workpick/dist/main.js","function":"__webpack_require__","line":9852,"method":null,"native":false},{"column":21,"file":"/Users/mbp2019/Desktop/Development/workpick-pj/workpick/dist/main.js","function":"fn","line":9959,"method":null,"native":false},{"column":14,"file":"/Users/mbp2019/Desktop/Development/workpick-pj/workpick/dist/main.js","function":null,"line":6029,"method":null,"native":false}]}
info: Nest.js API-Server ready to http://localhost:3000/ {"timestamp":"2024/2/19 20:32:29"}
info: Nest.js API-Server ready to http://localhost:3000/ {"timestamp":"2024/2/19 20:32:42"}
debug: [JsonResponse] 200 OK {"timestamp":"2024/2/19 20:33:13"}
debug: [REQ] ::1 POST 200 : /api/v1/main/list {"timestamp":"2024/2/19 20:33:13"}
debug: [JsonResponse] 200 OK {"timestamp":"2024/2/19 20:33:15"}
debug: [REQ] ::1 POST 200 : /api/v1/main/list {"timestamp":"2024/2/19 20:33:15"}
info: Nest.js API-Server ready to http://localhost:3000/ {"timestamp":"2024/2/19 20:33:38"}
info: Nest.js API-Server ready to http://localhost:3000/ {"timestamp":"2024/2/19 20:33:42"}
debug: [JsonResponse] 200 OK {"timestamp":"2024/2/19 20:36:59"}
debug: [REQ] ::1 POST 200 : /api/v1/main/list {"timestamp":"2024/2/19 20:36:59"}
info: Nest.js API-Server ready to http://localhost:3000/ {"timestamp":"2024/2/19 20:38:07"}
info: Nest.js API-Server ready to http://localhost:3000/ {"timestamp":"2024/2/19 20:38:10"}
debug: [JsonResponse] 200 OK {"timestamp":"2024/2/19 20:38:12"}
debug: [REQ] ::1 POST 200 : /api/v1/main/list {"timestamp":"2024/2/19 20:38:12"}
info: Nest.js API-Server ready to http://localhost:3000/ {"timestamp":"2024/2/19 20:38:48"}
info: Nest.js API-Server ready to http://localhost:3000/ {"timestamp":"2024/2/19 20:39:06"}
debug: [JsonResponse] 200 OK {"timestamp":"2024/2/19 20:39:20"}
debug: [REQ] ::1 POST 200 : /api/v1/main/list {"timestamp":"2024/2/19 20:39:20"}
info: Nest.js API-Server ready to http://localhost:3000/ {"timestamp":"2024/2/19 21:37:48"}
debug: [JsonResponse] 200 OK {"timestamp":"2024/2/19 21:37:51"}
debug: [REQ] ::1 POST 200 : /api/v1/main/list {"timestamp":"2024/2/19 21:37:51"}
