info: Nest.js API-Server ready to http://localhost:3000/ {"timestamp":"2024/2/1 17:23:42"}
debug: [JsonResponse] 200 OK {"timestamp":"2024/2/1 17:24:17"}
debug: [REQ] ::1 POST 200 : /api/v1/pay-stub/list {"timestamp":"2024/2/1 17:24:17"}
info: Nest.js API-Server ready to http://localhost:3000/ {"timestamp":"2024/2/1 17:25:19"}
debug: [JsonResponse] 200 OK {"timestamp":"2024/2/1 17:25:20"}
debug: [REQ] ::1 POST 200 : /api/v1/pay-stub/list {"timestamp":"2024/2/1 17:25:20"}
info: Nest.js API-Server ready to http://localhost:3000/ {"timestamp":"2024/2/1 17:25:49"}
debug: [JsonResponse] 200 OK {"timestamp":"2024/2/1 17:25:51"}
debug: [REQ] ::1 POST 200 : /api/v1/pay-stub/list {"timestamp":"2024/2/1 17:25:51"}
info: Nest.js API-Server ready to http://localhost:3000/ {"timestamp":"2024/2/1 17:26:23"}
info: Nest.js API-Server ready to http://localhost:3000/ {"timestamp":"2024/2/1 17:26:30"}
info: Nest.js API-Server ready to http://localhost:3000/ {"timestamp":"2024/2/1 17:26:32"}
debug: [JsonResponse] 200 OK {"timestamp":"2024/2/1 17:26:33"}
debug: [REQ] ::1 POST 200 : /api/v1/pay-stub/list {"timestamp":"2024/2/1 17:26:33"}
debug: [JsonResponse] 200 OK {"timestamp":"2024/2/1 17:26:34"}
debug: [REQ] ::1 POST 200 : /api/v1/pay-stub/list {"timestamp":"2024/2/1 17:26:34"}
info: Nest.js API-Server ready to http://localhost:3000/ {"timestamp":"2024/2/1 17:29:30"}
info: Nest.js API-Server ready to http://localhost:3000/ {"timestamp":"2024/2/1 17:30:04"}
debug: [REQ] ::1 POST 500 : /api/v1/pay-stub/list {"timestamp":"2024/2/1 17:30:07"}
info: Nest.js API-Server ready to http://localhost:3000/ {"timestamp":"2024/2/1 17:32:20"}
debug: [REQ] ::1 POST 500 : /api/v1/pay-stub/list {"timestamp":"2024/2/1 17:32:23"}
debug: [REQ] ::1 POST 500 : /api/v1/pay-stub/list {"timestamp":"2024/2/1 17:32:25"}
info: Nest.js API-Server ready to http://localhost:3000/ {"timestamp":"2024/2/1 17:33:10"}
debug: [REQ] ::1 POST 500 : /api/v1/pay-stub/list {"timestamp":"2024/2/1 17:33:26"}
info: Nest.js API-Server ready to http://localhost:3000/ {"timestamp":"2024/2/1 17:34:07"}
debug: [REQ] ::1 POST 500 : /api/v1/pay-stub/list {"timestamp":"2024/2/1 17:34:10"}
info: Nest.js API-Server ready to http://localhost:3000/ {"timestamp":"2024/2/1 17:34:41"}
debug: [REQ] ::1 POST 500 : /api/v1/pay-stub/list {"timestamp":"2024/2/1 17:34:44"}
debug: [REQ] ::1 POST 500 : /api/v1/pay-stub/list {"timestamp":"2024/2/1 17:34:47"}
info: Nest.js API-Server ready to http://localhost:3000/ {"timestamp":"2024/2/1 17:34:58"}
info: Nest.js API-Server ready to http://localhost:3000/ {"timestamp":"2024/2/1 17:35:06"}
info: Nest.js API-Server ready to http://localhost:3000/ {"timestamp":"2024/2/1 17:35:16"}
info: Nest.js API-Server ready to http://localhost:3000/ {"timestamp":"2024/2/1 17:35:27"}
debug: [REQ] ::1 POST 500 : /api/v1/pay-stub/list {"timestamp":"2024/2/1 17:35:30"}
debug: [JsonResponse] 200 OK {"timestamp":"2024/2/1 17:36:53"}
debug: [REQ] ::1 POST 200 : /api/v1/pay-stub/list {"timestamp":"2024/2/1 17:36:53"}
error: uncaughtException: Module parse failed: Unexpected token (69:59)
File was processed with these loaders:
 * ./node_modules/ts-loader/index.js
You may need an additional loader to handle the result of these loaders.
|                         "overtimePay": 0,
|                         "workday": 5
>                     }, ERROR_CODE: constants_1.ERROR_CODE, : .QUERY_EXEC_ERROR, "QUERY_EXEC_ERROR": 
|                 });
|             console.log("!!!!!", res[0].pay);
Error: Module parse failed: Unexpected token (69:59)
File was processed with these loaders:
 * ./node_modules/ts-loader/index.js
You may need an additional loader to handle the result of these loaders.
|                         "overtimePay": 0,
|                         "workday": 5
>                     }, ERROR_CODE: constants_1.ERROR_CODE, : .QUERY_EXEC_ERROR, "QUERY_EXEC_ERROR": 
|                 });
|             console.log("!!!!!", res[0].pay);
    at Object.create.k2 (/Users/mbp2019/Desktop/Development/workpick-pj/workpick/dist/main.js:8865:7)
    at __webpack_require__ (/Users/mbp2019/Desktop/Development/workpick-pj/workpick/dist/main.js:9813:33)
    at fn (/Users/mbp2019/Desktop/Development/workpick-pj/workpick/dist/main.js:9920:21)
    at Object.<anonymous> (/Users/mbp2019/Desktop/Development/workpick-pj/workpick/dist/main.js:8858:14)
    at __webpack_require__ (/Users/mbp2019/Desktop/Development/workpick-pj/workpick/dist/main.js:9813:33)
    at fn (/Users/mbp2019/Desktop/Development/workpick-pj/workpick/dist/main.js:9920:21)
    at Object.<anonymous> (/Users/mbp2019/Desktop/Development/workpick-pj/workpick/dist/main.js:8808:20)
    at __webpack_require__ (/Users/mbp2019/Desktop/Development/workpick-pj/workpick/dist/main.js:9813:33)
    at fn (/Users/mbp2019/Desktop/Development/workpick-pj/workpick/dist/main.js:9920:21)
    at Object.<anonymous> (/Users/mbp2019/Desktop/Development/workpick-pj/workpick/dist/main.js:8783:14) {"date":"Thu Feb 01 2024 17:37:09 GMT+0900 (Korean Standard Time)","error":{},"exception":true,"os":{"loadavg":[2.02392578125,2.900390625,2.91943359375],"uptime":2532244},"process":{"argv":["/Users/mbp2019/.nvm/versions/node/v16.19.1/bin/node","/Users/mbp2019/Desktop/Development/workpick-pj/workpick/dist/main.js"],"cwd":"/Users/mbp2019/Desktop/Development/workpick-pj/workpick","execPath":"/Users/mbp2019/.nvm/versions/node/v16.19.1/bin/node","gid":20,"memoryUsage":{"arrayBuffers":1131971,"external":15030611,"heapTotal":86245376,"heapUsed":67404968,"rss":134365184},"pid":78964,"uid":503,"version":"v16.19.1"},"stack":"Error: Module parse failed: Unexpected token (69:59)\nFile was processed with these loaders:\n * ./node_modules/ts-loader/index.js\nYou may need an additional loader to handle the result of these loaders.\n|                         \"overtimePay\": 0,\n|                         \"workday\": 5\n>                     }, ERROR_CODE: constants_1.ERROR_CODE, : .QUERY_EXEC_ERROR, \"QUERY_EXEC_ERROR\": \n|                 });\n|             console.log(\"!!!!!\", res[0].pay);\n    at Object.create.k2 (/Users/mbp2019/Desktop/Development/workpick-pj/workpick/dist/main.js:8865:7)\n    at __webpack_require__ (/Users/mbp2019/Desktop/Development/workpick-pj/workpick/dist/main.js:9813:33)\n    at fn (/Users/mbp2019/Desktop/Development/workpick-pj/workpick/dist/main.js:9920:21)\n    at Object.<anonymous> (/Users/mbp2019/Desktop/Development/workpick-pj/workpick/dist/main.js:8858:14)\n    at __webpack_require__ (/Users/mbp2019/Desktop/Development/workpick-pj/workpick/dist/main.js:9813:33)\n    at fn (/Users/mbp2019/Desktop/Development/workpick-pj/workpick/dist/main.js:9920:21)\n    at Object.<anonymous> (/Users/mbp2019/Desktop/Development/workpick-pj/workpick/dist/main.js:8808:20)\n    at __webpack_require__ (/Users/mbp2019/Desktop/Development/workpick-pj/workpick/dist/main.js:9813:33)\n    at fn (/Users/mbp2019/Desktop/Development/workpick-pj/workpick/dist/main.js:9920:21)\n    at Object.<anonymous> (/Users/mbp2019/Desktop/Development/workpick-pj/workpick/dist/main.js:8783:14)","timestamp":"2024/2/1 17:37:09","trace":[{"column":7,"file":"/Users/mbp2019/Desktop/Development/workpick-pj/workpick/dist/main.js","function":"Object.create.k2","line":8865,"method":"k2","native":false},{"column":33,"file":"/Users/mbp2019/Desktop/Development/workpick-pj/workpick/dist/main.js","function":"__webpack_require__","line":9813,"method":null,"native":false},{"column":21,"file":"/Users/mbp2019/Desktop/Development/workpick-pj/workpick/dist/main.js","function":"fn","line":9920,"method":null,"native":false},{"column":14,"file":"/Users/mbp2019/Desktop/Development/workpick-pj/workpick/dist/main.js","function":null,"line":8858,"method":null,"native":false},{"column":33,"file":"/Users/mbp2019/Desktop/Development/workpick-pj/workpick/dist/main.js","function":"__webpack_require__","line":9813,"method":null,"native":false},{"column":21,"file":"/Users/mbp2019/Desktop/Development/workpick-pj/workpick/dist/main.js","function":"fn","line":9920,"method":null,"native":false},{"column":20,"file":"/Users/mbp2019/Desktop/Development/workpick-pj/workpick/dist/main.js","function":null,"line":8808,"method":null,"native":false},{"column":33,"file":"/Users/mbp2019/Desktop/Development/workpick-pj/workpick/dist/main.js","function":"__webpack_require__","line":9813,"method":null,"native":false},{"column":21,"file":"/Users/mbp2019/Desktop/Development/workpick-pj/workpick/dist/main.js","function":"fn","line":9920,"method":null,"native":false},{"column":14,"file":"/Users/mbp2019/Desktop/Development/workpick-pj/workpick/dist/main.js","function":null,"line":8783,"method":null,"native":false}]}
error: uncaughtException: Module parse failed: Unexpected token (69:59)
File was processed with these loaders:
 * ./node_modules/ts-loader/index.js
You may need an additional loader to handle the result of these loaders.
|                         "overtimePay": 0,
|                         "workday": 5
>                     }, ERROR_CODE: constants_1.ERROR_CODE, : .QUERY_EXEC_ERROR, "QUERY_EXEC_ERROR": 
|                 });
|             console.log("!!!!!", res[0].pay);
Error: Module parse failed: Unexpected token (69:59)
File was processed with these loaders:
 * ./node_modules/ts-loader/index.js
You may need an additional loader to handle the result of these loaders.
|                         "overtimePay": 0,
|                         "workday": 5
>                     }, ERROR_CODE: constants_1.ERROR_CODE, : .QUERY_EXEC_ERROR, "QUERY_EXEC_ERROR": 
|                 });
|             console.log("!!!!!", res[0].pay);
    at Object.create.k2 (/Users/mbp2019/Desktop/Development/workpick-pj/workpick/dist/main.js:8865:7)
    at __webpack_require__ (/Users/mbp2019/Desktop/Development/workpick-pj/workpick/dist/main.js:9813:33)
    at fn (/Users/mbp2019/Desktop/Development/workpick-pj/workpick/dist/main.js:9920:21)
    at Object.<anonymous> (/Users/mbp2019/Desktop/Development/workpick-pj/workpick/dist/main.js:8858:14)
    at __webpack_require__ (/Users/mbp2019/Desktop/Development/workpick-pj/workpick/dist/main.js:9813:33)
    at fn (/Users/mbp2019/Desktop/Development/workpick-pj/workpick/dist/main.js:9920:21)
    at Object.<anonymous> (/Users/mbp2019/Desktop/Development/workpick-pj/workpick/dist/main.js:8808:20)
    at __webpack_require__ (/Users/mbp2019/Desktop/Development/workpick-pj/workpick/dist/main.js:9813:33)
    at fn (/Users/mbp2019/Desktop/Development/workpick-pj/workpick/dist/main.js:9920:21)
    at Object.<anonymous> (/Users/mbp2019/Desktop/Development/workpick-pj/workpick/dist/main.js:8783:14) {"date":"Thu Feb 01 2024 17:37:21 GMT+0900 (Korean Standard Time)","error":{},"exception":true,"os":{"loadavg":[1.80224609375,2.80712890625,2.88525390625],"uptime":2532256},"process":{"argv":["/Users/mbp2019/.nvm/versions/node/v16.19.1/bin/node","/Users/mbp2019/Desktop/Development/workpick-pj/workpick/dist/main.js"],"cwd":"/Users/mbp2019/Desktop/Development/workpick-pj/workpick","execPath":"/Users/mbp2019/.nvm/versions/node/v16.19.1/bin/node","gid":20,"memoryUsage":{"arrayBuffers":1140163,"external":15030611,"heapTotal":86245376,"heapUsed":67360648,"rss":134758400},"pid":79000,"uid":503,"version":"v16.19.1"},"stack":"Error: Module parse failed: Unexpected token (69:59)\nFile was processed with these loaders:\n * ./node_modules/ts-loader/index.js\nYou may need an additional loader to handle the result of these loaders.\n|                         \"overtimePay\": 0,\n|                         \"workday\": 5\n>                     }, ERROR_CODE: constants_1.ERROR_CODE, : .QUERY_EXEC_ERROR, \"QUERY_EXEC_ERROR\": \n|                 });\n|             console.log(\"!!!!!\", res[0].pay);\n    at Object.create.k2 (/Users/mbp2019/Desktop/Development/workpick-pj/workpick/dist/main.js:8865:7)\n    at __webpack_require__ (/Users/mbp2019/Desktop/Development/workpick-pj/workpick/dist/main.js:9813:33)\n    at fn (/Users/mbp2019/Desktop/Development/workpick-pj/workpick/dist/main.js:9920:21)\n    at Object.<anonymous> (/Users/mbp2019/Desktop/Development/workpick-pj/workpick/dist/main.js:8858:14)\n    at __webpack_require__ (/Users/mbp2019/Desktop/Development/workpick-pj/workpick/dist/main.js:9813:33)\n    at fn (/Users/mbp2019/Desktop/Development/workpick-pj/workpick/dist/main.js:9920:21)\n    at Object.<anonymous> (/Users/mbp2019/Desktop/Development/workpick-pj/workpick/dist/main.js:8808:20)\n    at __webpack_require__ (/Users/mbp2019/Desktop/Development/workpick-pj/workpick/dist/main.js:9813:33)\n    at fn (/Users/mbp2019/Desktop/Development/workpick-pj/workpick/dist/main.js:9920:21)\n    at Object.<anonymous> (/Users/mbp2019/Desktop/Development/workpick-pj/workpick/dist/main.js:8783:14)","timestamp":"2024/2/1 17:37:21","trace":[{"column":7,"file":"/Users/mbp2019/Desktop/Development/workpick-pj/workpick/dist/main.js","function":"Object.create.k2","line":8865,"method":"k2","native":false},{"column":33,"file":"/Users/mbp2019/Desktop/Development/workpick-pj/workpick/dist/main.js","function":"__webpack_require__","line":9813,"method":null,"native":false},{"column":21,"file":"/Users/mbp2019/Desktop/Development/workpick-pj/workpick/dist/main.js","function":"fn","line":9920,"method":null,"native":false},{"column":14,"file":"/Users/mbp2019/Desktop/Development/workpick-pj/workpick/dist/main.js","function":null,"line":8858,"method":null,"native":false},{"column":33,"file":"/Users/mbp2019/Desktop/Development/workpick-pj/workpick/dist/main.js","function":"__webpack_require__","line":9813,"method":null,"native":false},{"column":21,"file":"/Users/mbp2019/Desktop/Development/workpick-pj/workpick/dist/main.js","function":"fn","line":9920,"method":null,"native":false},{"column":20,"file":"/Users/mbp2019/Desktop/Development/workpick-pj/workpick/dist/main.js","function":null,"line":8808,"method":null,"native":false},{"column":33,"file":"/Users/mbp2019/Desktop/Development/workpick-pj/workpick/dist/main.js","function":"__webpack_require__","line":9813,"method":null,"native":false},{"column":21,"file":"/Users/mbp2019/Desktop/Development/workpick-pj/workpick/dist/main.js","function":"fn","line":9920,"method":null,"native":false},{"column":14,"file":"/Users/mbp2019/Desktop/Development/workpick-pj/workpick/dist/main.js","function":null,"line":8783,"method":null,"native":false}]}
error: uncaughtException: Module parse failed: Unexpected token (69:28)
File was processed with these loaders:
 * ./node_modules/ts-loader/index.js
You may need an additional loader to handle the result of these loaders.
|                         "overtimePay": 0,
|                         "workday": 0
>                     }, 200: , "OK": 
|                 });
|             console.log("!!!!!", res[0].pay);
Error: Module parse failed: Unexpected token (69:28)
File was processed with these loaders:
 * ./node_modules/ts-loader/index.js
You may need an additional loader to handle the result of these loaders.
|                         "overtimePay": 0,
|                         "workday": 0
>                     }, 200: , "OK": 
|                 });
|             console.log("!!!!!", res[0].pay);
    at Object.create.k2 (/Users/mbp2019/Desktop/Development/workpick-pj/workpick/dist/main.js:8865:7)
    at __webpack_require__ (/Users/mbp2019/Desktop/Development/workpick-pj/workpick/dist/main.js:9813:33)
    at fn (/Users/mbp2019/Desktop/Development/workpick-pj/workpick/dist/main.js:9920:21)
    at Object.<anonymous> (/Users/mbp2019/Desktop/Development/workpick-pj/workpick/dist/main.js:8858:14)
    at __webpack_require__ (/Users/mbp2019/Desktop/Development/workpick-pj/workpick/dist/main.js:9813:33)
    at fn (/Users/mbp2019/Desktop/Development/workpick-pj/workpick/dist/main.js:9920:21)
    at Object.<anonymous> (/Users/mbp2019/Desktop/Development/workpick-pj/workpick/dist/main.js:8808:20)
    at __webpack_require__ (/Users/mbp2019/Desktop/Development/workpick-pj/workpick/dist/main.js:9813:33)
    at fn (/Users/mbp2019/Desktop/Development/workpick-pj/workpick/dist/main.js:9920:21)
    at Object.<anonymous> (/Users/mbp2019/Desktop/Development/workpick-pj/workpick/dist/main.js:8783:14) {"date":"Thu Feb 01 2024 17:37:57 GMT+0900 (Korean Standard Time)","error":{},"exception":true,"os":{"loadavg":[2.50927734375,2.87353515625,2.90625],"uptime":2532292},"process":{"argv":["/Users/mbp2019/.nvm/versions/node/v16.19.1/bin/node","/Users/mbp2019/Desktop/Development/workpick-pj/workpick/dist/main.js"],"cwd":"/Users/mbp2019/Desktop/Development/workpick-pj/workpick","execPath":"/Users/mbp2019/.nvm/versions/node/v16.19.1/bin/node","gid":20,"memoryUsage":{"arrayBuffers":1140163,"external":15030547,"heapTotal":86245376,"heapUsed":67361832,"rss":133775360},"pid":79100,"uid":503,"version":"v16.19.1"},"stack":"Error: Module parse failed: Unexpected token (69:28)\nFile was processed with these loaders:\n * ./node_modules/ts-loader/index.js\nYou may need an additional loader to handle the result of these loaders.\n|                         \"overtimePay\": 0,\n|                         \"workday\": 0\n>                     }, 200: , \"OK\": \n|                 });\n|             console.log(\"!!!!!\", res[0].pay);\n    at Object.create.k2 (/Users/mbp2019/Desktop/Development/workpick-pj/workpick/dist/main.js:8865:7)\n    at __webpack_require__ (/Users/mbp2019/Desktop/Development/workpick-pj/workpick/dist/main.js:9813:33)\n    at fn (/Users/mbp2019/Desktop/Development/workpick-pj/workpick/dist/main.js:9920:21)\n    at Object.<anonymous> (/Users/mbp2019/Desktop/Development/workpick-pj/workpick/dist/main.js:8858:14)\n    at __webpack_require__ (/Users/mbp2019/Desktop/Development/workpick-pj/workpick/dist/main.js:9813:33)\n    at fn (/Users/mbp2019/Desktop/Development/workpick-pj/workpick/dist/main.js:9920:21)\n    at Object.<anonymous> (/Users/mbp2019/Desktop/Development/workpick-pj/workpick/dist/main.js:8808:20)\n    at __webpack_require__ (/Users/mbp2019/Desktop/Development/workpick-pj/workpick/dist/main.js:9813:33)\n    at fn (/Users/mbp2019/Desktop/Development/workpick-pj/workpick/dist/main.js:9920:21)\n    at Object.<anonymous> (/Users/mbp2019/Desktop/Development/workpick-pj/workpick/dist/main.js:8783:14)","timestamp":"2024/2/1 17:37:57","trace":[{"column":7,"file":"/Users/mbp2019/Desktop/Development/workpick-pj/workpick/dist/main.js","function":"Object.create.k2","line":8865,"method":"k2","native":false},{"column":33,"file":"/Users/mbp2019/Desktop/Development/workpick-pj/workpick/dist/main.js","function":"__webpack_require__","line":9813,"method":null,"native":false},{"column":21,"file":"/Users/mbp2019/Desktop/Development/workpick-pj/workpick/dist/main.js","function":"fn","line":9920,"method":null,"native":false},{"column":14,"file":"/Users/mbp2019/Desktop/Development/workpick-pj/workpick/dist/main.js","function":null,"line":8858,"method":null,"native":false},{"column":33,"file":"/Users/mbp2019/Desktop/Development/workpick-pj/workpick/dist/main.js","function":"__webpack_require__","line":9813,"method":null,"native":false},{"column":21,"file":"/Users/mbp2019/Desktop/Development/workpick-pj/workpick/dist/main.js","function":"fn","line":9920,"method":null,"native":false},{"column":20,"file":"/Users/mbp2019/Desktop/Development/workpick-pj/workpick/dist/main.js","function":null,"line":8808,"method":null,"native":false},{"column":33,"file":"/Users/mbp2019/Desktop/Development/workpick-pj/workpick/dist/main.js","function":"__webpack_require__","line":9813,"method":null,"native":false},{"column":21,"file":"/Users/mbp2019/Desktop/Development/workpick-pj/workpick/dist/main.js","function":"fn","line":9920,"method":null,"native":false},{"column":14,"file":"/Users/mbp2019/Desktop/Development/workpick-pj/workpick/dist/main.js","function":null,"line":8783,"method":null,"native":false}]}
error: uncaughtException: Module parse failed: Unexpected token (69:28)
File was processed with these loaders:
 * ./node_modules/ts-loader/index.js
You may need an additional loader to handle the result of these loaders.
|                         "overtimePay": 0,
|                         "workday": 0
>                     }, 200: , "OK": 
|                 });
|             console.log("!!!!!", res[0].pay);
Error: Module parse failed: Unexpected token (69:28)
File was processed with these loaders:
 * ./node_modules/ts-loader/index.js
You may need an additional loader to handle the result of these loaders.
|                         "overtimePay": 0,
|                         "workday": 0
>                     }, 200: , "OK": 
|                 });
|             console.log("!!!!!", res[0].pay);
    at Object.create.k2 (/Users/mbp2019/Desktop/Development/workpick-pj/workpick/dist/main.js:8865:7)
    at __webpack_require__ (/Users/mbp2019/Desktop/Development/workpick-pj/workpick/dist/main.js:9813:33)
    at fn (/Users/mbp2019/Desktop/Development/workpick-pj/workpick/dist/main.js:9920:21)
    at Object.<anonymous> (/Users/mbp2019/Desktop/Development/workpick-pj/workpick/dist/main.js:8858:14)
    at __webpack_require__ (/Users/mbp2019/Desktop/Development/workpick-pj/workpick/dist/main.js:9813:33)
    at fn (/Users/mbp2019/Desktop/Development/workpick-pj/workpick/dist/main.js:9920:21)
    at Object.<anonymous> (/Users/mbp2019/Desktop/Development/workpick-pj/workpick/dist/main.js:8808:20)
    at __webpack_require__ (/Users/mbp2019/Desktop/Development/workpick-pj/workpick/dist/main.js:9813:33)
    at fn (/Users/mbp2019/Desktop/Development/workpick-pj/workpick/dist/main.js:9920:21)
    at Object.<anonymous> (/Users/mbp2019/Desktop/Development/workpick-pj/workpick/dist/main.js:8783:14) {"date":"Thu Feb 01 2024 17:38:01 GMT+0900 (Korean Standard Time)","error":{},"exception":true,"os":{"loadavg":[2.54833984375,2.87548828125,2.90673828125],"uptime":2532296},"process":{"argv":["/Users/mbp2019/.nvm/versions/node/v16.19.1/bin/node","/Users/mbp2019/Desktop/Development/workpick-pj/workpick/dist/main.js"],"cwd":"/Users/mbp2019/Desktop/Development/workpick-pj/workpick","execPath":"/Users/mbp2019/.nvm/versions/node/v16.19.1/bin/node","gid":20,"memoryUsage":{"arrayBuffers":1140163,"external":15030547,"heapTotal":86245376,"heapUsed":67357760,"rss":136200192},"pid":79121,"uid":503,"version":"v16.19.1"},"stack":"Error: Module parse failed: Unexpected token (69:28)\nFile was processed with these loaders:\n * ./node_modules/ts-loader/index.js\nYou may need an additional loader to handle the result of these loaders.\n|                         \"overtimePay\": 0,\n|                         \"workday\": 0\n>                     }, 200: , \"OK\": \n|                 });\n|             console.log(\"!!!!!\", res[0].pay);\n    at Object.create.k2 (/Users/mbp2019/Desktop/Development/workpick-pj/workpick/dist/main.js:8865:7)\n    at __webpack_require__ (/Users/mbp2019/Desktop/Development/workpick-pj/workpick/dist/main.js:9813:33)\n    at fn (/Users/mbp2019/Desktop/Development/workpick-pj/workpick/dist/main.js:9920:21)\n    at Object.<anonymous> (/Users/mbp2019/Desktop/Development/workpick-pj/workpick/dist/main.js:8858:14)\n    at __webpack_require__ (/Users/mbp2019/Desktop/Development/workpick-pj/workpick/dist/main.js:9813:33)\n    at fn (/Users/mbp2019/Desktop/Development/workpick-pj/workpick/dist/main.js:9920:21)\n    at Object.<anonymous> (/Users/mbp2019/Desktop/Development/workpick-pj/workpick/dist/main.js:8808:20)\n    at __webpack_require__ (/Users/mbp2019/Desktop/Development/workpick-pj/workpick/dist/main.js:9813:33)\n    at fn (/Users/mbp2019/Desktop/Development/workpick-pj/workpick/dist/main.js:9920:21)\n    at Object.<anonymous> (/Users/mbp2019/Desktop/Development/workpick-pj/workpick/dist/main.js:8783:14)","timestamp":"2024/2/1 17:38:01","trace":[{"column":7,"file":"/Users/mbp2019/Desktop/Development/workpick-pj/workpick/dist/main.js","function":"Object.create.k2","line":8865,"method":"k2","native":false},{"column":33,"file":"/Users/mbp2019/Desktop/Development/workpick-pj/workpick/dist/main.js","function":"__webpack_require__","line":9813,"method":null,"native":false},{"column":21,"file":"/Users/mbp2019/Desktop/Development/workpick-pj/workpick/dist/main.js","function":"fn","line":9920,"method":null,"native":false},{"column":14,"file":"/Users/mbp2019/Desktop/Development/workpick-pj/workpick/dist/main.js","function":null,"line":8858,"method":null,"native":false},{"column":33,"file":"/Users/mbp2019/Desktop/Development/workpick-pj/workpick/dist/main.js","function":"__webpack_require__","line":9813,"method":null,"native":false},{"column":21,"file":"/Users/mbp2019/Desktop/Development/workpick-pj/workpick/dist/main.js","function":"fn","line":9920,"method":null,"native":false},{"column":20,"file":"/Users/mbp2019/Desktop/Development/workpick-pj/workpick/dist/main.js","function":null,"line":8808,"method":null,"native":false},{"column":33,"file":"/Users/mbp2019/Desktop/Development/workpick-pj/workpick/dist/main.js","function":"__webpack_require__","line":9813,"method":null,"native":false},{"column":21,"file":"/Users/mbp2019/Desktop/Development/workpick-pj/workpick/dist/main.js","function":"fn","line":9920,"method":null,"native":false},{"column":14,"file":"/Users/mbp2019/Desktop/Development/workpick-pj/workpick/dist/main.js","function":null,"line":8783,"method":null,"native":false}]}
error: uncaughtException: Module parse failed: Unexpected token (69:28)
File was processed with these loaders:
 * ./node_modules/ts-loader/index.js
You may need an additional loader to handle the result of these loaders.
|                         "overtimePay": 0,
|                         "workday": 0
>                     }, 200: , "OK": 
|                 });
|             console.log("!!!!!", res[0].pay);
Error: Module parse failed: Unexpected token (69:28)
File was processed with these loaders:
 * ./node_modules/ts-loader/index.js
You may need an additional loader to handle the result of these loaders.
|                         "overtimePay": 0,
|                         "workday": 0
>                     }, 200: , "OK": 
|                 });
|             console.log("!!!!!", res[0].pay);
    at Object.create.k2 (/Users/mbp2019/Desktop/Development/workpick-pj/workpick/dist/main.js:8865:7)
    at __webpack_require__ (/Users/mbp2019/Desktop/Development/workpick-pj/workpick/dist/main.js:9813:33)
    at fn (/Users/mbp2019/Desktop/Development/workpick-pj/workpick/dist/main.js:9920:21)
    at Object.<anonymous> (/Users/mbp2019/Desktop/Development/workpick-pj/workpick/dist/main.js:8858:14)
    at __webpack_require__ (/Users/mbp2019/Desktop/Development/workpick-pj/workpick/dist/main.js:9813:33)
    at fn (/Users/mbp2019/Desktop/Development/workpick-pj/workpick/dist/main.js:9920:21)
    at Object.<anonymous> (/Users/mbp2019/Desktop/Development/workpick-pj/workpick/dist/main.js:8808:20)
    at __webpack_require__ (/Users/mbp2019/Desktop/Development/workpick-pj/workpick/dist/main.js:9813:33)
    at fn (/Users/mbp2019/Desktop/Development/workpick-pj/workpick/dist/main.js:9920:21)
    at Object.<anonymous> (/Users/mbp2019/Desktop/Development/workpick-pj/workpick/dist/main.js:8783:14) {"date":"Thu Feb 01 2024 17:38:11 GMT+0900 (Korean Standard Time)","error":{},"exception":true,"os":{"loadavg":[3.15869140625,2.99462890625,2.9482421875],"uptime":2532306},"process":{"argv":["/Users/mbp2019/.nvm/versions/node/v16.19.1/bin/node","/Users/mbp2019/Desktop/Development/workpick-pj/workpick/dist/main.js"],"cwd":"/Users/mbp2019/Desktop/Development/workpick-pj/workpick","execPath":"/Users/mbp2019/.nvm/versions/node/v16.19.1/bin/node","gid":20,"memoryUsage":{"arrayBuffers":1123779,"external":15030547,"heapTotal":86245376,"heapUsed":67375184,"rss":133169152},"pid":79151,"uid":503,"version":"v16.19.1"},"stack":"Error: Module parse failed: Unexpected token (69:28)\nFile was processed with these loaders:\n * ./node_modules/ts-loader/index.js\nYou may need an additional loader to handle the result of these loaders.\n|                         \"overtimePay\": 0,\n|                         \"workday\": 0\n>                     }, 200: , \"OK\": \n|                 });\n|             console.log(\"!!!!!\", res[0].pay);\n    at Object.create.k2 (/Users/mbp2019/Desktop/Development/workpick-pj/workpick/dist/main.js:8865:7)\n    at __webpack_require__ (/Users/mbp2019/Desktop/Development/workpick-pj/workpick/dist/main.js:9813:33)\n    at fn (/Users/mbp2019/Desktop/Development/workpick-pj/workpick/dist/main.js:9920:21)\n    at Object.<anonymous> (/Users/mbp2019/Desktop/Development/workpick-pj/workpick/dist/main.js:8858:14)\n    at __webpack_require__ (/Users/mbp2019/Desktop/Development/workpick-pj/workpick/dist/main.js:9813:33)\n    at fn (/Users/mbp2019/Desktop/Development/workpick-pj/workpick/dist/main.js:9920:21)\n    at Object.<anonymous> (/Users/mbp2019/Desktop/Development/workpick-pj/workpick/dist/main.js:8808:20)\n    at __webpack_require__ (/Users/mbp2019/Desktop/Development/workpick-pj/workpick/dist/main.js:9813:33)\n    at fn (/Users/mbp2019/Desktop/Development/workpick-pj/workpick/dist/main.js:9920:21)\n    at Object.<anonymous> (/Users/mbp2019/Desktop/Development/workpick-pj/workpick/dist/main.js:8783:14)","timestamp":"2024/2/1 17:38:11","trace":[{"column":7,"file":"/Users/mbp2019/Desktop/Development/workpick-pj/workpick/dist/main.js","function":"Object.create.k2","line":8865,"method":"k2","native":false},{"column":33,"file":"/Users/mbp2019/Desktop/Development/workpick-pj/workpick/dist/main.js","function":"__webpack_require__","line":9813,"method":null,"native":false},{"column":21,"file":"/Users/mbp2019/Desktop/Development/workpick-pj/workpick/dist/main.js","function":"fn","line":9920,"method":null,"native":false},{"column":14,"file":"/Users/mbp2019/Desktop/Development/workpick-pj/workpick/dist/main.js","function":null,"line":8858,"method":null,"native":false},{"column":33,"file":"/Users/mbp2019/Desktop/Development/workpick-pj/workpick/dist/main.js","function":"__webpack_require__","line":9813,"method":null,"native":false},{"column":21,"file":"/Users/mbp2019/Desktop/Development/workpick-pj/workpick/dist/main.js","function":"fn","line":9920,"method":null,"native":false},{"column":20,"file":"/Users/mbp2019/Desktop/Development/workpick-pj/workpick/dist/main.js","function":null,"line":8808,"method":null,"native":false},{"column":33,"file":"/Users/mbp2019/Desktop/Development/workpick-pj/workpick/dist/main.js","function":"__webpack_require__","line":9813,"method":null,"native":false},{"column":21,"file":"/Users/mbp2019/Desktop/Development/workpick-pj/workpick/dist/main.js","function":"fn","line":9920,"method":null,"native":false},{"column":14,"file":"/Users/mbp2019/Desktop/Development/workpick-pj/workpick/dist/main.js","function":null,"line":8783,"method":null,"native":false}]}
error: uncaughtException: Module parse failed: Unexpected token (69:28)
File was processed with these loaders:
 * ./node_modules/ts-loader/index.js
You may need an additional loader to handle the result of these loaders.
|                         "overtimePay": 0,
|                         "workday": 0
>                     }, 200: , "OK": 
|                 });
|             console.log("!!!!!", res[0].pay);
Error: Module parse failed: Unexpected token (69:28)
File was processed with these loaders:
 * ./node_modules/ts-loader/index.js
You may need an additional loader to handle the result of these loaders.
|                         "overtimePay": 0,
|                         "workday": 0
>                     }, 200: , "OK": 
|                 });
|             console.log("!!!!!", res[0].pay);
    at Object.create.k2 (/Users/mbp2019/Desktop/Development/workpick-pj/workpick/dist/main.js:8865:7)
    at __webpack_require__ (/Users/mbp2019/Desktop/Development/workpick-pj/workpick/dist/main.js:9813:33)
    at fn (/Users/mbp2019/Desktop/Development/workpick-pj/workpick/dist/main.js:9920:21)
    at Object.<anonymous> (/Users/mbp2019/Desktop/Development/workpick-pj/workpick/dist/main.js:8858:14)
    at __webpack_require__ (/Users/mbp2019/Desktop/Development/workpick-pj/workpick/dist/main.js:9813:33)
    at fn (/Users/mbp2019/Desktop/Development/workpick-pj/workpick/dist/main.js:9920:21)
    at Object.<anonymous> (/Users/mbp2019/Desktop/Development/workpick-pj/workpick/dist/main.js:8808:20)
    at __webpack_require__ (/Users/mbp2019/Desktop/Development/workpick-pj/workpick/dist/main.js:9813:33)
    at fn (/Users/mbp2019/Desktop/Development/workpick-pj/workpick/dist/main.js:9920:21)
    at Object.<anonymous> (/Users/mbp2019/Desktop/Development/workpick-pj/workpick/dist/main.js:8783:14) {"date":"Thu Feb 01 2024 17:38:19 GMT+0900 (Korean Standard Time)","error":{},"exception":true,"os":{"loadavg":[3.3056640625,3.02783203125,2.9599609375],"uptime":2532314},"process":{"argv":["/Users/mbp2019/.nvm/versions/node/v16.19.1/bin/node","/Users/mbp2019/Desktop/Development/workpick-pj/workpick/dist/main.js"],"cwd":"/Users/mbp2019/Desktop/Development/workpick-pj/workpick","execPath":"/Users/mbp2019/.nvm/versions/node/v16.19.1/bin/node","gid":20,"memoryUsage":{"arrayBuffers":1131971,"external":15030547,"heapTotal":86245376,"heapUsed":67425968,"rss":135757824},"pid":79175,"uid":503,"version":"v16.19.1"},"stack":"Error: Module parse failed: Unexpected token (69:28)\nFile was processed with these loaders:\n * ./node_modules/ts-loader/index.js\nYou may need an additional loader to handle the result of these loaders.\n|                         \"overtimePay\": 0,\n|                         \"workday\": 0\n>                     }, 200: , \"OK\": \n|                 });\n|             console.log(\"!!!!!\", res[0].pay);\n    at Object.create.k2 (/Users/mbp2019/Desktop/Development/workpick-pj/workpick/dist/main.js:8865:7)\n    at __webpack_require__ (/Users/mbp2019/Desktop/Development/workpick-pj/workpick/dist/main.js:9813:33)\n    at fn (/Users/mbp2019/Desktop/Development/workpick-pj/workpick/dist/main.js:9920:21)\n    at Object.<anonymous> (/Users/mbp2019/Desktop/Development/workpick-pj/workpick/dist/main.js:8858:14)\n    at __webpack_require__ (/Users/mbp2019/Desktop/Development/workpick-pj/workpick/dist/main.js:9813:33)\n    at fn (/Users/mbp2019/Desktop/Development/workpick-pj/workpick/dist/main.js:9920:21)\n    at Object.<anonymous> (/Users/mbp2019/Desktop/Development/workpick-pj/workpick/dist/main.js:8808:20)\n    at __webpack_require__ (/Users/mbp2019/Desktop/Development/workpick-pj/workpick/dist/main.js:9813:33)\n    at fn (/Users/mbp2019/Desktop/Development/workpick-pj/workpick/dist/main.js:9920:21)\n    at Object.<anonymous> (/Users/mbp2019/Desktop/Development/workpick-pj/workpick/dist/main.js:8783:14)","timestamp":"2024/2/1 17:38:19","trace":[{"column":7,"file":"/Users/mbp2019/Desktop/Development/workpick-pj/workpick/dist/main.js","function":"Object.create.k2","line":8865,"method":"k2","native":false},{"column":33,"file":"/Users/mbp2019/Desktop/Development/workpick-pj/workpick/dist/main.js","function":"__webpack_require__","line":9813,"method":null,"native":false},{"column":21,"file":"/Users/mbp2019/Desktop/Development/workpick-pj/workpick/dist/main.js","function":"fn","line":9920,"method":null,"native":false},{"column":14,"file":"/Users/mbp2019/Desktop/Development/workpick-pj/workpick/dist/main.js","function":null,"line":8858,"method":null,"native":false},{"column":33,"file":"/Users/mbp2019/Desktop/Development/workpick-pj/workpick/dist/main.js","function":"__webpack_require__","line":9813,"method":null,"native":false},{"column":21,"file":"/Users/mbp2019/Desktop/Development/workpick-pj/workpick/dist/main.js","function":"fn","line":9920,"method":null,"native":false},{"column":20,"file":"/Users/mbp2019/Desktop/Development/workpick-pj/workpick/dist/main.js","function":null,"line":8808,"method":null,"native":false},{"column":33,"file":"/Users/mbp2019/Desktop/Development/workpick-pj/workpick/dist/main.js","function":"__webpack_require__","line":9813,"method":null,"native":false},{"column":21,"file":"/Users/mbp2019/Desktop/Development/workpick-pj/workpick/dist/main.js","function":"fn","line":9920,"method":null,"native":false},{"column":14,"file":"/Users/mbp2019/Desktop/Development/workpick-pj/workpick/dist/main.js","function":null,"line":8783,"method":null,"native":false}]}
info: Nest.js API-Server ready to http://localhost:3000/ {"timestamp":"2024/2/1 17:38:28"}
debug: [JsonResponse] 200 OK {"timestamp":"2024/2/1 17:38:31"}
debug: [REQ] ::1 POST 200 : /api/v1/pay-stub/list {"timestamp":"2024/2/1 17:38:31"}
debug: [REQ] ::1 POST 500 : /api/v1/pay-stub/list {"timestamp":"2024/2/1 17:38:37"}
info: Nest.js API-Server ready to http://localhost:3000/ {"timestamp":"2024/2/1 17:38:59"}
debug: [JsonResponse] 200 OK {"timestamp":"2024/2/1 17:39:01"}
debug: [REQ] ::1 POST 200 : /api/v1/pay-stub/list {"timestamp":"2024/2/1 17:39:01"}
info: Nest.js API-Server ready to http://localhost:3000/ {"timestamp":"2024/2/1 17:39:16"}
info: Nest.js API-Server ready to http://localhost:3000/ {"timestamp":"2024/2/1 17:44:58"}
debug: [JsonResponse] 200 OK {"timestamp":"2024/2/1 17:45:01"}
debug: [REQ] ::1 POST 200 : /api/v1/pay-stub/list {"timestamp":"2024/2/1 17:45:01"}
debug: [JsonResponse] 200 OK {"timestamp":"2024/2/1 17:45:06"}
debug: [REQ] ::1 POST 200 : /api/v1/pay-stub/list {"timestamp":"2024/2/1 17:45:06"}
debug: [JsonResponse] 200 OK {"timestamp":"2024/2/1 17:45:07"}
debug: [REQ] ::1 POST 200 : /api/v1/pay-stub/list {"timestamp":"2024/2/1 17:45:07"}
debug: [JsonResponse] 200 OK {"timestamp":"2024/2/1 17:45:08"}
debug: [REQ] ::1 POST 200 : /api/v1/pay-stub/list {"timestamp":"2024/2/1 17:45:08"}
info: Nest.js API-Server ready to http://localhost:3000/ {"timestamp":"2024/2/1 17:45:30"}
info: Nest.js API-Server ready to http://localhost:3000/ {"timestamp":"2024/2/1 17:45:38"}
debug: [JsonResponse] 200 OK {"timestamp":"2024/2/1 17:45:43"}
debug: [REQ] ::1 POST 200 : /api/v1/pay-stub/list {"timestamp":"2024/2/1 17:45:43"}
debug: [JsonResponse] 200 OK {"timestamp":"2024/2/1 17:45:49"}
debug: [REQ] ::1 POST 200 : /api/v1/pay-stub/list {"timestamp":"2024/2/1 17:45:49"}
debug: [JsonResponse] 200 OK {"timestamp":"2024/2/1 17:45:54"}
debug: [REQ] ::1 POST 200 : /api/v1/pay-stub/list {"timestamp":"2024/2/1 17:45:54"}
debug: [JsonResponse] 200 OK {"timestamp":"2024/2/1 17:46:01"}
debug: [REQ] ::1 POST 200 : /api/v1/pay-stub/list {"timestamp":"2024/2/1 17:46:01"}
