info: Nest.js API-Server ready to http://localhost:3000/ {"service":"SEERSLAB"}
info: Nest.js API-Server ready to http://localhost:3000/ {"service":"SEERSLAB"}
info: Nest.js API-Server ready to http://localhost:3000/ {"service":"SEERSLAB"}
info: Nest.js API-Server ready to http://localhost:3000/ {"service":"SEERSLAB"}
warn: try to re-connect redisClientProvider after 10s... {"service":"SEERSLAB"}
warn: try to re-connect RedisWebCacheModule after 10s... {"service":"SEERSLAB"}
info: Nest.js API-Server ready to http://localhost:3000/ {"service":"SEERSLAB"}
warn: try to re-connect RedisWebCacheModule after 10s... {"service":"SEERSLAB"}
warn: try to re-connect redisClientProvider after 10s... {"service":"SEERSLAB"}
warn: try to re-connect redisClientProvider after 10s... {"service":"SEERSLAB"}
warn: try to re-connect RedisWebCacheModule after 10s... {"service":"SEERSLAB"}
info: Nest.js API-Server ready to http://localhost:3000/ {"service":"SEERSLAB"}
warn: try to re-connect RedisWebCacheModule after 10s... {"service":"SEERSLAB"}
warn: try to re-connect redisClientProvider after 10s... {"service":"SEERSLAB"}
info: Nest.js API-Server ready to http://localhost:3000/ {"service":"SEERSLAB"}
warn: try to re-connect redisClientProvider after 10s... {"service":"SEERSLAB"}
warn: try to re-connect RedisWebCacheModule after 10s... {"service":"SEERSLAB"}
warn: try to re-connect redisClientProvider after 10s... {"service":"SEERSLAB"}
warn: try to re-connect RedisWebCacheModule after 10s... {"service":"SEERSLAB"}
warn: try to re-connect RedisWebCacheModule after 10s... {"service":"SEERSLAB"}
warn: try to re-connect redisClientProvider after 10s... {"service":"SEERSLAB"}
warn: try to re-connect RedisWebCacheModule after 10s... {"service":"SEERSLAB"}
warn: try to re-connect redisClientProvider after 10s... {"service":"SEERSLAB"}
warn: try to re-connect redisClientProvider after 10s... {"service":"SEERSLAB"}
warn: try to re-connect RedisWebCacheModule after 10s... {"service":"SEERSLAB"}
warn: try to re-connect redisClientProvider after 10s... {"service":"SEERSLAB"}
warn: try to re-connect RedisWebCacheModule after 10s... {"service":"SEERSLAB"}
warn: try to re-connect RedisWebCacheModule after 10s... {"service":"SEERSLAB"}
warn: try to re-connect redisClientProvider after 10s... {"service":"SEERSLAB"}
warn: try to re-connect redisClientProvider after 10s... {"service":"SEERSLAB"}
warn: try to re-connect RedisWebCacheModule after 10s... {"service":"SEERSLAB"}
warn: try to re-connect redisClientProvider after 10s... {"service":"SEERSLAB"}
warn: try to re-connect RedisWebCacheModule after 10s... {"service":"SEERSLAB"}
info: Nest.js API-Server ready to http://localhost:3000/ {"service":"SEERSLAB"}
info: Nest.js API-Server ready to http://localhost:3000/ {"service":"SEERSLAB"}
info: Nest.js API-Server ready to http://localhost:3000/ {"service":"SEERSLAB"}
info: Nest.js API-Server ready to http://localhost:3000/ {"service":"SEERSLAB"}
warn: try to re-connect RedisWebCacheModule after 10s... {"service":"SEERSLAB"}
warn: try to re-connect redisClientProvider after 10s... {"service":"SEERSLAB"}
info: Nest.js API-Server ready to http://localhost:3000/ {"service":"SEERSLAB"}
info: Nest.js API-Server ready to http://localhost:3000/ {"service":"SEERSLAB"}
info: Nest.js API-Server ready to http://localhost:3000/ {"service":"SEERSLAB"}
info: Nest.js API-Server ready to http://localhost:3000/ {"service":"SEERSLAB"}
info: Nest.js API-Server ready to http://localhost:3000/ {"service":"SEERSLAB"}
info: Nest.js API-Server ready to http://localhost:3000/ {"service":"SEERSLAB"}
info: Nest.js API-Server ready to http://localhost:3000/ {"service":"SEERSLAB"}
info: Nest.js API-Server ready to http://localhost:3000/ {"service":"SEERSLAB"}
info: Nest.js API-Server ready to http://localhost:3000/ {"service":"SEERSLAB"}
info: Nest.js API-Server ready to http://localhost:3000/ {"service":"SEERSLAB"}
info: Nest.js API-Server ready to http://localhost:3000/ {"service":"SEERSLAB"}
info: Nest.js API-Server ready to http://localhost:3000/ {"service":"SEERSLAB"}
info: Nest.js API-Server ready to http://localhost:3000/ {"service":"SEERSLAB"}
info: Nest.js API-Server ready to http://localhost:3000/ {"service":"SEERSLAB"}
info: Nest.js API-Server ready to http://localhost:3000/ {"service":"SEERSLAB"}
info: Nest.js API-Server ready to http://localhost:3000/ {"service":"SEERSLAB"}
info: Nest.js API-Server ready to http://localhost:3000/ {"service":"SEERSLAB"}
info: Nest.js API-Server ready to http://localhost:3000/ {"service":"SEERSLAB"}
info: Nest.js API-Server ready to http://localhost:3000/ {"service":"SEERSLAB"}
info: Nest.js API-Server ready to http://localhost:3000/ {"timestamp":"2023/9/25 16:34:26"}
info: Nest.js API-Server ready to http://localhost:3000/ {"timestamp":"2023/9/25 16:35:08"}
info: Nest.js API-Server ready to http://localhost:3000/ {"timestamp":"2023/9/25 16:35:26"}
info: Nest.js API-Server ready to http://localhost:3000/ {"timestamp":"2023/9/25 16:35:40"}
info: Nest.js API-Server ready to http://localhost:3000/ {"timestamp":"2023/9/25 16:35:49"}
info: Nest.js API-Server ready to http://localhost:3000/ {"timestamp":"2023/9/25 16:35:57"}
info: Nest.js API-Server ready to http://localhost:3000/ {"timestamp":"2023/9/25 16:36:25"}
info: Nest.js API-Server ready to http://localhost:3000/ {"timestamp":"2023/9/25 16:36:41"}
info: Nest.js API-Server ready to http://localhost:3000/ {"timestamp":"2023/9/25 16:37:31"}
info: Nest.js API-Server ready to http://localhost:3000/ {"timestamp":"2023/9/25 16:37:42"}
info: Nest.js API-Server ready to http://localhost:3000/ {"timestamp":"2023/9/25 16:38:00"}
info: Nest.js API-Server ready to http://localhost:3000/ {"timestamp":"2023/9/25 16:38:03"}
info: Nest.js API-Server ready to http://localhost:3000/ {"timestamp":"2023/9/25 16:38:17"}
info: Nest.js API-Server ready to http://localhost:3000/ {"timestamp":"2023/9/25 16:38:36"}
info: Nest.js API-Server ready to http://localhost:3000/ {"timestamp":"2023/9/25 16:54:07"}
info: Nest.js API-Server ready to http://localhost:3000/ {"timestamp":"2023/9/25 16:54:32"}
info: Nest.js API-Server ready to http://localhost:3000/ {"timestamp":"2023/9/25 18:49:48"}
info: Nest.js API-Server ready to http://localhost:3000/ {"timestamp":"2023/9/25 18:50:08"}
info: Nest.js API-Server ready to http://localhost:3000/ {"timestamp":"2023/9/25 18:50:14"}
info: Nest.js API-Server ready to http://localhost:3000/ {"timestamp":"2023/9/25 18:51:31"}
warn: try to re-connect redisClientProvider after 10s... {"timestamp":"2023/9/25 18:52:30"}
warn: try to re-connect RedisWebCacheModule after 10s... {"timestamp":"2023/9/25 18:52:30"}
info: Nest.js API-Server ready to http://localhost:3000/ {"timestamp":"2023/9/25 18:52:34"}
info: Nest.js API-Server ready to http://localhost:3000/ {"timestamp":"2023/9/25 18:52:39"}
info: Nest.js API-Server ready to http://localhost:3000/ {"timestamp":"2023/9/25 18:53:09"}
info: Nest.js API-Server ready to http://localhost:3000/ {"timestamp":"2023/9/25 18:53:13"}
info: Nest.js API-Server ready to http://localhost:3000/ {"timestamp":"2023/9/25 18:53:31"}
info: Nest.js API-Server ready to http://localhost:3000/ {"timestamp":"2023/9/25 18:53:41"}
info: Nest.js API-Server ready to http://localhost:3000/ {"timestamp":"2023/9/25 18:53:59"}
info: Nest.js API-Server ready to http://localhost:3000/ {"timestamp":"2023/9/25 18:54:08"}
info: Nest.js API-Server ready to http://localhost:3000/ {"timestamp":"2023/9/25 18:54:41"}
info: Nest.js API-Server ready to http://localhost:3000/ {"timestamp":"2023/9/25 18:55:15"}
info: Nest.js API-Server ready to http://localhost:3000/ {"timestamp":"2023/9/25 18:56:09"}
info: Nest.js API-Server ready to http://localhost:3000/ {"timestamp":"2023/9/25 18:56:32"}
info: Nest.js API-Server ready to http://localhost:3000/ {"timestamp":"2023/9/25 18:56:42"}
info: Nest.js API-Server ready to http://localhost:3000/ {"timestamp":"2023/9/25 18:57:27"}
info: Nest.js API-Server ready to http://localhost:3000/ {"timestamp":"2023/9/25 18:58:20"}
info: Nest.js API-Server ready to http://localhost:3000/ {"timestamp":"2023/9/25 18:58:24"}
info: Nest.js API-Server ready to http://localhost:3000/ {"timestamp":"2023/9/25 18:59:12"}
info: Nest.js API-Server ready to http://localhost:3000/ {"timestamp":"2023/9/25 19:00:11"}
info: Nest.js API-Server ready to http://localhost:3000/ {"timestamp":"2023/9/25 19:00:25"}
warn: try to re-connect redisClientProvider after 10s... {"timestamp":"2023/9/25 19:01:25"}
warn: try to re-connect RedisWebCacheModule after 10s... {"timestamp":"2023/9/25 19:01:25"}
warn: try to re-connect RedisWebCacheModule after 10s... {"timestamp":"2023/9/25 19:02:35"}
warn: try to re-connect redisClientProvider after 10s... {"timestamp":"2023/9/25 19:02:35"}
info: Nest.js API-Server ready to http://localhost:3000/ {"timestamp":"2023/9/25 19:03:24"}
info: Nest.js API-Server ready to http://localhost:3000/ {"timestamp":"2023/9/25 19:03:57"}
warn: try to re-connect RedisWebCacheModule after 10s... {"timestamp":"2023/9/25 19:04:56"}
warn: try to re-connect redisClientProvider after 10s... {"timestamp":"2023/9/25 19:04:56"}
info: Nest.js API-Server ready to http://localhost:3000/ {"timestamp":"2023/9/25 19:05:24"}
info: Nest.js API-Server ready to http://localhost:3000/ {"timestamp":"2023/9/25 19:05:25"}
warn: try to re-connect redisClientProvider after 10s... {"timestamp":"2023/9/25 19:06:24"}
warn: try to re-connect RedisWebCacheModule after 10s... {"timestamp":"2023/9/25 19:06:24"}
info: Nest.js API-Server ready to http://localhost:3000/ {"timestamp":"2023/9/25 19:06:28"}
info: Nest.js API-Server ready to http://localhost:3000/ {"timestamp":"2023/9/25 19:07:22"}
info: Nest.js API-Server ready to http://localhost:3000/ {"timestamp":"2023/9/25 19:07:34"}
info: Nest.js API-Server ready to http://localhost:3000/ {"timestamp":"2023/9/25 19:07:45"}
info: Nest.js API-Server ready to http://localhost:3000/ {"timestamp":"2023/9/25 19:07:49"}
info: Nest.js API-Server ready to http://localhost:3000/ {"timestamp":"2023/9/25 19:08:18"}
info: Nest.js API-Server ready to http://localhost:3000/ {"timestamp":"2023/9/25 19:08:19"}
info: Nest.js API-Server ready to http://localhost:3000/ {"timestamp":"2023/9/25 19:08:33"}
info: Nest.js API-Server ready to http://localhost:3000/ {"timestamp":"2023/9/25 19:08:54"}
info: Nest.js API-Server ready to http://localhost:3000/ {"timestamp":"2023/9/25 19:08:56"}
info: Nest.js API-Server ready to http://localhost:3000/ {"timestamp":"2023/9/25 19:08:59"}
info: Nest.js API-Server ready to http://localhost:3000/ {"timestamp":"2023/9/25 19:09:41"}
info: Nest.js API-Server ready to http://localhost:3000/ {"timestamp":"2023/9/25 19:09:47"}
info: Nest.js API-Server ready to http://localhost:3000/ {"timestamp":"2023/9/25 19:10:37"}
info: Nest.js API-Server ready to http://localhost:3000/ {"timestamp":"2023/9/25 19:10:50"}
info: Nest.js API-Server ready to http://localhost:3000/ {"timestamp":"2023/9/25 19:10:53"}
info: Nest.js API-Server ready to http://localhost:3000/ {"timestamp":"2023/9/25 19:11:14"}
info: Nest.js API-Server ready to http://localhost:3000/ {"timestamp":"2023/9/25 19:11:36"}
info: Nest.js API-Server ready to http://localhost:3000/ {"timestamp":"2023/9/25 19:11:47"}
info: Nest.js API-Server ready to http://localhost:3000/ {"timestamp":"2023/9/25 19:12:13"}
info: Nest.js API-Server ready to http://localhost:3000/ {"timestamp":"2023/9/25 19:12:17"}
info: Nest.js API-Server ready to http://localhost:3000/ {"timestamp":"2023/9/25 19:12:39"}
info: Nest.js API-Server ready to http://localhost:3000/ {"timestamp":"2023/9/25 19:12:53"}
info: Nest.js API-Server ready to http://localhost:3000/ {"timestamp":"2023/9/25 19:12:55"}
info: Nest.js API-Server ready to http://localhost:3000/ {"timestamp":"2023/9/25 19:12:57"}
info: Nest.js API-Server ready to http://localhost:3000/ {"timestamp":"2023/9/25 19:13:23"}
info: Nest.js API-Server ready to http://localhost:3000/ {"timestamp":"2023/9/25 19:13:47"}
info: Nest.js API-Server ready to http://localhost:3000/ {"timestamp":"2023/9/25 19:13:55"}
info: Nest.js API-Server ready to http://localhost:3000/ {"timestamp":"2023/9/25 19:14:07"}
info: Nest.js API-Server ready to http://localhost:3000/ {"timestamp":"2023/9/25 19:14:09"}
info: Nest.js API-Server ready to http://localhost:3000/ {"timestamp":"2023/9/25 19:14:15"}
info: Nest.js API-Server ready to http://localhost:3000/ {"timestamp":"2023/9/25 19:14:16"}
info: Nest.js API-Server ready to http://localhost:3000/ {"timestamp":"2023/9/25 19:14:35"}
info: Nest.js API-Server ready to http://localhost:3000/ {"timestamp":"2023/9/25 19:14:38"}
info: Nest.js API-Server ready to http://localhost:3000/ {"timestamp":"2023/9/25 19:14:51"}
info: Nest.js API-Server ready to http://localhost:3000/ {"timestamp":"2023/9/25 19:14:58"}
info: Nest.js API-Server ready to http://localhost:3000/ {"timestamp":"2023/9/25 19:15:16"}
info: Nest.js API-Server ready to http://localhost:3000/ {"timestamp":"2023/9/25 19:15:27"}
warn: try to re-connect redisClientProvider after 10s... {"timestamp":"2023/9/25 19:16:26"}
warn: try to re-connect RedisWebCacheModule after 10s... {"timestamp":"2023/9/25 19:16:26"}
info: Nest.js API-Server ready to http://localhost:3000/ {"timestamp":"2023/9/25 19:16:35"}
info: Nest.js API-Server ready to http://localhost:3000/ {"timestamp":"2023/9/25 19:16:42"}
info: Nest.js API-Server ready to http://localhost:3000/ {"timestamp":"2023/9/25 19:17:19"}
warn: try to re-connect RedisWebCacheModule after 10s... {"timestamp":"2023/9/25 19:18:19"}
warn: try to re-connect redisClientProvider after 10s... {"timestamp":"2023/9/25 19:18:19"}
info: Nest.js API-Server ready to http://localhost:3000/ {"timestamp":"2023/9/25 19:18:39"}
warn: try to re-connect redisClientProvider after 10s... {"timestamp":"2023/9/25 19:19:39"}
warn: try to re-connect RedisWebCacheModule after 10s... {"timestamp":"2023/9/25 19:19:39"}
warn: try to re-connect RedisWebCacheModule after 10s... {"timestamp":"2023/9/25 19:20:49"}
warn: try to re-connect redisClientProvider after 10s... {"timestamp":"2023/9/25 19:20:49"}
info: Nest.js API-Server ready to http://localhost:3000/ {"timestamp":"2023/9/25 19:21:18"}
warn: try to re-connect redisClientProvider after 10s... {"timestamp":"2023/9/25 19:22:18"}
warn: try to re-connect RedisWebCacheModule after 10s... {"timestamp":"2023/9/25 19:22:18"}
warn: try to re-connect RedisWebCacheModule after 10s... {"timestamp":"2023/9/25 19:23:28"}
warn: try to re-connect redisClientProvider after 10s... {"timestamp":"2023/9/25 19:23:28"}
info: Nest.js API-Server ready to http://localhost:3000/ {"timestamp":"2023/9/25 19:24:03"}
info: Nest.js API-Server ready to http://localhost:3000/ {"timestamp":"2023/9/25 19:24:08"}
info: Nest.js API-Server ready to http://localhost:3000/ {"timestamp":"2023/9/25 19:24:10"}
info: Nest.js API-Server ready to http://localhost:3000/ {"timestamp":"2023/9/25 19:24:20"}
info: Nest.js API-Server ready to http://localhost:3000/ {"timestamp":"2023/9/25 19:24:38"}
info: Nest.js API-Server ready to http://localhost:3000/ {"timestamp":"2023/9/25 19:24:47"}
info: Nest.js API-Server ready to http://localhost:3000/ {"timestamp":"2023/9/25 19:25:04"}
info: Nest.js API-Server ready to http://localhost:3000/ {"timestamp":"2023/9/25 19:25:18"}
info: Nest.js API-Server ready to http://localhost:3000/ {"timestamp":"2023/9/25 19:25:21"}
warn: try to re-connect redisClientProvider after 10s... {"timestamp":"2023/9/25 19:26:20"}
warn: try to re-connect RedisWebCacheModule after 10s... {"timestamp":"2023/9/25 19:26:20"}
info: Nest.js API-Server ready to http://localhost:3000/ {"timestamp":"2023/9/25 19:26:37"}
info: Nest.js API-Server ready to http://localhost:3000/ {"timestamp":"2023/9/25 19:26:43"}
info: Nest.js API-Server ready to http://localhost:3000/ {"timestamp":"2023/9/25 19:26:54"}
info: Nest.js API-Server ready to http://localhost:3000/ {"timestamp":"2023/9/25 19:27:02"}
info: Nest.js API-Server ready to http://localhost:3000/ {"timestamp":"2023/9/25 19:27:08"}
warn: try to re-connect RedisWebCacheModule after 10s... {"timestamp":"2023/9/25 19:28:07"}
warn: try to re-connect redisClientProvider after 10s... {"timestamp":"2023/9/25 19:28:07"}
info: Nest.js API-Server ready to http://localhost:3000/ {"timestamp":"2023/9/25 19:28:11"}
info: Nest.js API-Server ready to http://localhost:3000/ {"timestamp":"2023/9/25 19:28:27"}
warn: try to re-connect RedisWebCacheModule after 10s... {"timestamp":"2023/9/25 19:29:26"}
warn: try to re-connect redisClientProvider after 10s... {"timestamp":"2023/9/25 19:29:26"}
info: Nest.js API-Server ready to http://localhost:3000/ {"timestamp":"2023/9/25 19:30:28"}
warn: try to re-connect RedisWebCacheModule after 10s... {"timestamp":"2023/9/25 19:31:27"}
warn: try to re-connect redisClientProvider after 10s... {"timestamp":"2023/9/25 19:31:27"}
info: Nest.js API-Server ready to http://localhost:3000/ {"timestamp":"2023/9/25 19:32:06"}
info: Nest.js API-Server ready to http://localhost:3000/ {"timestamp":"2023/9/25 19:32:16"}
info: Nest.js API-Server ready to http://localhost:3000/ {"timestamp":"2023/9/25 19:32:33"}
warn: try to re-connect RedisWebCacheModule after 10s... {"timestamp":"2023/9/25 19:33:33"}
warn: try to re-connect redisClientProvider after 10s... {"timestamp":"2023/9/25 19:33:33"}
warn: try to re-connect RedisWebCacheModule after 10s... {"timestamp":"2023/9/25 19:34:43"}
warn: try to re-connect redisClientProvider after 10s... {"timestamp":"2023/9/25 19:34:43"}
info: Nest.js API-Server ready to http://localhost:3000/ {"timestamp":"2023/9/25 19:35:20"}
info: Nest.js API-Server ready to http://localhost:3000/ {"timestamp":"2023/9/25 19:35:26"}
info: Nest.js API-Server ready to http://localhost:3000/ {"timestamp":"2023/9/25 19:35:32"}
info: Nest.js API-Server ready to http://localhost:3000/ {"timestamp":"2023/9/25 19:35:50"}
info: Nest.js API-Server ready to http://localhost:3000/ {"timestamp":"2023/9/25 19:36:02"}
warn: try to re-connect RedisWebCacheModule after 10s... {"timestamp":"2023/9/25 19:37:02"}
warn: try to re-connect redisClientProvider after 10s... {"timestamp":"2023/9/25 19:37:02"}
warn: try to re-connect RedisWebCacheModule after 10s... {"timestamp":"2023/9/25 19:38:12"}
warn: try to re-connect redisClientProvider after 10s... {"timestamp":"2023/9/25 19:38:12"}
warn: try to re-connect RedisWebCacheModule after 10s... {"timestamp":"2023/9/25 19:39:22"}
warn: try to re-connect redisClientProvider after 10s... {"timestamp":"2023/9/25 19:39:22"}
info: Nest.js API-Server ready to http://localhost:3000/ {"timestamp":"2023/9/25 19:40:27"}
info: Nest.js API-Server ready to http://localhost:3000/ {"timestamp":"2023/9/25 19:40:36"}
info: Nest.js API-Server ready to http://localhost:3000/ {"timestamp":"2023/9/25 19:41:09"}
info: Nest.js API-Server ready to http://localhost:3000/ {"timestamp":"2023/9/25 19:41:22"}
info: Nest.js API-Server ready to http://localhost:3000/ {"timestamp":"2023/9/25 19:42:02"}
warn: try to re-connect RedisWebCacheModule after 10s... {"timestamp":"2023/9/25 19:43:01"}
warn: try to re-connect redisClientProvider after 10s... {"timestamp":"2023/9/25 19:43:01"}
info: Nest.js API-Server ready to http://localhost:3000/ {"timestamp":"2023/9/25 19:43:36"}
info: Nest.js API-Server ready to http://localhost:3000/ {"timestamp":"2023/9/25 19:43:37"}
info: Nest.js API-Server ready to http://localhost:3000/ {"timestamp":"2023/9/25 19:44:12"}
info: Nest.js API-Server ready to http://localhost:3000/ {"timestamp":"2023/9/25 19:44:15"}
info: Nest.js API-Server ready to http://localhost:3000/ {"timestamp":"2023/9/25 19:44:26"}
info: Nest.js API-Server ready to http://localhost:3000/ {"timestamp":"2023/9/25 19:44:40"}
info: Nest.js API-Server ready to http://localhost:3000/ {"timestamp":"2023/9/25 19:45:08"}
info: Nest.js API-Server ready to http://localhost:3000/ {"timestamp":"2023/9/25 19:45:33"}
info: Nest.js API-Server ready to http://localhost:3000/ {"timestamp":"2023/9/25 19:45:37"}
info: Nest.js API-Server ready to http://localhost:3000/ {"timestamp":"2023/9/25 19:46:07"}
info: Nest.js API-Server ready to http://localhost:3000/ {"timestamp":"2023/9/25 19:52:30"}
warn: try to re-connect redisClientProvider after 10s... {"timestamp":"2023/9/25 19:53:30"}
warn: try to re-connect RedisWebCacheModule after 10s... {"timestamp":"2023/9/25 19:53:30"}
info: Nest.js API-Server ready to http://localhost:3000/ {"timestamp":"2023/9/25 19:53:39"}
info: Nest.js API-Server ready to http://localhost:3000/ {"timestamp":"2023/9/25 19:59:20"}
warn: try to re-connect RedisWebCacheModule after 10s... {"timestamp":"2023/9/25 20:00:19"}
warn: try to re-connect redisClientProvider after 10s... {"timestamp":"2023/9/25 20:00:19"}
info: Nest.js API-Server ready to http://localhost:3000/ {"timestamp":"2023/9/25 20:00:42"}
info: Nest.js API-Server ready to http://localhost:3000/ {"timestamp":"2023/9/25 20:01:06"}
warn: try to re-connect redisClientProvider after 10s... {"timestamp":"2023/9/25 20:02:05"}
warn: try to re-connect RedisWebCacheModule after 10s... {"timestamp":"2023/9/25 20:02:05"}
info: Nest.js API-Server ready to http://localhost:3000/ {"timestamp":"2023/9/25 20:02:56"}
warn: try to re-connect RedisWebCacheModule after 10s... {"timestamp":"2023/9/25 20:03:56"}
warn: try to re-connect redisClientProvider after 10s... {"timestamp":"2023/9/25 20:03:56"}
info: Nest.js API-Server ready to http://localhost:3000/ {"timestamp":"2023/9/25 20:04:37"}
info: Nest.js API-Server ready to http://localhost:3000/ {"timestamp":"2023/9/25 20:05:16"}
info: Nest.js API-Server ready to http://localhost:3000/ {"timestamp":"2023/9/25 20:05:24"}
info: Nest.js API-Server ready to http://localhost:3000/ {"timestamp":"2023/9/25 20:05:27"}
info: Nest.js API-Server ready to http://localhost:3000/ {"timestamp":"2023/9/25 20:05:36"}
info: Nest.js API-Server ready to http://localhost:3000/ {"timestamp":"2023/9/25 20:05:47"}
info: Nest.js API-Server ready to http://localhost:3000/ {"timestamp":"2023/9/25 20:05:57"}
info: Nest.js API-Server ready to http://localhost:3000/ {"timestamp":"2023/9/25 20:06:28"}
info: Nest.js API-Server ready to http://localhost:3000/ {"timestamp":"2023/9/25 20:06:39"}
info: Nest.js API-Server ready to http://localhost:3000/ {"timestamp":"2023/9/25 20:06:43"}
info: Nest.js API-Server ready to http://localhost:3000/ {"timestamp":"2023/9/25 20:06:50"}
info: Nest.js API-Server ready to http://localhost:3000/ {"timestamp":"2023/9/25 20:06:51"}
info: Nest.js API-Server ready to http://localhost:3000/ {"timestamp":"2023/9/25 20:07:12"}
info: Nest.js API-Server ready to http://localhost:3000/ {"timestamp":"2023/9/25 20:07:15"}
info: Nest.js API-Server ready to http://localhost:3000/ {"timestamp":"2023/9/25 20:07:32"}
info: Nest.js API-Server ready to http://localhost:3000/ {"timestamp":"2023/9/25 20:07:48"}
info: Nest.js API-Server ready to http://localhost:3000/ {"timestamp":"2023/9/25 20:08:38"}
info: Nest.js API-Server ready to http://localhost:3000/ {"timestamp":"2023/9/25 20:08:57"}
info: Nest.js API-Server ready to http://localhost:3000/ {"timestamp":"2023/9/25 20:09:18"}
info: Nest.js API-Server ready to http://localhost:3000/ {"timestamp":"2023/9/25 20:09:39"}
warn: try to re-connect redisClientProvider after 10s... {"timestamp":"2023/9/25 20:10:38"}
warn: try to re-connect RedisWebCacheModule after 10s... {"timestamp":"2023/9/25 20:10:38"}
warn: try to re-connect redisClientProvider after 10s... {"timestamp":"2023/9/25 20:11:47"}
warn: try to re-connect RedisWebCacheModule after 10s... {"timestamp":"2023/9/25 20:11:47"}
info: Nest.js API-Server ready to http://localhost:3000/ {"timestamp":"2023/9/25 20:12:43"}
info: Nest.js API-Server ready to http://localhost:3000/ {"timestamp":"2023/9/25 20:12:45"}
info: Nest.js API-Server ready to http://localhost:3000/ {"timestamp":"2023/9/25 20:12:49"}
info: Nest.js API-Server ready to http://localhost:3000/ {"timestamp":"2023/9/25 20:13:03"}
info: Nest.js API-Server ready to http://localhost:3000/ {"timestamp":"2023/9/25 20:13:38"}
info: Nest.js API-Server ready to http://localhost:3000/ {"timestamp":"2023/9/25 20:14:00"}
info: Nest.js API-Server ready to http://localhost:3000/ {"timestamp":"2023/9/25 20:14:02"}
info: Nest.js API-Server ready to http://localhost:3000/ {"timestamp":"2023/9/25 20:14:08"}
info: Nest.js API-Server ready to http://localhost:3000/ {"timestamp":"2023/9/25 20:14:13"}
warn: try to re-connect redisClientProvider after 10s... {"timestamp":"2023/9/25 20:15:12"}
warn: try to re-connect RedisWebCacheModule after 10s... {"timestamp":"2023/9/25 20:15:12"}
warn: try to re-connect RedisWebCacheModule after 10s... {"timestamp":"2023/9/25 20:16:22"}
warn: try to re-connect redisClientProvider after 10s... {"timestamp":"2023/9/25 20:16:22"}
warn: try to re-connect RedisWebCacheModule after 10s... {"timestamp":"2023/9/25 20:17:32"}
warn: try to re-connect redisClientProvider after 10s... {"timestamp":"2023/9/25 20:17:32"}
warn: try to re-connect redisClientProvider after 10s... {"timestamp":"2023/9/25 20:18:42"}
warn: try to re-connect RedisWebCacheModule after 10s... {"timestamp":"2023/9/25 20:18:42"}
warn: try to re-connect RedisWebCacheModule after 10s... {"timestamp":"2023/9/25 20:19:51"}
warn: try to re-connect redisClientProvider after 10s... {"timestamp":"2023/9/25 20:19:51"}
warn: try to re-connect redisClientProvider after 10s... {"timestamp":"2023/9/25 20:21:01"}
warn: try to re-connect RedisWebCacheModule after 10s... {"timestamp":"2023/9/25 20:21:01"}
warn: try to re-connect redisClientProvider after 10s... {"timestamp":"2023/9/25 20:22:11"}
warn: try to re-connect RedisWebCacheModule after 10s... {"timestamp":"2023/9/25 20:22:11"}
warn: try to re-connect redisClientProvider after 10s... {"timestamp":"2023/9/25 20:23:21"}
warn: try to re-connect RedisWebCacheModule after 10s... {"timestamp":"2023/9/25 20:23:21"}
warn: try to re-connect redisClientProvider after 10s... {"timestamp":"2023/9/25 20:24:31"}
warn: try to re-connect RedisWebCacheModule after 10s... {"timestamp":"2023/9/25 20:24:31"}
warn: try to re-connect RedisWebCacheModule after 10s... {"timestamp":"2023/9/25 20:25:40"}
warn: try to re-connect redisClientProvider after 10s... {"timestamp":"2023/9/25 20:25:40"}
warn: try to re-connect redisClientProvider after 10s... {"timestamp":"2023/9/25 20:26:50"}
warn: try to re-connect RedisWebCacheModule after 10s... {"timestamp":"2023/9/25 20:26:50"}
warn: try to re-connect redisClientProvider after 10s... {"timestamp":"2023/9/25 20:28:00"}
warn: try to re-connect RedisWebCacheModule after 10s... {"timestamp":"2023/9/25 20:28:00"}
warn: try to re-connect RedisWebCacheModule after 10s... {"timestamp":"2023/9/25 20:29:10"}
warn: try to re-connect redisClientProvider after 10s... {"timestamp":"2023/9/25 20:29:10"}
warn: try to re-connect RedisWebCacheModule after 10s... {"timestamp":"2023/9/25 20:30:20"}
warn: try to re-connect redisClientProvider after 10s... {"timestamp":"2023/9/25 20:30:20"}
info: Nest.js API-Server ready to http://localhost:3000/ {"timestamp":"2023/9/25 20:31:01"}
info: Nest.js API-Server ready to http://localhost:3000/ {"timestamp":"2023/9/25 20:31:23"}
info: Nest.js API-Server ready to http://localhost:3000/ {"timestamp":"2023/9/25 20:31:52"}
info: Nest.js API-Server ready to http://localhost:3000/ {"timestamp":"2023/9/25 20:32:18"}
warn: try to re-connect redisClientProvider after 10s... {"timestamp":"2023/9/25 20:33:17"}
warn: try to re-connect RedisWebCacheModule after 10s... {"timestamp":"2023/9/25 20:33:17"}
info: Nest.js API-Server ready to http://localhost:3000/ {"timestamp":"2023/9/25 20:34:05"}
info: Nest.js API-Server ready to http://localhost:3000/ {"timestamp":"2023/9/25 20:34:07"}
info: Nest.js API-Server ready to http://localhost:3000/ {"timestamp":"2023/9/25 20:54:27"}
info: Nest.js API-Server ready to http://localhost:3000/ {"timestamp":"2023/9/25 20:54:58"}
info: Nest.js API-Server ready to http://localhost:3000/ {"timestamp":"2023/9/25 20:55:08"}
info: Nest.js API-Server ready to http://localhost:3000/ {"timestamp":"2023/9/25 20:55:27"}
info: Nest.js API-Server ready to http://localhost:3000/ {"timestamp":"2023/9/25 20:55:38"}
info: Nest.js API-Server ready to http://localhost:3000/ {"timestamp":"2023/9/25 20:55:42"}
info: Nest.js API-Server ready to http://localhost:3000/ {"timestamp":"2023/9/25 20:55:43"}
info: Nest.js API-Server ready to http://localhost:3000/ {"timestamp":"2023/9/25 20:55:47"}
info: Nest.js API-Server ready to http://localhost:3000/ {"timestamp":"2023/9/25 20:56:34"}
info: Nest.js API-Server ready to http://localhost:3000/ {"timestamp":"2023/9/25 20:57:10"}
info: Nest.js API-Server ready to http://localhost:3000/ {"timestamp":"2023/9/25 20:57:30"}
info: Nest.js API-Server ready to http://localhost:3000/ {"timestamp":"2023/9/25 20:58:15"}
info: Nest.js API-Server ready to http://localhost:3000/ {"timestamp":"2023/9/25 20:58:24"}
info: Nest.js API-Server ready to http://localhost:3000/ {"timestamp":"2023/9/25 20:58:39"}
warn: try to re-connect RedisWebCacheModule after 10s... {"timestamp":"2023/9/25 20:59:38"}
warn: try to re-connect redisClientProvider after 10s... {"timestamp":"2023/9/25 20:59:38"}
info: Nest.js API-Server ready to http://localhost:3000/ {"timestamp":"2023/9/25 20:59:42"}
info: Nest.js API-Server ready to http://localhost:3000/ {"timestamp":"2023/9/25 20:59:49"}
warn: try to re-connect redisClientProvider after 10s... {"timestamp":"2023/9/25 21:00:48"}
warn: try to re-connect RedisWebCacheModule after 10s... {"timestamp":"2023/9/25 21:00:48"}
warn: try to re-connect redisClientProvider after 10s... {"timestamp":"2023/9/25 21:01:58"}
warn: try to re-connect RedisWebCacheModule after 10s... {"timestamp":"2023/9/25 21:01:58"}
info: Nest.js API-Server ready to http://localhost:3000/ {"timestamp":"2023/9/25 21:02:32"}
info: Nest.js API-Server ready to http://localhost:3000/ {"timestamp":"2023/9/25 21:03:21"}
info: Nest.js API-Server ready to http://localhost:3000/ {"timestamp":"2023/9/25 21:05:14"}
info: Nest.js API-Server ready to http://localhost:3000/ {"timestamp":"2023/9/25 21:05:50"}
info: Nest.js API-Server ready to http://localhost:3000/ {"timestamp":"2023/9/25 21:06:00"}
info: Nest.js API-Server ready to http://localhost:3000/ {"timestamp":"2023/9/25 21:06:17"}
info: Nest.js API-Server ready to http://localhost:3000/ {"timestamp":"2023/9/25 21:06:21"}
info: Nest.js API-Server ready to http://localhost:3000/ {"timestamp":"2023/9/25 21:06:23"}
info: Nest.js API-Server ready to http://localhost:3000/ {"timestamp":"2023/9/25 21:06:24"}
info: Nest.js API-Server ready to http://localhost:3000/ {"timestamp":"2023/9/25 21:06:27"}
info: Nest.js API-Server ready to http://localhost:3000/ {"timestamp":"2023/9/25 21:06:43"}
info: Nest.js API-Server ready to http://localhost:3000/ {"timestamp":"2023/9/25 21:06:56"}
info: Nest.js API-Server ready to http://localhost:3000/ {"timestamp":"2023/9/25 21:07:05"}
info: Nest.js API-Server ready to http://localhost:3000/ {"timestamp":"2023/9/25 21:07:22"}
info: Nest.js API-Server ready to http://localhost:3000/ {"timestamp":"2023/9/25 21:07:36"}
info: Nest.js API-Server ready to http://localhost:3000/ {"timestamp":"2023/9/25 21:07:46"}
info: Nest.js API-Server ready to http://localhost:3000/ {"timestamp":"2023/9/25 21:07:52"}
info: Nest.js API-Server ready to http://localhost:3000/ {"timestamp":"2023/9/25 21:08:38"}
info: Nest.js API-Server ready to http://localhost:3000/ {"timestamp":"2023/9/25 21:08:50"}
info: Nest.js API-Server ready to http://localhost:3000/ {"timestamp":"2023/9/25 21:09:25"}
warn: try to re-connect redisClientProvider after 10s... {"timestamp":"2023/9/25 21:10:24"}
warn: try to re-connect RedisWebCacheModule after 10s... {"timestamp":"2023/9/25 21:10:24"}
warn: try to re-connect RedisWebCacheModule after 10s... {"timestamp":"2023/9/25 21:11:34"}
warn: try to re-connect redisClientProvider after 10s... {"timestamp":"2023/9/25 21:11:34"}
warn: try to re-connect RedisWebCacheModule after 10s... {"timestamp":"2023/9/25 21:12:44"}
warn: try to re-connect redisClientProvider after 10s... {"timestamp":"2023/9/25 21:12:44"}
warn: try to re-connect redisClientProvider after 10s... {"timestamp":"2023/9/25 21:13:54"}
warn: try to re-connect RedisWebCacheModule after 10s... {"timestamp":"2023/9/25 21:13:54"}
warn: try to re-connect redisClientProvider after 10s... {"timestamp":"2023/9/25 21:15:04"}
warn: try to re-connect RedisWebCacheModule after 10s... {"timestamp":"2023/9/25 21:15:04"}
info: Nest.js API-Server ready to http://localhost:3000/ {"timestamp":"2023/9/25 21:40:02"}
info: Nest.js API-Server ready to http://localhost:3000/ {"timestamp":"2023/9/25 21:40:29"}
info: Nest.js API-Server ready to http://localhost:3000/ {"timestamp":"2023/9/25 21:41:05"}
info: Nest.js API-Server ready to http://localhost:3000/ {"timestamp":"2023/9/25 21:41:19"}
info: Nest.js API-Server ready to http://localhost:3000/ {"timestamp":"2023/9/25 21:41:31"}
info: Nest.js API-Server ready to http://localhost:3000/ {"timestamp":"2023/9/25 21:41:49"}
info: Nest.js API-Server ready to http://localhost:3000/ {"timestamp":"2023/9/25 21:42:02"}
warn: try to re-connect redisClientProvider after 10s... {"timestamp":"2023/9/25 21:43:02"}
warn: try to re-connect RedisWebCacheModule after 10s... {"timestamp":"2023/9/25 21:43:02"}
info: Nest.js API-Server ready to http://localhost:3000/ {"timestamp":"2023/9/25 21:43:07"}
