error: uncaughtException: Cannot find module '../../../shared/guards/auth.guard'
Error: Cannot find module '../../../shared/guards/auth.guard'
    at webpackMissingModule (/Users/mbp2019/Desktop/Development/mirrorcity/mirrortown.poi/dist/main.js:6550:91)
    at Object.<anonymous> (/Users/mbp2019/Desktop/Development/mirrorcity/mirrortown.poi/dist/main.js:6550:199)
    at __webpack_require__ (/Users/mbp2019/Desktop/Development/mirrorcity/mirrortown.poi/dist/main.js:11210:33)
    at fn (/Users/mbp2019/Desktop/Development/mirrorcity/mirrortown.poi/dist/main.js:11317:21)
    at Object.<anonymous> (/Users/mbp2019/Desktop/Development/mirrorcity/mirrortown.poi/dist/main.js:6502:14)
    at __webpack_require__ (/Users/mbp2019/Desktop/Development/mirrorcity/mirrortown.poi/dist/main.js:11210:33)
    at fn (/Users/mbp2019/Desktop/Development/mirrorcity/mirrortown.poi/dist/main.js:11317:21)
    at Object.<anonymous> (/Users/mbp2019/Desktop/Development/mirrorcity/mirrortown.poi/dist/main.js:6458:34)
    at __webpack_require__ (/Users/mbp2019/Desktop/Development/mirrorcity/mirrortown.poi/dist/main.js:11210:33)
    at fn (/Users/mbp2019/Desktop/Development/mirrorcity/mirrortown.poi/dist/main.js:11317:21) {"date":"Mon Aug 28 2023 20:33:12 GMT+0900 (Korean Standard Time)","error":{"code":"MODULE_NOT_FOUND"},"exception":true,"os":{"loadavg":[1.85205078125,2.615234375,2.787109375],"uptime":1052574},"process":{"argv":["/Users/mbp2019/.nvm/versions/node/v16.19.1/bin/node","/Users/mbp2019/Desktop/Development/mirrorcity/mirrortown.poi/dist/main.js"],"cwd":"/Users/mbp2019/Desktop/Development/mirrorcity/mirrortown.poi","execPath":"/Users/mbp2019/.nvm/versions/node/v16.19.1/bin/node","gid":20,"memoryUsage":{"arrayBuffers":1081014,"external":14029304,"heapTotal":85868544,"heapUsed":65926224,"rss":135430144},"pid":91826,"uid":503,"version":"v16.19.1"},"service":"SEERSLAB","stack":"Error: Cannot find module '../../../shared/guards/auth.guard'\n    at webpackMissingModule (/Users/mbp2019/Desktop/Development/mirrorcity/mirrortown.poi/dist/main.js:6550:91)\n    at Object.<anonymous> (/Users/mbp2019/Desktop/Development/mirrorcity/mirrortown.poi/dist/main.js:6550:199)\n    at __webpack_require__ (/Users/mbp2019/Desktop/Development/mirrorcity/mirrortown.poi/dist/main.js:11210:33)\n    at fn (/Users/mbp2019/Desktop/Development/mirrorcity/mirrortown.poi/dist/main.js:11317:21)\n    at Object.<anonymous> (/Users/mbp2019/Desktop/Development/mirrorcity/mirrortown.poi/dist/main.js:6502:14)\n    at __webpack_require__ (/Users/mbp2019/Desktop/Development/mirrorcity/mirrortown.poi/dist/main.js:11210:33)\n    at fn (/Users/mbp2019/Desktop/Development/mirrorcity/mirrortown.poi/dist/main.js:11317:21)\n    at Object.<anonymous> (/Users/mbp2019/Desktop/Development/mirrorcity/mirrortown.poi/dist/main.js:6458:34)\n    at __webpack_require__ (/Users/mbp2019/Desktop/Development/mirrorcity/mirrortown.poi/dist/main.js:11210:33)\n    at fn (/Users/mbp2019/Desktop/Development/mirrorcity/mirrortown.poi/dist/main.js:11317:21)","trace":[{"column":91,"file":"/Users/mbp2019/Desktop/Development/mirrorcity/mirrortown.poi/dist/main.js","function":"webpackMissingModule","line":6550,"method":null,"native":false},{"column":199,"file":"/Users/mbp2019/Desktop/Development/mirrorcity/mirrortown.poi/dist/main.js","function":null,"line":6550,"method":null,"native":false},{"column":33,"file":"/Users/mbp2019/Desktop/Development/mirrorcity/mirrortown.poi/dist/main.js","function":"__webpack_require__","line":11210,"method":null,"native":false},{"column":21,"file":"/Users/mbp2019/Desktop/Development/mirrorcity/mirrortown.poi/dist/main.js","function":"fn","line":11317,"method":null,"native":false},{"column":14,"file":"/Users/mbp2019/Desktop/Development/mirrorcity/mirrortown.poi/dist/main.js","function":null,"line":6502,"method":null,"native":false},{"column":33,"file":"/Users/mbp2019/Desktop/Development/mirrorcity/mirrortown.poi/dist/main.js","function":"__webpack_require__","line":11210,"method":null,"native":false},{"column":21,"file":"/Users/mbp2019/Desktop/Development/mirrorcity/mirrortown.poi/dist/main.js","function":"fn","line":11317,"method":null,"native":false},{"column":34,"file":"/Users/mbp2019/Desktop/Development/mirrorcity/mirrortown.poi/dist/main.js","function":null,"line":6458,"method":null,"native":false},{"column":33,"file":"/Users/mbp2019/Desktop/Development/mirrorcity/mirrortown.poi/dist/main.js","function":"__webpack_require__","line":11210,"method":null,"native":false},{"column":21,"file":"/Users/mbp2019/Desktop/Development/mirrorcity/mirrortown.poi/dist/main.js","function":"fn","line":11317,"method":null,"native":false}]}
error: uncaughtException: Module parse failed: Unexpected token (41:46)
File was processed with these loaders:
 * ./node_modules/ts-loader/index.js
You may need an additional loader to handle the result of these loaders.
|     }
|     getSessionHashKey(session) {
>         console.log('this.prefix', $, { this: .prefix }, u, s, $, { session }, _h);
|         return `${this.prefix}u:s:${session}_h`;
|     }
Error: Module parse failed: Unexpected token (41:46)
File was processed with these loaders:
 * ./node_modules/ts-loader/index.js
You may need an additional loader to handle the result of these loaders.
|     }
|     getSessionHashKey(session) {
>         console.log('this.prefix', $, { this: .prefix }, u, s, $, { session }, _h);
|         return `${this.prefix}u:s:${session}_h`;
|     }
    at Object.create.k2 (/Users/mbp2019/Desktop/Development/mirrorcity/mirrortown.poi/dist/main.js:969:7)
    at __webpack_require__ (/Users/mbp2019/Desktop/Development/mirrorcity/mirrortown.poi/dist/main.js:11067:33)
    at fn (/Users/mbp2019/Desktop/Development/mirrorcity/mirrortown.poi/dist/main.js:11174:21)
    at Object.<anonymous> (/Users/mbp2019/Desktop/Development/mirrorcity/mirrortown.poi/dist/main.js:952:27)
    at __webpack_require__ (/Users/mbp2019/Desktop/Development/mirrorcity/mirrortown.poi/dist/main.js:11067:33)
    at fn (/Users/mbp2019/Desktop/Development/mirrorcity/mirrortown.poi/dist/main.js:11174:21)
    at Object.<anonymous> (/Users/mbp2019/Desktop/Development/mirrorcity/mirrortown.poi/dist/main.js:740:14)
    at __webpack_require__ (/Users/mbp2019/Desktop/Development/mirrorcity/mirrortown.poi/dist/main.js:11067:33)
    at fn (/Users/mbp2019/Desktop/Development/mirrorcity/mirrortown.poi/dist/main.js:11174:21)
    at Object.<anonymous> (/Users/mbp2019/Desktop/Development/mirrorcity/mirrortown.poi/dist/main.js:531:30) {"date":"Mon Aug 28 2023 20:53:30 GMT+0900 (Korean Standard Time)","error":{},"exception":true,"os":{"loadavg":[1.853515625,2.36962890625,2.607421875],"uptime":1053792},"process":{"argv":["/Users/mbp2019/.nvm/versions/node/v16.19.1/bin/node","/Users/mbp2019/Desktop/Development/mirrorcity/mirrortown.poi/dist/main.js"],"cwd":"/Users/mbp2019/Desktop/Development/mirrorcity/mirrortown.poi","execPath":"/Users/mbp2019/.nvm/versions/node/v16.19.1/bin/node","gid":20,"memoryUsage":{"arrayBuffers":232686,"external":12111253,"heapTotal":76595200,"heapUsed":49399224,"rss":123584512},"pid":93443,"uid":503,"version":"v16.19.1"},"service":"SEERSLAB","stack":"Error: Module parse failed: Unexpected token (41:46)\nFile was processed with these loaders:\n * ./node_modules/ts-loader/index.js\nYou may need an additional loader to handle the result of these loaders.\n|     }\n|     getSessionHashKey(session) {\n>         console.log('this.prefix', $, { this: .prefix }, u, s, $, { session }, _h);\n|         return `${this.prefix}u:s:${session}_h`;\n|     }\n    at Object.create.k2 (/Users/mbp2019/Desktop/Development/mirrorcity/mirrortown.poi/dist/main.js:969:7)\n    at __webpack_require__ (/Users/mbp2019/Desktop/Development/mirrorcity/mirrortown.poi/dist/main.js:11067:33)\n    at fn (/Users/mbp2019/Desktop/Development/mirrorcity/mirrortown.poi/dist/main.js:11174:21)\n    at Object.<anonymous> (/Users/mbp2019/Desktop/Development/mirrorcity/mirrortown.poi/dist/main.js:952:27)\n    at __webpack_require__ (/Users/mbp2019/Desktop/Development/mirrorcity/mirrortown.poi/dist/main.js:11067:33)\n    at fn (/Users/mbp2019/Desktop/Development/mirrorcity/mirrortown.poi/dist/main.js:11174:21)\n    at Object.<anonymous> (/Users/mbp2019/Desktop/Development/mirrorcity/mirrortown.poi/dist/main.js:740:14)\n    at __webpack_require__ (/Users/mbp2019/Desktop/Development/mirrorcity/mirrortown.poi/dist/main.js:11067:33)\n    at fn (/Users/mbp2019/Desktop/Development/mirrorcity/mirrortown.poi/dist/main.js:11174:21)\n    at Object.<anonymous> (/Users/mbp2019/Desktop/Development/mirrorcity/mirrortown.poi/dist/main.js:531:30)","trace":[{"column":7,"file":"/Users/mbp2019/Desktop/Development/mirrorcity/mirrortown.poi/dist/main.js","function":"Object.create.k2","line":969,"method":"k2","native":false},{"column":33,"file":"/Users/mbp2019/Desktop/Development/mirrorcity/mirrortown.poi/dist/main.js","function":"__webpack_require__","line":11067,"method":null,"native":false},{"column":21,"file":"/Users/mbp2019/Desktop/Development/mirrorcity/mirrortown.poi/dist/main.js","function":"fn","line":11174,"method":null,"native":false},{"column":27,"file":"/Users/mbp2019/Desktop/Development/mirrorcity/mirrortown.poi/dist/main.js","function":null,"line":952,"method":null,"native":false},{"column":33,"file":"/Users/mbp2019/Desktop/Development/mirrorcity/mirrortown.poi/dist/main.js","function":"__webpack_require__","line":11067,"method":null,"native":false},{"column":21,"file":"/Users/mbp2019/Desktop/Development/mirrorcity/mirrortown.poi/dist/main.js","function":"fn","line":11174,"method":null,"native":false},{"column":14,"file":"/Users/mbp2019/Desktop/Development/mirrorcity/mirrortown.poi/dist/main.js","function":null,"line":740,"method":null,"native":false},{"column":33,"file":"/Users/mbp2019/Desktop/Development/mirrorcity/mirrortown.poi/dist/main.js","function":"__webpack_require__","line":11067,"method":null,"native":false},{"column":21,"file":"/Users/mbp2019/Desktop/Development/mirrorcity/mirrortown.poi/dist/main.js","function":"fn","line":11174,"method":null,"native":false},{"column":30,"file":"/Users/mbp2019/Desktop/Development/mirrorcity/mirrortown.poi/dist/main.js","function":null,"line":531,"method":null,"native":false}]}
