error: uncaughtException: nanoId is not defined
ReferenceError: nanoId is not defined
    at Object.<anonymous> (/Users/mbp2019/Desktop/Development/mirrorcity/mirrortown.poi/dist/main.js:4912:51)
    at __webpack_require__ (/Users/mbp2019/Desktop/Development/mirrorcity/mirrortown.poi/dist/main.js:17798:33)
    at fn (/Users/mbp2019/Desktop/Development/mirrorcity/mirrortown.poi/dist/main.js:17905:21)
    at Object.<anonymous> (/Users/mbp2019/Desktop/Development/mirrorcity/mirrortown.poi/dist/main.js:4215:14)
    at __webpack_require__ (/Users/mbp2019/Desktop/Development/mirrorcity/mirrortown.poi/dist/main.js:17798:33)
    at fn (/Users/mbp2019/Desktop/Development/mirrorcity/mirrortown.poi/dist/main.js:17905:21)
    at Object.<anonymous> (/Users/mbp2019/Desktop/Development/mirrorcity/mirrortown.poi/dist/main.js:3895:20)
    at __webpack_require__ (/Users/mbp2019/Desktop/Development/mirrorcity/mirrortown.poi/dist/main.js:17798:33)
    at fn (/Users/mbp2019/Desktop/Development/mirrorcity/mirrortown.poi/dist/main.js:17905:21)
    at Object.<anonymous> (/Users/mbp2019/Desktop/Development/mirrorcity/mirrortown.poi/dist/main.js:3846:14) {"date":"Fri Sep 15 2023 14:23:45 GMT+0900 (Korean Standard Time)","error":{},"exception":true,"os":{"loadavg":[3.10791015625,2.6962890625,2.52587890625],"uptime":689028},"process":{"argv":["/Users/mbp2019/.nvm/versions/node/v16.19.1/bin/node","/Users/mbp2019/Desktop/Development/mirrorcity/mirrortown.poi/dist/main.js"],"cwd":"/Users/mbp2019/Desktop/Development/mirrorcity/mirrortown.poi","execPath":"/Users/mbp2019/.nvm/versions/node/v16.19.1/bin/node","gid":20,"memoryUsage":{"arrayBuffers":970788,"external":14312642,"heapTotal":86360064,"heapUsed":62846832,"rss":137756672},"pid":10765,"uid":503,"version":"v16.19.1"},"service":"SEERSLAB","stack":"ReferenceError: nanoId is not defined\n    at Object.<anonymous> (/Users/mbp2019/Desktop/Development/mirrorcity/mirrortown.poi/dist/main.js:4912:51)\n    at __webpack_require__ (/Users/mbp2019/Desktop/Development/mirrorcity/mirrortown.poi/dist/main.js:17798:33)\n    at fn (/Users/mbp2019/Desktop/Development/mirrorcity/mirrortown.poi/dist/main.js:17905:21)\n    at Object.<anonymous> (/Users/mbp2019/Desktop/Development/mirrorcity/mirrortown.poi/dist/main.js:4215:14)\n    at __webpack_require__ (/Users/mbp2019/Desktop/Development/mirrorcity/mirrortown.poi/dist/main.js:17798:33)\n    at fn (/Users/mbp2019/Desktop/Development/mirrorcity/mirrortown.poi/dist/main.js:17905:21)\n    at Object.<anonymous> (/Users/mbp2019/Desktop/Development/mirrorcity/mirrortown.poi/dist/main.js:3895:20)\n    at __webpack_require__ (/Users/mbp2019/Desktop/Development/mirrorcity/mirrortown.poi/dist/main.js:17798:33)\n    at fn (/Users/mbp2019/Desktop/Development/mirrorcity/mirrortown.poi/dist/main.js:17905:21)\n    at Object.<anonymous> (/Users/mbp2019/Desktop/Development/mirrorcity/mirrortown.poi/dist/main.js:3846:14)","trace":[{"column":51,"file":"/Users/mbp2019/Desktop/Development/mirrorcity/mirrortown.poi/dist/main.js","function":null,"line":4912,"method":null,"native":false},{"column":33,"file":"/Users/mbp2019/Desktop/Development/mirrorcity/mirrortown.poi/dist/main.js","function":"__webpack_require__","line":17798,"method":null,"native":false},{"column":21,"file":"/Users/mbp2019/Desktop/Development/mirrorcity/mirrortown.poi/dist/main.js","function":"fn","line":17905,"method":null,"native":false},{"column":14,"file":"/Users/mbp2019/Desktop/Development/mirrorcity/mirrortown.poi/dist/main.js","function":null,"line":4215,"method":null,"native":false},{"column":33,"file":"/Users/mbp2019/Desktop/Development/mirrorcity/mirrortown.poi/dist/main.js","function":"__webpack_require__","line":17798,"method":null,"native":false},{"column":21,"file":"/Users/mbp2019/Desktop/Development/mirrorcity/mirrortown.poi/dist/main.js","function":"fn","line":17905,"method":null,"native":false},{"column":20,"file":"/Users/mbp2019/Desktop/Development/mirrorcity/mirrortown.poi/dist/main.js","function":null,"line":3895,"method":null,"native":false},{"column":33,"file":"/Users/mbp2019/Desktop/Development/mirrorcity/mirrortown.poi/dist/main.js","function":"__webpack_require__","line":17798,"method":null,"native":false},{"column":21,"file":"/Users/mbp2019/Desktop/Development/mirrorcity/mirrortown.poi/dist/main.js","function":"fn","line":17905,"method":null,"native":false},{"column":14,"file":"/Users/mbp2019/Desktop/Development/mirrorcity/mirrortown.poi/dist/main.js","function":null,"line":3846,"method":null,"native":false}]}
error: uncaughtException: Module parse failed: Unexpected token (45:29)
File was processed with these loaders:
 * ./node_modules/ts-loader/index.js
You may need an additional loader to handle the result of these loaders.
|                 path: string;
|                 name: string;
>                 bundleKey ?  : string;
|                 assetKey: string[];
|                 package: string;
Error: Module parse failed: Unexpected token (45:29)
File was processed with these loaders:
 * ./node_modules/ts-loader/index.js
You may need an additional loader to handle the result of these loaders.
|                 path: string;
|                 name: string;
>                 bundleKey ?  : string;
|                 assetKey: string[];
|                 package: string;
    at Object.__decorate (/Users/mbp2019/Desktop/Development/mirrorcity/mirrortown.poi/dist/main.js:10616:7)
    at __webpack_require__ (/Users/mbp2019/Desktop/Development/mirrorcity/mirrortown.poi/dist/main.js:17767:33)
    at fn (/Users/mbp2019/Desktop/Development/mirrorcity/mirrortown.poi/dist/main.js:17874:21)
    at Object.<anonymous> (/Users/mbp2019/Desktop/Development/mirrorcity/mirrortown.poi/dist/main.js:9893:14)
    at __webpack_require__ (/Users/mbp2019/Desktop/Development/mirrorcity/mirrortown.poi/dist/main.js:17767:33)
    at fn (/Users/mbp2019/Desktop/Development/mirrorcity/mirrortown.poi/dist/main.js:17874:21)
    at Object.<anonymous> (/Users/mbp2019/Desktop/Development/mirrorcity/mirrortown.poi/dist/main.js:9456:20)
    at __webpack_require__ (/Users/mbp2019/Desktop/Development/mirrorcity/mirrortown.poi/dist/main.js:17767:33)
    at fn (/Users/mbp2019/Desktop/Development/mirrorcity/mirrortown.poi/dist/main.js:17874:21)
    at Object.<anonymous> (/Users/mbp2019/Desktop/Development/mirrorcity/mirrortown.poi/dist/main.js:9406:14) {"date":"Fri Sep 15 2023 15:40:35 GMT+0900 (Korean Standard Time)","error":{},"exception":true,"os":{"loadavg":[6.54931640625,4.7451171875,3.818359375],"uptime":693638},"process":{"argv":["/Users/mbp2019/.nvm/versions/node/v16.19.1/bin/node","/Users/mbp2019/Desktop/Development/mirrorcity/mirrortown.poi/dist/main.js"],"cwd":"/Users/mbp2019/Desktop/Development/mirrorcity/mirrortown.poi","execPath":"/Users/mbp2019/.nvm/versions/node/v16.19.1/bin/node","gid":20,"memoryUsage":{"arrayBuffers":561848,"external":14888659,"heapTotal":90537984,"heapUsed":63721824,"rss":129662976},"pid":17832,"uid":503,"version":"v16.19.1"},"service":"SEERSLAB","stack":"Error: Module parse failed: Unexpected token (45:29)\nFile was processed with these loaders:\n * ./node_modules/ts-loader/index.js\nYou may need an additional loader to handle the result of these loaders.\n|                 path: string;\n|                 name: string;\n>                 bundleKey ?  : string;\n|                 assetKey: string[];\n|                 package: string;\n    at Object.__decorate (/Users/mbp2019/Desktop/Development/mirrorcity/mirrortown.poi/dist/main.js:10616:7)\n    at __webpack_require__ (/Users/mbp2019/Desktop/Development/mirrorcity/mirrortown.poi/dist/main.js:17767:33)\n    at fn (/Users/mbp2019/Desktop/Development/mirrorcity/mirrortown.poi/dist/main.js:17874:21)\n    at Object.<anonymous> (/Users/mbp2019/Desktop/Development/mirrorcity/mirrortown.poi/dist/main.js:9893:14)\n    at __webpack_require__ (/Users/mbp2019/Desktop/Development/mirrorcity/mirrortown.poi/dist/main.js:17767:33)\n    at fn (/Users/mbp2019/Desktop/Development/mirrorcity/mirrortown.poi/dist/main.js:17874:21)\n    at Object.<anonymous> (/Users/mbp2019/Desktop/Development/mirrorcity/mirrortown.poi/dist/main.js:9456:20)\n    at __webpack_require__ (/Users/mbp2019/Desktop/Development/mirrorcity/mirrortown.poi/dist/main.js:17767:33)\n    at fn (/Users/mbp2019/Desktop/Development/mirrorcity/mirrortown.poi/dist/main.js:17874:21)\n    at Object.<anonymous> (/Users/mbp2019/Desktop/Development/mirrorcity/mirrortown.poi/dist/main.js:9406:14)","trace":[{"column":7,"file":"/Users/mbp2019/Desktop/Development/mirrorcity/mirrortown.poi/dist/main.js","function":"Object.__decorate","line":10616,"method":"__decorate","native":false},{"column":33,"file":"/Users/mbp2019/Desktop/Development/mirrorcity/mirrortown.poi/dist/main.js","function":"__webpack_require__","line":17767,"method":null,"native":false},{"column":21,"file":"/Users/mbp2019/Desktop/Development/mirrorcity/mirrortown.poi/dist/main.js","function":"fn","line":17874,"method":null,"native":false},{"column":14,"file":"/Users/mbp2019/Desktop/Development/mirrorcity/mirrortown.poi/dist/main.js","function":null,"line":9893,"method":null,"native":false},{"column":33,"file":"/Users/mbp2019/Desktop/Development/mirrorcity/mirrortown.poi/dist/main.js","function":"__webpack_require__","line":17767,"method":null,"native":false},{"column":21,"file":"/Users/mbp2019/Desktop/Development/mirrorcity/mirrortown.poi/dist/main.js","function":"fn","line":17874,"method":null,"native":false},{"column":20,"file":"/Users/mbp2019/Desktop/Development/mirrorcity/mirrortown.poi/dist/main.js","function":null,"line":9456,"method":null,"native":false},{"column":33,"file":"/Users/mbp2019/Desktop/Development/mirrorcity/mirrortown.poi/dist/main.js","function":"__webpack_require__","line":17767,"method":null,"native":false},{"column":21,"file":"/Users/mbp2019/Desktop/Development/mirrorcity/mirrortown.poi/dist/main.js","function":"fn","line":17874,"method":null,"native":false},{"column":14,"file":"/Users/mbp2019/Desktop/Development/mirrorcity/mirrortown.poi/dist/main.js","function":null,"line":9406,"method":null,"native":false}]}
