error: uncaughtException: Module parse failed: Unexpected token (95:34)
File was processed with these loaders:
 * ./node_modules/ts-loader/index.js
You may need an additional loader to handle the result of these loaders.
|             const res = yield this.spaceRepository.category();
|             const furnitureItems = res;
>             const categoryItems = ;
|             const thumbnailItems = [];
|             const refinedFurnitureItems = furnitureItems.map((item) => {
Error: Module parse failed: Unexpected token (95:34)
File was processed with these loaders:
 * ./node_modules/ts-loader/index.js
You may need an additional loader to handle the result of these loaders.
|             const res = yield this.spaceRepository.category();
|             const furnitureItems = res;
>             const categoryItems = ;
|             const thumbnailItems = [];
|             const refinedFurnitureItems = furnitureItems.map((item) => {
    at Object.create.k2 (/Users/mbp2019/Desktop/Development/mirrorcity/mirrortown.poi/dist/main.js:4830:7)
    at __webpack_require__ (/Users/mbp2019/Desktop/Development/mirrorcity/mirrortown.poi/dist/main.js:18743:33)
    at fn (/Users/mbp2019/Desktop/Development/mirrorcity/mirrortown.poi/dist/main.js:18850:21)
    at Object.<anonymous> (/Users/mbp2019/Desktop/Development/mirrorcity/mirrortown.poi/dist/main.js:4254:14)
    at __webpack_require__ (/Users/mbp2019/Desktop/Development/mirrorcity/mirrortown.poi/dist/main.js:18743:33)
    at fn (/Users/mbp2019/Desktop/Development/mirrorcity/mirrortown.poi/dist/main.js:18850:21)
    at Object.<anonymous> (/Users/mbp2019/Desktop/Development/mirrorcity/mirrortown.poi/dist/main.js:3923:20)
    at __webpack_require__ (/Users/mbp2019/Desktop/Development/mirrorcity/mirrortown.poi/dist/main.js:18743:33)
    at fn (/Users/mbp2019/Desktop/Development/mirrorcity/mirrortown.poi/dist/main.js:18850:21)
    at Object.<anonymous> (/Users/mbp2019/Desktop/Development/mirrorcity/mirrortown.poi/dist/main.js:3874:14) {"date":"Wed Sep 20 2023 12:57:29 GMT+0900 (Korean Standard Time)","error":{},"exception":true,"os":{"loadavg":[3.8603515625,3.00732421875,2.451171875],"uptime":162322},"process":{"argv":["/Users/mbp2019/.nvm/versions/node/v16.19.1/bin/node","/Users/mbp2019/Desktop/Development/mirrorcity/mirrortown.poi/dist/main.js"],"cwd":"/Users/mbp2019/Desktop/Development/mirrorcity/mirrortown.poi","execPath":"/Users/mbp2019/.nvm/versions/node/v16.19.1/bin/node","gid":20,"memoryUsage":{"arrayBuffers":942637,"external":14330502,"heapTotal":86441984,"heapUsed":63162472,"rss":136708096},"pid":6738,"uid":503,"version":"v16.19.1"},"service":"SEERSLAB","stack":"Error: Module parse failed: Unexpected token (95:34)\nFile was processed with these loaders:\n * ./node_modules/ts-loader/index.js\nYou may need an additional loader to handle the result of these loaders.\n|             const res = yield this.spaceRepository.category();\n|             const furnitureItems = res;\n>             const categoryItems = ;\n|             const thumbnailItems = [];\n|             const refinedFurnitureItems = furnitureItems.map((item) => {\n    at Object.create.k2 (/Users/mbp2019/Desktop/Development/mirrorcity/mirrortown.poi/dist/main.js:4830:7)\n    at __webpack_require__ (/Users/mbp2019/Desktop/Development/mirrorcity/mirrortown.poi/dist/main.js:18743:33)\n    at fn (/Users/mbp2019/Desktop/Development/mirrorcity/mirrortown.poi/dist/main.js:18850:21)\n    at Object.<anonymous> (/Users/mbp2019/Desktop/Development/mirrorcity/mirrortown.poi/dist/main.js:4254:14)\n    at __webpack_require__ (/Users/mbp2019/Desktop/Development/mirrorcity/mirrortown.poi/dist/main.js:18743:33)\n    at fn (/Users/mbp2019/Desktop/Development/mirrorcity/mirrortown.poi/dist/main.js:18850:21)\n    at Object.<anonymous> (/Users/mbp2019/Desktop/Development/mirrorcity/mirrortown.poi/dist/main.js:3923:20)\n    at __webpack_require__ (/Users/mbp2019/Desktop/Development/mirrorcity/mirrortown.poi/dist/main.js:18743:33)\n    at fn (/Users/mbp2019/Desktop/Development/mirrorcity/mirrortown.poi/dist/main.js:18850:21)\n    at Object.<anonymous> (/Users/mbp2019/Desktop/Development/mirrorcity/mirrortown.poi/dist/main.js:3874:14)","trace":[{"column":7,"file":"/Users/mbp2019/Desktop/Development/mirrorcity/mirrortown.poi/dist/main.js","function":"Object.create.k2","line":4830,"method":"k2","native":false},{"column":33,"file":"/Users/mbp2019/Desktop/Development/mirrorcity/mirrortown.poi/dist/main.js","function":"__webpack_require__","line":18743,"method":null,"native":false},{"column":21,"file":"/Users/mbp2019/Desktop/Development/mirrorcity/mirrortown.poi/dist/main.js","function":"fn","line":18850,"method":null,"native":false},{"column":14,"file":"/Users/mbp2019/Desktop/Development/mirrorcity/mirrortown.poi/dist/main.js","function":null,"line":4254,"method":null,"native":false},{"column":33,"file":"/Users/mbp2019/Desktop/Development/mirrorcity/mirrortown.poi/dist/main.js","function":"__webpack_require__","line":18743,"method":null,"native":false},{"column":21,"file":"/Users/mbp2019/Desktop/Development/mirrorcity/mirrortown.poi/dist/main.js","function":"fn","line":18850,"method":null,"native":false},{"column":20,"file":"/Users/mbp2019/Desktop/Development/mirrorcity/mirrortown.poi/dist/main.js","function":null,"line":3923,"method":null,"native":false},{"column":33,"file":"/Users/mbp2019/Desktop/Development/mirrorcity/mirrortown.poi/dist/main.js","function":"__webpack_require__","line":18743,"method":null,"native":false},{"column":21,"file":"/Users/mbp2019/Desktop/Development/mirrorcity/mirrortown.poi/dist/main.js","function":"fn","line":18850,"method":null,"native":false},{"column":14,"file":"/Users/mbp2019/Desktop/Development/mirrorcity/mirrortown.poi/dist/main.js","function":null,"line":3874,"method":null,"native":false}]}
error: uncaughtException: Module parse failed: Unexpected token (95:41)
File was processed with these loaders:
 * ./node_modules/ts-loader/index.js
You may need an additional loader to handle the result of these loaders.
|             const res = yield this.spaceRepository.category();
|             const furnitureItems = res;
>             const categoryItems = string[];
|             const thumbnailItems = [];
|             const refinedFurnitureItems = furnitureItems.map((item) => {
Error: Module parse failed: Unexpected token (95:41)
File was processed with these loaders:
 * ./node_modules/ts-loader/index.js
You may need an additional loader to handle the result of these loaders.
|             const res = yield this.spaceRepository.category();
|             const furnitureItems = res;
>             const categoryItems = string[];
|             const thumbnailItems = [];
|             const refinedFurnitureItems = furnitureItems.map((item) => {
    at Object.create.k2 (/Users/mbp2019/Desktop/Development/mirrorcity/mirrortown.poi/dist/main.js:4830:7)
    at __webpack_require__ (/Users/mbp2019/Desktop/Development/mirrorcity/mirrortown.poi/dist/main.js:18743:33)
    at fn (/Users/mbp2019/Desktop/Development/mirrorcity/mirrortown.poi/dist/main.js:18850:21)
    at Object.<anonymous> (/Users/mbp2019/Desktop/Development/mirrorcity/mirrortown.poi/dist/main.js:4254:14)
    at __webpack_require__ (/Users/mbp2019/Desktop/Development/mirrorcity/mirrortown.poi/dist/main.js:18743:33)
    at fn (/Users/mbp2019/Desktop/Development/mirrorcity/mirrortown.poi/dist/main.js:18850:21)
    at Object.<anonymous> (/Users/mbp2019/Desktop/Development/mirrorcity/mirrortown.poi/dist/main.js:3923:20)
    at __webpack_require__ (/Users/mbp2019/Desktop/Development/mirrorcity/mirrortown.poi/dist/main.js:18743:33)
    at fn (/Users/mbp2019/Desktop/Development/mirrorcity/mirrortown.poi/dist/main.js:18850:21)
    at Object.<anonymous> (/Users/mbp2019/Desktop/Development/mirrorcity/mirrortown.poi/dist/main.js:3874:14) {"date":"Wed Sep 20 2023 12:59:25 GMT+0900 (Korean Standard Time)","error":{},"exception":true,"os":{"loadavg":[4.4873046875,3.3798828125,2.65234375],"uptime":162438},"process":{"argv":["/Users/mbp2019/.nvm/versions/node/v16.19.1/bin/node","/Users/mbp2019/Desktop/Development/mirrorcity/mirrortown.poi/dist/main.js"],"cwd":"/Users/mbp2019/Desktop/Development/mirrorcity/mirrortown.poi","execPath":"/Users/mbp2019/.nvm/versions/node/v16.19.1/bin/node","gid":20,"memoryUsage":{"arrayBuffers":933936,"external":14330510,"heapTotal":86441984,"heapUsed":63186440,"rss":135053312},"pid":7012,"uid":503,"version":"v16.19.1"},"service":"SEERSLAB","stack":"Error: Module parse failed: Unexpected token (95:41)\nFile was processed with these loaders:\n * ./node_modules/ts-loader/index.js\nYou may need an additional loader to handle the result of these loaders.\n|             const res = yield this.spaceRepository.category();\n|             const furnitureItems = res;\n>             const categoryItems = string[];\n|             const thumbnailItems = [];\n|             const refinedFurnitureItems = furnitureItems.map((item) => {\n    at Object.create.k2 (/Users/mbp2019/Desktop/Development/mirrorcity/mirrortown.poi/dist/main.js:4830:7)\n    at __webpack_require__ (/Users/mbp2019/Desktop/Development/mirrorcity/mirrortown.poi/dist/main.js:18743:33)\n    at fn (/Users/mbp2019/Desktop/Development/mirrorcity/mirrortown.poi/dist/main.js:18850:21)\n    at Object.<anonymous> (/Users/mbp2019/Desktop/Development/mirrorcity/mirrortown.poi/dist/main.js:4254:14)\n    at __webpack_require__ (/Users/mbp2019/Desktop/Development/mirrorcity/mirrortown.poi/dist/main.js:18743:33)\n    at fn (/Users/mbp2019/Desktop/Development/mirrorcity/mirrortown.poi/dist/main.js:18850:21)\n    at Object.<anonymous> (/Users/mbp2019/Desktop/Development/mirrorcity/mirrortown.poi/dist/main.js:3923:20)\n    at __webpack_require__ (/Users/mbp2019/Desktop/Development/mirrorcity/mirrortown.poi/dist/main.js:18743:33)\n    at fn (/Users/mbp2019/Desktop/Development/mirrorcity/mirrortown.poi/dist/main.js:18850:21)\n    at Object.<anonymous> (/Users/mbp2019/Desktop/Development/mirrorcity/mirrortown.poi/dist/main.js:3874:14)","trace":[{"column":7,"file":"/Users/mbp2019/Desktop/Development/mirrorcity/mirrortown.poi/dist/main.js","function":"Object.create.k2","line":4830,"method":"k2","native":false},{"column":33,"file":"/Users/mbp2019/Desktop/Development/mirrorcity/mirrortown.poi/dist/main.js","function":"__webpack_require__","line":18743,"method":null,"native":false},{"column":21,"file":"/Users/mbp2019/Desktop/Development/mirrorcity/mirrortown.poi/dist/main.js","function":"fn","line":18850,"method":null,"native":false},{"column":14,"file":"/Users/mbp2019/Desktop/Development/mirrorcity/mirrortown.poi/dist/main.js","function":null,"line":4254,"method":null,"native":false},{"column":33,"file":"/Users/mbp2019/Desktop/Development/mirrorcity/mirrortown.poi/dist/main.js","function":"__webpack_require__","line":18743,"method":null,"native":false},{"column":21,"file":"/Users/mbp2019/Desktop/Development/mirrorcity/mirrortown.poi/dist/main.js","function":"fn","line":18850,"method":null,"native":false},{"column":20,"file":"/Users/mbp2019/Desktop/Development/mirrorcity/mirrortown.poi/dist/main.js","function":null,"line":3923,"method":null,"native":false},{"column":33,"file":"/Users/mbp2019/Desktop/Development/mirrorcity/mirrortown.poi/dist/main.js","function":"__webpack_require__","line":18743,"method":null,"native":false},{"column":21,"file":"/Users/mbp2019/Desktop/Development/mirrorcity/mirrortown.poi/dist/main.js","function":"fn","line":18850,"method":null,"native":false},{"column":14,"file":"/Users/mbp2019/Desktop/Development/mirrorcity/mirrortown.poi/dist/main.js","function":null,"line":3874,"method":null,"native":false}]}
error: uncaughtException: Module parse failed: Unexpected token (95:38)
File was processed with these loaders:
 * ./node_modules/ts-loader/index.js
You may need an additional loader to handle the result of these loaders.
|             const res = yield this.spaceRepository.category();
|             const furnitureItems = res;
>             const categoryItems = any[];
|             const thumbnailItems = [];
|             const refinedFurnitureItems = furnitureItems.map((item) => {
Error: Module parse failed: Unexpected token (95:38)
File was processed with these loaders:
 * ./node_modules/ts-loader/index.js
You may need an additional loader to handle the result of these loaders.
|             const res = yield this.spaceRepository.category();
|             const furnitureItems = res;
>             const categoryItems = any[];
|             const thumbnailItems = [];
|             const refinedFurnitureItems = furnitureItems.map((item) => {
    at Object.create.k2 (/Users/mbp2019/Desktop/Development/mirrorcity/mirrortown.poi/dist/main.js:4830:7)
    at __webpack_require__ (/Users/mbp2019/Desktop/Development/mirrorcity/mirrortown.poi/dist/main.js:18743:33)
    at fn (/Users/mbp2019/Desktop/Development/mirrorcity/mirrortown.poi/dist/main.js:18850:21)
    at Object.<anonymous> (/Users/mbp2019/Desktop/Development/mirrorcity/mirrortown.poi/dist/main.js:4254:14)
    at __webpack_require__ (/Users/mbp2019/Desktop/Development/mirrorcity/mirrortown.poi/dist/main.js:18743:33)
    at fn (/Users/mbp2019/Desktop/Development/mirrorcity/mirrortown.poi/dist/main.js:18850:21)
    at Object.<anonymous> (/Users/mbp2019/Desktop/Development/mirrorcity/mirrortown.poi/dist/main.js:3923:20)
    at __webpack_require__ (/Users/mbp2019/Desktop/Development/mirrorcity/mirrortown.poi/dist/main.js:18743:33)
    at fn (/Users/mbp2019/Desktop/Development/mirrorcity/mirrortown.poi/dist/main.js:18850:21)
    at Object.<anonymous> (/Users/mbp2019/Desktop/Development/mirrorcity/mirrortown.poi/dist/main.js:3874:14) {"date":"Wed Sep 20 2023 12:59:32 GMT+0900 (Korean Standard Time)","error":{},"exception":true,"os":{"loadavg":[4.6396484375,3.44921875,2.68505859375],"uptime":162445},"process":{"argv":["/Users/mbp2019/.nvm/versions/node/v16.19.1/bin/node","/Users/mbp2019/Desktop/Development/mirrorcity/mirrortown.poi/dist/main.js"],"cwd":"/Users/mbp2019/Desktop/Development/mirrorcity/mirrortown.poi","execPath":"/Users/mbp2019/.nvm/versions/node/v16.19.1/bin/node","gid":20,"memoryUsage":{"arrayBuffers":900797,"external":14330507,"heapTotal":86966272,"heapUsed":62564136,"rss":137330688},"pid":7023,"uid":503,"version":"v16.19.1"},"service":"SEERSLAB","stack":"Error: Module parse failed: Unexpected token (95:38)\nFile was processed with these loaders:\n * ./node_modules/ts-loader/index.js\nYou may need an additional loader to handle the result of these loaders.\n|             const res = yield this.spaceRepository.category();\n|             const furnitureItems = res;\n>             const categoryItems = any[];\n|             const thumbnailItems = [];\n|             const refinedFurnitureItems = furnitureItems.map((item) => {\n    at Object.create.k2 (/Users/mbp2019/Desktop/Development/mirrorcity/mirrortown.poi/dist/main.js:4830:7)\n    at __webpack_require__ (/Users/mbp2019/Desktop/Development/mirrorcity/mirrortown.poi/dist/main.js:18743:33)\n    at fn (/Users/mbp2019/Desktop/Development/mirrorcity/mirrortown.poi/dist/main.js:18850:21)\n    at Object.<anonymous> (/Users/mbp2019/Desktop/Development/mirrorcity/mirrortown.poi/dist/main.js:4254:14)\n    at __webpack_require__ (/Users/mbp2019/Desktop/Development/mirrorcity/mirrortown.poi/dist/main.js:18743:33)\n    at fn (/Users/mbp2019/Desktop/Development/mirrorcity/mirrortown.poi/dist/main.js:18850:21)\n    at Object.<anonymous> (/Users/mbp2019/Desktop/Development/mirrorcity/mirrortown.poi/dist/main.js:3923:20)\n    at __webpack_require__ (/Users/mbp2019/Desktop/Development/mirrorcity/mirrortown.poi/dist/main.js:18743:33)\n    at fn (/Users/mbp2019/Desktop/Development/mirrorcity/mirrortown.poi/dist/main.js:18850:21)\n    at Object.<anonymous> (/Users/mbp2019/Desktop/Development/mirrorcity/mirrortown.poi/dist/main.js:3874:14)","trace":[{"column":7,"file":"/Users/mbp2019/Desktop/Development/mirrorcity/mirrortown.poi/dist/main.js","function":"Object.create.k2","line":4830,"method":"k2","native":false},{"column":33,"file":"/Users/mbp2019/Desktop/Development/mirrorcity/mirrortown.poi/dist/main.js","function":"__webpack_require__","line":18743,"method":null,"native":false},{"column":21,"file":"/Users/mbp2019/Desktop/Development/mirrorcity/mirrortown.poi/dist/main.js","function":"fn","line":18850,"method":null,"native":false},{"column":14,"file":"/Users/mbp2019/Desktop/Development/mirrorcity/mirrortown.poi/dist/main.js","function":null,"line":4254,"method":null,"native":false},{"column":33,"file":"/Users/mbp2019/Desktop/Development/mirrorcity/mirrortown.poi/dist/main.js","function":"__webpack_require__","line":18743,"method":null,"native":false},{"column":21,"file":"/Users/mbp2019/Desktop/Development/mirrorcity/mirrortown.poi/dist/main.js","function":"fn","line":18850,"method":null,"native":false},{"column":20,"file":"/Users/mbp2019/Desktop/Development/mirrorcity/mirrortown.poi/dist/main.js","function":null,"line":3923,"method":null,"native":false},{"column":33,"file":"/Users/mbp2019/Desktop/Development/mirrorcity/mirrortown.poi/dist/main.js","function":"__webpack_require__","line":18743,"method":null,"native":false},{"column":21,"file":"/Users/mbp2019/Desktop/Development/mirrorcity/mirrortown.poi/dist/main.js","function":"fn","line":18850,"method":null,"native":false},{"column":14,"file":"/Users/mbp2019/Desktop/Development/mirrorcity/mirrortown.poi/dist/main.js","function":null,"line":3874,"method":null,"native":false}]}
error: uncaughtException: Module parse failed: Unterminated regular expression (38:13)
File was processed with these loaders:
 * ./node_modules/ts-loader/index.js
You may need an additional loader to handle the result of these loaders.
|             const res = yield this.resourceService.getResourceDetail(1, 'space-asset');
|             const furniture = res.data.furniture;
>             /;
|         });
|     }
Error: Module parse failed: Unterminated regular expression (38:13)
File was processed with these loaders:
 * ./node_modules/ts-loader/index.js
You may need an additional loader to handle the result of these loaders.
|             const res = yield this.resourceService.getResourceDetail(1, 'space-asset');
|             const furniture = res.data.furniture;
>             /;
|         });
|     }
    at Object.create.k2 (/Users/mbp2019/Desktop/Development/mirrorcity/mirrortown.poi/dist/main.js:4830:7)
    at __webpack_require__ (/Users/mbp2019/Desktop/Development/mirrorcity/mirrortown.poi/dist/main.js:18743:33)
    at fn (/Users/mbp2019/Desktop/Development/mirrorcity/mirrortown.poi/dist/main.js:18850:21)
    at Object.<anonymous> (/Users/mbp2019/Desktop/Development/mirrorcity/mirrortown.poi/dist/main.js:4254:14)
    at __webpack_require__ (/Users/mbp2019/Desktop/Development/mirrorcity/mirrortown.poi/dist/main.js:18743:33)
    at fn (/Users/mbp2019/Desktop/Development/mirrorcity/mirrortown.poi/dist/main.js:18850:21)
    at Object.<anonymous> (/Users/mbp2019/Desktop/Development/mirrorcity/mirrortown.poi/dist/main.js:3923:20)
    at __webpack_require__ (/Users/mbp2019/Desktop/Development/mirrorcity/mirrortown.poi/dist/main.js:18743:33)
    at fn (/Users/mbp2019/Desktop/Development/mirrorcity/mirrortown.poi/dist/main.js:18850:21)
    at Object.<anonymous> (/Users/mbp2019/Desktop/Development/mirrorcity/mirrortown.poi/dist/main.js:3874:14) {"date":"Wed Sep 20 2023 14:49:24 GMT+0900 (Korean Standard Time)","error":{},"exception":true,"os":{"loadavg":[3.02587890625,2.7958984375,2.59912109375],"uptime":169037},"process":{"argv":["/Users/mbp2019/.nvm/versions/node/v16.19.1/bin/node","/Users/mbp2019/Desktop/Development/mirrorcity/mirrortown.poi/dist/main.js"],"cwd":"/Users/mbp2019/Desktop/Development/mirrorcity/mirrortown.poi","execPath":"/Users/mbp2019/.nvm/versions/node/v16.19.1/bin/node","gid":20,"memoryUsage":{"arrayBuffers":945677,"external":14330437,"heapTotal":86179840,"heapUsed":63303000,"rss":136626176},"pid":11708,"uid":503,"version":"v16.19.1"},"service":"SEERSLAB","stack":"Error: Module parse failed: Unterminated regular expression (38:13)\nFile was processed with these loaders:\n * ./node_modules/ts-loader/index.js\nYou may need an additional loader to handle the result of these loaders.\n|             const res = yield this.resourceService.getResourceDetail(1, 'space-asset');\n|             const furniture = res.data.furniture;\n>             /;\n|         });\n|     }\n    at Object.create.k2 (/Users/mbp2019/Desktop/Development/mirrorcity/mirrortown.poi/dist/main.js:4830:7)\n    at __webpack_require__ (/Users/mbp2019/Desktop/Development/mirrorcity/mirrortown.poi/dist/main.js:18743:33)\n    at fn (/Users/mbp2019/Desktop/Development/mirrorcity/mirrortown.poi/dist/main.js:18850:21)\n    at Object.<anonymous> (/Users/mbp2019/Desktop/Development/mirrorcity/mirrortown.poi/dist/main.js:4254:14)\n    at __webpack_require__ (/Users/mbp2019/Desktop/Development/mirrorcity/mirrortown.poi/dist/main.js:18743:33)\n    at fn (/Users/mbp2019/Desktop/Development/mirrorcity/mirrortown.poi/dist/main.js:18850:21)\n    at Object.<anonymous> (/Users/mbp2019/Desktop/Development/mirrorcity/mirrortown.poi/dist/main.js:3923:20)\n    at __webpack_require__ (/Users/mbp2019/Desktop/Development/mirrorcity/mirrortown.poi/dist/main.js:18743:33)\n    at fn (/Users/mbp2019/Desktop/Development/mirrorcity/mirrortown.poi/dist/main.js:18850:21)\n    at Object.<anonymous> (/Users/mbp2019/Desktop/Development/mirrorcity/mirrortown.poi/dist/main.js:3874:14)","trace":[{"column":7,"file":"/Users/mbp2019/Desktop/Development/mirrorcity/mirrortown.poi/dist/main.js","function":"Object.create.k2","line":4830,"method":"k2","native":false},{"column":33,"file":"/Users/mbp2019/Desktop/Development/mirrorcity/mirrortown.poi/dist/main.js","function":"__webpack_require__","line":18743,"method":null,"native":false},{"column":21,"file":"/Users/mbp2019/Desktop/Development/mirrorcity/mirrortown.poi/dist/main.js","function":"fn","line":18850,"method":null,"native":false},{"column":14,"file":"/Users/mbp2019/Desktop/Development/mirrorcity/mirrortown.poi/dist/main.js","function":null,"line":4254,"method":null,"native":false},{"column":33,"file":"/Users/mbp2019/Desktop/Development/mirrorcity/mirrortown.poi/dist/main.js","function":"__webpack_require__","line":18743,"method":null,"native":false},{"column":21,"file":"/Users/mbp2019/Desktop/Development/mirrorcity/mirrortown.poi/dist/main.js","function":"fn","line":18850,"method":null,"native":false},{"column":20,"file":"/Users/mbp2019/Desktop/Development/mirrorcity/mirrortown.poi/dist/main.js","function":null,"line":3923,"method":null,"native":false},{"column":33,"file":"/Users/mbp2019/Desktop/Development/mirrorcity/mirrortown.poi/dist/main.js","function":"__webpack_require__","line":18743,"method":null,"native":false},{"column":21,"file":"/Users/mbp2019/Desktop/Development/mirrorcity/mirrortown.poi/dist/main.js","function":"fn","line":18850,"method":null,"native":false},{"column":14,"file":"/Users/mbp2019/Desktop/Development/mirrorcity/mirrortown.poi/dist/main.js","function":null,"line":3874,"method":null,"native":false}]}
