error: uncaughtException: Module parse failed: The keyword 'let' is reserved (86:16)
File was processed with these loaders:
 * ./node_modules/ts-loader/index.js
You may need an additional loader to handle the result of these loaders.
|             if (new Date(workDt) < workInfo.startDay)
|                 //payType이 HOUR일때
>                 let workTotalPay = 0;
|             if (workInfo.payType == "HOUR") {
|                 workTotalPay = workInfo.pay * totalTime;
Error: Module parse failed: The keyword 'let' is reserved (86:16)
File was processed with these loaders:
 * ./node_modules/ts-loader/index.js
You may need an additional loader to handle the result of these loaders.
|             if (new Date(workDt) < workInfo.startDay)
|                 //payType이 HOUR일때
>                 let workTotalPay = 0;
|             if (workInfo.payType == "HOUR") {
|                 workTotalPay = workInfo.pay * totalTime;
    at Object.create.k2 (/Users/mbp2019/Desktop/Development/workpick/dist/main.js:6881:7)
    at __webpack_require__ (/Users/mbp2019/Desktop/Development/workpick/dist/main.js:9121:33)
    at fn (/Users/mbp2019/Desktop/Development/workpick/dist/main.js:9228:21)
    at Object.<anonymous> (/Users/mbp2019/Desktop/Development/workpick/dist/main.js:6874:14)
    at __webpack_require__ (/Users/mbp2019/Desktop/Development/workpick/dist/main.js:9121:33)
    at fn (/Users/mbp2019/Desktop/Development/workpick/dist/main.js:9228:21)
    at Object.<anonymous> (/Users/mbp2019/Desktop/Development/workpick/dist/main.js:6662:20)
    at __webpack_require__ (/Users/mbp2019/Desktop/Development/workpick/dist/main.js:9121:33)
    at fn (/Users/mbp2019/Desktop/Development/workpick/dist/main.js:9228:21)
    at Object.<anonymous> (/Users/mbp2019/Desktop/Development/workpick/dist/main.js:6613:14) {"date":"Fri Dec 22 2023 18:29:55 GMT+0900 (Korean Standard Time)","error":{},"exception":true,"os":{"loadavg":[2.86181640625,2.48974609375,2.6806640625],"uptime":271470},"process":{"argv":["/Users/mbp2019/.nvm/versions/node/v16.19.1/bin/node","/Users/mbp2019/Desktop/Development/workpick/dist/main.js"],"cwd":"/Users/mbp2019/Desktop/Development/workpick","execPath":"/Users/mbp2019/.nvm/versions/node/v16.19.1/bin/node","gid":20,"memoryUsage":{"arrayBuffers":589122,"external":15015281,"heapTotal":85917696,"heapUsed":62799408,"rss":132956160},"pid":71181,"uid":503,"version":"v16.19.1"},"stack":"Error: Module parse failed: The keyword 'let' is reserved (86:16)\nFile was processed with these loaders:\n * ./node_modules/ts-loader/index.js\nYou may need an additional loader to handle the result of these loaders.\n|             if (new Date(workDt) < workInfo.startDay)\n|                 //payType이 HOUR일때\n>                 let workTotalPay = 0;\n|             if (workInfo.payType == \"HOUR\") {\n|                 workTotalPay = workInfo.pay * totalTime;\n    at Object.create.k2 (/Users/mbp2019/Desktop/Development/workpick/dist/main.js:6881:7)\n    at __webpack_require__ (/Users/mbp2019/Desktop/Development/workpick/dist/main.js:9121:33)\n    at fn (/Users/mbp2019/Desktop/Development/workpick/dist/main.js:9228:21)\n    at Object.<anonymous> (/Users/mbp2019/Desktop/Development/workpick/dist/main.js:6874:14)\n    at __webpack_require__ (/Users/mbp2019/Desktop/Development/workpick/dist/main.js:9121:33)\n    at fn (/Users/mbp2019/Desktop/Development/workpick/dist/main.js:9228:21)\n    at Object.<anonymous> (/Users/mbp2019/Desktop/Development/workpick/dist/main.js:6662:20)\n    at __webpack_require__ (/Users/mbp2019/Desktop/Development/workpick/dist/main.js:9121:33)\n    at fn (/Users/mbp2019/Desktop/Development/workpick/dist/main.js:9228:21)\n    at Object.<anonymous> (/Users/mbp2019/Desktop/Development/workpick/dist/main.js:6613:14)","timestamp":"2023/12/22 18:29:55","trace":[{"column":7,"file":"/Users/mbp2019/Desktop/Development/workpick/dist/main.js","function":"Object.create.k2","line":6881,"method":"k2","native":false},{"column":33,"file":"/Users/mbp2019/Desktop/Development/workpick/dist/main.js","function":"__webpack_require__","line":9121,"method":null,"native":false},{"column":21,"file":"/Users/mbp2019/Desktop/Development/workpick/dist/main.js","function":"fn","line":9228,"method":null,"native":false},{"column":14,"file":"/Users/mbp2019/Desktop/Development/workpick/dist/main.js","function":null,"line":6874,"method":null,"native":false},{"column":33,"file":"/Users/mbp2019/Desktop/Development/workpick/dist/main.js","function":"__webpack_require__","line":9121,"method":null,"native":false},{"column":21,"file":"/Users/mbp2019/Desktop/Development/workpick/dist/main.js","function":"fn","line":9228,"method":null,"native":false},{"column":20,"file":"/Users/mbp2019/Desktop/Development/workpick/dist/main.js","function":null,"line":6662,"method":null,"native":false},{"column":33,"file":"/Users/mbp2019/Desktop/Development/workpick/dist/main.js","function":"__webpack_require__","line":9121,"method":null,"native":false},{"column":21,"file":"/Users/mbp2019/Desktop/Development/workpick/dist/main.js","function":"fn","line":9228,"method":null,"native":false},{"column":14,"file":"/Users/mbp2019/Desktop/Development/workpick/dist/main.js","function":null,"line":6613,"method":null,"native":false}]}
error: uncaughtException: Module parse failed: The keyword 'let' is reserved (86:16)
File was processed with these loaders:
 * ./node_modules/ts-loader/index.js
You may need an additional loader to handle the result of these loaders.
|             if (new Date(workDt) < (workInfo === null || workInfo === void 0 ? void 0 : workInfo.startDay))
|                 //payType이 HOUR일때
>                 let workTotalPay = 0;
|             if (workInfo.payType == "HOUR") {
|                 workTotalPay = workInfo.pay * totalTime;
Error: Module parse failed: The keyword 'let' is reserved (86:16)
File was processed with these loaders:
 * ./node_modules/ts-loader/index.js
You may need an additional loader to handle the result of these loaders.
|             if (new Date(workDt) < (workInfo === null || workInfo === void 0 ? void 0 : workInfo.startDay))
|                 //payType이 HOUR일때
>                 let workTotalPay = 0;
|             if (workInfo.payType == "HOUR") {
|                 workTotalPay = workInfo.pay * totalTime;
    at Object.create.k2 (/Users/mbp2019/Desktop/Development/workpick/dist/main.js:6881:7)
    at __webpack_require__ (/Users/mbp2019/Desktop/Development/workpick/dist/main.js:9121:33)
    at fn (/Users/mbp2019/Desktop/Development/workpick/dist/main.js:9228:21)
    at Object.<anonymous> (/Users/mbp2019/Desktop/Development/workpick/dist/main.js:6874:14)
    at __webpack_require__ (/Users/mbp2019/Desktop/Development/workpick/dist/main.js:9121:33)
    at fn (/Users/mbp2019/Desktop/Development/workpick/dist/main.js:9228:21)
    at Object.<anonymous> (/Users/mbp2019/Desktop/Development/workpick/dist/main.js:6662:20)
    at __webpack_require__ (/Users/mbp2019/Desktop/Development/workpick/dist/main.js:9121:33)
    at fn (/Users/mbp2019/Desktop/Development/workpick/dist/main.js:9228:21)
    at Object.<anonymous> (/Users/mbp2019/Desktop/Development/workpick/dist/main.js:6613:14) {"date":"Fri Dec 22 2023 18:30:03 GMT+0900 (Korean Standard Time)","error":{},"exception":true,"os":{"loadavg":[2.80908203125,2.48974609375,2.677734375],"uptime":271478},"process":{"argv":["/Users/mbp2019/.nvm/versions/node/v16.19.1/bin/node","/Users/mbp2019/Desktop/Development/workpick/dist/main.js"],"cwd":"/Users/mbp2019/Desktop/Development/workpick","execPath":"/Users/mbp2019/.nvm/versions/node/v16.19.1/bin/node","gid":20,"memoryUsage":{"arrayBuffers":651717,"external":15015335,"heapTotal":85655552,"heapUsed":63080016,"rss":132710400},"pid":71206,"uid":503,"version":"v16.19.1"},"stack":"Error: Module parse failed: The keyword 'let' is reserved (86:16)\nFile was processed with these loaders:\n * ./node_modules/ts-loader/index.js\nYou may need an additional loader to handle the result of these loaders.\n|             if (new Date(workDt) < (workInfo === null || workInfo === void 0 ? void 0 : workInfo.startDay))\n|                 //payType이 HOUR일때\n>                 let workTotalPay = 0;\n|             if (workInfo.payType == \"HOUR\") {\n|                 workTotalPay = workInfo.pay * totalTime;\n    at Object.create.k2 (/Users/mbp2019/Desktop/Development/workpick/dist/main.js:6881:7)\n    at __webpack_require__ (/Users/mbp2019/Desktop/Development/workpick/dist/main.js:9121:33)\n    at fn (/Users/mbp2019/Desktop/Development/workpick/dist/main.js:9228:21)\n    at Object.<anonymous> (/Users/mbp2019/Desktop/Development/workpick/dist/main.js:6874:14)\n    at __webpack_require__ (/Users/mbp2019/Desktop/Development/workpick/dist/main.js:9121:33)\n    at fn (/Users/mbp2019/Desktop/Development/workpick/dist/main.js:9228:21)\n    at Object.<anonymous> (/Users/mbp2019/Desktop/Development/workpick/dist/main.js:6662:20)\n    at __webpack_require__ (/Users/mbp2019/Desktop/Development/workpick/dist/main.js:9121:33)\n    at fn (/Users/mbp2019/Desktop/Development/workpick/dist/main.js:9228:21)\n    at Object.<anonymous> (/Users/mbp2019/Desktop/Development/workpick/dist/main.js:6613:14)","timestamp":"2023/12/22 18:30:03","trace":[{"column":7,"file":"/Users/mbp2019/Desktop/Development/workpick/dist/main.js","function":"Object.create.k2","line":6881,"method":"k2","native":false},{"column":33,"file":"/Users/mbp2019/Desktop/Development/workpick/dist/main.js","function":"__webpack_require__","line":9121,"method":null,"native":false},{"column":21,"file":"/Users/mbp2019/Desktop/Development/workpick/dist/main.js","function":"fn","line":9228,"method":null,"native":false},{"column":14,"file":"/Users/mbp2019/Desktop/Development/workpick/dist/main.js","function":null,"line":6874,"method":null,"native":false},{"column":33,"file":"/Users/mbp2019/Desktop/Development/workpick/dist/main.js","function":"__webpack_require__","line":9121,"method":null,"native":false},{"column":21,"file":"/Users/mbp2019/Desktop/Development/workpick/dist/main.js","function":"fn","line":9228,"method":null,"native":false},{"column":20,"file":"/Users/mbp2019/Desktop/Development/workpick/dist/main.js","function":null,"line":6662,"method":null,"native":false},{"column":33,"file":"/Users/mbp2019/Desktop/Development/workpick/dist/main.js","function":"__webpack_require__","line":9121,"method":null,"native":false},{"column":21,"file":"/Users/mbp2019/Desktop/Development/workpick/dist/main.js","function":"fn","line":9228,"method":null,"native":false},{"column":14,"file":"/Users/mbp2019/Desktop/Development/workpick/dist/main.js","function":null,"line":6613,"method":null,"native":false}]}
