error: uncaughtException: listen EADDRINUSE: address already in use :::3000
Error: listen EADDRINUSE: address already in use :::3000
    at Server.setupListenHandle [as _listen2] (node:net:1463:16)
    at listenInCluster (node:net:1511:12)
    at Server.listen (node:net:1599:7)
    at ExpressAdapter.listen (/Users/mbp2019/Desktop/Development/workpick/node_modules/@nestjs/platform-express/adapters/express-adapter.js:88:32)
    at /Users/mbp2019/Desktop/Development/workpick/node_modules/@nestjs/core/nest-application.js:180:30
    at new Promise (<anonymous>)
    at NestApplication.listen (/Users/mbp2019/Desktop/Development/workpick/node_modules/@nestjs/core/nest-application.js:170:16)
    at processTicksAndRejections (node:internal/process/task_queues:96:5) {"date":"Tue Oct 10 2023 11:42:05 GMT+0900 (Korean Standard Time)","error":{"address":"::","code":"EADDRINUSE","errno":-48,"port":3000,"syscall":"listen"},"exception":true,"os":{"loadavg":[3.73583984375,3.05712890625,3.16064453125],"uptime":166755},"process":{"argv":["/Users/mbp2019/.nvm/versions/node/v16.19.1/bin/node","/Users/mbp2019/Desktop/Development/workpick/dist/main.js"],"cwd":"/Users/mbp2019/Desktop/Development/workpick","execPath":"/Users/mbp2019/.nvm/versions/node/v16.19.1/bin/node","gid":20,"memoryUsage":{"arrayBuffers":197465,"external":1217621,"heapTotal":94306304,"heapUsed":58348296,"rss":140541952},"pid":9271,"uid":503,"version":"v16.19.1"},"stack":"Error: listen EADDRINUSE: address already in use :::3000\n    at Server.setupListenHandle [as _listen2] (node:net:1463:16)\n    at listenInCluster (node:net:1511:12)\n    at Server.listen (node:net:1599:7)\n    at ExpressAdapter.listen (/Users/mbp2019/Desktop/Development/workpick/node_modules/@nestjs/platform-express/adapters/express-adapter.js:88:32)\n    at /Users/mbp2019/Desktop/Development/workpick/node_modules/@nestjs/core/nest-application.js:180:30\n    at new Promise (<anonymous>)\n    at NestApplication.listen (/Users/mbp2019/Desktop/Development/workpick/node_modules/@nestjs/core/nest-application.js:170:16)\n    at processTicksAndRejections (node:internal/process/task_queues:96:5)","timestamp":"2023/10/10 11:42:05","trace":[{"column":16,"file":"node:net","function":"Server.setupListenHandle [as _listen2]","line":1463,"method":"setupListenHandle [as _listen2]","native":false},{"column":12,"file":"node:net","function":"listenInCluster","line":1511,"method":null,"native":false},{"column":7,"file":"node:net","function":"Server.listen","line":1599,"method":"listen","native":false},{"column":32,"file":"/Users/mbp2019/Desktop/Development/workpick/node_modules/@nestjs/platform-express/adapters/express-adapter.js","function":"ExpressAdapter.listen","line":88,"method":"listen","native":false},{"column":30,"file":"/Users/mbp2019/Desktop/Development/workpick/node_modules/@nestjs/core/nest-application.js","function":null,"line":180,"method":null,"native":false},{"column":null,"file":null,"function":"new Promise","line":null,"method":null,"native":false},{"column":16,"file":"/Users/mbp2019/Desktop/Development/workpick/node_modules/@nestjs/core/nest-application.js","function":"NestApplication.listen","line":170,"method":"listen","native":false},{"column":5,"file":"node:internal/process/task_queues","function":"processTicksAndRejections","line":96,"method":null,"native":false}]}
error: uncaughtException: Module parse failed: 'return' outside of function (76:4)
File was processed with these loaders:
 * ./node_modules/ts-loader/index.js
You may need an additional loader to handle the result of these loaders.
| });
| if (raw) {
>     return raw[0].ID || undefined;
| }
| else {
Error: Module parse failed: 'return' outside of function (76:4)
File was processed with these loaders:
 * ./node_modules/ts-loader/index.js
You may need an additional loader to handle the result of these loaders.
| });
| if (raw) {
>     return raw[0].ID || undefined;
| }
| else {
    at Object.__decorate (/Users/mbp2019/Desktop/Development/workpick/dist/main.js:4891:7)
    at __webpack_require__ (/Users/mbp2019/Desktop/Development/workpick/dist/main.js:8912:33)
    at fn (/Users/mbp2019/Desktop/Development/workpick/dist/main.js:9019:21)
    at Object.<anonymous> (/Users/mbp2019/Desktop/Development/workpick/dist/main.js:4883:14)
    at __webpack_require__ (/Users/mbp2019/Desktop/Development/workpick/dist/main.js:8912:33)
    at fn (/Users/mbp2019/Desktop/Development/workpick/dist/main.js:9019:21)
    at Object.<anonymous> (/Users/mbp2019/Desktop/Development/workpick/dist/main.js:4803:24)
    at __webpack_require__ (/Users/mbp2019/Desktop/Development/workpick/dist/main.js:8912:33)
    at fn (/Users/mbp2019/Desktop/Development/workpick/dist/main.js:9019:21)
    at Object.<anonymous> (/Users/mbp2019/Desktop/Development/workpick/dist/main.js:4771:14) {"date":"Tue Oct 10 2023 17:44:23 GMT+0900 (Korean Standard Time)","error":{},"exception":true,"os":{"loadavg":[3.72119140625,2.94140625,2.7880859375],"uptime":188493},"process":{"argv":["/Users/mbp2019/.nvm/versions/node/v16.19.1/bin/node","/Users/mbp2019/Desktop/Development/workpick/dist/main.js"],"cwd":"/Users/mbp2019/Desktop/Development/workpick","execPath":"/Users/mbp2019/.nvm/versions/node/v16.19.1/bin/node","gid":20,"memoryUsage":{"arrayBuffers":269725,"external":14591318,"heapTotal":84590592,"heapUsed":56522952,"rss":132071424},"pid":24757,"uid":503,"version":"v16.19.1"},"stack":"Error: Module parse failed: 'return' outside of function (76:4)\nFile was processed with these loaders:\n * ./node_modules/ts-loader/index.js\nYou may need an additional loader to handle the result of these loaders.\n| });\n| if (raw) {\n>     return raw[0].ID || undefined;\n| }\n| else {\n    at Object.__decorate (/Users/mbp2019/Desktop/Development/workpick/dist/main.js:4891:7)\n    at __webpack_require__ (/Users/mbp2019/Desktop/Development/workpick/dist/main.js:8912:33)\n    at fn (/Users/mbp2019/Desktop/Development/workpick/dist/main.js:9019:21)\n    at Object.<anonymous> (/Users/mbp2019/Desktop/Development/workpick/dist/main.js:4883:14)\n    at __webpack_require__ (/Users/mbp2019/Desktop/Development/workpick/dist/main.js:8912:33)\n    at fn (/Users/mbp2019/Desktop/Development/workpick/dist/main.js:9019:21)\n    at Object.<anonymous> (/Users/mbp2019/Desktop/Development/workpick/dist/main.js:4803:24)\n    at __webpack_require__ (/Users/mbp2019/Desktop/Development/workpick/dist/main.js:8912:33)\n    at fn (/Users/mbp2019/Desktop/Development/workpick/dist/main.js:9019:21)\n    at Object.<anonymous> (/Users/mbp2019/Desktop/Development/workpick/dist/main.js:4771:14)","timestamp":"2023/10/10 17:44:23","trace":[{"column":7,"file":"/Users/mbp2019/Desktop/Development/workpick/dist/main.js","function":"Object.__decorate","line":4891,"method":"__decorate","native":false},{"column":33,"file":"/Users/mbp2019/Desktop/Development/workpick/dist/main.js","function":"__webpack_require__","line":8912,"method":null,"native":false},{"column":21,"file":"/Users/mbp2019/Desktop/Development/workpick/dist/main.js","function":"fn","line":9019,"method":null,"native":false},{"column":14,"file":"/Users/mbp2019/Desktop/Development/workpick/dist/main.js","function":null,"line":4883,"method":null,"native":false},{"column":33,"file":"/Users/mbp2019/Desktop/Development/workpick/dist/main.js","function":"__webpack_require__","line":8912,"method":null,"native":false},{"column":21,"file":"/Users/mbp2019/Desktop/Development/workpick/dist/main.js","function":"fn","line":9019,"method":null,"native":false},{"column":24,"file":"/Users/mbp2019/Desktop/Development/workpick/dist/main.js","function":null,"line":4803,"method":null,"native":false},{"column":33,"file":"/Users/mbp2019/Desktop/Development/workpick/dist/main.js","function":"__webpack_require__","line":8912,"method":null,"native":false},{"column":21,"file":"/Users/mbp2019/Desktop/Development/workpick/dist/main.js","function":"fn","line":9019,"method":null,"native":false},{"column":14,"file":"/Users/mbp2019/Desktop/Development/workpick/dist/main.js","function":null,"line":4771,"method":null,"native":false}]}
error: uncaughtException: Module parse failed: Unterminated string constant (64:174)
File was processed with these loaders:
 * ./node_modules/ts-loader/index.js
You may need an additional loader to handle the result of these loaders.
|                 };
|             //  "workId": 60, "todayPay": 오늘 번돈, "totalPay": 여태까지 번돈- workStartDay, workDay 기준으로 해야함
>             const getTotalPay = yield this.dtService.getTotalPay(work.pay, work.startDay, work.workDay, work.startTime, work.endTime, work.breakTime, work.payType || 'HOUR', ',, work.paybackDay);
|             console.log("getTotalPay!!!", getTotalPay);
|             //오늘 번돈
Error: Module parse failed: Unterminated string constant (64:174)
File was processed with these loaders:
 * ./node_modules/ts-loader/index.js
You may need an additional loader to handle the result of these loaders.
|                 };
|             //  "workId": 60, "todayPay": 오늘 번돈, "totalPay": 여태까지 번돈- workStartDay, workDay 기준으로 해야함
>             const getTotalPay = yield this.dtService.getTotalPay(work.pay, work.startDay, work.workDay, work.startTime, work.endTime, work.breakTime, work.payType || 'HOUR', ',, work.paybackDay);
|             console.log("getTotalPay!!!", getTotalPay);
|             //오늘 번돈
    at Object.__decorate (/Users/mbp2019/Desktop/Development/workpick/dist/main.js:5925:7)
    at __webpack_require__ (/Users/mbp2019/Desktop/Development/workpick/dist/main.js:8861:33)
    at fn (/Users/mbp2019/Desktop/Development/workpick/dist/main.js:8968:21)
    at Object.<anonymous> (/Users/mbp2019/Desktop/Development/workpick/dist/main.js:5915:14)
    at __webpack_require__ (/Users/mbp2019/Desktop/Development/workpick/dist/main.js:8861:33)
    at fn (/Users/mbp2019/Desktop/Development/workpick/dist/main.js:8968:21)
    at Object.<anonymous> (/Users/mbp2019/Desktop/Development/workpick/dist/main.js:5833:24)
    at __webpack_require__ (/Users/mbp2019/Desktop/Development/workpick/dist/main.js:8861:33)
    at fn (/Users/mbp2019/Desktop/Development/workpick/dist/main.js:8968:21)
    at Object.<anonymous> (/Users/mbp2019/Desktop/Development/workpick/dist/main.js:5801:14) {"date":"Tue Oct 10 2023 17:47:35 GMT+0900 (Korean Standard Time)","error":{},"exception":true,"os":{"loadavg":[1.73095703125,2.49755859375,2.63720703125],"uptime":188685},"process":{"argv":["/Users/mbp2019/.nvm/versions/node/v16.19.1/bin/node","/Users/mbp2019/Desktop/Development/workpick/dist/main.js"],"cwd":"/Users/mbp2019/Desktop/Development/workpick","execPath":"/Users/mbp2019/.nvm/versions/node/v16.19.1/bin/node","gid":20,"memoryUsage":{"arrayBuffers":269725,"external":14588305,"heapTotal":84852736,"heapUsed":56914200,"rss":132808704},"pid":24984,"uid":503,"version":"v16.19.1"},"stack":"Error: Module parse failed: Unterminated string constant (64:174)\nFile was processed with these loaders:\n * ./node_modules/ts-loader/index.js\nYou may need an additional loader to handle the result of these loaders.\n|                 };\n|             //  \"workId\": 60, \"todayPay\": 오늘 번돈, \"totalPay\": 여태까지 번돈- workStartDay, workDay 기준으로 해야함\n>             const getTotalPay = yield this.dtService.getTotalPay(work.pay, work.startDay, work.workDay, work.startTime, work.endTime, work.breakTime, work.payType || 'HOUR', ',, work.paybackDay);\n|             console.log(\"getTotalPay!!!\", getTotalPay);\n|             //오늘 번돈\n    at Object.__decorate (/Users/mbp2019/Desktop/Development/workpick/dist/main.js:5925:7)\n    at __webpack_require__ (/Users/mbp2019/Desktop/Development/workpick/dist/main.js:8861:33)\n    at fn (/Users/mbp2019/Desktop/Development/workpick/dist/main.js:8968:21)\n    at Object.<anonymous> (/Users/mbp2019/Desktop/Development/workpick/dist/main.js:5915:14)\n    at __webpack_require__ (/Users/mbp2019/Desktop/Development/workpick/dist/main.js:8861:33)\n    at fn (/Users/mbp2019/Desktop/Development/workpick/dist/main.js:8968:21)\n    at Object.<anonymous> (/Users/mbp2019/Desktop/Development/workpick/dist/main.js:5833:24)\n    at __webpack_require__ (/Users/mbp2019/Desktop/Development/workpick/dist/main.js:8861:33)\n    at fn (/Users/mbp2019/Desktop/Development/workpick/dist/main.js:8968:21)\n    at Object.<anonymous> (/Users/mbp2019/Desktop/Development/workpick/dist/main.js:5801:14)","timestamp":"2023/10/10 17:47:35","trace":[{"column":7,"file":"/Users/mbp2019/Desktop/Development/workpick/dist/main.js","function":"Object.__decorate","line":5925,"method":"__decorate","native":false},{"column":33,"file":"/Users/mbp2019/Desktop/Development/workpick/dist/main.js","function":"__webpack_require__","line":8861,"method":null,"native":false},{"column":21,"file":"/Users/mbp2019/Desktop/Development/workpick/dist/main.js","function":"fn","line":8968,"method":null,"native":false},{"column":14,"file":"/Users/mbp2019/Desktop/Development/workpick/dist/main.js","function":null,"line":5915,"method":null,"native":false},{"column":33,"file":"/Users/mbp2019/Desktop/Development/workpick/dist/main.js","function":"__webpack_require__","line":8861,"method":null,"native":false},{"column":21,"file":"/Users/mbp2019/Desktop/Development/workpick/dist/main.js","function":"fn","line":8968,"method":null,"native":false},{"column":24,"file":"/Users/mbp2019/Desktop/Development/workpick/dist/main.js","function":null,"line":5833,"method":null,"native":false},{"column":33,"file":"/Users/mbp2019/Desktop/Development/workpick/dist/main.js","function":"__webpack_require__","line":8861,"method":null,"native":false},{"column":21,"file":"/Users/mbp2019/Desktop/Development/workpick/dist/main.js","function":"fn","line":8968,"method":null,"native":false},{"column":14,"file":"/Users/mbp2019/Desktop/Development/workpick/dist/main.js","function":null,"line":5801,"method":null,"native":false}]}
