error: uncaughtException: res is not defined
ReferenceError: res is not defined
    at Object.<anonymous> (/Users/mbp2019/Desktop/Development/workpick/dist/main.js:9396:1)
    at __webpack_require__ (/Users/mbp2019/Desktop/Development/workpick/dist/main.js:9865:33)
    at fn (/Users/mbp2019/Desktop/Development/workpick/dist/main.js:9972:21)
    at Object.<anonymous> (/Users/mbp2019/Desktop/Development/workpick/dist/main.js:9335:14)
    at __webpack_require__ (/Users/mbp2019/Desktop/Development/workpick/dist/main.js:9865:33)
    at fn (/Users/mbp2019/Desktop/Development/workpick/dist/main.js:9972:21)
    at Object.<anonymous> (/Users/mbp2019/Desktop/Development/workpick/dist/main.js:9270:24)
    at __webpack_require__ (/Users/mbp2019/Desktop/Development/workpick/dist/main.js:9865:33)
    at fn (/Users/mbp2019/Desktop/Development/workpick/dist/main.js:9972:21)
    at Object.<anonymous> (/Users/mbp2019/Desktop/Development/workpick/dist/main.js:9238:14) {"date":"Thu Jan 18 2024 17:06:50 GMT+0900 (Korean Standard Time)","error":{},"exception":true,"os":{"loadavg":[2.3037109375,3.224609375,3.17431640625],"uptime":1320828},"process":{"argv":["/Users/mbp2019/.nvm/versions/node/v16.19.1/bin/node","/Users/mbp2019/Desktop/Development/workpick/dist/main.js"],"cwd":"/Users/mbp2019/Desktop/Development/workpick","execPath":"/Users/mbp2019/.nvm/versions/node/v16.19.1/bin/node","gid":20,"memoryUsage":{"arrayBuffers":572738,"external":15057378,"heapTotal":85983232,"heapUsed":63101968,"rss":135561216},"pid":98784,"uid":503,"version":"v16.19.1"},"stack":"ReferenceError: res is not defined\n    at Object.<anonymous> (/Users/mbp2019/Desktop/Development/workpick/dist/main.js:9396:1)\n    at __webpack_require__ (/Users/mbp2019/Desktop/Development/workpick/dist/main.js:9865:33)\n    at fn (/Users/mbp2019/Desktop/Development/workpick/dist/main.js:9972:21)\n    at Object.<anonymous> (/Users/mbp2019/Desktop/Development/workpick/dist/main.js:9335:14)\n    at __webpack_require__ (/Users/mbp2019/Desktop/Development/workpick/dist/main.js:9865:33)\n    at fn (/Users/mbp2019/Desktop/Development/workpick/dist/main.js:9972:21)\n    at Object.<anonymous> (/Users/mbp2019/Desktop/Development/workpick/dist/main.js:9270:24)\n    at __webpack_require__ (/Users/mbp2019/Desktop/Development/workpick/dist/main.js:9865:33)\n    at fn (/Users/mbp2019/Desktop/Development/workpick/dist/main.js:9972:21)\n    at Object.<anonymous> (/Users/mbp2019/Desktop/Development/workpick/dist/main.js:9238:14)","timestamp":"2024/1/18 17:06:50","trace":[{"column":1,"file":"/Users/mbp2019/Desktop/Development/workpick/dist/main.js","function":null,"line":9396,"method":null,"native":false},{"column":33,"file":"/Users/mbp2019/Desktop/Development/workpick/dist/main.js","function":"__webpack_require__","line":9865,"method":null,"native":false},{"column":21,"file":"/Users/mbp2019/Desktop/Development/workpick/dist/main.js","function":"fn","line":9972,"method":null,"native":false},{"column":14,"file":"/Users/mbp2019/Desktop/Development/workpick/dist/main.js","function":null,"line":9335,"method":null,"native":false},{"column":33,"file":"/Users/mbp2019/Desktop/Development/workpick/dist/main.js","function":"__webpack_require__","line":9865,"method":null,"native":false},{"column":21,"file":"/Users/mbp2019/Desktop/Development/workpick/dist/main.js","function":"fn","line":9972,"method":null,"native":false},{"column":24,"file":"/Users/mbp2019/Desktop/Development/workpick/dist/main.js","function":null,"line":9270,"method":null,"native":false},{"column":33,"file":"/Users/mbp2019/Desktop/Development/workpick/dist/main.js","function":"__webpack_require__","line":9865,"method":null,"native":false},{"column":21,"file":"/Users/mbp2019/Desktop/Development/workpick/dist/main.js","function":"fn","line":9972,"method":null,"native":false},{"column":14,"file":"/Users/mbp2019/Desktop/Development/workpick/dist/main.js","function":null,"line":9238,"method":null,"native":false}]}
error: uncaughtException: Module parse failed: Unterminated string constant (41:41)
File was processed with these loaders:
 * ./node_modules/ts-loader/index.js
You may need an additional loader to handle the result of these loaders.
|             const getToDay = this.dtService.getToDay();
|             const res = yield this.calendarRepository.find({
>                 where: { workId, status: "NO },
|                 }
|             });
Error: Module parse failed: Unterminated string constant (41:41)
File was processed with these loaders:
 * ./node_modules/ts-loader/index.js
You may need an additional loader to handle the result of these loaders.
|             const getToDay = this.dtService.getToDay();
|             const res = yield this.calendarRepository.find({
>                 where: { workId, status: "NO },
|                 }
|             });
    at Object.defineProperty.value (/Users/mbp2019/Desktop/Development/workpick/dist/main.js:9344:7)
    at __webpack_require__ (/Users/mbp2019/Desktop/Development/workpick/dist/main.js:9812:33)
    at fn (/Users/mbp2019/Desktop/Development/workpick/dist/main.js:9919:21)
    at Object.<anonymous> (/Users/mbp2019/Desktop/Development/workpick/dist/main.js:9335:14)
    at __webpack_require__ (/Users/mbp2019/Desktop/Development/workpick/dist/main.js:9812:33)
    at fn (/Users/mbp2019/Desktop/Development/workpick/dist/main.js:9919:21)
    at Object.<anonymous> (/Users/mbp2019/Desktop/Development/workpick/dist/main.js:9270:24)
    at __webpack_require__ (/Users/mbp2019/Desktop/Development/workpick/dist/main.js:9812:33)
    at fn (/Users/mbp2019/Desktop/Development/workpick/dist/main.js:9919:21)
    at Object.<anonymous> (/Users/mbp2019/Desktop/Development/workpick/dist/main.js:9238:14) {"date":"Thu Jan 18 2024 17:07:05 GMT+0900 (Korean Standard Time)","error":{},"exception":true,"os":{"loadavg":[2.52490234375,3.22900390625,3.17578125],"uptime":1320843},"process":{"argv":["/Users/mbp2019/.nvm/versions/node/v16.19.1/bin/node","/Users/mbp2019/Desktop/Development/workpick/dist/main.js"],"cwd":"/Users/mbp2019/Desktop/Development/workpick","execPath":"/Users/mbp2019/.nvm/versions/node/v16.19.1/bin/node","gid":20,"memoryUsage":{"arrayBuffers":706293,"external":15054698,"heapTotal":85721088,"heapUsed":63888792,"rss":134594560},"pid":98823,"uid":503,"version":"v16.19.1"},"stack":"Error: Module parse failed: Unterminated string constant (41:41)\nFile was processed with these loaders:\n * ./node_modules/ts-loader/index.js\nYou may need an additional loader to handle the result of these loaders.\n|             const getToDay = this.dtService.getToDay();\n|             const res = yield this.calendarRepository.find({\n>                 where: { workId, status: \"NO },\n|                 }\n|             });\n    at Object.defineProperty.value (/Users/mbp2019/Desktop/Development/workpick/dist/main.js:9344:7)\n    at __webpack_require__ (/Users/mbp2019/Desktop/Development/workpick/dist/main.js:9812:33)\n    at fn (/Users/mbp2019/Desktop/Development/workpick/dist/main.js:9919:21)\n    at Object.<anonymous> (/Users/mbp2019/Desktop/Development/workpick/dist/main.js:9335:14)\n    at __webpack_require__ (/Users/mbp2019/Desktop/Development/workpick/dist/main.js:9812:33)\n    at fn (/Users/mbp2019/Desktop/Development/workpick/dist/main.js:9919:21)\n    at Object.<anonymous> (/Users/mbp2019/Desktop/Development/workpick/dist/main.js:9270:24)\n    at __webpack_require__ (/Users/mbp2019/Desktop/Development/workpick/dist/main.js:9812:33)\n    at fn (/Users/mbp2019/Desktop/Development/workpick/dist/main.js:9919:21)\n    at Object.<anonymous> (/Users/mbp2019/Desktop/Development/workpick/dist/main.js:9238:14)","timestamp":"2024/1/18 17:07:05","trace":[{"column":7,"file":"/Users/mbp2019/Desktop/Development/workpick/dist/main.js","function":"Object.defineProperty.value","line":9344,"method":"value","native":false},{"column":33,"file":"/Users/mbp2019/Desktop/Development/workpick/dist/main.js","function":"__webpack_require__","line":9812,"method":null,"native":false},{"column":21,"file":"/Users/mbp2019/Desktop/Development/workpick/dist/main.js","function":"fn","line":9919,"method":null,"native":false},{"column":14,"file":"/Users/mbp2019/Desktop/Development/workpick/dist/main.js","function":null,"line":9335,"method":null,"native":false},{"column":33,"file":"/Users/mbp2019/Desktop/Development/workpick/dist/main.js","function":"__webpack_require__","line":9812,"method":null,"native":false},{"column":21,"file":"/Users/mbp2019/Desktop/Development/workpick/dist/main.js","function":"fn","line":9919,"method":null,"native":false},{"column":24,"file":"/Users/mbp2019/Desktop/Development/workpick/dist/main.js","function":null,"line":9270,"method":null,"native":false},{"column":33,"file":"/Users/mbp2019/Desktop/Development/workpick/dist/main.js","function":"__webpack_require__","line":9812,"method":null,"native":false},{"column":21,"file":"/Users/mbp2019/Desktop/Development/workpick/dist/main.js","function":"fn","line":9919,"method":null,"native":false},{"column":14,"file":"/Users/mbp2019/Desktop/Development/workpick/dist/main.js","function":null,"line":9238,"method":null,"native":false}]}
error: uncaughtException: Module parse failed: Unexpected token (97:16)
File was processed with these loaders:
 * ./node_modules/ts-loader/index.js
You may need an additional loader to handle the result of these loaders.
|                 //getMonthTodayPay: 월급에 일당
|                 workPay = Number(work.pay) / work.workDay.length,
>                 ;
|             }
|             let formatCheckTime = startCheckTime.toISOString().substr(11, 5);
Error: Module parse failed: Unexpected token (97:16)
File was processed with these loaders:
 * ./node_modules/ts-loader/index.js
You may need an additional loader to handle the result of these loaders.
|                 //getMonthTodayPay: 월급에 일당
|                 workPay = Number(work.pay) / work.workDay.length,
>                 ;
|             }
|             let formatCheckTime = startCheckTime.toISOString().substr(11, 5);
    at Object.__decorate (/Users/mbp2019/Desktop/Development/workpick/dist/main.js:6128:7)
    at __webpack_require__ (/Users/mbp2019/Desktop/Development/workpick/dist/main.js:9647:33)
    at fn (/Users/mbp2019/Desktop/Development/workpick/dist/main.js:9754:21)
    at Object.<anonymous> (/Users/mbp2019/Desktop/Development/workpick/dist/main.js:6118:14)
    at __webpack_require__ (/Users/mbp2019/Desktop/Development/workpick/dist/main.js:9647:33)
    at fn (/Users/mbp2019/Desktop/Development/workpick/dist/main.js:9754:21)
    at Object.<anonymous> (/Users/mbp2019/Desktop/Development/workpick/dist/main.js:6023:24)
    at __webpack_require__ (/Users/mbp2019/Desktop/Development/workpick/dist/main.js:9647:33)
    at fn (/Users/mbp2019/Desktop/Development/workpick/dist/main.js:9754:21)
    at Object.<anonymous> (/Users/mbp2019/Desktop/Development/workpick/dist/main.js:5991:14) {"date":"Thu Jan 18 2024 18:08:47 GMT+0900 (Korean Standard Time)","error":{},"exception":true,"os":{"loadavg":[2.98046875,2.849609375,2.87353515625],"uptime":1324545},"process":{"argv":["/Users/mbp2019/.nvm/versions/node/v16.19.1/bin/node","/Users/mbp2019/Desktop/Development/workpick/dist/main.js"],"cwd":"/Users/mbp2019/Desktop/Development/workpick","execPath":"/Users/mbp2019/.nvm/versions/node/v16.19.1/bin/node","gid":20,"memoryUsage":{"arrayBuffers":703478,"external":15047038,"heapTotal":85442560,"heapUsed":62790552,"rss":133906432},"pid":5697,"uid":503,"version":"v16.19.1"},"stack":"Error: Module parse failed: Unexpected token (97:16)\nFile was processed with these loaders:\n * ./node_modules/ts-loader/index.js\nYou may need an additional loader to handle the result of these loaders.\n|                 //getMonthTodayPay: 월급에 일당\n|                 workPay = Number(work.pay) / work.workDay.length,\n>                 ;\n|             }\n|             let formatCheckTime = startCheckTime.toISOString().substr(11, 5);\n    at Object.__decorate (/Users/mbp2019/Desktop/Development/workpick/dist/main.js:6128:7)\n    at __webpack_require__ (/Users/mbp2019/Desktop/Development/workpick/dist/main.js:9647:33)\n    at fn (/Users/mbp2019/Desktop/Development/workpick/dist/main.js:9754:21)\n    at Object.<anonymous> (/Users/mbp2019/Desktop/Development/workpick/dist/main.js:6118:14)\n    at __webpack_require__ (/Users/mbp2019/Desktop/Development/workpick/dist/main.js:9647:33)\n    at fn (/Users/mbp2019/Desktop/Development/workpick/dist/main.js:9754:21)\n    at Object.<anonymous> (/Users/mbp2019/Desktop/Development/workpick/dist/main.js:6023:24)\n    at __webpack_require__ (/Users/mbp2019/Desktop/Development/workpick/dist/main.js:9647:33)\n    at fn (/Users/mbp2019/Desktop/Development/workpick/dist/main.js:9754:21)\n    at Object.<anonymous> (/Users/mbp2019/Desktop/Development/workpick/dist/main.js:5991:14)","timestamp":"2024/1/18 18:08:47","trace":[{"column":7,"file":"/Users/mbp2019/Desktop/Development/workpick/dist/main.js","function":"Object.__decorate","line":6128,"method":"__decorate","native":false},{"column":33,"file":"/Users/mbp2019/Desktop/Development/workpick/dist/main.js","function":"__webpack_require__","line":9647,"method":null,"native":false},{"column":21,"file":"/Users/mbp2019/Desktop/Development/workpick/dist/main.js","function":"fn","line":9754,"method":null,"native":false},{"column":14,"file":"/Users/mbp2019/Desktop/Development/workpick/dist/main.js","function":null,"line":6118,"method":null,"native":false},{"column":33,"file":"/Users/mbp2019/Desktop/Development/workpick/dist/main.js","function":"__webpack_require__","line":9647,"method":null,"native":false},{"column":21,"file":"/Users/mbp2019/Desktop/Development/workpick/dist/main.js","function":"fn","line":9754,"method":null,"native":false},{"column":24,"file":"/Users/mbp2019/Desktop/Development/workpick/dist/main.js","function":null,"line":6023,"method":null,"native":false},{"column":33,"file":"/Users/mbp2019/Desktop/Development/workpick/dist/main.js","function":"__webpack_require__","line":9647,"method":null,"native":false},{"column":21,"file":"/Users/mbp2019/Desktop/Development/workpick/dist/main.js","function":"fn","line":9754,"method":null,"native":false},{"column":14,"file":"/Users/mbp2019/Desktop/Development/workpick/dist/main.js","function":null,"line":5991,"method":null,"native":false}]}
