error: uncaughtException: Module parse failed: Identifier 'res' has already been declared (65:18)
File was processed with these loaders:
 * ./node_modules/ts-loader/index.js
You may need an additional loader to handle the result of these loaders.
|             const workDay = work.workDay.sort();
|             let res;
>             const res = yield this.workRepository[(checkWork === null || checkWork === void 0 ? void 0 : checkWork.state) === "PROGRESS" ? "update" : "create"](checkWork === null || checkWork === void 0 ? void 0 : checkWork.workId, work.name, work.address, work.marker, workDay, work.startDay, work.startTime, work.endTime, work.payType, work.pay, work.paybackDay, work.breakTime || "", weekTime, monthTime);
|             if (!res)
|                 return (0, interfaces_1.JsonResponse)([], constants_1.ERROR_CODE.QUERY_EXEC_ERROR, "QUERY_EXEC_ERROR");
Error: Module parse failed: Identifier 'res' has already been declared (65:18)
File was processed with these loaders:
 * ./node_modules/ts-loader/index.js
You may need an additional loader to handle the result of these loaders.
|             const workDay = work.workDay.sort();
|             let res;
>             const res = yield this.workRepository[(checkWork === null || checkWork === void 0 ? void 0 : checkWork.state) === "PROGRESS" ? "update" : "create"](checkWork === null || checkWork === void 0 ? void 0 : checkWork.workId, work.name, work.address, work.marker, workDay, work.startDay, work.startTime, work.endTime, work.payType, work.pay, work.paybackDay, work.breakTime || "", weekTime, monthTime);
|             if (!res)
|                 return (0, interfaces_1.JsonResponse)([], constants_1.ERROR_CODE.QUERY_EXEC_ERROR, "QUERY_EXEC_ERROR");
    at Object.create.k2 (/Users/mbp2019/Desktop/Development/workpick/dist/main.js:4818:7)
    at __webpack_require__ (/Users/mbp2019/Desktop/Development/workpick/dist/main.js:9207:33)
    at fn (/Users/mbp2019/Desktop/Development/workpick/dist/main.js:9314:21)
    at Object.<anonymous> (/Users/mbp2019/Desktop/Development/workpick/dist/main.js:4811:14)
    at __webpack_require__ (/Users/mbp2019/Desktop/Development/workpick/dist/main.js:9207:33)
    at fn (/Users/mbp2019/Desktop/Development/workpick/dist/main.js:9314:21)
    at Object.<anonymous> (/Users/mbp2019/Desktop/Development/workpick/dist/main.js:4449:20)
    at __webpack_require__ (/Users/mbp2019/Desktop/Development/workpick/dist/main.js:9207:33)
    at fn (/Users/mbp2019/Desktop/Development/workpick/dist/main.js:9314:21)
    at Object.<anonymous> (/Users/mbp2019/Desktop/Development/workpick/dist/main.js:4400:14) {"date":"Wed Jan 03 2024 15:09:45 GMT+0900 (Korean Standard Time)","error":{},"exception":true,"os":{"loadavg":[1.8115234375,1.73681640625,1.58935546875],"uptime":17802},"process":{"argv":["/Users/mbp2019/.nvm/versions/node/v16.19.1/bin/node","/Users/mbp2019/Desktop/Development/workpick/dist/main.js"],"cwd":"/Users/mbp2019/Desktop/Development/workpick","execPath":"/Users/mbp2019/.nvm/versions/node/v16.19.1/bin/node","gid":20,"memoryUsage":{"arrayBuffers":574016,"external":15021770,"heapTotal":85655552,"heapUsed":61646504,"rss":133890048},"pid":13292,"uid":503,"version":"v16.19.1"},"stack":"Error: Module parse failed: Identifier 'res' has already been declared (65:18)\nFile was processed with these loaders:\n * ./node_modules/ts-loader/index.js\nYou may need an additional loader to handle the result of these loaders.\n|             const workDay = work.workDay.sort();\n|             let res;\n>             const res = yield this.workRepository[(checkWork === null || checkWork === void 0 ? void 0 : checkWork.state) === \"PROGRESS\" ? \"update\" : \"create\"](checkWork === null || checkWork === void 0 ? void 0 : checkWork.workId, work.name, work.address, work.marker, workDay, work.startDay, work.startTime, work.endTime, work.payType, work.pay, work.paybackDay, work.breakTime || \"\", weekTime, monthTime);\n|             if (!res)\n|                 return (0, interfaces_1.JsonResponse)([], constants_1.ERROR_CODE.QUERY_EXEC_ERROR, \"QUERY_EXEC_ERROR\");\n    at Object.create.k2 (/Users/mbp2019/Desktop/Development/workpick/dist/main.js:4818:7)\n    at __webpack_require__ (/Users/mbp2019/Desktop/Development/workpick/dist/main.js:9207:33)\n    at fn (/Users/mbp2019/Desktop/Development/workpick/dist/main.js:9314:21)\n    at Object.<anonymous> (/Users/mbp2019/Desktop/Development/workpick/dist/main.js:4811:14)\n    at __webpack_require__ (/Users/mbp2019/Desktop/Development/workpick/dist/main.js:9207:33)\n    at fn (/Users/mbp2019/Desktop/Development/workpick/dist/main.js:9314:21)\n    at Object.<anonymous> (/Users/mbp2019/Desktop/Development/workpick/dist/main.js:4449:20)\n    at __webpack_require__ (/Users/mbp2019/Desktop/Development/workpick/dist/main.js:9207:33)\n    at fn (/Users/mbp2019/Desktop/Development/workpick/dist/main.js:9314:21)\n    at Object.<anonymous> (/Users/mbp2019/Desktop/Development/workpick/dist/main.js:4400:14)","timestamp":"2024/1/3 15:09:45","trace":[{"column":7,"file":"/Users/mbp2019/Desktop/Development/workpick/dist/main.js","function":"Object.create.k2","line":4818,"method":"k2","native":false},{"column":33,"file":"/Users/mbp2019/Desktop/Development/workpick/dist/main.js","function":"__webpack_require__","line":9207,"method":null,"native":false},{"column":21,"file":"/Users/mbp2019/Desktop/Development/workpick/dist/main.js","function":"fn","line":9314,"method":null,"native":false},{"column":14,"file":"/Users/mbp2019/Desktop/Development/workpick/dist/main.js","function":null,"line":4811,"method":null,"native":false},{"column":33,"file":"/Users/mbp2019/Desktop/Development/workpick/dist/main.js","function":"__webpack_require__","line":9207,"method":null,"native":false},{"column":21,"file":"/Users/mbp2019/Desktop/Development/workpick/dist/main.js","function":"fn","line":9314,"method":null,"native":false},{"column":20,"file":"/Users/mbp2019/Desktop/Development/workpick/dist/main.js","function":null,"line":4449,"method":null,"native":false},{"column":33,"file":"/Users/mbp2019/Desktop/Development/workpick/dist/main.js","function":"__webpack_require__","line":9207,"method":null,"native":false},{"column":21,"file":"/Users/mbp2019/Desktop/Development/workpick/dist/main.js","function":"fn","line":9314,"method":null,"native":false},{"column":14,"file":"/Users/mbp2019/Desktop/Development/workpick/dist/main.js","function":null,"line":4400,"method":null,"native":false}]}
error: uncaughtException: Module parse failed: Unexpected token (38:106)
File was processed with these loaders:
 * ./node_modules/ts-loader/index.js
You may need an additional loader to handle the result of these loaders.
|             //출근 체크 시간 체크할 때 근무 시작시간에 30분 전후에 출근 체크 가능하도록
|             const getToDay = this.dtService.getToDay();
>             const getWorkInfo = yield this.mainRepository.getWorkInfo(userId, body.command.workId), workDt;
|             ;
|             if (!getWorkInfo) {
Error: Module parse failed: Unexpected token (38:106)
File was processed with these loaders:
 * ./node_modules/ts-loader/index.js
You may need an additional loader to handle the result of these loaders.
|             //출근 체크 시간 체크할 때 근무 시작시간에 30분 전후에 출근 체크 가능하도록
|             const getToDay = this.dtService.getToDay();
>             const getWorkInfo = yield this.mainRepository.getWorkInfo(userId, body.command.workId), workDt;
|             ;
|             if (!getWorkInfo) {
    at Object.create.k2 (/Users/mbp2019/Desktop/Development/workpick/dist/main.js:5941:7)
    at __webpack_require__ (/Users/mbp2019/Desktop/Development/workpick/dist/main.js:9216:33)
    at fn (/Users/mbp2019/Desktop/Development/workpick/dist/main.js:9323:21)
    at Object.<anonymous> (/Users/mbp2019/Desktop/Development/workpick/dist/main.js:5934:14)
    at __webpack_require__ (/Users/mbp2019/Desktop/Development/workpick/dist/main.js:9216:33)
    at fn (/Users/mbp2019/Desktop/Development/workpick/dist/main.js:9323:21)
    at Object.<anonymous> (/Users/mbp2019/Desktop/Development/workpick/dist/main.js:5590:20)
    at __webpack_require__ (/Users/mbp2019/Desktop/Development/workpick/dist/main.js:9216:33)
    at fn (/Users/mbp2019/Desktop/Development/workpick/dist/main.js:9323:21)
    at Object.<anonymous> (/Users/mbp2019/Desktop/Development/workpick/dist/main.js:5541:14) {"date":"Wed Jan 03 2024 16:49:17 GMT+0900 (Korean Standard Time)","error":{},"exception":true,"os":{"loadavg":[1.08203125,1.65673828125,1.77099609375],"uptime":23774},"process":{"argv":["/Users/mbp2019/.nvm/versions/node/v16.19.1/bin/node","/Users/mbp2019/Desktop/Development/workpick/dist/main.js"],"cwd":"/Users/mbp2019/Desktop/Development/workpick","execPath":"/Users/mbp2019/.nvm/versions/node/v16.19.1/bin/node","gid":20,"memoryUsage":{"arrayBuffers":643525,"external":15021728,"heapTotal":85393408,"heapUsed":62756560,"rss":133611520},"pid":18470,"uid":503,"version":"v16.19.1"},"stack":"Error: Module parse failed: Unexpected token (38:106)\nFile was processed with these loaders:\n * ./node_modules/ts-loader/index.js\nYou may need an additional loader to handle the result of these loaders.\n|             //출근 체크 시간 체크할 때 근무 시작시간에 30분 전후에 출근 체크 가능하도록\n|             const getToDay = this.dtService.getToDay();\n>             const getWorkInfo = yield this.mainRepository.getWorkInfo(userId, body.command.workId), workDt;\n|             ;\n|             if (!getWorkInfo) {\n    at Object.create.k2 (/Users/mbp2019/Desktop/Development/workpick/dist/main.js:5941:7)\n    at __webpack_require__ (/Users/mbp2019/Desktop/Development/workpick/dist/main.js:9216:33)\n    at fn (/Users/mbp2019/Desktop/Development/workpick/dist/main.js:9323:21)\n    at Object.<anonymous> (/Users/mbp2019/Desktop/Development/workpick/dist/main.js:5934:14)\n    at __webpack_require__ (/Users/mbp2019/Desktop/Development/workpick/dist/main.js:9216:33)\n    at fn (/Users/mbp2019/Desktop/Development/workpick/dist/main.js:9323:21)\n    at Object.<anonymous> (/Users/mbp2019/Desktop/Development/workpick/dist/main.js:5590:20)\n    at __webpack_require__ (/Users/mbp2019/Desktop/Development/workpick/dist/main.js:9216:33)\n    at fn (/Users/mbp2019/Desktop/Development/workpick/dist/main.js:9323:21)\n    at Object.<anonymous> (/Users/mbp2019/Desktop/Development/workpick/dist/main.js:5541:14)","timestamp":"2024/1/3 16:49:17","trace":[{"column":7,"file":"/Users/mbp2019/Desktop/Development/workpick/dist/main.js","function":"Object.create.k2","line":5941,"method":"k2","native":false},{"column":33,"file":"/Users/mbp2019/Desktop/Development/workpick/dist/main.js","function":"__webpack_require__","line":9216,"method":null,"native":false},{"column":21,"file":"/Users/mbp2019/Desktop/Development/workpick/dist/main.js","function":"fn","line":9323,"method":null,"native":false},{"column":14,"file":"/Users/mbp2019/Desktop/Development/workpick/dist/main.js","function":null,"line":5934,"method":null,"native":false},{"column":33,"file":"/Users/mbp2019/Desktop/Development/workpick/dist/main.js","function":"__webpack_require__","line":9216,"method":null,"native":false},{"column":21,"file":"/Users/mbp2019/Desktop/Development/workpick/dist/main.js","function":"fn","line":9323,"method":null,"native":false},{"column":20,"file":"/Users/mbp2019/Desktop/Development/workpick/dist/main.js","function":null,"line":5590,"method":null,"native":false},{"column":33,"file":"/Users/mbp2019/Desktop/Development/workpick/dist/main.js","function":"__webpack_require__","line":9216,"method":null,"native":false},{"column":21,"file":"/Users/mbp2019/Desktop/Development/workpick/dist/main.js","function":"fn","line":9323,"method":null,"native":false},{"column":14,"file":"/Users/mbp2019/Desktop/Development/workpick/dist/main.js","function":null,"line":5541,"method":null,"native":false}]}
