error: uncaughtException: Module parse failed: Identifier 'monthSTR' has already been declared (44:16)
File was processed with these loaders:
 * ./node_modules/ts-loader/index.js
You may need an additional loader to handle the result of these loaders.
|             if (!year || !month || !workId)
|                 return (0, interfaces_1.JsonResponse)([], constants_1.ERROR_CODE.INVALID_INPUT, "INVALID_INPUT");
>             let monthSTR = String(month).padStart(2, "0");
|             const res = yield this.calendarRepository.findAll(userId, year, monthSTR, workId);
|             if (!res) {
Error: Module parse failed: Identifier 'monthSTR' has already been declared (44:16)
File was processed with these loaders:
 * ./node_modules/ts-loader/index.js
You may need an additional loader to handle the result of these loaders.
|             if (!year || !month || !workId)
|                 return (0, interfaces_1.JsonResponse)([], constants_1.ERROR_CODE.INVALID_INPUT, "INVALID_INPUT");
>             let monthSTR = String(month).padStart(2, "0");
|             const res = yield this.calendarRepository.findAll(userId, year, monthSTR, workId);
|             if (!res) {
    at Object.create.k2 (/Users/mbp2019/Desktop/Development/workpick/dist/main.js:6897:7)
    at __webpack_require__ (/Users/mbp2019/Desktop/Development/workpick/dist/main.js:9137:33)
    at fn (/Users/mbp2019/Desktop/Development/workpick/dist/main.js:9244:21)
    at Object.<anonymous> (/Users/mbp2019/Desktop/Development/workpick/dist/main.js:6890:14)
    at __webpack_require__ (/Users/mbp2019/Desktop/Development/workpick/dist/main.js:9137:33)
    at fn (/Users/mbp2019/Desktop/Development/workpick/dist/main.js:9244:21)
    at Object.<anonymous> (/Users/mbp2019/Desktop/Development/workpick/dist/main.js:6664:20)
    at __webpack_require__ (/Users/mbp2019/Desktop/Development/workpick/dist/main.js:9137:33)
    at fn (/Users/mbp2019/Desktop/Development/workpick/dist/main.js:9244:21)
    at Object.<anonymous> (/Users/mbp2019/Desktop/Development/workpick/dist/main.js:6615:14) {"date":"Thu Jan 04 2024 11:58:09 GMT+0900 (Korean Standard Time)","error":{},"exception":true,"os":{"loadavg":[3.85107421875,2.841796875,2.37353515625],"uptime":92706},"process":{"argv":["/Users/mbp2019/.nvm/versions/node/v16.19.1/bin/node","/Users/mbp2019/Desktop/Development/workpick/dist/main.js"],"cwd":"/Users/mbp2019/Desktop/Development/workpick","execPath":"/Users/mbp2019/.nvm/versions/node/v16.19.1/bin/node","gid":20,"memoryUsage":{"arrayBuffers":991560,"external":12122078,"heapTotal":85393408,"heapUsed":64659280,"rss":134037504},"pid":55644,"uid":503,"version":"v16.19.1"},"stack":"Error: Module parse failed: Identifier 'monthSTR' has already been declared (44:16)\nFile was processed with these loaders:\n * ./node_modules/ts-loader/index.js\nYou may need an additional loader to handle the result of these loaders.\n|             if (!year || !month || !workId)\n|                 return (0, interfaces_1.JsonResponse)([], constants_1.ERROR_CODE.INVALID_INPUT, \"INVALID_INPUT\");\n>             let monthSTR = String(month).padStart(2, \"0\");\n|             const res = yield this.calendarRepository.findAll(userId, year, monthSTR, workId);\n|             if (!res) {\n    at Object.create.k2 (/Users/mbp2019/Desktop/Development/workpick/dist/main.js:6897:7)\n    at __webpack_require__ (/Users/mbp2019/Desktop/Development/workpick/dist/main.js:9137:33)\n    at fn (/Users/mbp2019/Desktop/Development/workpick/dist/main.js:9244:21)\n    at Object.<anonymous> (/Users/mbp2019/Desktop/Development/workpick/dist/main.js:6890:14)\n    at __webpack_require__ (/Users/mbp2019/Desktop/Development/workpick/dist/main.js:9137:33)\n    at fn (/Users/mbp2019/Desktop/Development/workpick/dist/main.js:9244:21)\n    at Object.<anonymous> (/Users/mbp2019/Desktop/Development/workpick/dist/main.js:6664:20)\n    at __webpack_require__ (/Users/mbp2019/Desktop/Development/workpick/dist/main.js:9137:33)\n    at fn (/Users/mbp2019/Desktop/Development/workpick/dist/main.js:9244:21)\n    at Object.<anonymous> (/Users/mbp2019/Desktop/Development/workpick/dist/main.js:6615:14)","timestamp":"2024/1/4 11:58:09","trace":[{"column":7,"file":"/Users/mbp2019/Desktop/Development/workpick/dist/main.js","function":"Object.create.k2","line":6897,"method":"k2","native":false},{"column":33,"file":"/Users/mbp2019/Desktop/Development/workpick/dist/main.js","function":"__webpack_require__","line":9137,"method":null,"native":false},{"column":21,"file":"/Users/mbp2019/Desktop/Development/workpick/dist/main.js","function":"fn","line":9244,"method":null,"native":false},{"column":14,"file":"/Users/mbp2019/Desktop/Development/workpick/dist/main.js","function":null,"line":6890,"method":null,"native":false},{"column":33,"file":"/Users/mbp2019/Desktop/Development/workpick/dist/main.js","function":"__webpack_require__","line":9137,"method":null,"native":false},{"column":21,"file":"/Users/mbp2019/Desktop/Development/workpick/dist/main.js","function":"fn","line":9244,"method":null,"native":false},{"column":20,"file":"/Users/mbp2019/Desktop/Development/workpick/dist/main.js","function":null,"line":6664,"method":null,"native":false},{"column":33,"file":"/Users/mbp2019/Desktop/Development/workpick/dist/main.js","function":"__webpack_require__","line":9137,"method":null,"native":false},{"column":21,"file":"/Users/mbp2019/Desktop/Development/workpick/dist/main.js","function":"fn","line":9244,"method":null,"native":false},{"column":14,"file":"/Users/mbp2019/Desktop/Development/workpick/dist/main.js","function":null,"line":6615,"method":null,"native":false}]}
